 
       ==============================================
       |                                            |
       |                 C R E S T                  |
       |                                            |
       |  Conformer-Rotamer Ensemble Sampling Tool  |
       |          based on the GFN methods          |
       |             P.Pracht, S.Grimme             |
       |          Universitaet Bonn, MCTC           |
       ==============================================
       Version 2.12,   Thu 19. Mai 16:32:32 CEST 2022
  Using the xTB program. Compatible with xTB version 6.4.0
 
   Cite work conducted with this code as

   • P.Pracht, F.Bohle, S.Grimme, PCCP, 2020, 22, 7169-7192.
   • S.Grimme, JCTC, 2019, 15, 2847-2862.

   and for works involving QCG as

   • S.Spicher, C.Plett, P.Pracht, A.Hansen, S.Grimme,
     JCTC, 2022, 18 (5), 3174-3189.
 
   with help from:
   C.Bannwarth, F.Bohle, S.Ehlert, S.Grimme,
   C.Plett, P.Pracht, S.Spicher
 
   This program is distributed in the hope that it will be useful,
   but WITHOUT ANY WARRANTY; without even the implied warranty of
   MERCHANTABILITY or FITNESS FOR A PARTICULAR PURPOSE.

 Command line input:
 > crest input.xyz --qcg water.xyz --chrg 1 --uhf 0 --nsolv 100 --T 25 --gsolv --nclus 20 --gbsa water

 Solute-file: input.xyz
 Solvent-file: water.xyz
  --chrg 1
  --uhf 0
  --T 25 (CPUs/Threads selected)
  --gbsa water : implicit solvation
 
  ========================================
  |           ----------------           |
  |                 Q C G                |
  |           ----------------           |
  |        Quantum Cluster Growth        |
  |       University of Bonn, MCTC       |
  ========================================
   S. Grimme, S. Spicher, C. Plett.
 
   Cite work conducted with this code as

   S. Spicher, C. Plett, P. Pracht, A. Hansen, S. Grimme, JCTC, 2022, 18, 3174-3189.
 
 
  =========================================
  |   quantum cluster growth: INPUT       |
  =========================================
 
  QCG: Calculation of delta G_solv
  Ensemble generated via CREST
 
  input parameters     
  solute                 : input.xyz
  charge                 : 1
  uhf                    : 0
  solvent                : water.xyz
  # of solvents to add   : 100
  # of cluster generated : 20
  # of CPUs used         : 25
  Solvation model        : water               
  xtb opt level          : normal
  System temperature [K] : 298.1
  RRHO scaling factor    : 0.75
 
 Solute geometry
  molecular radius (Bohr**1):    5.72
  molecular area   (Bohr**2):  476.48
  molecular volume (Bohr**3):  783.39
 Solvent geometry
  molecular radius (Bohr**1):    3.88
  molecular area   (Bohr**2):  194.99
  molecular volume (Bohr**3):  244.40
 
  radius of solute    :     9.22
  radius of solvent   :     6.25
 
  =========================================
  |            Preoptimization            |
  =========================================
 
 -------------------------
 xTB Geometry Optimization
 -------------------------
 Geometry successfully optimized.
 Generating LMOs for solute
  Total Energy of solute:     -14.8868705 Eh
 
 -------------------------
 xTB Geometry Optimization
 -------------------------
 Geometry successfully optimized.
 Generating LMOs for solvent
  Total energy of solvent:     -5.0705444 Eh
 
  ________________________________________________________________________
 
  __________________     Solute Cluster Generation   _____________________
 
  ________________________________________________________________________
 
 
  =========================================
  |   quantum cluster growth: GROW        |
  =========================================
 
 
  Water as solvent recognized, adjusting scaling factor for outer wall pot to 0.70
 
  Constraining solute during Growth 
 Solute:
       unit ellipsoid axis a,b,c     :   0.451   0.277   0.272
 Solvent:
       unit ellipsoid axis a,b,c     :   0.386   0.322   0.292
 
  solvent anisotropy            :     1.133
  solute anisotropy             :     1.240
  roff inner wall               :     0.970
  solute max dist               :    14.282
  solvent max dist              :     7.283
  inner unit axis               :     0.575     0.216     0.209
  inner ellipsoid/Bohr          :    15.166     5.698     5.501
  scaling factor outer ellipsoid:     0.700
  outer ellipsoid/Bohr          :    10.387     6.367     6.256
 
  Size  E /Eh       De/kcal   Detot/kcal  Density   Efix         R   av/act. Surface   Opt
    1   -19.961061   -2.29      -2.29       0.932     -5.154      0.0   0.0     963.5   normal
    2   -25.052872  -13.35     -15.63       0.979     -5.905      7.6   5.5    1122.9   normal
    3   -30.144800  -13.42     -29.05       1.008     -6.578      6.7   5.3    1291.7   normal
    4   -35.232886  -11.01     -40.06       1.027     -7.192      6.3   5.6    1464.3   normal
    5   -40.322049  -11.68     -51.74       1.021     -7.760      6.2   8.0    1669.6   normal
    6   -45.409888  -10.85     -62.59       1.034     -8.291      6.6   5.5    1844.6   normal
   Wall Potential too small, increasing size by 5 %
   New scaling factor 0.73
   Wall Potential too small, increasing size by 5 %
   New scaling factor 0.77
    7   -50.507308  -16.86     -79.46       1.023     -8.792      6.8   5.9    2062.0   normal
    8   -55.596333  -11.60     -91.06       1.042     -9.266      6.7   6.0    2217.4   normal
    9   -60.683683  -10.55    -101.60       1.058     -9.717      6.6   6.9    2375.9   normal
   10   -65.774466  -12.70    -114.30       1.077    -10.149      6.7   6.9    2519.7   normal
   11   -70.874734  -18.65    -132.95       1.118    -10.565      7.0   9.0    2608.2   normal
   12   -75.964044  -11.78    -144.73       1.122    -10.964      7.3   8.4    2778.9   normal
   13   -81.047582   -8.15    -152.88       1.121    -11.349      7.4   5.9    2962.8   normal
   14   -86.140201  -13.85    -166.73       1.142    -11.722      7.4   7.3    3085.1   normal
   15   -91.227676  -10.62    -177.36       1.148    -12.083      7.4   7.4    3245.1   normal
   16   -96.314646  -10.31    -187.67       1.152    -12.434      7.3   8.8    3407.9   normal
   17  -101.404881  -12.36    -200.02       1.156    -12.776      7.5   6.3    3570.9   normal
   18  -106.495222  -12.42    -212.44       1.168    -13.109      7.4   9.0    3707.2   normal
   19  -111.589732  -15.04    -227.48       1.175    -13.434      7.5   6.3    3855.2   normal
   Wall Potential too small, increasing size by 5 %
   New scaling factor 0.81
   20  -116.686201  -16.27    -243.75       1.171    -13.752      7.3   6.9    4043.4   normal
   21  -121.776277  -12.26    -256.01       1.186    -14.062      7.3  10.3    4162.8   normal
   22  -126.866594  -12.41    -268.41       1.187    -14.365      7.5   8.6    4329.5   normal
   Wall Potential too small, increasing size by 5 %
   New scaling factor 0.85
   23  -131.964560  -17.21    -285.62       1.180    -14.663      7.8   8.3    4523.3   normal
   Wall Potential too small, increasing size by 5 %
   New scaling factor 0.89
   24  -137.048490   -8.40    -294.02       1.175    -14.953      7.8  12.6    4713.6   normal
   25  -142.139661  -12.94    -306.96       1.181    -15.239      8.0   7.1    4862.0   normal
   26  -147.229327  -12.00    -318.96       1.189    -15.519      8.0  12.1    4999.0   normal
   Wall Potential too small, increasing size by 5 %
   New scaling factor 0.94
   27  -152.319532  -12.34    -331.30       1.186    -15.795      8.2  13.1    5183.7   normal
   28  -157.411461  -13.42    -344.72       1.189    -16.066      8.5  10.1    5338.3   normal
   29  -162.504169  -13.91    -358.63       1.201    -16.332      8.6   7.0    5453.2   normal
   30  -167.596085  -13.41    -372.04       1.205    -16.594      8.5  10.9    5604.9   normal
   31  -172.693564  -16.90    -388.94       1.215    -16.853      8.6  11.4    5725.1   normal
   32  -177.783190  -11.97    -400.91       1.218    -17.107      8.7   8.9    5876.2   normal
   33  -182.866740   -8.16    -409.08       1.217    -17.357      8.7  10.0    6045.4   normal
   34  -187.951828   -9.13    -418.20       1.217    -17.603      8.7  13.6    6211.6   normal
   Wall Potential too small, increasing size by 5 %
   New scaling factor 0.98
   35  -193.046174  -14.94    -433.14       1.214    -17.847      8.9  14.3    6391.4   normal
   36  -198.141318  -15.44    -448.57       1.218    -18.088      9.1  10.4    6537.1   normal
   37  -203.227274   -9.67    -458.24       1.218    -18.324      9.2  10.5    6703.0   normal
   38  -208.322841  -15.70    -473.95       1.213    -18.559      9.3  14.2    6895.2   normal
   39  -213.413525  -12.64    -486.58       1.219    -18.790      9.4  10.5    7031.7   normal
   40  -218.502666  -11.67    -498.25       1.221    -19.018      9.4  11.5    7180.7   normal
   41  -223.594764  -13.52    -511.78       1.220    -19.244      9.6   7.8    7352.1   normal
   42  -228.688158  -14.34    -526.12       1.223    -19.467      9.5  11.0    7503.8   normal
   43  -233.778537  -12.45    -538.56       1.226    -19.688      9.6  10.0    7647.4   normal
   44  -238.868301  -12.06    -550.62       1.232    -19.906      9.6  12.3    7776.9   normal
   45  -243.956921  -11.34    -561.97       1.230    -20.121      9.6  11.1    7949.1   normal
   46  -249.055610  -17.66    -579.63       1.237    -20.335      9.7  10.2    8067.0   normal
   47  -254.146600  -12.83    -592.46       1.242    -20.547      9.7  10.3    8197.6   normal
   48  -259.235319  -11.40    -603.86       1.243    -20.755      9.7  13.7    8355.9   normal
   49  -264.329625  -14.91    -618.77       1.244    -20.963      9.8  13.4    8509.2   normal
   50  -269.424556  -15.30    -634.08       1.247    -21.168     10.0   8.4    8650.8   normal
   51  -274.524866  -18.68    -652.75       1.253    -21.372     10.0  13.9    8771.6   normal
   52  -279.608667   -8.32    -661.07       1.255    -21.572     10.0  11.2    8918.7   normal
   53  -284.699710  -12.86    -673.94       1.256    -21.772     10.1  14.6    9070.2   normal
   54  -289.789651  -12.17    -686.11       1.256    -21.969     10.2  12.1    9230.3   normal
   55  -294.880557  -12.78    -698.88       1.258    -22.165     10.2  10.5    9377.6   normal
   56  -299.978995  -17.50    -716.39       1.258    -22.359     10.3  10.7    9539.7   normal
   57  -305.075489  -16.28    -732.67       1.265    -22.552     10.2   9.7    9650.0   normal
   58  -310.168514  -14.11    -746.78       1.269    -22.743     10.2  14.4    9778.2   normal
   59  -315.259292  -12.70    -759.47       1.269    -22.932     10.3  11.0    9933.7   normal
   60  -320.352379  -14.15    -773.62       1.273    -23.119     10.3  13.4   10060.2   normal
   61  -325.444004  -13.23    -786.85       1.274    -23.306     10.3  15.1   10208.8   normal
   62  -330.532826  -11.47    -798.32       1.275    -23.490     10.4  17.1   10365.7   normal
   63  -335.623392  -12.56    -810.88       1.277    -23.673     10.5  11.3   10507.8   normal
   64  -340.708308   -9.02    -819.90       1.277    -23.854     10.5  17.1   10664.2   normal
   65  -345.796366  -10.99    -830.89       1.278    -24.035     10.6  11.0   10809.9   normal
   66  -350.892226  -15.89    -846.78       1.280    -24.214     10.6  12.8   10949.6   normal
   67  -355.981011  -11.45    -858.22       1.278    -24.391     10.6   9.5   11125.2   normal
   68  -361.075655  -15.12    -873.34       1.278    -24.568     10.6  11.1   11286.2   normal
   69  -366.166422  -12.69    -886.03       1.279    -24.743     10.6  15.7   11430.8   normal
   70  -371.258204  -13.33    -899.36       1.282    -24.917     10.7  17.6   11563.4   normal
   71  -376.352503  -14.91    -914.27       1.280    -25.090     10.8  11.5   11738.2   normal
   72  -381.443886  -13.08    -927.34       1.282    -25.262     10.8  11.4   11882.8   normal
   Wall Potential too small, increasing size by 5 %
   New scaling factor 1.00
   73  -386.542471  -17.60    -944.94       1.283    -25.433     10.8  15.3   12028.0   normal
   74  -391.631832  -11.81    -956.75       1.288    -25.602     10.9  15.7   12141.1   normal
   75  -396.723540  -13.28    -970.03       1.288    -25.770     10.9  17.6   12296.7   normal
   76  -401.813444  -12.15    -982.18       1.287    -25.937     11.0  11.8   12460.4   normal
   77  -406.905249  -13.34    -995.52       1.286    -26.103     11.0  17.0   12631.8   normal
   78  -411.994698  -11.86   -1007.38       1.286    -26.268     11.1  15.2   12788.3   normal
   79  -417.086673  -13.45   -1020.83       1.288    -26.432     11.1  12.0   12923.1   normal
   80  -422.184481  -17.11   -1037.94       1.296    -26.595     11.1  15.5   13000.8   normal
   81  -427.277425  -14.06   -1051.99       1.299    -26.757     11.2  11.5   13119.7   normal
   82  -432.368196  -12.69   -1064.68       1.299    -26.918     11.2  15.9   13276.1   normal
   83  -437.460315  -13.54   -1078.22       1.302    -27.078     11.2  16.8   13401.2   normal
   84  -442.547741  -10.59   -1088.81       1.300    -27.237     11.3  11.2   13574.7   normal
   85  -447.650273  -20.07   -1108.89       1.305    -27.396     11.3  12.0   13679.6   normal
   86  -452.743149  -14.01   -1122.90       1.304    -27.553     11.3  18.1   13852.5   normal
   87  -457.834636  -13.14   -1136.04       1.304    -27.709     11.4  15.3   14003.9   normal
   88  -462.930610  -15.96   -1152.00       1.306    -27.865     11.5  14.5   14140.8   normal
   89  -468.025792  -15.46   -1167.46       1.311    -28.020     11.5  11.1   14234.1   normal
   90  -473.118177  -13.71   -1181.17       1.313    -28.174     11.5  12.1   14369.9   normal
   91  -478.210191  -13.47   -1194.64       1.315    -28.327     11.5  10.4   14502.7   normal
   92  -483.298987  -11.45   -1206.09       1.315    -28.479     11.5  19.3   14654.1   normal
   93  -488.395370  -16.21   -1222.30       1.316    -28.630     11.6  18.9   14797.7   normal
   94  -493.485669  -12.40   -1234.70       1.316    -28.781     11.7  13.2   14944.6   normal
   95  -498.579569  -14.66   -1249.36       1.318    -28.931     11.7  13.2   15080.0   normal
   96  -503.673035  -14.38   -1263.74       1.315    -29.080     11.7  17.4   15271.2   normal
   97  -508.761541  -11.27   -1275.01       1.314    -29.228     11.8  15.1   15433.4   normal
   98  -513.861703  -18.58   -1293.60       1.313    -29.376     11.8  16.9   15591.8   normal
   99  -518.951271  -11.94   -1305.53       1.312    -29.522     11.9  12.5   15759.9   normal
  100  -524.044749  -14.39   -1319.92       1.314    -29.668     11.9  12.6   15889.1   normal
 
  Growth finished after 100 solvents added
  Results can be found in grow directory
  Energy list in file <qcg_energy.dat>
  Interaction energy in file <qcg_conv.dat>
  Growing process in <qcg_grow.xyz>
  Final geometry after grow in <cluster.coord> and <cluster.xyz>
  Potentials and geometry written in <cluster_cavity.coord> and <twopot_cavity.coord>
 
  =========================================
  |   quantum cluster growth: ENSEMBLE    |
  =========================================
 
   Method for ensemble search:--gff               
 Starting ensemble cluster generation by CREST routine
 
------------------------------------------------
Generating MTD length from a flexibility measure
------------------------------------------------
 System flexiblity is set to 1.0 for NCI mode
 flexibility measure :   1.000
 t(MTD) / ps set by command line  :    10.0
 t(MTD) / ps    :    10.0
 Σ(t(MTD)) / ps :   120.0 (12 MTDs)
 
-------------------------------------
Starting a trial MTD to test settings
-------------------------------------
 Estimated runtime for one MTD (10.0 ps) on a single thread: 15 min 15 sec
 Estimated runtime for a batch of 12 MTDs on 25 threads: 7 min 37 sec
 
 list of Vbias parameters applied:
$metadyn    0.00125   1.000
$metadyn    0.00083   1.000
$metadyn    0.00056   1.000
$metadyn    0.00125   0.667
$metadyn    0.00083   0.667
$metadyn    0.00056   0.667
$metadyn    0.00125   0.444
$metadyn    0.00083   0.444
$metadyn    0.00056   0.444
$metadyn    0.00125   0.296
$metadyn    0.00083   0.296
$metadyn    0.00056   0.296
 
*******************************************************************************************
**                        N E W    I T E R A T I O N    C Y C L E                        **
*******************************************************************************************
 
========================================
            MTD Iteration  1
========================================
 
     ========================================
     |         Meta-MD (MTD) Sampling       |
     ========================================
 
Starting Meta-MD   6 with the settings:
     MD time /ps        :    10.0
     dt /fs             :     1.5
     dumpstep(trj) /fs  :     200
     dumpstep(Vbias)/ps :     1.0
     Vbias factor k /Eh :  0.1733
     Vbias exp α /bohr⁻²:    0.67
Starting Meta-MD   5 with the settings:
     MD time /ps        :    10.0
     dt /fs             :     1.5
     dumpstep(trj) /fs  :     200
     dumpstep(Vbias)/ps :     1.0
     Vbias factor k /Eh :  0.2600
     Vbias exp α /bohr⁻²:    0.67
Starting Meta-MD   7 with the settings:
     MD time /ps        :    10.0
     dt /fs             :     1.5
     dumpstep(trj) /fs  :     200
     dumpstep(Vbias)/ps :     1.0
     Vbias factor k /Eh :  0.3900
     Vbias exp α /bohr⁻²:    0.44
Starting Meta-MD   2 with the settings:
     MD time /ps        :    10.0
     dt /fs             :     1.5
     dumpstep(trj) /fs  :     200
     dumpstep(Vbias)/ps :     1.0
     Vbias factor k /Eh :  0.2600
     Vbias exp α /bohr⁻²:    1.00
Starting Meta-MD   3 with the settings:
     MD time /ps        :    10.0
     dt /fs             :     1.5
     dumpstep(trj) /fs  :     200
     dumpstep(Vbias)/ps :     1.0
     Vbias factor k /Eh :  0.1733
     Vbias exp α /bohr⁻²:    1.00
Starting Meta-MD   4 with the settings:
     MD time /ps        :    10.0
     dt /fs             :     1.5
     dumpstep(trj) /fs  :     200
     dumpstep(Vbias)/ps :     1.0
     Vbias factor k /Eh :  0.3900
     Vbias exp α /bohr⁻²:    0.67
Starting Meta-MD   8 with the settings:
     MD time /ps        :    10.0
     dt /fs             :     1.5
     dumpstep(trj) /fs  :     200
     dumpstep(Vbias)/ps :     1.0
     Vbias factor k /Eh :  0.2600
     Vbias exp α /bohr⁻²:    0.44
Starting Meta-MD   9 with the settings:
     MD time /ps        :    10.0
     dt /fs             :     1.5
     dumpstep(trj) /fs  :     200
     dumpstep(Vbias)/ps :     1.0
     Vbias factor k /Eh :  0.1733
     Vbias exp α /bohr⁻²:    0.44
Starting Meta-MD  11 with the settings:
     MD time /ps        :    10.0
     dt /fs             :     1.5
     dumpstep(trj) /fs  :     200
     dumpstep(Vbias)/ps :     1.0
     Vbias factor k /Eh :  0.2600
     Vbias exp α /bohr⁻²:    0.30
Starting Meta-MD  12 with the settings:
     MD time /ps        :    10.0
     dt /fs             :     1.5
     dumpstep(trj) /fs  :     200
     dumpstep(Vbias)/ps :     1.0
     Vbias factor k /Eh :  0.1733
     Vbias exp α /bohr⁻²:    0.30
Starting Meta-MD   1 with the settings:
     MD time /ps        :    10.0
     dt /fs             :     1.5
     dumpstep(trj) /fs  :     200
     dumpstep(Vbias)/ps :     1.0
     Vbias factor k /Eh :  0.3900
     Vbias exp α /bohr⁻²:    1.00
Starting Meta-MD  10 with the settings:
     MD time /ps        :    10.0
     dt /fs             :     1.5
     dumpstep(trj) /fs  :     200
     dumpstep(Vbias)/ps :     1.0
     Vbias factor k /Eh :  0.3900
     Vbias exp α /bohr⁻²:    0.30
*Meta-MTD 2 finished*
*Meta-MTD 1 finished*
*Meta-MTD 3 finished*
*Meta-MTD 6 finished*
*Meta-MTD 10 finished*
*Meta-MTD 4 finished*
*Meta-MTD 9 finished*
*Meta-MTD 8 finished*
*Meta-MTD 5 finished*
*Meta-MTD 11 finished*
*Meta-MTD 7 finished*
*Meta-MTD 12 finished*
 
-----------------------
Multilevel Optimization
-----------------------
 
 -------------------------
 1. crude pre-optimization
 -------------------------
 Optimizing all 600 structures from file "crest_rotamers_0.xyz" ...
 1 2 3 4 5 6 7 8 9 10 11 12 13 14 15 16 17 18 19 20 21 22 23 24 25 26 27 28 29 30 31 32 33 34 35 36 37 38 39 40 41 42 43 44 45 46 47 48 49 50 51 52 53 54 55 56 57 58 59 60 61 62 63 64 65 66 67 68 69 70 71 72 73 74 75 76 77 78 79 80 81 82 83 84 85 86 87 88 89 90 91 92 93 94 95 96 97 98 99 100 101 102 103 104 105 106 107 108 109 110 111 112 113 114 115 116 117 118 119 120 121 122 123 124 125 126 127 128 129 130 131 132 133 134 135 136 137 138 139 140 141 142 143 144 145 146 147 148 149 150 151 152 153 154 155 156 157 158 159 160 161 162 163 164 165 166 167 168 169 170 171 172 173 174 175 176 177 178 179 180 181 182 183 184 185 186 187 188 189 190 191 192 193 194 195 196 197 198 199 200 201 202 203 204 205 206 207 208 209 210 211 212 213 214 215 216 217 218 219 220 221 222 223 224 225 226 227 228 229 230 231 232 233 234 235 236 237 238 239 240 241 242 243 244 245 246 247 248 249 250 251 252 253 254 255 256 257 258 259 260 261 262 263 264 265 266 267 268 269 270 271 272 273 274 275 276 277 278 279 280 281 282 283 284 285 286 287 288 289 290 291 292 293 294 295 296 297 298 299 300 301 302 303 304 305 306 307 308 309 310 311 312 313 314 315 316 317 318 319 320 321 322 323 324 325 326 327 328 329 330 331 332 333 334 335 336 337 338 339 340 341 342 343 344 345 346 347 348 349 350 351 352 353 354 355 356 357 358 359 360 361 362 363 364 365 366 367 368 369 370 371 372 373 374 375 376 377 378 379 380 381 382 383 384 385 386 387 388 389 390 391 392 393 394 395 396 397 398 399 400 401 402 403 404 405 406 407 408 409 410 411 412 413 414 415 416 417 418 419 420 421 422 423 424 425 426 427 428 429 430 431 432 433 434 435 436 437 438 439 440 441 442 443 444 445 446 447 448 449 450 451 452 453 454 455 456 457 458 459 460 461 462 463 464 465 466 467 468 469 470 471 472 473 474 475 476 477 478 479 480 481 482 483 484 485 486 487 488 489 490 491 492 493 494 495 496 497 498 499 500 501 502 503 504 505 506 507 508 509 510 511 512 513 514 515 516 517 518 519 520 521 522 523 524 525 526 527 528 529 530 531 532 533 534 535 536 537 538 539 540 541 542 543 544 545 546 547 548 549 550 551 552 553 554 555 556 557 558 559 560 561 562 563 564 565 566 567 568 569 570 571 572 573 574 575 576 577 578 579 580 581 582 583 584 585 586 587 588 589 590 591 592 593 594 595 596 597 598 599 600
 done.
 input  file name : crest_rotamers_1.xyz
 output file name : crest_rotamers_2.xyz
 reference state Etot :  -34.8438607300000     
 600 structures remain within     6.00 kcal/mol window
 
 
========================================
            MTD Iteration  2
========================================
 
     ========================================
     |         Meta-MD (MTD) Sampling       |
     ========================================
 
Starting Meta-MD   1 with the settings:
     MD time /ps        :    10.0
     dt /fs             :     1.5
     dumpstep(trj) /fs  :     200
     dumpstep(Vbias)/ps :     1.0
     Vbias factor k /Eh :  0.3900
     Vbias exp α /bohr⁻²:    1.00
Starting Meta-MD   2 with the settings:
     MD time /ps        :    10.0
     dt /fs             :     1.5
     dumpstep(trj) /fs  :     200
     dumpstep(Vbias)/ps :     1.0
     Vbias factor k /Eh :  0.2600
     Vbias exp α /bohr⁻²:    1.00
Starting Meta-MD   3 with the settings:
     MD time /ps        :    10.0
     dt /fs             :     1.5
     dumpstep(trj) /fs  :     200
     dumpstep(Vbias)/ps :     1.0
     Vbias factor k /Eh :  0.1733
     Vbias exp α /bohr⁻²:    1.00
Starting Meta-MD   4 with the settings:
     MD time /ps        :    10.0
     dt /fs             :     1.5
     dumpstep(trj) /fs  :     200
     dumpstep(Vbias)/ps :     1.0
     Vbias factor k /Eh :  0.3900
     Vbias exp α /bohr⁻²:    0.67
Starting Meta-MD   5 with the settings:
     MD time /ps        :    10.0
     dt /fs             :     1.5
     dumpstep(trj) /fs  :     200
     dumpstep(Vbias)/ps :     1.0
     Vbias factor k /Eh :  0.2600
     Vbias exp α /bohr⁻²:    0.67
Starting Meta-MD   6 with the settings:
     MD time /ps        :    10.0
     dt /fs             :     1.5
     dumpstep(trj) /fs  :     200
     dumpstep(Vbias)/ps :     1.0
     Vbias factor k /Eh :  0.1733
     Vbias exp α /bohr⁻²:    0.67
Starting Meta-MD   7 with the settings:
     MD time /ps        :    10.0
     dt /fs             :     1.5
     dumpstep(trj) /fs  :     200
     dumpstep(Vbias)/ps :     1.0
     Vbias factor k /Eh :  0.3900
     Vbias exp α /bohr⁻²:    0.44
Starting Meta-MD   8 with the settings:
     MD time /ps        :    10.0
     dt /fs             :     1.5
     dumpstep(trj) /fs  :     200
     dumpstep(Vbias)/ps :     1.0
     Vbias factor k /Eh :  0.2600
     Vbias exp α /bohr⁻²:    0.44
Starting Meta-MD  10 with the settings:
     MD time /ps        :    10.0
     dt /fs             :     1.5
     dumpstep(trj) /fs  :     200
     dumpstep(Vbias)/ps :     1.0
     Vbias factor k /Eh :  0.3900
     Vbias exp α /bohr⁻²:    0.30
Starting Meta-MD   9 with the settings:
     MD time /ps        :    10.0
     dt /fs             :     1.5
     dumpstep(trj) /fs  :     200
     dumpstep(Vbias)/ps :     1.0
     Vbias factor k /Eh :  0.1733
     Vbias exp α /bohr⁻²:    0.44
*Meta-MTD 1 finished*
*Meta-MTD 4 finished*
*Meta-MTD 2 finished*
*Meta-MTD 5 finished*
*Meta-MTD 7 finished*
*Meta-MTD 6 finished*
*Meta-MTD 8 finished*
*Meta-MTD 10 finished*
*Meta-MTD 3 finished*
*Meta-MTD 9 finished*
 
-----------------------
Multilevel Optimization
-----------------------
 
 -------------------------
 1. crude pre-optimization
 -------------------------
 Optimizing all 500 structures from file "crest_rotamers_0.xyz" ...
 1 2 3 4 5 6 7 8 9 10 11 12 13 14 15 16 17 18 19 20 21 22 23 24 25 26 27 28 29 30 31 32 33 34 35 36 37 38 39 40 41 42 43 44 45 46 47 48 49 50 51 52 53 54 55 56 57 58 59 60 61 62 63 64 65 66 67 68 69 70 71 72 73 74 75 76 77 78 79 80 81 82 83 84 85 86 87 88 89 90 91 92 93 94 95 96 97 98 99 100 101 102 103 104 105 106 107 108 109 110 111 112 113 114 115 116 117 118 119 120 121 122 123 124 125 126 127 128 129 130 131 132 133 134 135 136 137 138 139 140 141 142 143 144 145 146 147 148 149 150 151 152 153 154 155 156 157 158 159 160 161 162 163 164 165 166 167 168 169 170 171 172 173 174 175 176 177 178 179 180 181 182 183 184 185 186 187 188 189 190 191 192 193 194 195 196 197 198 199 200 201 202 203 204 205 206 207 208 209 210 211 212 213 214 215 216 217 218 219 220 221 222 223 224 225 226 227 228 229 230 231 232 233 234 235 236 237 238 239 240 241 242 243 244 245 246 247 248 249 250 251 252 253 254 255 256 257 258 259 260 261 262 263 264 265 266 267 268 269 270 271 272 273 274 275 276 277 278 279 280 281 282 283 284 285 286 287 288 289 290 291 292 293 294 295 296 297 298 299 300 301 302 303 304 305 306 307 308 309 310 311 312 313 314 315 316 317 318 319 320 321 322 323 324 325 326 327 328 329 330 331 332 333 334 335 336 337 338 339 340 341 342 343 344 345 346 347 348 349 350 351 352 353 354 355 356 357 358 359 360 361 362 363 364 365 366 367 368 369 370 371 372 373 374 375 376 377 378 379 380 381 382 383 384 385 386 387 388 389 390 391 392 393 394 395 396 397 398 399 400 401 402 403 404 405 406 407 408 409 410 411 412 413 414 415 416 417 418 419 420 421 422 423 424 425 426 427 428 429 430 431 432 433 434 435 436 437 438 439 440 441 442 443 444 445 446 447 448 449 450 451 452 453 454 455 456 457 458 459 460 461 462 463 464 465 466 467 468 469 470 471 472 473 474 475 476 477 478 479 480 481 482 483 484 485 486 487 488 489 490 491 492 493 494 495 496 497 498 499 500
 done.
 input  file name : crest_rotamers_1.xyz
 output file name : crest_rotamers_2.xyz
 reference state Etot :  -34.8441459700000     
 500 structures remain within     6.00 kcal/mol window
 
 ...............................................
 A new lower conformer was found!
 Improved by    0.00029 Eh or    0.17899kcal/mol
 ...............................................
 
========================================
            MTD Iteration  3
========================================
 
     ========================================
     |         Meta-MD (MTD) Sampling       |
     ========================================
 
Starting Meta-MD   1 with the settings:
     MD time /ps        :    10.0
     dt /fs             :     1.5
     dumpstep(trj) /fs  :     200
     dumpstep(Vbias)/ps :     1.0
     Vbias factor k /Eh :  0.3900
     Vbias exp α /bohr⁻²:    1.00
Starting Meta-MD   2 with the settings:
     MD time /ps        :    10.0
     dt /fs             :     1.5
     dumpstep(trj) /fs  :     200
     dumpstep(Vbias)/ps :     1.0
     Vbias factor k /Eh :  0.2600
     Vbias exp α /bohr⁻²:    1.00
Starting Meta-MD   3 with the settings:
     MD time /ps        :    10.0
     dt /fs             :     1.5
     dumpstep(trj) /fs  :     200
     dumpstep(Vbias)/ps :     1.0
     Vbias factor k /Eh :  0.1733
     Vbias exp α /bohr⁻²:    1.00
Starting Meta-MD   4 with the settings:
     MD time /ps        :    10.0
     dt /fs             :     1.5
     dumpstep(trj) /fs  :     200
     dumpstep(Vbias)/ps :     1.0
     Vbias factor k /Eh :  0.3900
     Vbias exp α /bohr⁻²:    0.67
Starting Meta-MD   5 with the settings:
     MD time /ps        :    10.0
     dt /fs             :     1.5
     dumpstep(trj) /fs  :     200
     dumpstep(Vbias)/ps :     1.0
     Vbias factor k /Eh :  0.2600
     Vbias exp α /bohr⁻²:    0.67
Starting Meta-MD   6 with the settings:
     MD time /ps        :    10.0
     dt /fs             :     1.5
     dumpstep(trj) /fs  :     200
     dumpstep(Vbias)/ps :     1.0
     Vbias factor k /Eh :  0.1733
     Vbias exp α /bohr⁻²:    0.67
Starting Meta-MD   7 with the settings:
     MD time /ps        :    10.0
     dt /fs             :     1.5
     dumpstep(trj) /fs  :     200
     dumpstep(Vbias)/ps :     1.0
     Vbias factor k /Eh :  0.3900
     Vbias exp α /bohr⁻²:    0.44
Starting Meta-MD   8 with the settings:
     MD time /ps        :    10.0
     dt /fs             :     1.5
     dumpstep(trj) /fs  :     200
     dumpstep(Vbias)/ps :     1.0
     Vbias factor k /Eh :  0.2600
     Vbias exp α /bohr⁻²:    0.44
Starting Meta-MD  10 with the settings:
     MD time /ps        :    10.0
     dt /fs             :     1.5
     dumpstep(trj) /fs  :     200
     dumpstep(Vbias)/ps :     1.0
     Vbias factor k /Eh :  0.3900
     Vbias exp α /bohr⁻²:    0.30
Starting Meta-MD   9 with the settings:
     MD time /ps        :    10.0
     dt /fs             :     1.5
     dumpstep(trj) /fs  :     200
     dumpstep(Vbias)/ps :     1.0
     Vbias factor k /Eh :  0.1733
     Vbias exp α /bohr⁻²:    0.44
*Meta-MTD 2 finished*
*Meta-MTD 6 finished*
*Meta-MTD 3 finished*
*Meta-MTD 5 finished*
*Meta-MTD 8 finished*
*Meta-MTD 7 finished*
*Meta-MTD 10 finished*
*Meta-MTD 1 finished*
*Meta-MTD 4 finished*
*Meta-MTD 9 finished*
 
-----------------------
Multilevel Optimization
-----------------------
 
 -------------------------
 1. crude pre-optimization
 -------------------------
 Optimizing all 500 structures from file "crest_rotamers_0.xyz" ...
 1 2 3 4 5 6 7 8 9 10 11 12 13 14 15 16 17 18 19 20 21 22 23 24 25 26 27 28 29 30 31 32 33 34 35 36 37 38 39 40 41 42 43 44 45 46 47 48 49 50 51 52 53 54 55 56 57 58 59 60 61 62 63 64 65 66 67 68 69 70 71 72 73 74 75 76 77 78 79 80 81 82 83 84 85 86 87 88 89 90 91 92 93 94 95 96 97 98 99 100 101 102 103 104 105 106 107 108 109 110 111 112 113 114 115 116 117 118 119 120 121 122 123 124 125 126 127 128 129 130 131 132 133 134 135 136 137 138 139 140 141 142 143 144 145 146 147 148 149 150 151 152 153 154 155 156 157 158 159 160 161 162 163 164 165 166 167 168 169 170 171 172 173 174 175 176 177 178 179 180 181 182 183 184 185 186 187 188 189 190 191 192 193 194 195 196 197 198 199 200 201 202 203 204 205 206 207 208 209 210 211 212 213 214 215 216 217 218 219 220 221 222 223 224 225 226 227 228 229 230 231 232 233 234 235 236 237 238 239 240 241 242 243 244 245 246 247 248 249 250 251 252 253 254 255 256 257 258 259 260 261 262 263 264 265 266 267 268 269 270 271 272 273 274 275 276 277 278 279 280 281 282 283 284 285 286 287 288 289 290 291 292 293 294 295 296 297 298 299 300 301 302 303 304 305 306 307 308 309 310 311 312 313 314 315 316 317 318 319 320 321 322 323 324 325 326 327 328 329 330 331 332 333 334 335 336 337 338 339 340 341 342 343 344 345 346 347 348 349 350 351 352 353 354 355 356 357 358 359 360 361 362 363 364 365 366 367 368 369 370 371 372 373 374 375 376 377 378 379 380 381 382 383 384 385 386 387 388 389 390 391 392 393 394 395 396 397 398 399 400 401 402 403 404 405 406 407 408 409 410 411 412 413 414 415 416 417 418 419 420 421 422 423 424 425 426 427 428 429 430 431 432 433 434 435 436 437 438 439 440 441 442 443 444 445 446 447 448 449 450 451 452 453 454 455 456 457 458 459 460 461 462 463 464 465 466 467 468 469 470 471 472 473 474 475 476 477 478 479 480 481 482 483 484 485 486 487 488 489 490 491 492 493 494 495 496 497 498 499 500
 done.
 input  file name : crest_rotamers_1.xyz
 output file name : crest_rotamers_2.xyz
 reference state Etot :  -34.8454964500000     
 500 structures remain within     6.00 kcal/mol window
 
 ...............................................
 A new lower conformer was found!
 Improved by    0.00135 Eh or    0.84744kcal/mol
 ...............................................
 
========================================
            MTD Iteration  4
========================================
 
     ========================================
     |         Meta-MD (MTD) Sampling       |
     ========================================
 
Starting Meta-MD   1 with the settings:
     MD time /ps        :    10.0
     dt /fs             :     1.5
     dumpstep(trj) /fs  :     200
     dumpstep(Vbias)/ps :     1.0
     Vbias factor k /Eh :  0.3900
     Vbias exp α /bohr⁻²:    1.00
Starting Meta-MD   2 with the settings:
     MD time /ps        :    10.0
     dt /fs             :     1.5
     dumpstep(trj) /fs  :     200
     dumpstep(Vbias)/ps :     1.0
     Vbias factor k /Eh :  0.2600
     Vbias exp α /bohr⁻²:    1.00
Starting Meta-MD   3 with the settings:
     MD time /ps        :    10.0
     dt /fs             :     1.5
     dumpstep(trj) /fs  :     200
     dumpstep(Vbias)/ps :     1.0
     Vbias factor k /Eh :  0.1733
     Vbias exp α /bohr⁻²:    1.00
Starting Meta-MD   4 with the settings:
     MD time /ps        :    10.0
     dt /fs             :     1.5
     dumpstep(trj) /fs  :     200
     dumpstep(Vbias)/ps :     1.0
     Vbias factor k /Eh :  0.3900
     Vbias exp α /bohr⁻²:    0.67
Starting Meta-MD   5 with the settings:
     MD time /ps        :    10.0
     dt /fs             :     1.5
     dumpstep(trj) /fs  :     200
     dumpstep(Vbias)/ps :     1.0
     Vbias factor k /Eh :  0.2600
     Vbias exp α /bohr⁻²:    0.67
Starting Meta-MD   6 with the settings:
     MD time /ps        :    10.0
     dt /fs             :     1.5
     dumpstep(trj) /fs  :     200
     dumpstep(Vbias)/ps :     1.0
     Vbias factor k /Eh :  0.1733
     Vbias exp α /bohr⁻²:    0.67
Starting Meta-MD  10 with the settings:
     MD time /ps        :    10.0
     dt /fs             :     1.5
     dumpstep(trj) /fs  :     200
     dumpstep(Vbias)/ps :     1.0
     Vbias factor k /Eh :  0.3900
     Vbias exp α /bohr⁻²:    0.30
Starting Meta-MD   7 with the settings:
     MD time /ps        :    10.0
     dt /fs             :     1.5
     dumpstep(trj) /fs  :     200
     dumpstep(Vbias)/ps :     1.0
     Vbias factor k /Eh :  0.3900
     Vbias exp α /bohr⁻²:    0.44
Starting Meta-MD   8 with the settings:
     MD time /ps        :    10.0
     dt /fs             :     1.5
     dumpstep(trj) /fs  :     200
     dumpstep(Vbias)/ps :     1.0
     Vbias factor k /Eh :  0.2600
     Vbias exp α /bohr⁻²:    0.44
Starting Meta-MD   9 with the settings:
     MD time /ps        :    10.0
     dt /fs             :     1.5
     dumpstep(trj) /fs  :     200
     dumpstep(Vbias)/ps :     1.0
     Vbias factor k /Eh :  0.1733
     Vbias exp α /bohr⁻²:    0.44
*Meta-MTD 4 finished*
*Meta-MTD 5 finished*
*Meta-MTD 8 finished*
*Meta-MTD 1 finished*
*Meta-MTD 2 finished*
*Meta-MTD 3 finished*
*Meta-MTD 7 finished*
*Meta-MTD 10 finished*
*Meta-MTD 6 finished*
*Meta-MTD 9 finished*
 
-----------------------
Multilevel Optimization
-----------------------
 
 -------------------------
 1. crude pre-optimization
 -------------------------
 Optimizing all 500 structures from file "crest_rotamers_0.xyz" ...
 1 2 3 4 5 6 7 8 9 10 11 12 13 14 15 16 17 18 19 20 21 22 23 24 25 26 27 28 29 30 31 32 33 34 35 36 37 38 39 40 41 42 43 44 45 46 47 48 49 50 51 52 53 54 55 56 57 58 59 60 61 62 63 64 65 66 67 68 69 70 71 72 73 74 75 76 77 78 79 80 81 82 83 84 85 86 87 88 89 90 91 92 93 94 95 96 97 98 99 100 101 102 103 104 105 106 107 108 109 110 111 112 113 114 115 116 117 118 119 120 121 122 123 124 125 126 127 128 129 130 131 132 133 134 135 136 137 138 139 140 141 142 143 144 145 146 147 148 149 150 151 152 153 154 155 156 157 158 159 160 161 162 163 164 165 166 167 168 169 170 171 172 173 174 175 176 177 178 179 180 181 182 183 184 185 186 187 188 189 190 191 192 193 194 195 196 197 198 199 200 201 202 203 204 205 206 207 208 209 210 211 212 213 214 215 216 217 218 219 220 221 222 223 224 225 226 227 228 229 230 231 232 233 234 235 236 237 238 239 240 241 242 243 244 245 246 247 248 249 250 251 252 253 254 255 256 257 258 259 260 261 262 263 264 265 266 267 268 269 270 271 272 273 274 275 276 277 278 279 280 281 282 283 284 285 286 287 288 289 290 291 292 293 294 295 296 297 298 299 300 301 302 303 304 305 306 307 308 309 310 311 312 313 314 315 316 317 318 319 320 321 322 323 324 325 326 327 328 329 330 331 332 333 334 335 336 337 338 339 340 341 342 343 344 345 346 347 348 349 350 351 352 353 354 355 356 357 358 359 360 361 362 363 364 365 366 367 368 369 370 371 372 373 374 375 376 377 378 379 380 381 382 383 384 385 386 387 388 389 390 391 392 393 394 395 396 397 398 399 400 401 402 403 404 405 406 407 408 409 410 411 412 413 414 415 416 417 418 419 420 421 422 423 424 425 426 427 428 429 430 431 432 433 434 435 436 437 438 439 440 441 442 443 444 445 446 447 448 449 450 451 452 453 454 455 456 457 458 459 460 461 462 463 464 465 466 467 468 469 470 471 472 473 474 475 476 477 478 479 480 481 482 483 484 485 486 487 488 489 490 491 492 493 494 495 496 497 498 499 500
 done.
 input  file name : crest_rotamers_1.xyz
 output file name : crest_rotamers_2.xyz
 reference state Etot :  -34.8529424600000     
 500 structures remain within     6.00 kcal/mol window
 
 ...............................................
 A new lower conformer was found!
 Improved by    0.00745 Eh or    4.67244kcal/mol
 ...............................................
 
========================================
            MTD Iteration  5
========================================
 
     ========================================
     |         Meta-MD (MTD) Sampling       |
     ========================================
 
Starting Meta-MD   1 with the settings:
     MD time /ps        :    10.0
     dt /fs             :     1.5
     dumpstep(trj) /fs  :     200
     dumpstep(Vbias)/ps :     1.0
     Vbias factor k /Eh :  0.3900
     Vbias exp α /bohr⁻²:    1.00
Starting Meta-MD   2 with the settings:
     MD time /ps        :    10.0
     dt /fs             :     1.5
     dumpstep(trj) /fs  :     200
     dumpstep(Vbias)/ps :     1.0
     Vbias factor k /Eh :  0.2600
     Vbias exp α /bohr⁻²:    1.00
Starting Meta-MD   3 with the settings:
     MD time /ps        :    10.0
     dt /fs             :     1.5
     dumpstep(trj) /fs  :     200
     dumpstep(Vbias)/ps :     1.0
     Vbias factor k /Eh :  0.1733
     Vbias exp α /bohr⁻²:    1.00
Starting Meta-MD   4 with the settings:
     MD time /ps        :    10.0
     dt /fs             :     1.5
     dumpstep(trj) /fs  :     200
     dumpstep(Vbias)/ps :     1.0
     Vbias factor k /Eh :  0.3900
     Vbias exp α /bohr⁻²:    0.67
Starting Meta-MD   5 with the settings:
     MD time /ps        :    10.0
     dt /fs             :     1.5
     dumpstep(trj) /fs  :     200
     dumpstep(Vbias)/ps :     1.0
     Vbias factor k /Eh :  0.2600
     Vbias exp α /bohr⁻²:    0.67
Starting Meta-MD   6 with the settings:
     MD time /ps        :    10.0
     dt /fs             :     1.5
     dumpstep(trj) /fs  :     200
     dumpstep(Vbias)/ps :     1.0
     Vbias factor k /Eh :  0.1733
     Vbias exp α /bohr⁻²:    0.67
Starting Meta-MD   7 with the settings:
     MD time /ps        :    10.0
     dt /fs             :     1.5
     dumpstep(trj) /fs  :     200
     dumpstep(Vbias)/ps :     1.0
     Vbias factor k /Eh :  0.3900
     Vbias exp α /bohr⁻²:    0.44
Starting Meta-MD   8 with the settings:
     MD time /ps        :    10.0
     dt /fs             :     1.5
     dumpstep(trj) /fs  :     200
     dumpstep(Vbias)/ps :     1.0
     Vbias factor k /Eh :  0.2600
     Vbias exp α /bohr⁻²:    0.44
Starting Meta-MD   9 with the settings:
     MD time /ps        :    10.0
     dt /fs             :     1.5
     dumpstep(trj) /fs  :     200
     dumpstep(Vbias)/ps :     1.0
     Vbias factor k /Eh :  0.1733
     Vbias exp α /bohr⁻²:    0.44
Starting Meta-MD  10 with the settings:
     MD time /ps        :    10.0
     dt /fs             :     1.5
     dumpstep(trj) /fs  :     200
     dumpstep(Vbias)/ps :     1.0
     Vbias factor k /Eh :  0.3900
     Vbias exp α /bohr⁻²:    0.30
*Meta-MTD 9 finished*
*Meta-MTD 6 finished*
*Meta-MTD 2 finished*
*Meta-MTD 10 finished*
*Meta-MTD 4 finished*
*Meta-MTD 1 finished*
*Meta-MTD 5 finished*
*Meta-MTD 3 finished*
*Meta-MTD 7 finished*
*Meta-MTD 8 finished*
 
-----------------------
Multilevel Optimization
-----------------------
 
 -------------------------
 1. crude pre-optimization
 -------------------------
 Optimizing all 500 structures from file "crest_rotamers_0.xyz" ...
 1 2 3 4 5 6 7 8 9 10 11 12 13 14 15 16 17 18 19 20 21 22 23 24 25 26 27 28 29 30 31 32 33 34 35 36 37 38 39 40 41 42 43 44 45 46 47 48 49 50 51 52 53 54 55 56 57 58 59 60 61 62 63 64 65 66 67 68 69 70 71 72 73 74 75 76 77 78 79 80 81 82 83 84 85 86 87 88 89 90 91 92 93 94 95 96 97 98 99 100 101 102 103 104 105 106 107 108 109 110 111 112 113 114 115 116 117 118 119 120 121 122 123 124 125 126 127 128 129 130 131 132 133 134 135 136 137 138 139 140 141 142 143 144 145 146 147 148 149 150 151 152 153 154 155 156 157 158 159 160 161 162 163 164 165 166 167 168 169 170 171 172 173 174 175 176 177 178 179 180 181 182 183 184 185 186 187 188 189 190 191 192 193 194 195 196 197 198 199 200 201 202 203 204 205 206 207 208 209 210 211 212 213 214 215 216 217 218 219 220 221 222 223 224 225 226 227 228 229 230 231 232 233 234 235 236 237 238 239 240 241 242 243 244 245 246 247 248 249 250 251 252 253 254 255 256 257 258 259 260 261 262 263 264 265 266 267 268 269 270 271 272 273 274 275 276 277 278 279 280 281 282 283 284 285 286 287 288 289 290 291 292 293 294 295 296 297 298 299 300 301 302 303 304 305 306 307 308 309 310 311 312 313 314 315 316 317 318 319 320 321 322 323 324 325 326 327 328 329 330 331 332 333 334 335 336 337 338 339 340 341 342 343 344 345 346 347 348 349 350 351 352 353 354 355 356 357 358 359 360 361 362 363 364 365 366 367 368 369 370 371 372 373 374 375 376 377 378 379 380 381 382 383 384 385 386 387 388 389 390 391 392 393 394 395 396 397 398 399 400 401 402 403 404 405 406 407 408 409 410 411 412 413 414 415 416 417 418 419 420 421 422 423 424 425 426 427 428 429 430 431 432 433 434 435 436 437 438 439 440 441 442 443 444 445 446 447 448 449 450 451 452 453 454 455 456 457 458 459 460 461 462 463 464 465 466 467 468 469 470 471 472 473 474 475 476 477 478 479 480 481 482 483 484 485 486 487 488 489 490 491 492 493 494 495 496 497 498 499 500
 done.
 input  file name : crest_rotamers_1.xyz
 output file name : crest_rotamers_2.xyz
 reference state Etot :  -34.8528998900000     
 500 structures remain within     6.00 kcal/mol window
 
========================================
            MTD Iterations done         
========================================
 Collecting ensmbles.
 running RMSDs...
 done.
 E lowest :   -34.85294
 3 structures remain within     3.00 kcal/mol window
 
-----------------------------------------------
Additional regular MDs on lowest 3 conformer(s)
-----------------------------------------------
Starting MD   1 with the settings:
     MD time /ps        :     5.0
     MD Temperature /K  :   400.0
     dt /fs             :     1.5
     dumpstep(trj) /fs  :     200
Starting MD   2 with the settings:
     MD time /ps        :     5.0
     MD Temperature /K  :   500.0
     dt /fs             :     1.5
     dumpstep(trj) /fs  :     200
Starting MD   3 with the settings:
     MD time /ps        :     5.0
     MD Temperature /K  :   400.0
     dt /fs             :     1.5
     dumpstep(trj) /fs  :     200
Starting MD   4 with the settings:
     MD time /ps        :     5.0
     MD Temperature /K  :   500.0
     dt /fs             :     1.5
     dumpstep(trj) /fs  :     200
Starting MD   6 with the settings:
     MD time /ps        :     5.0
     MD Temperature /K  :   500.0
     dt /fs             :     1.5
     dumpstep(trj) /fs  :     200
Starting MD   5 with the settings:
     MD time /ps        :     5.0
     MD Temperature /K  :   400.0
     dt /fs             :     1.5
     dumpstep(trj) /fs  :     200
*MD 3 finished*
*MD 2 finished*
*MD 5 finished*
*MD 6 finished*
*MD 4 finished*
*MD 1 finished*
 Appending file crest_rotamers_1.xyz with new structures
 
 --------------------------------------------
 Ensemble optimization with normal thresholds
 --------------------------------------------
 Optimizing all 153 structures from file "crest_rotamers_1.xyz" ...
 1 2 3 4 5 6 7 8 9 10 11 12 13 14 15 16 17 18 19 20 21 22 23 24 25 26 27 28 29 30 31 32 33 34 35 36 37 38 39 40 41 42 43 44 45 46 47 48 49 50 51 52 53 54 55 56 57 58 59 60 61 62 63 64 65 66 67 68 69 70 71 72 73 74 75 76 77 78 79 80 81 82 83 84 85 86 87 88 89 90 91 92 93 94 95 96 97 98 99 100 101 102 103 104 105 106 107 108 109 110 111 112 113 114 115 116 117 118 119 120 121 122 123 124 125 126 127 128 129 130 131 132 133 134 135 136 137 138 139 140 141 142 143 144 145 146 147 148 149 150 151 152 153
 done.
 input  file name : crest_rotamers_2.xyz
 output file name : crest_rotamers_3.xyz
 reference state Etot :  -34.8590453800000     
 153 structures remain within     3.00 kcal/mol window
 
 ...............................................
 A new lower conformer was found!
 Improved by    0.00610 Eh or    3.82964kcal/mol
 ...............................................
 
*******************************************************************************************
**                        N E W    I T E R A T I O N    C Y C L E                        **
*******************************************************************************************
 
========================================
            MTD Iteration  1
========================================
 
     ========================================
     |         Meta-MD (MTD) Sampling       |
     ========================================
 
Starting Meta-MD  10 with the settings:
     MD time /ps        :    10.0
     dt /fs             :     1.5
     dumpstep(trj) /fs  :     200
     dumpstep(Vbias)/ps :     1.0
     Vbias factor k /Eh :  0.3900
     Vbias exp α /bohr⁻²:    0.30
Starting Meta-MD   1 with the settings:
     MD time /ps        :    10.0
     dt /fs             :     1.5
     dumpstep(trj) /fs  :     200
     dumpstep(Vbias)/ps :     1.0
     Vbias factor k /Eh :  0.3900
     Vbias exp α /bohr⁻²:    1.00
Starting Meta-MD   2 with the settings:
     MD time /ps        :    10.0
     dt /fs             :     1.5
     dumpstep(trj) /fs  :     200
     dumpstep(Vbias)/ps :     1.0
     Vbias factor k /Eh :  0.2600
     Vbias exp α /bohr⁻²:    1.00
Starting Meta-MD   3 with the settings:
     MD time /ps        :    10.0
     dt /fs             :     1.5
     dumpstep(trj) /fs  :     200
     dumpstep(Vbias)/ps :     1.0
     Vbias factor k /Eh :  0.1733
     Vbias exp α /bohr⁻²:    1.00
Starting Meta-MD   4 with the settings:
     MD time /ps        :    10.0
     dt /fs             :     1.5
     dumpstep(trj) /fs  :     200
     dumpstep(Vbias)/ps :     1.0
     Vbias factor k /Eh :  0.3900
     Vbias exp α /bohr⁻²:    0.67
Starting Meta-MD   5 with the settings:
     MD time /ps        :    10.0
     dt /fs             :     1.5
     dumpstep(trj) /fs  :     200
     dumpstep(Vbias)/ps :     1.0
     Vbias factor k /Eh :  0.2600
     Vbias exp α /bohr⁻²:    0.67
Starting Meta-MD   6 with the settings:
     MD time /ps        :    10.0
     dt /fs             :     1.5
     dumpstep(trj) /fs  :     200
     dumpstep(Vbias)/ps :     1.0
     Vbias factor k /Eh :  0.1733
     Vbias exp α /bohr⁻²:    0.67
Starting Meta-MD   7 with the settings:
     MD time /ps        :    10.0
     dt /fs             :     1.5
     dumpstep(trj) /fs  :     200
     dumpstep(Vbias)/ps :     1.0
     Vbias factor k /Eh :  0.3900
     Vbias exp α /bohr⁻²:    0.44
Starting Meta-MD   8 with the settings:
     MD time /ps        :    10.0
     dt /fs             :     1.5
     dumpstep(trj) /fs  :     200
     dumpstep(Vbias)/ps :     1.0
     Vbias factor k /Eh :  0.2600
     Vbias exp α /bohr⁻²:    0.44
Starting Meta-MD   9 with the settings:
     MD time /ps        :    10.0
     dt /fs             :     1.5
     dumpstep(trj) /fs  :     200
     dumpstep(Vbias)/ps :     1.0
     Vbias factor k /Eh :  0.1733
     Vbias exp α /bohr⁻²:    0.44
*Meta-MTD 6 finished*
*Meta-MTD 8 finished*
*Meta-MTD 3 finished*
*Meta-MTD 9 finished*
*Meta-MTD 1 finished*
*Meta-MTD 5 finished*
*Meta-MTD 7 finished*
*Meta-MTD 10 finished*
*Meta-MTD 2 finished*
*Meta-MTD 4 finished*
 
-----------------------
Multilevel Optimization
-----------------------
 
 -------------------------
 1. crude pre-optimization
 -------------------------
 Optimizing all 500 structures from file "crest_rotamers_0.xyz" ...
 1 2 3 4 5 6 7 8 9 10 11 12 13 14 15 16 17 18 19 20 21 22 23 24 25 26 27 28 29 30 31 32 33 34 35 36 37 38 39 40 41 42 43 44 45 46 47 48 49 50 51 52 53 54 55 56 57 58 59 60 61 62 63 64 65 66 67 68 69 70 71 72 73 74 75 76 77 78 79 80 81 82 83 84 85 86 87 88 89 90 91 92 93 94 95 96 97 98 99 100 101 102 103 104 105 106 107 108 109 110 111 112 113 114 115 116 117 118 119 120 121 122 123 124 125 126 127 128 129 130 131 132 133 134 135 136 137 138 139 140 141 142 143 144 145 146 147 148 149 150 151 152 153 154 155 156 157 158 159 160 161 162 163 164 165 166 167 168 169 170 171 172 173 174 175 176 177 178 179 180 181 182 183 184 185 186 187 188 189 190 191 192 193 194 195 196 197 198 199 200 201 202 203 204 205 206 207 208 209 210 211 212 213 214 215 216 217 218 219 220 221 222 223 224 225 226 227 228 229 230 231 232 233 234 235 236 237 238 239 240 241 242 243 244 245 246 247 248 249 250 251 252 253 254 255 256 257 258 259 260 261 262 263 264 265 266 267 268 269 270 271 272 273 274 275 276 277 278 279 280 281 282 283 284 285 286 287 288 289 290 291 292 293 294 295 296 297 298 299 300 301 302 303 304 305 306 307 308 309 310 311 312 313 314 315 316 317 318 319 320 321 322 323 324 325 326 327 328 329 330 331 332 333 334 335 336 337 338 339 340 341 342 343 344 345 346 347 348 349 350 351 352 353 354 355 356 357 358 359 360 361 362 363 364 365 366 367 368 369 370 371 372 373 374 375 376 377 378 379 380 381 382 383 384 385 386 387 388 389 390 391 392 393 394 395 396 397 398 399 400 401 402 403 404 405 406 407 408 409 410 411 412 413 414 415 416 417 418 419 420 421 422 423 424 425 426 427 428 429 430 431 432 433 434 435 436 437 438 439 440 441 442 443 444 445 446 447 448 449 450 451 452 453 454 455 456 457 458 459 460 461 462 463 464 465 466 467 468 469 470 471 472 473 474 475 476 477 478 479 480 481 482 483 484 485 486 487 488 489 490 491 492 493 494 495 496 497 498 499 500
 done.
 input  file name : crest_rotamers_1.xyz
 output file name : crest_rotamers_2.xyz
 reference state Etot :  -34.8641253200000     
 500 structures remain within     6.00 kcal/mol window
 
 ...............................................
 A new lower conformer was found!
 Improved by    0.00508 Eh or    3.18771kcal/mol
 ...............................................
 
========================================
            MTD Iteration  2
========================================
 
     ========================================
     |         Meta-MD (MTD) Sampling       |
     ========================================
 
Starting Meta-MD   1 with the settings:
     MD time /ps        :    10.0
     dt /fs             :     1.5
     dumpstep(trj) /fs  :     200
     dumpstep(Vbias)/ps :     1.0
     Vbias factor k /Eh :  0.3900
     Vbias exp α /bohr⁻²:    1.00
Starting Meta-MD   2 with the settings:
     MD time /ps        :    10.0
     dt /fs             :     1.5
     dumpstep(trj) /fs  :     200
     dumpstep(Vbias)/ps :     1.0
     Vbias factor k /Eh :  0.2600
     Vbias exp α /bohr⁻²:    1.00
Starting Meta-MD   3 with the settings:
     MD time /ps        :    10.0
     dt /fs             :     1.5
     dumpstep(trj) /fs  :     200
     dumpstep(Vbias)/ps :     1.0
     Vbias factor k /Eh :  0.1733
     Vbias exp α /bohr⁻²:    1.00
Starting Meta-MD   4 with the settings:
     MD time /ps        :    10.0
     dt /fs             :     1.5
     dumpstep(trj) /fs  :     200
     dumpstep(Vbias)/ps :     1.0
     Vbias factor k /Eh :  0.3900
     Vbias exp α /bohr⁻²:    0.67
Starting Meta-MD   5 with the settings:
     MD time /ps        :    10.0
     dt /fs             :     1.5
     dumpstep(trj) /fs  :     200
     dumpstep(Vbias)/ps :     1.0
     Vbias factor k /Eh :  0.2600
     Vbias exp α /bohr⁻²:    0.67
Starting Meta-MD   6 with the settings:
     MD time /ps        :    10.0
     dt /fs             :     1.5
     dumpstep(trj) /fs  :     200
     dumpstep(Vbias)/ps :     1.0
     Vbias factor k /Eh :  0.1733
     Vbias exp α /bohr⁻²:    0.67
Starting Meta-MD  10 with the settings:
     MD time /ps        :    10.0
     dt /fs             :     1.5
     dumpstep(trj) /fs  :     200
     dumpstep(Vbias)/ps :     1.0
     Vbias factor k /Eh :  0.3900
     Vbias exp α /bohr⁻²:    0.30
Starting Meta-MD   7 with the settings:
     MD time /ps        :    10.0
     dt /fs             :     1.5
     dumpstep(trj) /fs  :     200
     dumpstep(Vbias)/ps :     1.0
     Vbias factor k /Eh :  0.3900
     Vbias exp α /bohr⁻²:    0.44
Starting Meta-MD   8 with the settings:
     MD time /ps        :    10.0
     dt /fs             :     1.5
     dumpstep(trj) /fs  :     200
     dumpstep(Vbias)/ps :     1.0
     Vbias factor k /Eh :  0.2600
     Vbias exp α /bohr⁻²:    0.44
Starting Meta-MD   9 with the settings:
     MD time /ps        :    10.0
     dt /fs             :     1.5
     dumpstep(trj) /fs  :     200
     dumpstep(Vbias)/ps :     1.0
     Vbias factor k /Eh :  0.1733
     Vbias exp α /bohr⁻²:    0.44
*Meta-MTD 1 finished*
*Meta-MTD 7 finished*
*Meta-MTD 5 finished*
*Meta-MTD 6 finished*
*Meta-MTD 8 finished*
*Meta-MTD 2 finished*
*Meta-MTD 4 finished*
*Meta-MTD 9 finished*
*Meta-MTD 10 finished*
*Meta-MTD 3 finished*
 
-----------------------
Multilevel Optimization
-----------------------
 
 -------------------------
 1. crude pre-optimization
 -------------------------
 Optimizing all 500 structures from file "crest_rotamers_0.xyz" ...
 1 2 3 4 5 6 7 8 9 10 11 12 13 14 15 16 17 18 19 20 21 22 23 24 25 26 27 28 29 30 31 32 33 34 35 36 37 38 39 40 41 42 43 44 45 46 47 48 49 50 51 52 53 54 55 56 57 58 59 60 61 62 63 64 65 66 67 68 69 70 71 72 73 74 75 76 77 78 79 80 81 82 83 84 85 86 87 88 89 90 91 92 93 94 95 96 97 98 99 100 101 102 103 104 105 106 107 108 109 110 111 112 113 114 115 116 117 118 119 120 121 122 123 124 125 126 127 128 129 130 131 132 133 134 135 136 137 138 139 140 141 142 143 144 145 146 147 148 149 150 151 152 153 154 155 156 157 158 159 160 161 162 163 164 165 166 167 168 169 170 171 172 173 174 175 176 177 178 179 180 181 182 183 184 185 186 187 188 189 190 191 192 193 194 195 196 197 198 199 200 201 202 203 204 205 206 207 208 209 210 211 212 213 214 215 216 217 218 219 220 221 222 223 224 225 226 227 228 229 230 231 232 233 234 235 236 237 238 239 240 241 242 243 244 245 246 247 248 249 250 251 252 253 254 255 256 257 258 259 260 261 262 263 264 265 266 267 268 269 270 271 272 273 274 275 276 277 278 279 280 281 282 283 284 285 286 287 288 289 290 291 292 293 294 295 296 297 298 299 300 301 302 303 304 305 306 307 308 309 310 311 312 313 314 315 316 317 318 319 320 321 322 323 324 325 326 327 328 329 330 331 332 333 334 335 336 337 338 339 340 341 342 343 344 345 346 347 348 349 350 351 352 353 354 355 356 357 358 359 360 361 362 363 364 365 366 367 368 369 370 371 372 373 374 375 376 377 378 379 380 381 382 383 384 385 386 387 388 389 390 391 392 393 394 395 396 397 398 399 400 401 402 403 404 405 406 407 408 409 410 411 412 413 414 415 416 417 418 419 420 421 422 423 424 425 426 427 428 429 430 431 432 433 434 435 436 437 438 439 440 441 442 443 444 445 446 447 448 449 450 451 452 453 454 455 456 457 458 459 460 461 462 463 464 465 466 467 468 469 470 471 472 473 474 475 476 477 478 479 480 481 482 483 484 485 486 487 488 489 490 491 492 493 494 495 496 497 498 499 500
 done.
 input  file name : crest_rotamers_1.xyz
 output file name : crest_rotamers_2.xyz
 reference state Etot :  -34.8553256900000     
 500 structures remain within     6.00 kcal/mol window
 
========================================
            MTD Iterations done         
========================================
 Collecting ensmbles.
 running RMSDs...
 done.
 E lowest :   -34.86413
 1 structures remain within     3.00 kcal/mol window
 
-----------------------------------------------
Additional regular MDs on lowest 1 conformer(s)
-----------------------------------------------
Starting MD   1 with the settings:
     MD time /ps        :     5.0
     MD Temperature /K  :   400.0
     dt /fs             :     1.5
     dumpstep(trj) /fs  :     200
Starting MD   2 with the settings:
     MD time /ps        :     5.0
     MD Temperature /K  :   500.0
     dt /fs             :     1.5
     dumpstep(trj) /fs  :     200
*MD 1 finished*
*MD 2 finished*
 Appending file crest_rotamers_1.xyz with new structures
 
 --------------------------------------------
 Ensemble optimization with normal thresholds
 --------------------------------------------
 Optimizing all 51 structures from file "crest_rotamers_1.xyz" ...
 1 2 3 4 5 6 7 8 9 10 11 12 13 14 15 16 17 18 19 20 21 22 23 24 25 26 27 28 29 30 31 32 33 34 35 36 37 38 39 40 41 42 43 44 45 46 47 48 49 50 51
 done.
 input  file name : crest_rotamers_2.xyz
 output file name : crest_rotamers_3.xyz
 reference state Etot :  -34.8663093100000     
 51 structures remain within     3.00 kcal/mol window
 
 ...............................................
 A new lower conformer was found!
 Improved by    0.00218 Eh or    1.37047kcal/mol
 ...............................................
 
*******************************************************************************************
**                        N E W    I T E R A T I O N    C Y C L E                        **
*******************************************************************************************
 
========================================
            MTD Iteration  1
========================================
 
     ========================================
     |         Meta-MD (MTD) Sampling       |
     ========================================
 
Starting Meta-MD   1 with the settings:
     MD time /ps        :    10.0
     dt /fs             :     1.5
     dumpstep(trj) /fs  :     200
     dumpstep(Vbias)/ps :     1.0
     Vbias factor k /Eh :  0.3900
     Vbias exp α /bohr⁻²:    1.00
Starting Meta-MD   2 with the settings:
     MD time /ps        :    10.0
     dt /fs             :     1.5
     dumpstep(trj) /fs  :     200
     dumpstep(Vbias)/ps :     1.0
     Vbias factor k /Eh :  0.2600
     Vbias exp α /bohr⁻²:    1.00
Starting Meta-MD  10 with the settings:
     MD time /ps        :    10.0
     dt /fs             :     1.5
     dumpstep(trj) /fs  :     200
     dumpstep(Vbias)/ps :     1.0
     Vbias factor k /Eh :  0.3900
     Vbias exp α /bohr⁻²:    0.30
Starting Meta-MD   3 with the settings:
     MD time /ps        :    10.0
     dt /fs             :     1.5
     dumpstep(trj) /fs  :     200
     dumpstep(Vbias)/ps :     1.0
     Vbias factor k /Eh :  0.1733
     Vbias exp α /bohr⁻²:    1.00
Starting Meta-MD   4 with the settings:
     MD time /ps        :    10.0
     dt /fs             :     1.5
     dumpstep(trj) /fs  :     200
     dumpstep(Vbias)/ps :     1.0
     Vbias factor k /Eh :  0.3900
     Vbias exp α /bohr⁻²:    0.67
Starting Meta-MD   5 with the settings:
     MD time /ps        :    10.0
     dt /fs             :     1.5
     dumpstep(trj) /fs  :     200
     dumpstep(Vbias)/ps :     1.0
     Vbias factor k /Eh :  0.2600
     Vbias exp α /bohr⁻²:    0.67
Starting Meta-MD   6 with the settings:
     MD time /ps        :    10.0
     dt /fs             :     1.5
     dumpstep(trj) /fs  :     200
     dumpstep(Vbias)/ps :     1.0
     Vbias factor k /Eh :  0.1733
     Vbias exp α /bohr⁻²:    0.67
Starting Meta-MD   7 with the settings:
     MD time /ps        :    10.0
     dt /fs             :     1.5
     dumpstep(trj) /fs  :     200
     dumpstep(Vbias)/ps :     1.0
     Vbias factor k /Eh :  0.3900
     Vbias exp α /bohr⁻²:    0.44
Starting Meta-MD   8 with the settings:
     MD time /ps        :    10.0
     dt /fs             :     1.5
     dumpstep(trj) /fs  :     200
     dumpstep(Vbias)/ps :     1.0
     Vbias factor k /Eh :  0.2600
     Vbias exp α /bohr⁻²:    0.44
Starting Meta-MD   9 with the settings:
     MD time /ps        :    10.0
     dt /fs             :     1.5
     dumpstep(trj) /fs  :     200
     dumpstep(Vbias)/ps :     1.0
     Vbias factor k /Eh :  0.1733
     Vbias exp α /bohr⁻²:    0.44
*Meta-MTD 1 finished*
*Meta-MTD 8 finished*
*Meta-MTD 9 finished*
*Meta-MTD 6 finished*
*Meta-MTD 5 finished*
*Meta-MTD 4 finished*
*Meta-MTD 10 finished*
*Meta-MTD 3 finished*
*Meta-MTD 2 finished*
*Meta-MTD 7 finished*
 
-----------------------
Multilevel Optimization
-----------------------
 
 -------------------------
 1. crude pre-optimization
 -------------------------
 Optimizing all 500 structures from file "crest_rotamers_0.xyz" ...
 1 2 3 4 5 6 7 8 9 10 11 12 13 14 15 16 17 18 19 20 21 22 23 24 25 26 27 28 29 30 31 32 33 34 35 36 37 38 39 40 41 42 43 44 45 46 47 48 49 50 51 52 53 54 55 56 57 58 59 60 61 62 63 64 65 66 67 68 69 70 71 72 73 74 75 76 77 78 79 80 81 82 83 84 85 86 87 88 89 90 91 92 93 94 95 96 97 98 99 100 101 102 103 104 105 106 107 108 109 110 111 112 113 114 115 116 117 118 119 120 121 122 123 124 125 126 127 128 129 130 131 132 133 134 135 136 137 138 139 140 141 142 143 144 145 146 147 148 149 150 151 152 153 154 155 156 157 158 159 160 161 162 163 164 165 166 167 168 169 170 171 172 173 174 175 176 177 178 179 180 181 182 183 184 185 186 187 188 189 190 191 192 193 194 195 196 197 198 199 200 201 202 203 204 205 206 207 208 209 210 211 212 213 214 215 216 217 218 219 220 221 222 223 224 225 226 227 228 229 230 231 232 233 234 235 236 237 238 239 240 241 242 243 244 245 246 247 248 249 250 251 252 253 254 255 256 257 258 259 260 261 262 263 264 265 266 267 268 269 270 271 272 273 274 275 276 277 278 279 280 281 282 283 284 285 286 287 288 289 290 291 292 293 294 295 296 297 298 299 300 301 302 303 304 305 306 307 308 309 310 311 312 313 314 315 316 317 318 319 320 321 322 323 324 325 326 327 328 329 330 331 332 333 334 335 336 337 338 339 340 341 342 343 344 345 346 347 348 349 350 351 352 353 354 355 356 357 358 359 360 361 362 363 364 365 366 367 368 369 370 371 372 373 374 375 376 377 378 379 380 381 382 383 384 385 386 387 388 389 390 391 392 393 394 395 396 397 398 399 400 401 402 403 404 405 406 407 408 409 410 411 412 413 414 415 416 417 418 419 420 421 422 423 424 425 426 427 428 429 430 431 432 433 434 435 436 437 438 439 440 441 442 443 444 445 446 447 448 449 450 451 452 453 454 455 456 457 458 459 460 461 462 463 464 465 466 467 468 469 470 471 472 473 474 475 476 477 478 479 480 481 482 483 484 485 486 487 488 489 490 491 492 493 494 495 496 497 498 499 500
 done.
 input  file name : crest_rotamers_1.xyz
 output file name : crest_rotamers_2.xyz
 reference state Etot :  -34.8553779800000     
 500 structures remain within     6.00 kcal/mol window
 
========================================
            MTD Iterations done         
========================================
 Collecting ensmbles.
 running RMSDs...
 done.
 E lowest :   -34.85538
 2 structures remain within     3.00 kcal/mol window
 
-----------------------------------------------
Additional regular MDs on lowest 1 conformer(s)
-----------------------------------------------
Starting MD   1 with the settings:
     MD time /ps        :     5.0
     MD Temperature /K  :   400.0
     dt /fs             :     1.5
     dumpstep(trj) /fs  :     200
Starting MD   2 with the settings:
     MD time /ps        :     5.0
     MD Temperature /K  :   500.0
     dt /fs             :     1.5
     dumpstep(trj) /fs  :     200
*MD 1 finished*
*MD 2 finished*
 Appending file crest_rotamers_1.xyz with new structures
 
 --------------------------------------------
 Ensemble optimization with normal thresholds
 --------------------------------------------
 Optimizing all 52 structures from file "crest_rotamers_1.xyz" ...
 1 2 3 4 5 6 7 8 9 10 11 12 13 14 15 16 17 18 19 20 21 22 23 24 25 26 27 28 29 30 31 32 33 34 35 36 37 38 39 40 41 42 43 44 45 46 47 48 49 50 51 52
 done.
 input  file name : crest_rotamers_2.xyz
 output file name : crest_rotamers_3.xyz
 reference state Etot :  -34.8565385600000     
 52 structures remain within     3.00 kcal/mol window
 
 
 
   ================================================
   |           Final Geometry Optimization        |
   ================================================
 --------------------------------------------
 Ensemble optimization with normal thresholds
 --------------------------------------------
 Optimizing all 52 structures from file "crest_rotamers_3.xyz" ...
 1 2 3 4 5 6 7 8 9 10 11 12 13 14 15 16 17 18 19 20 21 22 23 24 25 26 27 28 29 30 31 32 33 34 35 36 37 38 39 40 41 42 43 44 45 46 47 48 49 50 51 52
 done.
 input  file name : crest_rotamers_4.xyz
 output file name : crest_rotamers_5.xyz
 reference state Etot :  -34.8565627900000     
 52 structures remain within     3.00 kcal/mol window
 
  GFN2-xTB optimization
 --------------------------------------------
 Ensemble optimization with normal thresholds
 --------------------------------------------
 Optimizing all 52 structures from file "crest_rotamers_5.xyz" ...
 1 2 3 4 5 6 7 8 9 10 11 12 13 14 15 16 17 18 19 20 21 22 23 24 25 26 27 28 29 30 31 32 33 34 35 36 37 38 39 40 41 42 43 44 45 46 47 48 49 50 51 52
 done.
 
 -------------------------------------------
 Ensemble optimization with tight thresholds
 -------------------------------------------
 Optimizing all 52 structures from file "crest_rotamers_6.xyz" ...
 1 2 3 4 5 6 7 8 9 10 11 12 13 14 15 16 17 18 19 20 21 22 23 24 25 26 27 28 29 30 31 32 33 34 35 36 37 38 39 40 41 42 43 44 45 46 47 48 49 50 51 52
 done.
 
 
  Single point computation with GBSA model
  52 jobs to do.
 
  done.
 
  Cluster   E /Eh        Density  Efix       R   av/act. Surface   Opt
    1      -524.276657   1.324    0.000    12.3  13.0     4806.8   tight
    2      -524.274318   1.317    0.000    12.0  13.8     4894.4   tight
    3      -524.267780   1.323    0.000    12.0  13.4     4834.3   tight
    4      -524.273269   1.300    0.000    12.5  10.6     5249.8   tight
    5      -524.275579   1.313    0.000    12.3  12.8     5080.2   tight
    6      -524.268925   1.311    0.000    12.3  12.5     5152.3   tight
    7      -524.264166   1.313    0.000    12.5  12.1     5114.3   tight
    8      -524.278501   1.310    0.000    12.3  10.6     4945.1   tight
    9      -524.282429   1.319    0.000    12.4  11.3     4891.7   tight
   10      -524.250121   1.300    0.000    12.7  15.0     5247.9   tight
   11      -524.262837   1.306    0.000    12.2  11.7     5289.3   tight
   12      -524.270058   1.310    0.000    12.8  13.2     5036.0   tight
   13      -524.264605   1.312    0.000    12.6  12.9     5019.5   tight
   14      -524.253348   1.310    0.000    12.1  12.9     5049.5   tight
   15      -524.271673   1.311    0.000    12.1  13.4     5051.2   tight
   16      -524.259345   1.296    0.000    12.3  10.2     5377.3   tight
   17      -524.260541   1.314    0.000    11.9  13.4     4924.9   tight
   18      -524.273396   1.301    0.000    12.1  13.4     5240.2   tight
   19      -524.282561   1.315    0.000    13.0  11.9     5056.3   tight
   20      -524.245379   1.323    0.000    12.4  13.6     4825.1   tight
   21      -524.261042   1.313    0.000    12.5  11.7     4937.0   tight
   22      -524.258274   1.297    0.000    12.6  13.3     5296.7   tight
   23      -524.272733   1.323    0.000    12.0  13.8     4750.9   tight
   24      -524.247877   1.316    0.000    12.5  11.3     4979.3   tight
   25      -524.257800   1.300    0.000    11.9  12.7     5121.9   tight
   26      -524.247642   1.311    0.000    12.4  12.8     5052.4   tight
   27      -524.261183   1.318    0.000    12.2  13.0     4927.6   tight
   28      -524.257055   1.300    0.000    11.9  12.5     5243.6   tight
   29      -524.256576   1.314    0.000    12.7  14.4     5045.6   tight
   30      -524.262046   1.303    0.000    12.1  10.3     5086.3   tight
   31      -524.268111   1.302    0.000    12.4  11.3     5278.5   tight
   32      -524.237192   1.308    0.000    12.1  13.7     5036.3   tight
   33      -524.271026   1.318    0.000    12.7  12.1     4932.1   tight
   34      -524.266965   1.296    0.000    11.8  14.1     5362.7   tight
   35      -524.262113   1.309    0.000    12.0  12.8     5013.1   tight
   36      -524.264331   1.303    0.000    12.2  12.7     5266.9   tight
   37      -524.295224   1.309    0.000    12.0   7.7     5090.0   tight
   38      -524.283659   1.317    0.000    12.1  11.9     5048.1   tight
   39      -524.270327   1.300    0.000    12.6  12.3     5304.4   tight
   40      -524.264159   1.314    0.000    12.4  11.3     4981.2   tight
   41      -524.254993   1.309    0.000    12.1  12.0     5086.6   tight
   42      -524.265621   1.307    0.000    11.9  10.6     5137.7   tight
   43      -524.278167   1.318    0.000    11.8   9.8     4845.1   tight
   44      -524.251847   1.303    0.000    12.3  12.2     5186.3   tight
   45      -524.277237   1.319    0.000    12.7  11.7     4969.4   tight
   46      -524.266202   1.308    0.000    12.5  11.5     5073.6   tight
   47      -524.274177   1.316    0.000    12.1  12.3     4996.1   tight
   48      -524.242404   1.303    0.000    12.4  13.4     5059.2   tight
   49      -524.248889   1.305    0.000    12.0  12.4     5162.0   tight
   50      -524.267802   1.314    0.000    11.8   7.9     5064.9   tight
   51      -524.266631   1.313    0.000    12.3  11.8     5024.0   tight
   52      -524.254612   1.312    0.000    12.1  11.6     5077.7   tight
 
Taking  20 structures
 
  ------------------------------------------------------------------------
  ------------------------------------------------------------------------
  Boltz. averaged energy of final cluster:
       G /Eh     : -524.29522391
       T*S /kcal :  -0.000
 
  Ensemble generation finished.
  Results can be found in ensemble directory
  Lowest energy conformer in file <crest_best.xyz>
  List of full ensemble in file <full_ensemble.xyz>
  List of used ensemble in file <final_ensemble.xyz>
  Thermodynamical data in file <thermo_data>
  Population of full ensemble in file <full_population.dat>
  Population in file <population.dat>
 
 
  ________________________________________________________________________
 
  _________________     Solvent Cluster Generation   _____________________
 
  ________________________________________________________________________
 
 Method for CFF: GFN2-xTB
 
  =========================================
  |   quantum cluster growth: CFF         |
  =========================================
 
  CUT-FREEZE-FILL Algorithm to generate reference solvent cluster
  now adding solvents to fill cluster...
  Size  Cluster   E /Eh        De/kcal   Detot/kcal  Opt
  ------------------------------------------------------------------------
 101       1   -514.245286    -13.14      -13.14    tight
 101       2   -514.237744    -23.78      -23.78    tight
 101       3   -514.241660    -24.00      -24.00    tight
 101       4   -514.222711    -16.89      -16.89    tight
 101       5   -514.222382    -16.78      -16.78    tight
 101       6   -514.226525    -21.44      -21.44    tight
 101       7   -514.229263    -17.66      -17.66    tight
 101       8   -514.227860    -19.03      -19.03    tight
 101       9   -514.214542    -15.34      -15.34    tight
 101      10   -514.222808    -20.02      -20.02    tight
 101      11   -514.228188    -21.69      -21.69    tight
 101      12   -514.213407    -15.83      -15.83    tight
 101      13   -514.213300    -17.26      -17.26    tight
 101      14   -514.219395    -20.19      -20.19    tight
 101      15   -514.224470    -21.86      -21.86    tight
 101      16   -514.234630    -22.72      -22.72    tight
 101      17   -514.219313    -22.77      -22.77    tight
 101      18   -514.220341    -27.28      -27.28    tight
 101      19   -514.226400    -20.88      -20.88    tight
 101      20   -514.228346    -26.11      -26.11    tight
  ------------------------------------------------------------------------
 102       1   -519.332660    -10.56      -23.70    tight
 102       2   -519.343049    -21.81      -45.59    tight
 102       3   -519.335340    -14.52      -38.52    tight
 102       4   -519.320958    -17.38      -34.27    tight
 102       5   -519.321704    -18.06      -34.84    tight
 102       6   -519.333291    -22.73      -44.17    tight
 102       7   -519.320211    -12.80      -30.46    tight
 102       8   -519.323707    -15.88      -34.91    tight
 102       9   -519.324281    -24.59      -39.93    tight
 102      10   -519.325741    -20.32      -40.35    tight
 102      11   -519.325431    -16.75      -38.44    tight
 102      12   -519.307742    -14.93      -30.76    tight
 102      13   -519.321277    -23.49      -40.75    tight
 102      14   -519.314035    -15.12      -35.31    tight
 102      15   -519.320230    -15.82      -37.68    tight
 102      16   -519.324037    -11.84      -34.56    tight
 102      17   -519.317650    -17.44      -40.21    tight
 102      18   -519.308237    -10.89      -38.16    tight
 102      19   -519.328212    -19.62      -40.50    tight
 102      20   -519.324000    -15.76      -41.87    tight
  ------------------------------------------------------------------------
 103       1   -524.434041    -19.35      -43.05    tight
 103       2   -524.433426    -12.44      -58.04    tight
 103       3   -524.429051    -14.54      -53.05    tight
 103       4   -524.413023    -13.50      -47.78    tight
 103       5   -524.410408    -11.40      -46.23    tight
 103       6   -524.421262    -10.94      -55.10    tight
 103       7   -524.416592    -16.21      -46.68    tight
 103       8   -524.417352    -14.50      -49.40    tight
 103       9   -524.420493    -16.11      -56.04    tight
 103      10   -524.415406    -12.00      -52.35    tight
 103      11   -524.417021    -13.21      -51.65    tight
 103      12   -524.409293    -19.46      -50.21    tight
 103      13   -524.419820    -17.57      -58.32    tight
 103      14   -524.418248    -21.13      -56.43    tight
 103      15   -524.413250    -14.10      -51.78    tight
 103      16   -524.416487    -13.75      -48.31    tight
 103      17   -524.414020    -16.21      -56.42    tight
 103      18   -524.408948    -18.93      -57.09    tight
 103      19   -524.416035    -10.84      -51.34    tight
 103      20   -524.418239    -14.87      -56.74    tight
  ------------------------------------------------------------------------
  volume filled
  Starting optimizations + SP  of structures
  20 jobs to do.
 
  done.
 
  Cluster   E /Eh        Density  Efix       R   av/act. Surface   Opt
    1      -509.159263   1.292    0.000    11.9   4.4     5228.7   tight
    2      -509.158666   1.304    0.000     4.4  12.8     5105.2   tight
    3      -509.154418   1.299    0.000     6.6  20.1     5182.6   tight
    4      -509.138857   1.297    0.000    11.3  13.6     5112.9   tight
    5      -509.136319   1.296    0.000     4.3  15.9     5059.4   tight
    6      -509.146856   1.303    0.000     2.8  18.7     4945.6   tight
    7      -509.142322   1.308    0.000    10.1   5.5     4994.7   tight
    8      -509.143060   1.310    0.000     3.7  19.3     4907.7   tight
    9      -509.146110   1.299    0.000    11.2   4.5     5177.7   tight
   10      -509.141171   1.306    0.000     4.5  12.9     4964.0   tight
   11      -509.142739   1.299    0.000     4.3  18.4     5123.4   tight
   12      -509.135236   1.289    0.000     4.1  17.7     5272.8   tight
   13      -509.145457   1.287    0.000     5.2  14.3     5278.0   tight
   14      -509.143930   1.311    0.000     4.3  15.3     4840.7   tight
   15      -509.139078   1.307    0.000     3.4   6.5     4986.4   tight
   16      -509.142220   1.304    0.000    12.6   6.6     5007.7   tight
   17      -509.139826   1.286    0.000     5.1  17.9     5367.2   tight
   18      -509.134901   1.294    0.000    12.0   6.1     5165.9   tight
   19      -509.141781   1.297    0.000     4.9  15.8     5175.7   tight
   20      -509.143922   1.285    0.000     4.0  18.2     5408.3   tight
 
  ------------------------------------------------------------------------
  ------------------------------------------------------------------------
  Boltz. averaged energy of final cluster:
       G /Eh     : -509.15966886
       T*S /kcal :  -0.396
 
  Solvent cluster generation finished.
  Results can be found in solvent_cluster directory
  Structures in file <crest_ensemble.xyz>
  Energies in file <cluster_energy.dat>
  Population in file <population.dat>
 
  =========================================
  |   quantum cluster growth: ESOLV       |
  |                                       |
  |          -156.05 kcal/mol             |
  =========================================
 
  =========================================
  |          Frequency evaluation         |
  =========================================
 
   SOLUTE MOLECULE
  Starting reoptimizations + Frequency computation of ensemble
  1 jobs to do.
 
  done.
   SOLUTE CLUSTER
  Starting reoptimizations + Frequency computation of ensemble
  20 jobs to do.
 
  done.
   SOLVENT CLUSTER
  Starting reoptimizations + Frequency computation of ensemble
  20 jobs to do.
 
  done.
 
   Solute Gas properties
  #       H(T)       SVIB      SROT       STRA      G(T)
       [kcal/mol]    [      cal/mol/K        ]    [kcal/mol]
  --------------------------------------------------------
       71.00     11.05     24.33     38.28     49.04
 
   Solute cluster properties
  #       H(T)       SVIB      SROT       STRA      G(T)
       [kcal/mol]    [      cal/mol/K        ]    [kcal/mol]
  --------------------------------------------------------
  1     1739.71    953.53     43.68     48.41   1427.95
  2     1741.03    956.83     43.71     48.41   1428.29
  3     1740.86    964.14     43.74     48.41   1425.93
  4     1740.33    965.37     43.75     48.41   1425.02
  5     1739.46    965.58     43.77     48.41   1424.08
  6     1740.11    962.12     43.68     48.41   1425.79
  7     1740.80    956.31     43.76     48.41   1428.19
  8     1740.62    965.62     43.71     48.41   1425.26
  9     1740.51    967.24     43.76     48.41   1424.65
  10     1741.19    967.48     43.71     48.41   1425.26
  11     1740.22    966.15     43.72     48.41   1424.69
  12     1739.93    966.14     43.81     48.41   1424.37
  13     1739.52    964.45     43.78     48.41   1424.48
  14     1740.47    972.14     43.71     48.41   1423.16
  15     1739.90    967.21     43.70     48.41   1424.06
  16     1740.18    964.72     43.74     48.41   1425.07
  17     1740.40    962.73     43.81     48.41   1425.86
  18     1739.37    967.74     43.81     48.41   1423.34
  19     1740.52    965.88     43.73     48.41   1425.07
  20     1739.51    965.41     43.79     48.41   1424.18
 
   Solvent cluster properties
  #       H(T)       SVIB      SROT       STRA      G(T)
       [kcal/mol]    [      cal/mol/K        ]    [kcal/mol]
  --------------------------------------------------------
  1     1667.00    924.34     43.53     48.31   1364.02
  2     1667.31    933.12     43.56     48.31   1361.70
  3     1668.01    941.47     43.56     48.31   1359.92
  4     1667.81    936.73     43.64     48.31   1361.11
  5     1666.66    931.77     43.68     48.31   1361.43
  6     1666.94    931.46     43.53     48.31   1361.85
  7     1667.91    917.87     43.61     48.31   1366.84
  8     1667.85    930.78     43.60     48.31   1362.93
  9     1667.42    929.67     43.58     48.31   1362.85
  10     1667.22    944.61     43.54     48.31   1358.20
  11     1667.25    937.77     43.52     48.31   1360.27
  12     1666.61    925.39     43.59     48.31   1363.30
  13     1667.26    926.83     43.62     48.31   1363.52
  14     1668.50    928.68     43.62     48.31   1364.21
  15     1665.25    940.37     43.54     48.31   1357.50
  16     1667.54    921.31     43.56     48.31   1365.47
  17     1667.50    933.41     43.67     48.31   1361.78
  18     1668.23    917.16     43.61     48.31   1367.37
  19     1667.59    930.39     43.60     48.31   1362.79
  20     1666.56    940.01     43.72     48.31   1358.85
 
 
  ________________________________________________________________________
 
  _________________________     Evaluation    ____________________________
 
  ________________________________________________________________________
 
 
  -----------------------------------------------------
  Gsolv and Hsolv ref. state: [1 M gas/solution] 
  G_solv (incl.RRHO)      = -139.33 kcal/mol
  H_solv (incl.RRHO)      = -154.77 kcal/mol
  -----------------------------------------------------
 
  -----------------------------------------------------
  Gsolv and Hsolv ref. state: [1 M gas/solution] 
  G_solv (incl.RRHO)      = -141.23 kcal/mol
  H_solv (incl.RRHO)      = -156.66 kcal/mol
  -----------------------------------------------------
 
  -----------------------------------------------------
  Solvation free energies with scaled translational
  and rotational degrees of freedom: Gsolv (scaling)
          >>   -158.90 (0.05)    <<
          >>   -157.97 (0.10)    <<
          >>   -157.04 (0.15)    <<
          >>   -156.11 (0.20)    <<
          >>   -155.18 (0.25)    <<
          >>   -154.25 (0.30)    <<
          >>   -153.32 (0.35)    <<
          >>   -152.39 (0.40)    <<
          >>   -151.46 (0.45)    <<
          >>   -150.53 (0.50)    <<
          >>   -149.60 (0.55)    <<
          >>   -148.67 (0.60)    <<
          >>   -147.74 (0.65)    <<
          >>   -146.81 (0.70)    <<
          >>   -145.88 (0.75)    <<
          >>   -144.95 (0.80)    <<
          >>   -144.02 (0.85)    <<
          >>   -143.09 (0.90)    <<
          >>   -142.16 (0.95)    <<
          >>   -141.23 (1.00)    <<
  -----------------------------------------------------
 
  ==================================================
  |  Gsolv with SCALED RRHO contributions: 0.75    |
  |  [1 bar gas/ 1 M solution]                     |
  |                                                |
  |  G_solv (incl.RRHO)+dV(T)= -145.88 kcal/mol    |
  ==================================================
 
 
 -----------------
 Wall Time Summary
 -----------------
             test MD wall time :         0h : 0m :11s
                 MTD wall time :         0h :25m :38s
      multilevel OPT wall time :         0h :28m :40s
                  MD wall time :         0h :11m :39s
                Grow wall time :         0h :43m :16s
     Solute-Ensemble wall time :         1h :59m :40s
                 CFF wall time :         0h :17m :45s
         Frequencies wall time :         2h :26m :39s
--------------------
Overall wall time  : 6h :35m :11s
 
 CREST terminated normally.
