 
       ==============================================
       |                                            |
       |                 C R E S T                  |
       |                                            |
       |  Conformer-Rotamer Ensemble Sampling Tool  |
       |          based on the GFN methods          |
       |             P.Pracht, S.Grimme             |
       |          Universitaet Bonn, MCTC           |
       ==============================================
       Version 2.12,   Thu 19. Mai 16:32:32 CEST 2022
  Using the xTB program. Compatible with xTB version 6.4.0
 
   Cite work conducted with this code as

   • P.Pracht, F.Bohle, S.Grimme, PCCP, 2020, 22, 7169-7192.
   • S.Grimme, JCTC, 2019, 15, 2847-2862.

   and for works involving QCG as

   • S.Spicher, C.Plett, P.Pracht, A.Hansen, S.Grimme,
     JCTC, 2022, 18 (5), 3174-3189.
 
   with help from:
   C.Bannwarth, F.Bohle, S.Ehlert, S.Grimme,
   C.Plett, P.Pracht, S.Spicher
 
   This program is distributed in the hope that it will be useful,
   but WITHOUT ANY WARRANTY; without even the implied warranty of
   MERCHANTABILITY or FITNESS FOR A PARTICULAR PURPOSE.

 Command line input:
 > crest input.xyz --qcg water.xyz --chrg 0 --uhf 0 --nsolv 200 --T 40 --gsolv --nclus 20 --gbsa water

 Solute-file: input.xyz
 Solvent-file: water.xyz
  --chrg 0
  --uhf 0
  --T 40 (CPUs/Threads selected)
  --gbsa water : implicit solvation
 
  ========================================
  |           ----------------           |
  |                 Q C G                |
  |           ----------------           |
  |        Quantum Cluster Growth        |
  |       University of Bonn, MCTC       |
  ========================================
   S. Grimme, S. Spicher, C. Plett.
 
   Cite work conducted with this code as

   S. Spicher, C. Plett, P. Pracht, A. Hansen, S. Grimme, JCTC, 2022, 18, 3174-3189.
 
 
  =========================================
  |   quantum cluster growth: INPUT       |
  =========================================
 
  QCG: Calculation of delta G_solv
  Ensemble generated via CREST
 
  input parameters     
  solute                 : input.xyz
  charge                 : 0
  uhf                    : 0
  solvent                : water.xyz
  # of solvents to add   : 200
  # of cluster generated : 20
  # of CPUs used         : 40
  Solvation model        : water               
  xtb opt level          : normal
  System temperature [K] : 298.1
  RRHO scaling factor    : 0.75
 
 Solute geometry
  molecular radius (Bohr**1):    5.64
  molecular area   (Bohr**2):  459.94
  molecular volume (Bohr**3):  751.19
 Solvent geometry
  molecular radius (Bohr**1):    3.88
  molecular area   (Bohr**2):  194.99
  molecular volume (Bohr**3):  244.40
 
  radius of solute    :     9.09
  radius of solvent   :     6.25
 
  =========================================
  |            Preoptimization            |
  =========================================
 
 -------------------------
 xTB Geometry Optimization
 -------------------------
 Geometry successfully optimized.
 Generating LMOs for solute
  Total Energy of solute:     -14.8081977 Eh
 
 -------------------------
 xTB Geometry Optimization
 -------------------------
 Geometry successfully optimized.
 Generating LMOs for solvent
  Total energy of solvent:     -5.0705444 Eh
 
  ________________________________________________________________________
 
  __________________     Solute Cluster Generation   _____________________
 
  ________________________________________________________________________
 
 
  =========================================
  |   quantum cluster growth: GROW        |
  =========================================
 
 
  Water as solvent recognized, adjusting scaling factor for outer wall pot to 0.70
 
  Constraining solute during Growth 
 Solute:
       unit ellipsoid axis a,b,c     :   0.454   0.275   0.270
 Solvent:
       unit ellipsoid axis a,b,c     :   0.386   0.322   0.292
 
  solvent anisotropy            :     1.133
  solute anisotropy             :     1.245
  roff inner wall               :     0.933
  solute max dist               :    14.199
  solvent max dist              :     7.283
  inner unit axis               :     0.581     0.214     0.206
  inner ellipsoid/Bohr          :    15.104     5.556     5.357
  scaling factor outer ellipsoid:     0.700
  outer ellipsoid/Bohr          :    10.356     6.281     6.168
 
  Size  E /Eh       De/kcal   Detot/kcal  Density   Efix         R   av/act. Surface   Opt
   Wall Potential too small, increasing size by 5 %
   New scaling factor 0.73
   Wall Potential too small, increasing size by 5 %
   New scaling factor 0.77
    1   -19.880611   -1.17      -1.17       0.975     -5.313      0.0   0.0     909.0   normal
    2   -24.964040   -8.09      -9.26       0.995     -6.055      5.6   5.6    1093.8   normal
    3   -30.044958   -6.51     -15.77       0.995     -6.718      5.7   8.4    1296.1   normal
    4   -35.123071   -4.75     -20.52       1.006     -7.324      6.6   5.9    1483.4   normal
    5   -40.206609   -8.15     -28.67       1.033     -7.885      6.3   8.4    1640.2   normal
    6   -45.291050   -8.72     -37.39       1.049     -8.410      6.8   5.9    1806.8   normal
    7   -50.378883  -10.85     -48.24       1.046     -8.906      6.9   8.5    2004.7   normal
    8   -55.466979  -11.01     -59.25       1.047     -9.376      7.2   9.5    2196.0   normal
    9   -60.553483  -10.01     -69.27       1.070     -9.823      7.8   7.0    2337.0   normal
   10   -65.642021  -11.29     -80.56       1.093    -10.252      7.5   6.1    2472.2   normal
   11   -70.731688  -12.00     -92.56       1.118    -10.663      7.3   7.1    2599.2   normal
   12   -75.819637  -10.92    -103.48       1.124    -11.059      7.4   8.3    2763.2   normal
   13   -80.904207   -8.80    -112.28       1.127    -11.442      7.5   7.7    2934.8   normal
   14   -85.994283  -12.26    -124.54       1.141    -11.812      7.5   6.6    3076.4   normal
   15   -91.081007  -10.15    -134.69       1.157    -12.171      7.5   8.8    3207.9   normal
   16   -96.175401  -14.97    -149.66       1.174    -12.521      7.5   6.2    3333.0   normal
   17  -101.263756  -11.18    -160.83       1.176    -12.861      7.5   7.2    3501.8   normal
   18  -106.345047   -6.74    -167.58       1.172    -13.190      7.3   6.7    3683.5   normal
   19  -111.437625  -13.83    -181.40       1.180    -13.514      7.3   8.6    3832.2   normal
   Wall Potential too small, increasing size by 5 %
   New scaling factor 0.81
   20  -116.536948  -18.06    -199.46       1.192    -13.830      7.4   6.9    3960.6   normal
   21  -121.625952  -11.58    -211.04       1.185    -14.139      7.5   8.8    4155.1   normal
   22  -126.712729  -10.19    -221.23       1.188    -14.440      7.6  11.0    4314.7   normal
   Wall Potential too small, increasing size by 5 %
   New scaling factor 0.85
   23  -131.809726  -16.60    -237.83       1.185    -14.737      7.9   9.9    4495.3   normal
   24  -136.904993  -15.51    -253.34       1.201    -15.027      8.0   7.3    4604.4   normal
   Wall Potential too small, increasing size by 5 %
   New scaling factor 0.89
   25  -141.999939  -15.31    -268.66       1.201    -15.312      8.0   9.7    4773.9   normal
   26  -147.091396  -13.12    -281.78       1.206    -15.592      8.1  10.8    4920.3   normal
   27  -152.175626   -8.59    -290.37       1.209    -15.865      8.2   6.9    5076.1   normal
   28  -157.264927  -11.77    -302.14       1.206    -16.135      8.2  11.2    5256.1   normal
   29  -162.355617  -12.64    -314.78       1.216    -16.400      8.3   7.9    5379.2   normal
   Wall Potential too small, increasing size by 5 %
   New scaling factor 0.94
   30  -167.444087  -11.25    -326.03       1.215    -16.661      8.3  13.7    5549.4   normal
   31  -172.531145  -10.36    -336.39       1.212    -16.918      8.5  13.5    5729.6   normal
   32  -177.613423   -7.36    -343.75       1.214    -17.171      8.6  14.1    5884.7   normal
   33  -182.705200  -13.32    -357.08       1.221    -17.420      8.8  12.7    6014.4   normal
   Wall Potential too small, increasing size by 5 %
   New scaling factor 0.98
   34  -187.798620  -14.36    -371.43       1.219    -17.667      8.9  11.3    6193.3   normal
   35  -192.889479  -12.75    -384.18       1.223    -17.909      9.0  13.6    6339.1   normal
   36  -197.979305  -12.10    -396.28       1.226    -18.149      9.2  14.0    6484.1   normal
   37  -203.067244  -10.91    -407.19       1.229    -18.385      9.3  11.6    6636.2   normal
   38  -208.151012   -8.30    -415.49       1.226    -18.618      9.4  14.0    6814.3   normal
   39  -213.241467  -12.49    -427.98       1.219    -18.848      9.5   9.0    7019.3   normal
   40  -218.335977  -15.04    -443.02       1.222    -19.076      9.6  11.3    7170.8   normal
   41  -223.424448  -11.25    -454.27       1.227    -19.301      9.6  10.8    7302.7   normal
   42  -228.518367  -14.67    -468.94       1.234    -19.524      9.6  12.5    7428.4   normal
   43  -233.610191  -13.35    -482.29       1.237    -19.744      9.7  10.3    7569.3   normal
   44  -238.701698  -13.15    -495.45       1.237    -19.961      9.8  11.2    7732.4   normal
   45  -243.791347  -11.99    -507.44       1.239    -20.176      9.8   9.5    7885.9   normal
   46  -248.883349  -13.46    -520.90       1.246    -20.389      9.8  10.6    8003.5   normal
   47  -253.970550  -10.45    -531.35       1.244    -20.600      9.8  12.0    8176.9   normal
   48  -259.057563  -10.33    -541.69       1.244    -20.808      9.8  11.6    8336.5   normal
   49  -264.151551  -14.71    -556.40       1.245    -21.015      9.9  15.2    8491.8   normal
   50  -269.239774  -11.09    -567.49       1.245    -21.219     10.0  14.5    8658.6   normal
   51  -274.331177  -13.09    -580.58       1.247    -21.422     10.1  10.4    8802.5   normal
   52  -279.427622  -16.25    -596.83       1.254    -21.623     10.1  12.2    8916.3   normal
   53  -284.516750  -11.66    -608.49       1.254    -21.821     10.1  10.6    9078.5   normal
   54  -289.609901  -14.19    -622.68       1.258    -22.019     10.1  11.4    9209.3   normal
   55  -294.699300  -11.83    -634.51       1.259    -22.214     10.1   9.9    9360.8   normal
   56  -299.794317  -15.36    -649.87       1.261    -22.408     10.2  10.9    9505.4   normal
   57  -304.885883  -13.19    -663.06       1.263    -22.600     10.2  12.7    9654.7   normal
   58  -309.981635  -15.82    -678.88       1.263    -22.790     10.3  13.0    9809.0   normal
   59  -315.066805   -9.18    -688.05       1.261    -22.979     10.3   9.6    9986.5   normal
   60  -320.169817  -20.37    -708.43       1.262    -23.167     10.4   9.5   10142.8   normal
   61  -325.265213  -15.59    -724.02       1.265    -23.353     10.4  14.1   10272.9   normal
   62  -330.358198  -14.08    -738.10       1.266    -23.537     10.5  13.2   10428.4   normal
   63  -335.447768  -11.94    -750.04       1.264    -23.720     10.6  12.1   10604.7   normal
   64  -340.539070  -13.03    -763.07       1.265    -23.901     10.6  16.6   10751.1   normal
   65  -345.628454  -11.82    -774.89       1.266    -24.081     10.7  10.7   10909.4   normal
   66  -350.725410  -16.57    -791.46       1.275    -24.260     10.6  10.3   10987.8   normal
   67  -355.814035  -11.35    -802.81       1.276    -24.437     10.6  11.0   11138.8   normal
   Wall Potential too small, increasing size by 5 %
   New scaling factor 1.00
   68  -360.907065  -14.11    -816.92       1.271    -24.614     10.7  16.5   11335.6   normal
   69  -365.997115  -12.24    -829.16       1.274    -24.788     10.7  17.9   11470.4   normal
   70  -371.083823  -10.14    -839.30       1.274    -24.962     10.8  18.5   11630.4   normal
   71  -376.174147  -12.41    -851.71       1.275    -25.134     10.9  10.4   11779.4   normal
   72  -381.268809  -15.13    -866.85       1.279    -25.306     11.0  11.3   11899.4   normal
   73  -386.372056  -20.52    -887.37       1.283    -25.477     10.9  15.1   12015.5   normal
   74  -391.457797   -9.54    -896.91       1.283    -25.645     11.0  17.6   12176.6   normal
   75  -396.545730  -10.91    -907.82       1.283    -25.813     11.0  18.5   12337.8   normal
   76  -401.636341  -12.59    -920.41       1.286    -25.980     11.1  15.7   12459.4   normal
   77  -406.723396  -10.36    -930.77       1.286    -26.145     11.2  11.6   12622.6   normal
   78  -411.817771  -14.95    -945.72       1.288    -26.310     11.2  11.7   12756.6   normal
   79  -416.908932  -12.94    -958.66       1.289    -26.474     11.2  14.7   12908.2   normal
   80  -422.006474  -16.94    -975.60       1.295    -26.637     11.2  15.1   12999.4   normal
   81  -427.096313  -12.11    -987.71       1.296    -26.798     11.2  17.8   13143.6   normal
   82  -432.190297  -14.71   -1002.42       1.295    -26.959     11.3  13.5   13311.5   normal
   83  -437.278523  -11.10   -1013.51       1.297    -27.119     11.3  14.1   13449.6   normal
   84  -442.379326  -18.99   -1032.50       1.300    -27.278     11.4  17.0   13568.4   normal
   85  -447.474898  -15.70   -1048.21       1.304    -27.436     11.4  11.5   13687.8   normal
   86  -452.567598  -13.90   -1062.11       1.303    -27.594     11.4  17.2   13854.3   normal
   87  -457.658907  -13.03   -1075.14       1.304    -27.750     11.5  13.6   13990.9   normal
   88  -462.750284  -13.07   -1088.21       1.304    -27.905     11.5  13.1   14147.9   normal
   89  -467.838480  -11.08   -1099.29       1.305    -28.059     11.5  19.9   14296.7   normal
   90  -472.925988  -10.64   -1109.93       1.307    -28.212     11.6  12.3   14429.2   normal
   91  -478.017381  -13.08   -1123.02       1.309    -28.365     11.6  10.6   14557.5   normal
   92  -483.104891  -10.65   -1133.66       1.311    -28.517     11.6  18.3   14690.7   normal
   93  -488.197639  -13.93   -1147.59       1.309    -28.668     11.7  12.3   14862.5   normal
   94  -493.291724  -14.77   -1162.37       1.310    -28.818     11.8  13.3   15003.3   normal
   95  -498.392629  -19.05   -1181.42       1.314    -28.968     11.8  11.1   15115.7   normal
   96  -503.489982  -16.82   -1198.24       1.318    -29.118     11.7  12.2   15224.8   normal
   97  -508.582562  -13.83   -1212.07       1.320    -29.266     11.7  12.8   15352.7   normal
   98  -513.674734  -13.57   -1225.64       1.321    -29.413     11.7  12.4   15488.9   normal
   99  -518.765783  -12.87   -1238.51       1.321    -29.559     11.7  14.6   15652.1   normal
  100  -523.853032  -10.48   -1248.99       1.320    -29.705     11.8  14.8   15814.1   normal
  101  -528.948293  -15.51   -1264.50       1.322    -29.850     11.8  15.8   15937.8   normal
  102  -534.040290  -13.46   -1277.96       1.325    -29.995     11.8  13.9   16056.2   normal
  103  -539.143882  -20.74   -1298.70       1.327    -30.139     11.9  17.7   16186.3   normal
  104  -544.240614  -16.43   -1315.13       1.328    -30.282     11.9  15.6   16319.6   normal
  105  -549.332393  -13.32   -1328.46       1.330    -30.425     11.9  16.4   16458.3   normal
  106  -554.432727  -18.69   -1347.15       1.333    -30.567     12.0  15.8   16569.5   normal
  107  -559.523898  -12.94   -1360.09       1.335    -30.708     12.0  17.7   16694.2   normal
  108  -564.620804  -16.54   -1376.63       1.337    -30.849     12.0  14.9   16814.6   normal
  109  -569.707141   -9.91   -1386.54       1.337    -30.988     12.1  16.9   16964.3   normal
  110  -574.793938  -10.20   -1396.74       1.336    -31.127     12.1  17.8   17137.3   normal
  111  -579.885274  -13.05   -1409.79       1.337    -31.265     12.2  20.1   17277.6   normal
  112  -584.974951  -12.01   -1421.80       1.337    -31.403     12.2  19.5   17424.8   normal
  113  -590.071597  -16.38   -1438.17       1.337    -31.541     12.3  19.5   17577.6   normal
  114  -595.168603  -16.60   -1454.78       1.338    -31.678     12.3  18.6   17712.7   normal
  115  -600.269856  -19.27   -1474.05       1.340    -31.814     12.4  13.1   17835.8   normal
  116  -605.359794  -12.17   -1486.22       1.340    -31.950     12.4  19.1   17984.0   normal
  117  -610.455348  -15.69   -1501.91       1.341    -32.085     12.4  20.7   18128.5   normal
  118  -615.547756  -13.72   -1515.63       1.341    -32.219     12.5  15.2   18277.6   normal
  119  -620.643817  -16.01   -1531.64       1.343    -32.353     12.5  17.3   18394.3   normal
  120  -625.736837  -14.10   -1545.75       1.345    -32.487     12.6  20.6   18518.0   normal
  121  -630.826530  -12.02   -1557.76       1.346    -32.619     12.6  17.2   18660.8   normal
  122  -635.913747  -10.46   -1568.23       1.345    -32.751     12.6  16.4   18814.0   normal
  123  -641.014518  -18.97   -1587.19       1.348    -32.883     12.6  20.6   18923.3   normal
  124  -646.105480  -12.81   -1600.01       1.349    -33.014     12.7  21.2   19070.0   normal
  125  -651.197130  -13.24   -1613.25       1.349    -33.145     12.8  20.3   19206.6   normal
  126  -656.288884  -13.31   -1626.56       1.350    -33.275     12.8  12.8   19345.8   normal
  127  -661.379339  -12.49   -1639.05       1.349    -33.405     12.8  18.0   19509.1   normal
  128  -666.473217  -14.64   -1653.69       1.348    -33.534     12.8  19.1   19680.9   normal
  129  -671.569629  -16.23   -1669.93       1.349    -33.663     12.9  18.2   19809.0   normal
  130  -676.658826  -11.70   -1681.63       1.349    -33.791     12.9  22.0   19967.9   normal
  131  -681.752256  -14.36   -1695.99       1.351    -33.918     13.0  21.7   20074.7   normal
  132  -686.839803  -10.67   -1706.66       1.351    -34.045     13.1  13.2   20229.9   normal
  133  -691.926526  -10.15   -1716.81       1.351    -34.172     13.0  19.9   20386.8   normal
  134  -697.027556  -19.13   -1735.94       1.350    -34.298     13.1  13.7   20548.6   normal
  135  -702.117864  -12.40   -1748.35       1.351    -34.424     13.1  19.0   20682.6   normal
  136  -707.212396  -15.05   -1763.40       1.348    -34.550     13.2  16.0   20867.7   normal
  137  -712.303345  -12.80   -1776.20       1.349    -34.674     13.2  16.5   21005.3   normal
  138  -717.407664  -21.19   -1797.40       1.348    -34.799     13.3  12.9   21170.6   normal
  139  -722.501614  -14.69   -1812.08       1.350    -34.923     13.3  14.0   21287.2   normal
  140  -727.592460  -12.74   -1824.82       1.352    -35.047     13.3  21.5   21417.2   normal
  141  -732.688231  -15.83   -1840.65       1.351    -35.170     13.4  16.1   21569.1   normal
  142  -737.777082  -11.49   -1852.14       1.352    -35.293     13.4  19.1   21712.2   normal
  143  -742.869419  -13.67   -1865.82       1.356    -35.415     13.4  13.2   21802.0   normal
  144  -747.962018  -13.84   -1879.65       1.357    -35.537     13.4  20.0   21934.0   normal
  145  -753.050124  -11.02   -1890.67       1.356    -35.658     13.5  13.7   22098.0   normal
  146  -758.144731  -15.10   -1905.77       1.357    -35.779     13.5  17.4   22226.4   normal
  147  -763.236300  -13.19   -1918.97       1.358    -35.900     13.5  22.9   22356.6   normal
  148  -768.328913  -13.85   -1932.82       1.358    -36.020     13.6  17.1   22507.7   normal
  149  -773.414580   -9.49   -1942.31       1.358    -36.139     13.6  18.2   22660.1   normal
  150  -778.511116  -16.31   -1958.62       1.359    -36.259     13.6  14.1   22786.8   normal
  151  -783.611231  -18.56   -1977.17       1.360    -36.378     13.6  18.9   22913.9   normal
  152  -788.702893  -13.25   -1990.42       1.359    -36.497     13.6  22.2   23090.5   normal
  153  -793.802589  -18.29   -2008.72       1.364    -36.615     13.7  19.1   23150.3   normal
  154  -798.893508  -12.78   -2021.50       1.366    -36.733     13.7  18.3   23257.2   normal
  155  -804.001260  -23.35   -2044.85       1.364    -36.851     13.7  22.8   23445.7   normal
  156  -809.098965  -17.04   -2061.89       1.367    -36.969     13.7  17.7   23538.3   normal
  157  -814.191960  -14.09   -2075.98       1.367    -37.085     13.8  19.0   23681.3   normal
  158  -819.285552  -14.46   -2090.44       1.368    -37.202     13.8  16.1   23821.4   normal
  159  -824.377140  -13.20   -2103.65       1.369    -37.318     13.8  19.5   23948.2   normal
  160  -829.469537  -13.71   -2117.36       1.371    -37.433     13.9  19.4   24062.6   normal
  161  -834.555876   -9.91   -2127.27       1.371    -37.548     13.9  14.9   24204.0   normal
  162  -839.641450   -9.43   -2136.70       1.371    -37.663     13.9  16.4   24358.9   normal
  163  -844.737166  -15.80   -2152.50       1.371    -37.778     13.9  15.1   24492.8   normal
  164  -849.829262  -13.52   -2166.02       1.371    -37.892     13.9  24.0   24650.8   normal
  165  -854.921102  -13.36   -2179.38       1.371    -38.006     14.0  15.6   24797.5   normal
  166  -860.015936  -15.24   -2194.63       1.372    -38.120     14.0  20.2   24926.8   normal
  167  -865.108888  -14.06   -2208.69       1.372    -38.233     14.0  14.4   25063.9   normal
  168  -870.199458  -12.57   -2221.25       1.373    -38.346     14.0  24.2   25204.7   normal
  169  -875.297937  -17.53   -2238.78       1.374    -38.458     14.1  14.5   25321.9   normal
  170  -880.393300  -15.57   -2254.36       1.374    -38.571     14.1  16.1   25467.2   normal
  171  -885.488138  -15.24   -2269.60       1.376    -38.683     14.1  15.9   25588.7   normal
  172  -890.579039  -12.77   -2282.38       1.377    -38.794     14.1  16.1   25707.3   normal
  173  -895.676177  -16.69   -2299.06       1.377    -38.906     14.1  22.4   25858.8   normal
  174  -900.769696  -14.42   -2313.48       1.378    -39.017     14.2  15.8   25989.2   normal
  175  -905.856934  -10.48   -2323.96       1.377    -39.127     14.2  15.3   26152.3   normal
  176  -910.954494  -16.95   -2340.91       1.376    -39.238     14.2  17.5   26321.3   normal
  177  -916.050500  -15.98   -2356.88       1.378    -39.348     14.2  17.5   26433.6   normal
  178  -921.141497  -12.83   -2369.72       1.378    -39.457     14.2  13.3   26572.9   normal
  179  -926.234061  -13.82   -2383.54       1.378    -39.567     14.2  19.0   26723.5   normal
  180  -931.333680  -18.24   -2401.78       1.379    -39.676     14.2  18.4   26840.6   normal
  181  -936.427451  -14.57   -2416.36       1.380    -39.785     14.3  14.5   26978.4   normal
  182  -941.518597  -12.93   -2429.28       1.380    -39.893     14.3  15.9   27110.4   normal
  183  -946.609459  -12.75   -2442.03       1.381    -40.002     14.3  15.0   27241.9   normal
  184  -951.702957  -14.40   -2456.44       1.382    -40.109     14.3  19.1   27381.8   normal
  185  -956.792705  -12.05   -2468.49       1.382    -40.217     14.3  22.7   27522.8   normal
  186  -961.895761  -20.40   -2488.89       1.383    -40.325     14.3  21.9   27646.7   normal
  187  -966.985765  -12.21   -2501.10       1.382    -40.432     14.4  24.6   27810.7   normal
  188  -972.079393  -14.49   -2515.59       1.381    -40.539     14.4  16.6   27974.1   normal
  189  -977.173506  -14.79   -2530.37       1.382    -40.645     14.4  20.5   28111.4   normal
  190  -982.270046  -16.31   -2546.69       1.382    -40.751     14.5  23.5   28240.7   normal
  191  -987.368754  -17.67   -2564.36       1.385    -40.858     14.5  21.0   28329.2   normal
  192  -992.461097  -13.68   -2578.04       1.385    -40.963     14.6  15.4   28476.6   normal
  193  -997.552962  -13.38   -2591.42       1.385    -41.069     14.6  17.1   28632.2   normal
  194 -1002.641167  -11.08   -2602.50       1.384    -41.174     14.6  14.8   28801.8   normal
  195 -1007.729631  -11.24   -2613.74       1.384    -41.278     14.6  14.8   28935.4   normal
  196 -1012.823819  -14.84   -2628.58       1.384    -41.383     14.5  22.3   29077.2   normal
  197 -1017.909958   -9.79   -2638.37       1.383    -41.487     14.6  25.8   29254.0   normal
  198 -1023.006143  -16.09   -2654.46       1.384    -41.591     14.6  17.8   29379.1   normal
  199 -1028.094859  -11.40   -2665.86       1.384    -41.695     14.6  25.2   29525.7   normal
  200 -1033.185516  -12.62   -2678.48       1.384    -41.798     14.7  16.1   29671.8   normal
 
  Growth finished after 200 solvents added
  Results can be found in grow directory
  Energy list in file <qcg_energy.dat>
  Interaction energy in file <qcg_conv.dat>
  Growing process in <qcg_grow.xyz>
  Final geometry after grow in <cluster.coord> and <cluster.xyz>
  Potentials and geometry written in <cluster_cavity.coord> and <twopot_cavity.coord>
 
  =========================================
  |   quantum cluster growth: ENSEMBLE    |
  =========================================
 
   Method for ensemble search:--gff               
 Starting ensemble cluster generation by CREST routine
 
------------------------------------------------
Generating MTD length from a flexibility measure
------------------------------------------------
 System flexiblity is set to 1.0 for NCI mode
 flexibility measure :   1.000
 t(MTD) / ps set by command line  :    10.0
 t(MTD) / ps    :    10.0
 Σ(t(MTD)) / ps :   120.0 (12 MTDs)
 
-------------------------------------
Starting a trial MTD to test settings
-------------------------------------
 Estimated runtime for one MTD (10.0 ps) on a single thread: 1 h 1 min 43 sec
 Estimated runtime for a batch of 12 MTDs on 40 threads: 20 min 34 sec
 
 list of Vbias parameters applied:
$metadyn    0.00125   1.000
$metadyn    0.00083   1.000
$metadyn    0.00056   1.000
$metadyn    0.00125   0.667
$metadyn    0.00083   0.667
$metadyn    0.00056   0.667
$metadyn    0.00125   0.444
$metadyn    0.00083   0.444
$metadyn    0.00056   0.444
$metadyn    0.00125   0.296
$metadyn    0.00083   0.296
$metadyn    0.00056   0.296
 
*******************************************************************************************
**                        N E W    I T E R A T I O N    C Y C L E                        **
*******************************************************************************************
 
========================================
            MTD Iteration  1
========================================
 
     ========================================
     |         Meta-MD (MTD) Sampling       |
     ========================================
 
Starting Meta-MD   1 with the settings:
     MD time /ps        :    10.0
     dt /fs             :     1.5
     dumpstep(trj) /fs  :     200
     dumpstep(Vbias)/ps :     1.0
     Vbias factor k /Eh :  0.7638
     Vbias exp α /bohr⁻²:    1.00
Starting Meta-MD   2 with the settings:
     MD time /ps        :    10.0
     dt /fs             :     1.5
     dumpstep(trj) /fs  :     200
     dumpstep(Vbias)/ps :     1.0
     Vbias factor k /Eh :  0.5092
     Vbias exp α /bohr⁻²:    1.00
Starting Meta-MD   3 with the settings:
     MD time /ps        :    10.0
     dt /fs             :     1.5
     dumpstep(trj) /fs  :     200
     dumpstep(Vbias)/ps :     1.0
     Vbias factor k /Eh :  0.3394
     Vbias exp α /bohr⁻²:    1.00
Starting Meta-MD   4 with the settings:
     MD time /ps        :    10.0
     dt /fs             :     1.5
     dumpstep(trj) /fs  :     200
     dumpstep(Vbias)/ps :     1.0
     Vbias factor k /Eh :  0.7638
     Vbias exp α /bohr⁻²:    0.67
Starting Meta-MD   6 with the settings:
     MD time /ps        :    10.0
     dt /fs             :     1.5
     dumpstep(trj) /fs  :     200
     dumpstep(Vbias)/ps :     1.0
     Vbias factor k /Eh :  0.3394
     Vbias exp α /bohr⁻²:    0.67
Starting Meta-MD   7 with the settings:
     MD time /ps        :    10.0
     dt /fs             :     1.5
     dumpstep(trj) /fs  :     200
     dumpstep(Vbias)/ps :     1.0
     Vbias factor k /Eh :  0.7638
     Vbias exp α /bohr⁻²:    0.44
Starting Meta-MD   8 with the settings:
     MD time /ps        :    10.0
     dt /fs             :     1.5
     dumpstep(trj) /fs  :     200
     dumpstep(Vbias)/ps :     1.0
     Vbias factor k /Eh :  0.5092
     Vbias exp α /bohr⁻²:    0.44
Starting Meta-MD   9 with the settings:
     MD time /ps        :    10.0
     dt /fs             :     1.5
     dumpstep(trj) /fs  :     200
     dumpstep(Vbias)/ps :     1.0
     Vbias factor k /Eh :  0.3394
     Vbias exp α /bohr⁻²:    0.44
Starting Meta-MD  10 with the settings:
     MD time /ps        :    10.0
     dt /fs             :     1.5
     dumpstep(trj) /fs  :     200
     dumpstep(Vbias)/ps :     1.0
     Vbias factor k /Eh :  0.7638
     Vbias exp α /bohr⁻²:    0.30
Starting Meta-MD  11 with the settings:
     MD time /ps        :    10.0
     dt /fs             :     1.5
     dumpstep(trj) /fs  :     200
     dumpstep(Vbias)/ps :     1.0
     Vbias factor k /Eh :  0.5092
     Vbias exp α /bohr⁻²:    0.30
Starting Meta-MD  12 with the settings:
     MD time /ps        :    10.0
     dt /fs             :     1.5
     dumpstep(trj) /fs  :     200
     dumpstep(Vbias)/ps :     1.0
     Vbias factor k /Eh :  0.3394
     Vbias exp α /bohr⁻²:    0.30
Starting Meta-MD   5 with the settings:
     MD time /ps        :    10.0
     dt /fs             :     1.5
     dumpstep(trj) /fs  :     200
     dumpstep(Vbias)/ps :     1.0
     Vbias factor k /Eh :  0.5092
     Vbias exp α /bohr⁻²:    0.67
*Meta-MTD 11 finished*
*Meta-MTD 12 finished*
*Meta-MTD 4 finished*
*Meta-MTD 9 finished*
*Meta-MTD 3 finished*
*Meta-MTD 5 finished*
*Meta-MTD 7 finished*
*Meta-MTD 10 finished*
*Meta-MTD 2 finished*
*Meta-MTD 8 finished*
*Meta-MTD 1 finished*
*Meta-MTD 6 finished*
 
-----------------------
Multilevel Optimization
-----------------------
 
 -------------------------
 1. crude pre-optimization
 -------------------------
 Optimizing all 600 structures from file "crest_rotamers_0.xyz" ...
 1 2 3 4 5 6 7 8 9 10 11 12 13 14 15 16 17 18 19 20 21 22 23 24 25 26 27 28 29 30 31 32 33 34 35 36 37 38 39 40 41 42 43 44 45 46 47 48 49 50 51 52 53 54 55 56 57 58 59 60 61 62 63 64 65 66 67 68 69 70 71 72 73 74 75 76 77 78 79 80 81 82 83 84 85 86 87 88 89 90 91 92 93 94 95 96 97 98 99 100 101 102 103 104 105 106 107 108 109 110 111 112 113 114 115 116 117 118 119 120 121 122 123 124 125 126 127 128 129 130 131 132 133 134 135 136 137 138 139 140 141 142 143 144 145 146 147 148 149 150 151 152 153 154 155 156 157 158 159 160 161 162 163 164 165 166 167 168 169 170 171 172 173 174 175 176 177 178 179 180 181 182 183 184 185 186 187 188 189 190 191 192 193 194 195 196 197 198 199 200 201 202 203 204 205 206 207 208 209 210 211 212 213 214 215 216 217 218 219 220 221 222 223 224 225 226 227 228 229 230 231 232 233 234 235 236 237 238 239 240 241 242 243 244 245 246 247 248 249 250 251 252 253 254 255 256 257 258 259 260 261 262 263 264 265 266 267 268 269 270 271 272 273 274 275 276 277 278 279 280 281 282 283 284 285 286 287 288 289 290 291 292 293 294 295 296 297 298 299 300 301 302 303 304 305 306 307 308 309 310 311 312 313 314 315 316 317 318 319 320 321 322 323 324 325 326 327 328 329 330 331 332 333 334 335 336 337 338 339 340 341 342 343 344 345 346 347 348 349 350 351 352 353 354 355 356 357 358 359 360 361 362 363 364 365 366 367 368 369 370 371 372 373 374 375 376 377 378 379 380 381 382 383 384 385 386 387 388 389 390 391 392 393 394 395 396 397 398 399 400 401 402 403 404 405 406 407 408 409 410 411 412 413 414 415 416 417 418 419 420 421 422 423 424 425 426 427 428 429 430 431 432 433 434 435 436 437 438 439 440 441 442 443 444 445 446 447 448 449 450 451 452 453 454 455 456 457 458 459 460 461 462 463 464 465 466 467 468 469 470 471 472 473 474 475 476 477 478 479 480 481 482 483 484 485 486 487 488 489 490 491 492 493 494 495 496 497 498 499 500 501 502 503 504 505 506 507 508 509 510 511 512 513 514 515 516 517 518 519 520 521 522 523 524 525 526 527 528 529 530 531 532 533 534 535 536 537 538 539 540 541 542 543 544 545 546 547 548 549 550 551 552 553 554 555 556 557 558 559 560 561 562 563 564 565 566 567 568 569 570 571 572 573 574 575 576 577 578 579 580 581 582 583 584 585 586 587 588 589 590 591 592 593 594 595 596 597 598 599 600
 done.
 input  file name : crest_rotamers_1.xyz
 output file name : crest_rotamers_2.xyz
 reference state Etot :  -70.4976400400000     
 600 structures remain within     6.00 kcal/mol window
 
 
========================================
            MTD Iteration  2
========================================
 
     ========================================
     |         Meta-MD (MTD) Sampling       |
     ========================================
 
Starting Meta-MD   1 with the settings:
     MD time /ps        :    10.0
     dt /fs             :     1.5
     dumpstep(trj) /fs  :     200
     dumpstep(Vbias)/ps :     1.0
     Vbias factor k /Eh :  0.7638
     Vbias exp α /bohr⁻²:    1.00
Starting Meta-MD   2 with the settings:
     MD time /ps        :    10.0
     dt /fs             :     1.5
     dumpstep(trj) /fs  :     200
     dumpstep(Vbias)/ps :     1.0
     Vbias factor k /Eh :  0.5092
     Vbias exp α /bohr⁻²:    1.00
Starting Meta-MD   3 with the settings:
     MD time /ps        :    10.0
     dt /fs             :     1.5
     dumpstep(trj) /fs  :     200
     dumpstep(Vbias)/ps :     1.0
     Vbias factor k /Eh :  0.3394
     Vbias exp α /bohr⁻²:    1.00
Starting Meta-MD   4 with the settings:
     MD time /ps        :    10.0
     dt /fs             :     1.5
     dumpstep(trj) /fs  :     200
     dumpstep(Vbias)/ps :     1.0
     Vbias factor k /Eh :  0.7638
     Vbias exp α /bohr⁻²:    0.67
Starting Meta-MD   5 with the settings:
     MD time /ps        :    10.0
     dt /fs             :     1.5
     dumpstep(trj) /fs  :     200
     dumpstep(Vbias)/ps :     1.0
     Vbias factor k /Eh :  0.5092
     Vbias exp α /bohr⁻²:    0.67
Starting Meta-MD   6 with the settings:
     MD time /ps        :    10.0
     dt /fs             :     1.5
     dumpstep(trj) /fs  :     200
     dumpstep(Vbias)/ps :     1.0
     Vbias factor k /Eh :  0.3394
     Vbias exp α /bohr⁻²:    0.67
Starting Meta-MD  10 with the settings:
     MD time /ps        :    10.0
     dt /fs             :     1.5
     dumpstep(trj) /fs  :     200
     dumpstep(Vbias)/ps :     1.0
     Vbias factor k /Eh :  0.7638
     Vbias exp α /bohr⁻²:    0.30
Starting Meta-MD   7 with the settings:
     MD time /ps        :    10.0
     dt /fs             :     1.5
     dumpstep(trj) /fs  :     200
     dumpstep(Vbias)/ps :     1.0
     Vbias factor k /Eh :  0.7638
     Vbias exp α /bohr⁻²:    0.44
Starting Meta-MD   8 with the settings:
     MD time /ps        :    10.0
     dt /fs             :     1.5
     dumpstep(trj) /fs  :     200
     dumpstep(Vbias)/ps :     1.0
     Vbias factor k /Eh :  0.5092
     Vbias exp α /bohr⁻²:    0.44
Starting Meta-MD   9 with the settings:
     MD time /ps        :    10.0
     dt /fs             :     1.5
     dumpstep(trj) /fs  :     200
     dumpstep(Vbias)/ps :     1.0
     Vbias factor k /Eh :  0.3394
     Vbias exp α /bohr⁻²:    0.44
*Meta-MTD 9 finished*
*Meta-MTD 1 finished*
*Meta-MTD 4 finished*
*Meta-MTD 10 finished*
*Meta-MTD 2 finished*
*Meta-MTD 8 finished*
*Meta-MTD 7 finished*
*Meta-MTD 6 finished*
*Meta-MTD 3 finished*
*Meta-MTD 5 finished*
 
-----------------------
Multilevel Optimization
-----------------------
 
 -------------------------
 1. crude pre-optimization
 -------------------------
 Optimizing all 500 structures from file "crest_rotamers_0.xyz" ...
 1 2 3 4 5 6 7 8 9 10 11 12 13 14 15 16 17 18 19 20 21 22 23 24 25 26 27 28 29 30 31 32 33 34 35 36 37 38 39 40 41 42 43 44 45 46 47 48 49 50 51 52 53 54 55 56 57 58 59 60 61 62 63 64 65 66 67 68 69 70 71 72 73 74 75 76 77 78 79 80 81 82 83 84 85 86 87 88 89 90 91 92 93 94 95 96 97 98 99 100 101 102 103 104 105 106 107 108 109 110 111 112 113 114 115 116 117 118 119 120 121 122 123 124 125 126 127 128 129 130 131 132 133 134 135 136 137 138 139 140 141 142 143 144 145 146 147 148 149 150 151 152 153 154 155 156 157 158 159 160 161 162 163 164 165 166 167 168 169 170 171 172 173 174 175 176 177 178 179 180 181 182 183 184 185 186 187 188 189 190 191 192 193 194 195 196 197 198 199 200 201 202 203 204 205 206 207 208 209 210 211 212 213 214 215 216 217 218 219 220 221 222 223 224 225 226 227 228 229 230 231 232 233 234 235 236 237 238 239 240 241 242 243 244 245 246 247 248 249 250 251 252 253 254 255 256 257 258 259 260 261 262 263 264 265 266 267 268 269 270 271 272 273 274 275 276 277 278 279 280 281 282 283 284 285 286 287 288 289 290 291 292 293 294 295 296 297 298 299 300 301 302 303 304 305 306 307 308 309 310 311 312 313 314 315 316 317 318 319 320 321 322 323 324 325 326 327 328 329 330 331 332 333 334 335 336 337 338 339 340 341 342 343 344 345 346 347 348 349 350 351 352 353 354 355 356 357 358 359 360 361 362 363 364 365 366 367 368 369 370 371 372 373 374 375 376 377 378 379 380 381 382 383 384 385 386 387 388 389 390 391 392 393 394 395 396 397 398 399 400 401 402 403 404 405 406 407 408 409 410 411 412 413 414 415 416 417 418 419 420 421 422 423 424 425 426 427 428 429 430 431 432 433 434 435 436 437 438 439 440 441 442 443 444 445 446 447 448 449 450 451 452 453 454 455 456 457 458 459 460 461 462 463 464 465 466 467 468 469 470 471 472 473 474 475 476 477 478 479 480 481 482 483 484 485 486 487 488 489 490 491 492 493 494 495 496 497 498 499 500
 done.
 input  file name : crest_rotamers_1.xyz
 output file name : crest_rotamers_2.xyz
 reference state Etot :  -70.5157155000000     
 500 structures remain within     6.00 kcal/mol window
 
 ...............................................
 A new lower conformer was found!
 Improved by    0.01808 Eh or   11.34252kcal/mol
 ...............................................
 
========================================
            MTD Iteration  3
========================================
 
     ========================================
     |         Meta-MD (MTD) Sampling       |
     ========================================
 
Starting Meta-MD  10 with the settings:
     MD time /ps        :    10.0
     dt /fs             :     1.5
     dumpstep(trj) /fs  :     200
     dumpstep(Vbias)/ps :     1.0
     Vbias factor k /Eh :  0.7638
     Vbias exp α /bohr⁻²:    0.30
Starting Meta-MD   1 with the settings:
     MD time /ps        :    10.0
     dt /fs             :     1.5
     dumpstep(trj) /fs  :     200
     dumpstep(Vbias)/ps :     1.0
     Vbias factor k /Eh :  0.7638
     Vbias exp α /bohr⁻²:    1.00
Starting Meta-MD   2 with the settings:
     MD time /ps        :    10.0
     dt /fs             :     1.5
     dumpstep(trj) /fs  :     200
     dumpstep(Vbias)/ps :     1.0
     Vbias factor k /Eh :  0.5092
     Vbias exp α /bohr⁻²:    1.00
Starting Meta-MD   4 with the settings:
     MD time /ps        :    10.0
     dt /fs             :     1.5
     dumpstep(trj) /fs  :     200
     dumpstep(Vbias)/ps :     1.0
     Vbias factor k /Eh :  0.7638
     Vbias exp α /bohr⁻²:    0.67
Starting Meta-MD   5 with the settings:
     MD time /ps        :    10.0
     dt /fs             :     1.5
     dumpstep(trj) /fs  :     200
     dumpstep(Vbias)/ps :     1.0
     Vbias factor k /Eh :  0.5092
     Vbias exp α /bohr⁻²:    0.67
Starting Meta-MD   3 with the settings:
     MD time /ps        :    10.0
     dt /fs             :     1.5
     dumpstep(trj) /fs  :     200
     dumpstep(Vbias)/ps :     1.0
     Vbias factor k /Eh :  0.3394
     Vbias exp α /bohr⁻²:    1.00
Starting Meta-MD   6 with the settings:
     MD time /ps        :    10.0
     dt /fs             :     1.5
     dumpstep(trj) /fs  :     200
     dumpstep(Vbias)/ps :     1.0
     Vbias factor k /Eh :  0.3394
     Vbias exp α /bohr⁻²:    0.67
Starting Meta-MD   7 with the settings:
     MD time /ps        :    10.0
     dt /fs             :     1.5
     dumpstep(trj) /fs  :     200
     dumpstep(Vbias)/ps :     1.0
     Vbias factor k /Eh :  0.7638
     Vbias exp α /bohr⁻²:    0.44
Starting Meta-MD   8 with the settings:
     MD time /ps        :    10.0
     dt /fs             :     1.5
     dumpstep(trj) /fs  :     200
     dumpstep(Vbias)/ps :     1.0
     Vbias factor k /Eh :  0.5092
     Vbias exp α /bohr⁻²:    0.44
Starting Meta-MD   9 with the settings:
     MD time /ps        :    10.0
     dt /fs             :     1.5
     dumpstep(trj) /fs  :     200
     dumpstep(Vbias)/ps :     1.0
     Vbias factor k /Eh :  0.3394
     Vbias exp α /bohr⁻²:    0.44
*Meta-MTD 1 finished*
*Meta-MTD 3 finished*
*Meta-MTD 2 finished*
*Meta-MTD 9 finished*
*Meta-MTD 7 finished*
*Meta-MTD 6 finished*
*Meta-MTD 5 finished*
*Meta-MTD 4 finished*
*Meta-MTD 8 finished*
*Meta-MTD 10 finished*
 
-----------------------
Multilevel Optimization
-----------------------
 
 -------------------------
 1. crude pre-optimization
 -------------------------
 Optimizing all 500 structures from file "crest_rotamers_0.xyz" ...
 1 2 3 4 5 6 7 8 9 10 11 12 13 14 15 16 17 18 19 20 21 22 23 24 25 26 27 28 29 30 31 32 33 34 35 36 37 38 39 40 41 42 43 44 45 46 47 48 49 50 51 52 53 54 55 56 57 58 59 60 61 62 63 64 65 66 67 68 69 70 71 72 73 74 75 76 77 78 79 80 81 82 83 84 85 86 87 88 89 90 91 92 93 94 95 96 97 98 99 100 101 102 103 104 105 106 107 108 109 110 111 112 113 114 115 116 117 118 119 120 121 122 123 124 125 126 127 128 129 130 131 132 133 134 135 136 137 138 139 140 141 142 143 144 145 146 147 148 149 150 151 152 153 154 155 156 157 158 159 160 161 162 163 164 165 166 167 168 169 170 171 172 173 174 175 176 177 178 179 180 181 182 183 184 185 186 187 188 189 190 191 192 193 194 195 196 197 198 199 200 201 202 203 204 205 206 207 208 209 210 211 212 213 214 215 216 217 218 219 220 221 222 223 224 225 226 227 228 229 230 231 232 233 234 235 236 237 238 239 240 241 242 243 244 245 246 247 248 249 250 251 252 253 254 255 256 257 258 259 260 261 262 263 264 265 266 267 268 269 270 271 272 273 274 275 276 277 278 279 280 281 282 283 284 285 286 287 288 289 290 291 292 293 294 295 296 297 298 299 300 301 302 303 304 305 306 307 308 309 310 311 312 313 314 315 316 317 318 319 320 321 322 323 324 325 326 327 328 329 330 331 332 333 334 335 336 337 338 339 340 341 342 343 344 345 346 347 348 349 350 351 352 353 354 355 356 357 358 359 360 361 362 363 364 365 366 367 368 369 370 371 372 373 374 375 376 377 378 379 380 381 382 383 384 385 386 387 388 389 390 391 392 393 394 395 396 397 398 399 400 401 402 403 404 405 406 407 408 409 410 411 412 413 414 415 416 417 418 419 420 421 422 423 424 425 426 427 428 429 430 431 432 433 434 435 436 437 438 439 440 441 442 443 444 445 446 447 448 449 450 451 452 453 454 455 456 457 458 459 460 461 462 463 464 465 466 467 468 469 470 471 472 473 474 475 476 477 478 479 480 481 482 483 484 485 486 487 488 489 490 491 492 493 494 495 496 497 498 499 500
 done.
 input  file name : crest_rotamers_1.xyz
 output file name : crest_rotamers_2.xyz
 reference state Etot :  -70.5221836900000     
 500 structures remain within     6.00 kcal/mol window
 
 ...............................................
 A new lower conformer was found!
 Improved by    0.00647 Eh or    4.05885kcal/mol
 ...............................................
 
========================================
            MTD Iteration  4
========================================
 
     ========================================
     |         Meta-MD (MTD) Sampling       |
     ========================================
 
Starting Meta-MD  10 with the settings:
     MD time /ps        :    10.0
     dt /fs             :     1.5
     dumpstep(trj) /fs  :     200
     dumpstep(Vbias)/ps :     1.0
     Vbias factor k /Eh :  0.7638
     Vbias exp α /bohr⁻²:    0.30
Starting Meta-MD   1 with the settings:
     MD time /ps        :    10.0
     dt /fs             :     1.5
     dumpstep(trj) /fs  :     200
     dumpstep(Vbias)/ps :     1.0
     Vbias factor k /Eh :  0.7638
     Vbias exp α /bohr⁻²:    1.00
Starting Meta-MD   2 with the settings:
     MD time /ps        :    10.0
     dt /fs             :     1.5
     dumpstep(trj) /fs  :     200
     dumpstep(Vbias)/ps :     1.0
     Vbias factor k /Eh :  0.5092
     Vbias exp α /bohr⁻²:    1.00
Starting Meta-MD   3 with the settings:
     MD time /ps        :    10.0
     dt /fs             :     1.5
     dumpstep(trj) /fs  :     200
     dumpstep(Vbias)/ps :     1.0
     Vbias factor k /Eh :  0.3394
     Vbias exp α /bohr⁻²:    1.00
Starting Meta-MD   4 with the settings:
     MD time /ps        :    10.0
     dt /fs             :     1.5
     dumpstep(trj) /fs  :     200
     dumpstep(Vbias)/ps :     1.0
     Vbias factor k /Eh :  0.7638
     Vbias exp α /bohr⁻²:    0.67
Starting Meta-MD   5 with the settings:
     MD time /ps        :    10.0
     dt /fs             :     1.5
     dumpstep(trj) /fs  :     200
     dumpstep(Vbias)/ps :     1.0
     Vbias factor k /Eh :  0.5092
     Vbias exp α /bohr⁻²:    0.67
Starting Meta-MD   6 with the settings:
     MD time /ps        :    10.0
     dt /fs             :     1.5
     dumpstep(trj) /fs  :     200
     dumpstep(Vbias)/ps :     1.0
     Vbias factor k /Eh :  0.3394
     Vbias exp α /bohr⁻²:    0.67
Starting Meta-MD   7 with the settings:
     MD time /ps        :    10.0
     dt /fs             :     1.5
     dumpstep(trj) /fs  :     200
     dumpstep(Vbias)/ps :     1.0
     Vbias factor k /Eh :  0.7638
     Vbias exp α /bohr⁻²:    0.44
Starting Meta-MD   8 with the settings:
     MD time /ps        :    10.0
     dt /fs             :     1.5
     dumpstep(trj) /fs  :     200
     dumpstep(Vbias)/ps :     1.0
     Vbias factor k /Eh :  0.5092
     Vbias exp α /bohr⁻²:    0.44
Starting Meta-MD   9 with the settings:
     MD time /ps        :    10.0
     dt /fs             :     1.5
     dumpstep(trj) /fs  :     200
     dumpstep(Vbias)/ps :     1.0
     Vbias factor k /Eh :  0.3394
     Vbias exp α /bohr⁻²:    0.44
*Meta-MTD 8 finished*
*Meta-MTD 1 finished*
*Meta-MTD 5 finished*
*Meta-MTD 10 finished*
*Meta-MTD 2 finished*
*Meta-MTD 3 finished*
*Meta-MTD 4 finished*
*Meta-MTD 9 finished*
*Meta-MTD 7 finished*
*Meta-MTD 6 finished*
 
-----------------------
Multilevel Optimization
-----------------------
 
 -------------------------
 1. crude pre-optimization
 -------------------------
 Optimizing all 500 structures from file "crest_rotamers_0.xyz" ...
 1 2 3 4 5 6 7 8 9 10 11 12 13 14 15 16 17 18 19 20 21 22 23 24 25 26 27 28 29 30 31 32 33 34 35 36 37 38 39 40 41 42 43 44 45 46 47 48 49 50 51 52 53 54 55 56 57 58 59 60 61 62 63 64 65 66 67 68 69 70 71 72 73 74 75 76 77 78 79 80 81 82 83 84 85 86 87 88 89 90 91 92 93 94 95 96 97 98 99 100 101 102 103 104 105 106 107 108 109 110 111 112 113 114 115 116 117 118 119 120 121 122 123 124 125 126 127 128 129 130 131 132 133 134 135 136 137 138 139 140 141 142 143 144 145 146 147 148 149 150 151 152 153 154 155 156 157 158 159 160 161 162 163 164 165 166 167 168 169 170 171 172 173 174 175 176 177 178 179 180 181 182 183 184 185 186 187 188 189 190 191 192 193 194 195 196 197 198 199 200 201 202 203 204 205 206 207 208 209 210 211 212 213 214 215 216 217 218 219 220 221 222 223 224 225 226 227 228 229 230 231 232 233 234 235 236 237 238 239 240 241 242 243 244 245 246 247 248 249 250 251 252 253 254 255 256 257 258 259 260 261 262 263 264 265 266 267 268 269 270 271 272 273 274 275 276 277 278 279 280 281 282 283 284 285 286 287 288 289 290 291 292 293 294 295 296 297 298 299 300 301 302 303 304 305 306 307 308 309 310 311 312 313 314 315 316 317 318 319 320 321 322 323 324 325 326 327 328 329 330 331 332 333 334 335 336 337 338 339 340 341 342 343 344 345 346 347 348 349 350 351 352 353 354 355 356 357 358 359 360 361 362 363 364 365 366 367 368 369 370 371 372 373 374 375 376 377 378 379 380 381 382 383 384 385 386 387 388 389 390 391 392 393 394 395 396 397 398 399 400 401 402 403 404 405 406 407 408 409 410 411 412 413 414 415 416 417 418 419 420 421 422 423 424 425 426 427 428 429 430 431 432 433 434 435 436 437 438 439 440 441 442 443 444 445 446 447 448 449 450 451 452 453 454 455 456 457 458 459 460 461 462 463 464 465 466 467 468 469 470 471 472 473 474 475 476 477 478 479 480 481 482 483 484 485 486 487 488 489 490 491 492 493 494 495 496 497 498 499 500
 done.
 input  file name : crest_rotamers_1.xyz
 output file name : crest_rotamers_2.xyz
 reference state Etot :  -70.5301765000000     
 500 structures remain within     6.00 kcal/mol window
 
 ...............................................
 A new lower conformer was found!
 Improved by    0.00799 Eh or    5.01556kcal/mol
 ...............................................
 
========================================
            MTD Iteration  5
========================================
 
     ========================================
     |         Meta-MD (MTD) Sampling       |
     ========================================
 
Starting Meta-MD  10 with the settings:
     MD time /ps        :    10.0
     dt /fs             :     1.5
     dumpstep(trj) /fs  :     200
     dumpstep(Vbias)/ps :     1.0
     Vbias factor k /Eh :  0.7638
     Vbias exp α /bohr⁻²:    0.30
Starting Meta-MD   1 with the settings:
     MD time /ps        :    10.0
     dt /fs             :     1.5
     dumpstep(trj) /fs  :     200
     dumpstep(Vbias)/ps :     1.0
     Vbias factor k /Eh :  0.7638
     Vbias exp α /bohr⁻²:    1.00
Starting Meta-MD   2 with the settings:
     MD time /ps        :    10.0
     dt /fs             :     1.5
     dumpstep(trj) /fs  :     200
     dumpstep(Vbias)/ps :     1.0
     Vbias factor k /Eh :  0.5092
     Vbias exp α /bohr⁻²:    1.00
Starting Meta-MD   3 with the settings:
     MD time /ps        :    10.0
     dt /fs             :     1.5
     dumpstep(trj) /fs  :     200
     dumpstep(Vbias)/ps :     1.0
     Vbias factor k /Eh :  0.3394
     Vbias exp α /bohr⁻²:    1.00
Starting Meta-MD   4 with the settings:
     MD time /ps        :    10.0
     dt /fs             :     1.5
     dumpstep(trj) /fs  :     200
     dumpstep(Vbias)/ps :     1.0
     Vbias factor k /Eh :  0.7638
     Vbias exp α /bohr⁻²:    0.67
Starting Meta-MD   5 with the settings:
     MD time /ps        :    10.0
     dt /fs             :     1.5
     dumpstep(trj) /fs  :     200
     dumpstep(Vbias)/ps :     1.0
     Vbias factor k /Eh :  0.5092
     Vbias exp α /bohr⁻²:    0.67
Starting Meta-MD   6 with the settings:
     MD time /ps        :    10.0
     dt /fs             :     1.5
     dumpstep(trj) /fs  :     200
     dumpstep(Vbias)/ps :     1.0
     Vbias factor k /Eh :  0.3394
     Vbias exp α /bohr⁻²:    0.67
Starting Meta-MD   7 with the settings:
     MD time /ps        :    10.0
     dt /fs             :     1.5
     dumpstep(trj) /fs  :     200
     dumpstep(Vbias)/ps :     1.0
     Vbias factor k /Eh :  0.7638
     Vbias exp α /bohr⁻²:    0.44
Starting Meta-MD   8 with the settings:
     MD time /ps        :    10.0
     dt /fs             :     1.5
     dumpstep(trj) /fs  :     200
     dumpstep(Vbias)/ps :     1.0
     Vbias factor k /Eh :  0.5092
     Vbias exp α /bohr⁻²:    0.44
Starting Meta-MD   9 with the settings:
     MD time /ps        :    10.0
     dt /fs             :     1.5
     dumpstep(trj) /fs  :     200
     dumpstep(Vbias)/ps :     1.0
     Vbias factor k /Eh :  0.3394
     Vbias exp α /bohr⁻²:    0.44
*Meta-MTD 8 finished*
*Meta-MTD 3 finished*
*Meta-MTD 5 finished*
*Meta-MTD 10 finished*
*Meta-MTD 2 finished*
*Meta-MTD 6 finished*
*Meta-MTD 1 finished*
*Meta-MTD 4 finished*
*Meta-MTD 9 finished*
*Meta-MTD 7 finished*
 
-----------------------
Multilevel Optimization
-----------------------
 
 -------------------------
 1. crude pre-optimization
 -------------------------
 Optimizing all 500 structures from file "crest_rotamers_0.xyz" ...
 1 2 3 4 5 6 7 8 9 10 11 12 13 14 15 16 17 18 19 20 21 22 23 24 25 26 27 28 29 30 31 32 33 34 35 36 37 38 39 40 41 42 43 44 45 46 47 48 49 50 51 52 53 54 55 56 57 58 59 60 61 62 63 64 65 66 67 68 69 70 71 72 73 74 75 76 77 78 79 80 81 82 83 84 85 86 87 88 89 90 91 92 93 94 95 96 97 98 99 100 101 102 103 104 105 106 107 108 109 110 111 112 113 114 115 116 117 118 119 120 121 122 123 124 125 126 127 128 129 130 131 132 133 134 135 136 137 138 139 140 141 142 143 144 145 146 147 148 149 150 151 152 153 154 155 156 157 158 159 160 161 162 163 164 165 166 167 168 169 170 171 172 173 174 175 176 177 178 179 180 181 182 183 184 185 186 187 188 189 190 191 192 193 194 195 196 197 198 199 200 201 202 203 204 205 206 207 208 209 210 211 212 213 214 215 216 217 218 219 220 221 222 223 224 225 226 227 228 229 230 231 232 233 234 235 236 237 238 239 240 241 242 243 244 245 246 247 248 249 250 251 252 253 254 255 256 257 258 259 260 261 262 263 264 265 266 267 268 269 270 271 272 273 274 275 276 277 278 279 280 281 282 283 284 285 286 287 288 289 290 291 292 293 294 295 296 297 298 299 300 301 302 303 304 305 306 307 308 309 310 311 312 313 314 315 316 317 318 319 320 321 322 323 324 325 326 327 328 329 330 331 332 333 334 335 336 337 338 339 340 341 342 343 344 345 346 347 348 349 350 351 352 353 354 355 356 357 358 359 360 361 362 363 364 365 366 367 368 369 370 371 372 373 374 375 376 377 378 379 380 381 382 383 384 385 386 387 388 389 390 391 392 393 394 395 396 397 398 399 400 401 402 403 404 405 406 407 408 409 410 411 412 413 414 415 416 417 418 419 420 421 422 423 424 425 426 427 428 429 430 431 432 433 434 435 436 437 438 439 440 441 442 443 444 445 446 447 448 449 450 451 452 453 454 455 456 457 458 459 460 461 462 463 464 465 466 467 468 469 470 471 472 473 474 475 476 477 478 479 480 481 482 483 484 485 486 487 488 489 490 491 492 493 494 495 496 497 498 499 500
 done.
 input  file name : crest_rotamers_1.xyz
 output file name : crest_rotamers_2.xyz
 reference state Etot :  -70.5222266700000     
 500 structures remain within     6.00 kcal/mol window
 
========================================
            MTD Iterations done         
========================================
 Collecting ensmbles.
 running RMSDs...
 done.
 E lowest :   -70.53018
 1 structures remain within     3.00 kcal/mol window
 
-----------------------------------------------
Additional regular MDs on lowest 1 conformer(s)
-----------------------------------------------
Starting MD   2 with the settings:
     MD time /ps        :     5.0
     MD Temperature /K  :   500.0
     dt /fs             :     1.5
     dumpstep(trj) /fs  :     200
Starting MD   1 with the settings:
     MD time /ps        :     5.0
     MD Temperature /K  :   400.0
     dt /fs             :     1.5
     dumpstep(trj) /fs  :     200
*MD 2 finished*
*MD 1 finished*
 Appending file crest_rotamers_1.xyz with new structures
 
 --------------------------------------------
 Ensemble optimization with normal thresholds
 --------------------------------------------
 Optimizing all 51 structures from file "crest_rotamers_1.xyz" ...
 1 2 3 4 5 6 7 8 9 10 11 12 13 14 15 16 17 18 19 20 21 22 23 24 25 26 27 28 29 30 31 32 33 34 35 36 37 38 39 40 41 42 43 44 45 46 47 48 49 50 51
 done.
 input  file name : crest_rotamers_2.xyz
 output file name : crest_rotamers_3.xyz
 reference state Etot :  -70.5367991200000     
 51 structures remain within     3.00 kcal/mol window
 
 ...............................................
 A new lower conformer was found!
 Improved by    0.00662 Eh or    4.15576kcal/mol
 ...............................................
 
*******************************************************************************************
**                        N E W    I T E R A T I O N    C Y C L E                        **
*******************************************************************************************
 
========================================
            MTD Iteration  1
========================================
 
     ========================================
     |         Meta-MD (MTD) Sampling       |
     ========================================
 
Starting Meta-MD   1 with the settings:
     MD time /ps        :    10.0
     dt /fs             :     1.5
     dumpstep(trj) /fs  :     200
     dumpstep(Vbias)/ps :     1.0
     Vbias factor k /Eh :  0.7638
     Vbias exp α /bohr⁻²:    1.00
Starting Meta-MD  10 with the settings:
     MD time /ps        :    10.0
     dt /fs             :     1.5
     dumpstep(trj) /fs  :     200
     dumpstep(Vbias)/ps :     1.0
     Vbias factor k /Eh :  0.7638
     Vbias exp α /bohr⁻²:    0.30
Starting Meta-MD   2 with the settings:
     MD time /ps        :    10.0
     dt /fs             :     1.5
     dumpstep(trj) /fs  :     200
     dumpstep(Vbias)/ps :     1.0
     Vbias factor k /Eh :  0.5092
     Vbias exp α /bohr⁻²:    1.00
Starting Meta-MD   4 with the settings:
     MD time /ps        :    10.0
     dt /fs             :     1.5
     dumpstep(trj) /fs  :     200
     dumpstep(Vbias)/ps :     1.0
     Vbias factor k /Eh :  0.7638
     Vbias exp α /bohr⁻²:    0.67
Starting Meta-MD   3 with the settings:
     MD time /ps        :    10.0
     dt /fs             :     1.5
     dumpstep(trj) /fs  :     200
     dumpstep(Vbias)/ps :     1.0
     Vbias factor k /Eh :  0.3394
     Vbias exp α /bohr⁻²:    1.00
Starting Meta-MD   5 with the settings:
     MD time /ps        :    10.0
     dt /fs             :     1.5
     dumpstep(trj) /fs  :     200
     dumpstep(Vbias)/ps :     1.0
     Vbias factor k /Eh :  0.5092
     Vbias exp α /bohr⁻²:    0.67
Starting Meta-MD   6 with the settings:
     MD time /ps        :    10.0
     dt /fs             :     1.5
     dumpstep(trj) /fs  :     200
     dumpstep(Vbias)/ps :     1.0
     Vbias factor k /Eh :  0.3394
     Vbias exp α /bohr⁻²:    0.67
Starting Meta-MD   7 with the settings:
     MD time /ps        :    10.0
     dt /fs             :     1.5
     dumpstep(trj) /fs  :     200
     dumpstep(Vbias)/ps :     1.0
     Vbias factor k /Eh :  0.7638
     Vbias exp α /bohr⁻²:    0.44
Starting Meta-MD   8 with the settings:
     MD time /ps        :    10.0
     dt /fs             :     1.5
     dumpstep(trj) /fs  :     200
     dumpstep(Vbias)/ps :     1.0
     Vbias factor k /Eh :  0.5092
     Vbias exp α /bohr⁻²:    0.44
Starting Meta-MD   9 with the settings:
     MD time /ps        :    10.0
     dt /fs             :     1.5
     dumpstep(trj) /fs  :     200
     dumpstep(Vbias)/ps :     1.0
     Vbias factor k /Eh :  0.3394
     Vbias exp α /bohr⁻²:    0.44
*Meta-MTD 3 finished*
*Meta-MTD 1 finished*
*Meta-MTD 6 finished*
*Meta-MTD 5 finished*
*Meta-MTD 2 finished*
*Meta-MTD 9 finished*
*Meta-MTD 8 finished*
*Meta-MTD 4 finished*
*Meta-MTD 7 finished*
*Meta-MTD 10 finished*
 
-----------------------
Multilevel Optimization
-----------------------
 
 -------------------------
 1. crude pre-optimization
 -------------------------
 Optimizing all 500 structures from file "crest_rotamers_0.xyz" ...
 1 2 3 4 5 6 7 8 9 10 11 12 13 14 15 16 17 18 19 20 21 22 23 24 25 26 27 28 29 30 31 32 33 34 35 36 37 38 39 40 41 42 43 44 45 46 47 48 49 50 51 52 53 54 55 56 57 58 59 60 61 62 63 64 65 66 67 68 69 70 71 72 73 74 75 76 77 78 79 80 81 82 83 84 85 86 87 88 89 90 91 92 93 94 95 96 97 98 99 100 101 102 103 104 105 106 107 108 109 110 111 112 113 114 115 116 117 118 119 120 121 122 123 124 125 126 127 128 129 130 131 132 133 134 135 136 137 138 139 140 141 142 143 144 145 146 147 148 149 150 151 152 153 154 155 156 157 158 159 160 161 162 163 164 165 166 167 168 169 170 171 172 173 174 175 176 177 178 179 180 181 182 183 184 185 186 187 188 189 190 191 192 193 194 195 196 197 198 199 200 201 202 203 204 205 206 207 208 209 210 211 212 213 214 215 216 217 218 219 220 221 222 223 224 225 226 227 228 229 230 231 232 233 234 235 236 237 238 239 240 241 242 243 244 245 246 247 248 249 250 251 252 253 254 255 256 257 258 259 260 261 262 263 264 265 266 267 268 269 270 271 272 273 274 275 276 277 278 279 280 281 282 283 284 285 286 287 288 289 290 291 292 293 294 295 296 297 298 299 300 301 302 303 304 305 306 307 308 309 310 311 312 313 314 315 316 317 318 319 320 321 322 323 324 325 326 327 328 329 330 331 332 333 334 335 336 337 338 339 340 341 342 343 344 345 346 347 348 349 350 351 352 353 354 355 356 357 358 359 360 361 362 363 364 365 366 367 368 369 370 371 372 373 374 375 376 377 378 379 380 381 382 383 384 385 386 387 388 389 390 391 392 393 394 395 396 397 398 399 400 401 402 403 404 405 406 407 408 409 410 411 412 413 414 415 416 417 418 419 420 421 422 423 424 425 426 427 428 429 430 431 432 433 434 435 436 437 438 439 440 441 442 443 444 445 446 447 448 449 450 451 452 453 454 455 456 457 458 459 460 461 462 463 464 465 466 467 468 469 470 471 472 473 474 475 476 477 478 479 480 481 482 483 484 485 486 487 488 489 490 491 492 493 494 495 496 497 498 499 500
 done.
 input  file name : crest_rotamers_1.xyz
 output file name : crest_rotamers_2.xyz
 reference state Etot :  -70.5120864200000     
 500 structures remain within     6.00 kcal/mol window
 
========================================
            MTD Iterations done         
========================================
 Collecting ensmbles.
 running RMSDs...
 done.
 E lowest :   -70.51209
 3 structures remain within     3.00 kcal/mol window
 
-----------------------------------------------
Additional regular MDs on lowest 1 conformer(s)
-----------------------------------------------
Starting MD   2 with the settings:
     MD time /ps        :     5.0
     MD Temperature /K  :   500.0
     dt /fs             :     1.5
     dumpstep(trj) /fs  :     200
Starting MD   1 with the settings:
     MD time /ps        :     5.0
     MD Temperature /K  :   400.0
     dt /fs             :     1.5
     dumpstep(trj) /fs  :     200
*MD 2 finished*
*MD 1 finished*
 Appending file crest_rotamers_1.xyz with new structures
 
 --------------------------------------------
 Ensemble optimization with normal thresholds
 --------------------------------------------
 Optimizing all 53 structures from file "crest_rotamers_1.xyz" ...
 1 2 3 4 5 6 7 8 9 10 11 12 13 14 15 16 17 18 19 20 21 22 23 24 25 26 27 28 29 30 31 32 33 34 35 36 37 38 39 40 41 42 43 44 45 46 47 48 49 50 51 52 53
 done.
 input  file name : crest_rotamers_2.xyz
 output file name : crest_rotamers_3.xyz
 reference state Etot :  -70.5233111800000     
 53 structures remain within     3.00 kcal/mol window
 
 
 
   ================================================
   |           Final Geometry Optimization        |
   ================================================
 --------------------------------------------
 Ensemble optimization with normal thresholds
 --------------------------------------------
 Optimizing all 53 structures from file "crest_rotamers_3.xyz" ...
 1 2 3 4 5 6 7 8 9 10 11 12 13 14 15 16 17 18 19 20 21 22 23 24 25 26 27 28 29 30 31 32 33 34 35 36 37 38 39 40 41 42 43 44 45 46 47 48 49 50 51 52 53
 done.
 input  file name : crest_rotamers_4.xyz
 output file name : crest_rotamers_5.xyz
 reference state Etot :  -70.5233249800000     
 53 structures remain within     3.00 kcal/mol window
 
  GFN2-xTB optimization
 --------------------------------------------
 Ensemble optimization with normal thresholds
 --------------------------------------------
 Optimizing all 53 structures from file "crest_rotamers_5.xyz" ...
 1 2 3 4 5 6 7 8 9 10 11 12 13 14 15 16 17 18 19 20 21 22 23 24 25 26 27 28 29 30 31 32 33 34 35 36 37 38 39 40 41 42 43 44 45 46 47 48 49 50 51 52 53
 done.
 
 -------------------------------------------
 Ensemble optimization with tight thresholds
 -------------------------------------------
 Optimizing all 53 structures from file "crest_rotamers_6.xyz" ...
 1 2 3 4 5 6 7 8 9 10 11 12 13 14 15 16 17 18 19 20 21 22 23 24 25 26 27 28 29 30 31 32 33 34 35 36 37 38 39 40 41 42 43 44 45 46 47 48 49 50 51 52 53
 done.
 
 
  Single point computation with GBSA model
  53 jobs to do.
 
  done.
 
  Cluster   E /Eh        Density  Efix       R   av/act. Surface   Opt
    1     -1033.494333   1.382    0.000    14.9  17.8     7541.8   tight
    2     -1033.448212   1.373    0.000    14.9  19.1     7719.1   tight
    3     -1033.519709   1.378    0.000    14.7  15.0     7822.0   tight
    4     -1033.462510   1.376    0.000    14.8  19.9     7714.9   tight
    5     -1033.459626   1.375    0.000    15.0  17.7     7730.0   tight
    6     -1033.475904   1.365    0.000    14.9  18.5     8137.2   tight
    7     -1033.496226   1.379    0.000    14.7  18.0     7687.2   tight
    8     -1033.488845   1.373    0.000    14.8  18.7     7856.3   tight
    9     -1033.472993   1.373    0.000    14.9  16.9     7750.2   tight
   10     -1033.477902   1.379    0.000    14.7  18.2     7628.8   tight
   11     -1033.495461   1.374    0.000    14.8  18.6     7815.2   tight
   12     -1033.502261   1.375    0.000    14.6  22.0     7820.1   tight
   13     -1033.472290   1.380    0.000    14.8  18.6     7567.9   tight
   14     -1033.441977   1.378    0.000    14.5  20.6     7545.3   tight
   15     -1033.463125   1.374    0.000    14.7  20.9     7694.8   tight
   16     -1033.477241   1.379    0.000    14.7  17.5     7652.9   tight
   17     -1033.479448   1.381    0.000    14.5  15.1     7506.0   tight
   18     -1033.472142   1.373    0.000    14.9  19.7     7709.2   tight
   19     -1033.487941   1.382    0.000    15.0  16.9     7560.9   tight
   20     -1033.468144   1.370    0.000    14.5  22.5     7927.2   tight
   21     -1033.465182   1.378    0.000    14.7  22.6     7615.3   tight
   22     -1033.497629   1.379    0.000    14.6  18.9     7656.8   tight
   23     -1033.492978   1.363    0.000    14.8  17.4     8204.4   tight
   24     -1033.482022   1.365    0.000    14.9  20.2     7945.9   tight
   25     -1033.463005   1.377    0.000    14.9  18.3     7725.4   tight
   26     -1033.463564   1.381    0.000    14.5  19.8     7577.8   tight
   27     -1033.463610   1.383    0.000    14.7  19.1     7550.2   tight
   28     -1033.490844   1.379    0.000    14.6  19.4     7756.1   tight
   29     -1033.491455   1.384    0.000    14.6  18.6     7473.8   tight
   30     -1033.481496   1.369    0.000    14.7  19.6     8043.9   tight
   31     -1033.476865   1.385    0.000    14.6  18.7     7445.9   tight
   32     -1033.455258   1.376    0.000    14.7  22.2     7706.7   tight
   33     -1033.455512   1.368    0.000    14.9  19.2     7972.1   tight
   34     -1033.460379   1.364    0.000    14.6  20.0     7971.8   tight
   35     -1033.481683   1.371    0.000    14.7  20.2     7790.1   tight
   36     -1033.485214   1.378    0.000    14.7  15.5     7701.7   tight
   37     -1033.484395   1.372    0.000    15.2  17.1     7979.5   tight
   38     -1033.489295   1.370    0.000    14.6  21.4     8029.8   tight
   39     -1033.487445   1.373    0.000    15.1  17.2     7903.2   tight
   40     -1033.483252   1.372    0.000    14.7  21.2     7946.3   tight
   41     -1033.500725   1.381    0.000    14.6  19.4     7667.0   tight
   42     -1033.490713   1.374    0.000    14.8  18.4     7806.0   tight
   43     -1033.457266   1.367    0.000    14.7  21.7     7912.6   tight
   44     -1033.477575   1.377    0.000    14.5  20.8     7876.0   tight
   45     -1033.470891   1.368    0.000    15.0  19.4     7942.6   tight
   46     -1033.465772   1.371    0.000    14.9  19.5     7961.1   tight
   47     -1033.498640   1.376    0.000    14.7  19.1     7786.9   tight
   48     -1033.455642   1.376    0.000    15.0  16.7     7653.7   tight
   49     -1033.457815   1.379    0.000    14.7  18.7     7565.8   tight
   50     -1033.488397   1.375    0.000    14.7  15.3     7759.1   tight
   51     -1033.489394   1.374    0.000    14.8  19.0     7881.5   tight
   52     -1033.468899   1.378    0.000    14.7  19.8     7743.8   tight
   53     -1033.474779   1.366    0.000    14.7  19.9     7992.0   tight
 
Taking  20 structures
 
  ------------------------------------------------------------------------
  ------------------------------------------------------------------------
  Boltz. averaged energy of final cluster:
       G /Eh     :-1033.51970943
       T*S /kcal :  -0.000
 
  Ensemble generation finished.
  Results can be found in ensemble directory
  Lowest energy conformer in file <crest_best.xyz>
  List of full ensemble in file <full_ensemble.xyz>
  List of used ensemble in file <final_ensemble.xyz>
  Thermodynamical data in file <thermo_data>
  Population of full ensemble in file <full_population.dat>
  Population in file <population.dat>
 
 
  ________________________________________________________________________
 
  _________________     Solvent Cluster Generation   _____________________
 
  ________________________________________________________________________
 
 Method for CFF: GFN2-xTB
 
  =========================================
  |   quantum cluster growth: CFF         |
  =========================================
 
  CUT-FREEZE-FILL Algorithm to generate reference solvent cluster
  now adding solvents to fill cluster...
  Size  Cluster   E /Eh        De/kcal   Detot/kcal  Opt
  ------------------------------------------------------------------------
 201       1  -1023.736946    -15.14      -15.14    tight
 201       2  -1023.737051    -23.00      -23.00    tight
 201       3  -1023.728141    -23.90      -23.90    tight
 201       4  -1023.747298    -28.05      -28.05    tight
 201       5  -1023.734868    -23.42      -23.42    tight
 201       6  -1023.727700    -18.24      -18.24    tight
 201       7  -1023.730758    -21.79      -21.79    tight
 201       8  -1023.715447    -19.49      -19.49    tight
 201       9  -1023.728630    -28.93      -28.93    tight
 201      10  -1023.716977    -19.94      -19.94    tight
 201      11  -1023.727830    -23.06      -23.06    tight
 201      12  -1023.723433    -27.27      -27.27    tight
 201      13  -1023.717988    -18.74      -18.74    tight
 201      14  -1023.712554    -21.53      -21.53    tight
 201      15  -1023.727025    -21.69      -21.69    tight
 201      16  -1023.718424    -19.60      -19.60    tight
 201      17  -1023.718499    -19.94      -19.94    tight
 201      18  -1023.724131    -22.57      -22.57    tight
 201      19  -1023.717450    -20.12      -20.12    tight
 201      20  -1023.708929    -16.74      -16.74    tight
  ------------------------------------------------------------------------
 202       1  -1028.845461    -23.83      -38.97    tight
 202       2  -1028.845400    -23.72      -46.73    tight
 202       3  -1028.834859    -22.70      -46.60    tight
 202       4  -1028.845037    -17.06      -45.11    tight
 202       5  -1028.842562    -23.31      -46.73    tight
 202       6  -1028.834115    -22.51      -40.75    tight
 202       7  -1028.829580    -17.74      -39.53    tight
 202       8  -1028.817880    -20.01      -39.50    tight
 202       9  -1028.838283    -24.54      -53.47    tight
 202      10  -1028.834378    -29.40      -49.35    tight
 202      11  -1028.835699    -23.42      -46.48    tight
 202      12  -1028.838953    -28.22      -55.49    tight
 202      13  -1028.832519    -27.60      -46.34    tight
 202      14  -1028.834367    -32.17      -53.71    tight
 202      15  -1028.830531    -20.68      -42.38    tight
 202      16  -1028.809435    -12.84      -32.45    tight
 202      17  -1028.832330    -27.16      -47.10    tight
 202      18  -1028.831003    -22.80      -45.37    tight
 202      19  -1028.826877    -24.40      -44.52    tight
 202      20  -1028.821937    -26.65      -43.39    tight
  ------------------------------------------------------------------------
 203       1  -1033.952344    -22.80      -61.77    tight
 203       2  -1033.933309    -10.90      -57.62    tight
 203       3  -1033.936587    -19.57      -66.17    tight
 203       4  -1033.939626    -15.09      -60.20    tight
 203       5  -1033.935485    -14.04      -60.78    tight
 203       6  -1033.936129    -19.75      -60.50    tight
 203       7  -1033.934569    -21.61      -61.15    tight
 203       8  -1033.942422    -33.88      -73.39    tight
 203       9  -1033.927228    -11.55      -65.02    tight
 203      10  -1033.915454     -6.61      -55.96    tight
 203      11  -1033.929512    -14.60      -61.09    tight
 203      12  -1033.942218    -20.53      -76.02    tight
 203      13  -1033.919271    -10.17      -56.51    tight
 203      14  -1033.920653     -9.88      -63.58    tight
 203      15  -1033.922899    -13.69      -56.07    tight
 203      16  -1033.920156    -25.21      -57.66    tight
 203      17  -1033.917821     -9.38      -56.48    tight
 203      18  -1033.917918    -10.27      -55.64    tight
 203      19  -1033.918265    -13.08      -57.60    tight
 203      20  -1033.915872    -14.68      -58.06    tight
  ------------------------------------------------------------------------
  volume filled
  Starting optimizations + SP  of structures
  20 jobs to do.
 
  done.
 
  Cluster   E /Eh        Density  Efix       R   av/act. Surface   Opt
    1     -1018.672244   1.378    0.000     5.2   5.1     7828.9   tight
    2     -1018.653504   1.373    0.000     3.6   2.1     7766.5   tight
    3     -1018.656736   1.380    0.000     4.5   2.4     7662.1   tight
    4     -1018.659730   1.370    0.000     4.0  23.1     7919.2   tight
    5     -1018.655654   1.372    0.000     3.7  17.9     7724.2   tight
    6     -1018.657005   1.377    0.000     5.1   2.1     7652.0   tight
    7     -1018.654794   1.367    0.000    13.4   5.3     7875.6   tight
    8     -1018.662500   1.381    0.000     5.6   4.4     7542.1   tight
    9     -1018.647526   1.361    0.000     4.5   3.9     8148.7   tight
   10     -1018.635924   1.382    0.000     4.3   3.5     7415.9   tight
   11     -1018.649765   1.371    0.000     3.6  16.1     7831.1   tight
   12     -1018.662285   1.373    0.000     4.7   2.7     7789.2   tight
   13     -1018.639676   1.367    0.000     5.3  20.0     8026.0   tight
   14     -1018.641055   1.367    0.000     3.1  12.6     8062.4   tight
   15     -1018.643252   1.367    0.000     4.6  18.0     7973.4   tight
   16     -1018.640549   1.368    0.000    12.9   6.5     7891.5   tight
   17     -1018.640881   1.374    0.000     5.7  17.1     7652.1   tight
   18     -1018.638335   1.367    0.000     5.2  20.8     8003.3   tight
   19     -1018.638683   1.369    0.000     4.6  24.4     7782.2   tight
   20     -1018.636328   1.366    0.000     6.0  17.6     8045.2   tight
 
  ------------------------------------------------------------------------
  ------------------------------------------------------------------------
  Boltz. averaged energy of final cluster:
       G /Eh     :-1018.67224386
       T*S /kcal :  -0.000
 
  Solvent cluster generation finished.
  Results can be found in solvent_cluster directory
  Structures in file <crest_ensemble.xyz>
  Energies in file <cluster_energy.dat>
  Population in file <population.dat>
 
  =========================================
  |   quantum cluster growth: ESOLV       |
  |                                       |
  |           -24.64 kcal/mol             |
  =========================================
 
  =========================================
  |          Frequency evaluation         |
  =========================================
 
   SOLUTE MOLECULE
  Starting reoptimizations + Frequency computation of ensemble
  1 jobs to do.
 
  done.
   SOLUTE CLUSTER
  Starting reoptimizations + Frequency computation of ensemble
  20 jobs to do.
 
  done.
   SOLVENT CLUSTER
  Starting reoptimizations + Frequency computation of ensemble
  20 jobs to do.
 
  done.
 
   Solute Gas properties
  #       H(T)       SVIB      SROT       STRA      G(T)
       [kcal/mol]    [      cal/mol/K        ]    [kcal/mol]
  --------------------------------------------------------
       63.39      9.83     24.16     38.23     41.85
 
   Solute cluster properties
  #       H(T)       SVIB      SROT       STRA      G(T)
       [kcal/mol]    [      cal/mol/K        ]    [kcal/mol]
  --------------------------------------------------------
  1     3406.69   1839.21     47.05     50.43   2829.27
  2     3406.30   1851.22     47.10     50.43   2825.28
  3     3407.72   1856.16     47.04     50.43   2825.25
  4     3407.02   1852.81     47.11     50.43   2825.52
  5     3406.03   1850.09     47.06     50.43   2825.36
  6     3407.41   1860.80     47.04     50.43   2823.55
  7     3405.61   1849.73     47.08     50.43   2825.04
  8     3407.92   1863.35     47.08     50.43   2823.29
  9     3405.95   1857.16     47.12     50.43   2823.15
  10     3406.74   1859.30     47.03     50.43   2823.33
  11     3407.09   1856.89     47.09     50.43   2824.38
  12     3405.85   1857.71     47.11     50.43   2822.88
  13     3406.25   1860.73     47.08     50.43   2822.39
  14     3406.47   1858.94     47.12     50.43   2823.15
  15     3406.42   1849.40     47.11     50.43   2825.95
  16     3405.29   1858.84     47.05     50.43   2822.01
  17     3407.28   1860.84     47.03     50.43   2823.42
  18     3406.10   1854.74     47.15     50.43   2824.01
  19     3406.90   1858.01     47.04     50.43   2823.87
  20     3405.80   1858.96     47.12     50.43   2822.47
 
   Solvent cluster properties
  #       H(T)       SVIB      SROT       STRA      G(T)
       [kcal/mol]    [      cal/mol/K        ]    [kcal/mol]
  --------------------------------------------------------
  1     3340.56   1815.83     47.02     50.38   2770.13
  2     3341.44   1822.42     47.02     50.38   2769.05
  3     3342.64   1814.28     46.95     50.38   2772.69
  4     3341.41   1823.58     47.05     50.38   2768.66
  5     3340.47   1815.59     46.97     50.38   2770.12
  6     3341.62   1830.39     46.99     50.38   2766.86
  7     3338.84   1825.64     47.02     50.38   2765.48
  8     3342.45   1828.44     47.02     50.38   2768.26
  9     3340.24   1830.36     47.05     50.38   2765.47
  10     3340.92   1823.51     46.96     50.38   2768.22
  11     3341.63   1824.64     47.02     50.38   2768.57
  12     3340.21   1835.26     47.08     50.38   2763.97
  13     3341.63   1803.58     47.00     50.38   2774.86
  14     3340.79   1831.24     47.05     50.38   2765.75
  15     3340.60   1818.43     47.05     50.38   2769.38
  16     3340.78   1823.87     47.00     50.38   2767.96
  17     3342.05   1833.41     46.98     50.38   2766.39
  18     3340.77   1823.99     47.08     50.38   2767.88
  19     3340.60   1825.42     46.97     50.38   2767.33
  20     3340.78   1832.60     47.05     50.38   2765.34
 
 
  ________________________________________________________________________
 
  _________________________     Evaluation    ____________________________
 
  ________________________________________________________________________
 
 
  -----------------------------------------------------
  Gsolv and Hsolv ref. state: [1 M gas/solution] 
  G_solv (incl.RRHO)      =   -7.36 kcal/mol
  H_solv (incl.RRHO)      =  -21.90 kcal/mol
  -----------------------------------------------------
 
  -----------------------------------------------------
  Gsolv and Hsolv ref. state: [1 M gas/solution] 
  G_solv (incl.RRHO)      =   -9.25 kcal/mol
  H_solv (incl.RRHO)      =  -23.79 kcal/mol
  -----------------------------------------------------
 
  -----------------------------------------------------
  Solvation free energies with scaled translational
  and rotational degrees of freedom: Gsolv (scaling)
          >>    -26.90 (0.05)    <<
          >>    -25.97 (0.10)    <<
          >>    -25.05 (0.15)    <<
          >>    -24.12 (0.20)    <<
          >>    -23.19 (0.25)    <<
          >>    -22.26 (0.30)    <<
          >>    -21.33 (0.35)    <<
          >>    -20.40 (0.40)    <<
          >>    -19.47 (0.45)    <<
          >>    -18.54 (0.50)    <<
          >>    -17.61 (0.55)    <<
          >>    -16.68 (0.60)    <<
          >>    -15.76 (0.65)    <<
          >>    -14.83 (0.70)    <<
          >>    -13.90 (0.75)    <<
          >>    -12.97 (0.80)    <<
          >>    -12.04 (0.85)    <<
          >>    -11.11 (0.90)    <<
          >>    -10.18 (0.95)    <<
          >>     -9.25 (1.00)    <<
  -----------------------------------------------------
 
  ==================================================
  |  Gsolv with SCALED RRHO contributions: 0.75    |
  |  [1 bar gas/ 1 M solution]                     |
  |                                                |
  |  G_solv (incl.RRHO)+dV(T)=  -13.90 kcal/mol    |
  ==================================================
 
 
 -----------------
 Wall Time Summary
 -----------------
             test MD wall time :         0h : 0m :46s
                 MTD wall time :         0h :59m :54s
      multilevel OPT wall time :         0h :37m :28s
                  MD wall time :         0h :12m :13s
                Grow wall time :         3h :33m :33s
     Solute-Ensemble wall time :         6h :55m :38s
                 CFF wall time :         0h :42m :47s
         Frequencies wall time :        13h :13m :54s
--------------------
Overall wall time  : 26h :17m :44s
 
 CREST terminated normally.
