 
       ==============================================
       |                                            |
       |                 C R E S T                  |
       |                                            |
       |  Conformer-Rotamer Ensemble Sampling Tool  |
       |          based on the GFN methods          |
       |             P.Pracht, S.Grimme             |
       |          Universitaet Bonn, MCTC           |
       ==============================================
       Version 2.12,   Thu 19. Mai 16:32:32 CEST 2022
  Using the xTB program. Compatible with xTB version 6.4.0
 
   Cite work conducted with this code as

   • P.Pracht, F.Bohle, S.Grimme, PCCP, 2020, 22, 7169-7192.
   • S.Grimme, JCTC, 2019, 15, 2847-2862.

   and for works involving QCG as

   • S.Spicher, C.Plett, P.Pracht, A.Hansen, S.Grimme,
     JCTC, 2022, 18 (5), 3174-3189.
 
   with help from:
   C.Bannwarth, F.Bohle, S.Ehlert, S.Grimme,
   C.Plett, P.Pracht, S.Spicher
 
   This program is distributed in the hope that it will be useful,
   but WITHOUT ANY WARRANTY; without even the implied warranty of
   MERCHANTABILITY or FITNESS FOR A PARTICULAR PURPOSE.

 Command line input:
 > crest input.xyz --qcg water.xyz --chrg 0 --uhf 0 --nsolv 175 --T 40 --gsolv --nclus 20 --gbsa water --wscal 1.0

 Solute-file: input.xyz
 Solvent-file: water.xyz
  --chrg 0
  --uhf 0
  --T 40 (CPUs/Threads selected)
  --gbsa water : implicit solvation
 
  ========================================
  |           ----------------           |
  |                 Q C G                |
  |           ----------------           |
  |        Quantum Cluster Growth        |
  |       University of Bonn, MCTC       |
  ========================================
   S. Grimme, S. Spicher, C. Plett.
 
   Cite work conducted with this code as

   S. Spicher, C. Plett, P. Pracht, A. Hansen, S. Grimme, JCTC, 2022, 18, 3174-3189.
 
 
  =========================================
  |   quantum cluster growth: INPUT       |
  =========================================
 
  QCG: Calculation of delta G_solv
  Ensemble generated via CREST
 
  input parameters     
  solute                 : input.xyz
  charge                 : 0
  uhf                    : 0
  solvent                : water.xyz
  # of solvents to add   : 175
  # of cluster generated : 20
  # of CPUs used         : 40
  Solvation model        : water               
  xtb opt level          : normal
  System temperature [K] : 298.1
  RRHO scaling factor    : 0.75
 
 Solute geometry
  molecular radius (Bohr**1):    5.64
  molecular area   (Bohr**2):  459.94
  molecular volume (Bohr**3):  751.19
 Solvent geometry
  molecular radius (Bohr**1):    3.88
  molecular area   (Bohr**2):  194.99
  molecular volume (Bohr**3):  244.40
 
  radius of solute    :     9.09
  radius of solvent   :     6.25
 
  =========================================
  |            Preoptimization            |
  =========================================
 
 -------------------------
 xTB Geometry Optimization
 -------------------------
 Geometry successfully optimized.
 Generating LMOs for solute
  Total Energy of solute:     -14.8081977 Eh
 
 -------------------------
 xTB Geometry Optimization
 -------------------------
 Geometry successfully optimized.
 Generating LMOs for solvent
  Total energy of solvent:     -5.0705444 Eh
 
  ________________________________________________________________________
 
  __________________     Solute Cluster Generation   _____________________
 
  ________________________________________________________________________
 
 
  =========================================
  |   quantum cluster growth: GROW        |
  =========================================
 
  Constraining solute during Growth 
 Solute:
       unit ellipsoid axis a,b,c     :   0.454   0.275   0.270
 Solvent:
       unit ellipsoid axis a,b,c     :   0.386   0.322   0.292
 
  solvent anisotropy            :     1.133
  solute anisotropy             :     1.245
  roff inner wall               :     0.933
  solute max dist               :    14.199
  solvent max dist              :     7.283
  inner unit axis               :     0.581     0.214     0.206
  inner ellipsoid/Bohr          :    15.104     5.556     5.357
  scaling factor outer ellipsoid:     1.000
  outer ellipsoid/Bohr          :    14.794     8.973     8.811
 
  Size  E /Eh       De/kcal   Detot/kcal  Density   Efix         R   av/act. Surface   Opt
    1   -19.887417   -5.44      -5.44       0.938     -5.315      0.0   0.0     944.6   normal
    2   -24.968890   -6.86     -12.30       0.963     -6.056      6.5   6.4    1130.3   normal
    3   -30.051679   -7.68     -19.99       0.986     -6.720      6.7   7.5    1308.9   normal
    4   -35.134839   -7.92     -27.90       1.002     -7.326      6.9   6.3    1489.0   normal
    5   -40.218101   -7.98     -35.88       1.014     -7.887      6.9   6.8    1670.4   normal
    6   -45.307509  -11.84     -47.72       1.035     -8.413      6.8   7.3    1831.6   normal
    7   -50.393315   -9.58     -57.30       1.053     -8.908      6.9   6.3    1991.6   normal
    8   -55.477677   -8.67     -65.97       1.068     -9.377      6.9   8.0    2152.3   normal
    9   -60.560316   -7.59     -73.56       1.081     -9.824      7.0   7.5    2314.1   normal
   10   -65.646359   -9.73     -83.28       1.086    -10.252      7.1   9.9    2489.5   normal
   11   -70.735569  -11.71     -94.99       1.096    -10.664      7.4   9.8    2651.0   normal
   12   -75.839254  -20.80    -115.79       1.134    -11.062      7.7   7.8    2738.8   normal
   13   -80.928801  -11.92    -127.71       1.140    -11.445      7.7   8.1    2902.9   normal
   14   -86.020362  -13.19    -140.90       1.148    -11.816      8.0   7.6    3057.3   normal
   15   -91.098455   -4.74    -145.64       1.137    -12.174      8.0   6.3    3266.4   normal
   16   -96.191400  -14.06    -159.70       1.146    -12.523      8.0   8.6    3414.8   normal
   17  -101.278904  -10.64    -170.34       1.149    -12.862      8.0   6.5    3581.4   normal
   18  -106.361558   -7.60    -177.94       1.145    -13.193      7.9   7.4    3770.6   normal
   19  -111.458028  -16.27    -194.21       1.161    -13.516      7.9   7.5    3893.3   normal
   20  -116.548460  -12.48    -206.68       1.166    -13.832      7.9  12.7    4048.5   normal
   21  -121.630433   -7.17    -213.86       1.166    -14.139      8.1   7.1    4223.2   normal
   22  -126.722024  -13.21    -227.06       1.174    -14.441      8.0   7.6    4364.8   normal
   23  -131.810516  -11.26    -238.33       1.175    -14.737      8.0   9.5    4534.5   normal
   24  -136.902188  -13.26    -251.58       1.187    -15.027      8.1   8.8    4658.7   normal
   25  -141.987980   -9.57    -261.15       1.191    -15.311      8.1   7.1    4810.8   normal
   26  -147.076342  -11.18    -272.33       1.196    -15.590      8.0  10.5    4959.2   normal
   27  -152.168014  -13.26    -285.59       1.196    -15.865      8.1  13.4    5130.4   normal
   28  -157.258201  -12.33    -297.92       1.200    -16.134      8.4  10.5    5282.5   normal
   29  -162.346430  -11.10    -309.01       1.203    -16.399      8.5  13.1    5433.8   normal
   30  -167.445005  -17.59    -326.60       1.209    -16.661      8.7   7.4    5577.0   normal
   31  -172.533610  -11.33    -337.94       1.211    -16.918      8.7  12.8    5735.2   normal
   32  -177.619209   -9.45    -347.38       1.213    -17.171      8.8   7.1    5890.4   normal
   33  -182.703950   -8.91    -356.29       1.213    -17.420      8.8  13.1    6055.2   normal
   34  -187.794535  -12.58    -368.87       1.217    -17.666      8.9  11.6    6201.2   normal
   35  -192.883314  -11.44    -380.31       1.219    -17.909      9.0  12.7    6356.8   normal
   36  -197.985989  -20.16    -400.47       1.228    -18.149      9.1   9.3    6476.5   normal
   37  -203.074402  -11.21    -411.68       1.228    -18.385      9.1  13.8    6638.4   normal
   38  -208.167074  -13.89    -425.57       1.233    -18.619      9.2  13.9    6778.9   normal
   39  -213.254905  -10.85    -436.42       1.235    -18.849      9.3  13.6    6930.5   normal
   40  -218.346639  -13.30    -449.71       1.238    -19.077      9.4  11.5    7075.8   normal
   41  -223.435453  -11.46    -461.18       1.240    -19.302      9.4  15.0    7229.3   normal
   42  -228.524946  -11.89    -473.07       1.240    -19.524      9.6  11.1    7389.5   normal
   43  -233.614009  -11.62    -484.69       1.240    -19.744      9.6  14.1    7553.1   normal
   44  -238.700725  -10.15    -494.84       1.241    -19.961      9.7  16.5    7711.6   normal
   45  -243.787821  -10.39    -505.22       1.242    -20.176      9.9  10.4    7866.5   normal
   46  -248.881450  -14.49    -519.71       1.243    -20.389      9.9  11.5    8020.6   normal
   47  -253.970653  -11.71    -531.42       1.245    -20.600      9.9  12.7    8172.7   normal
   48  -259.058316  -10.74    -542.16       1.247    -20.808      9.9  16.9    8321.6   normal
   49  -264.151210  -14.02    -556.18       1.252    -21.015     10.1  11.1    8448.0   normal
   50  -269.246905  -15.78    -571.97       1.255    -21.220     10.1  10.8    8588.0   normal
   51  -274.338616  -13.28    -585.25       1.259    -21.422     10.1  13.9    8720.6   normal
   52  -279.430088  -13.13    -598.38       1.259    -21.623     10.2  10.6    8882.9   normal
   53  -284.523426  -14.30    -612.68       1.263    -21.822     10.2   9.5    9013.4   normal
   54  -289.618927  -15.66    -628.34       1.264    -22.019     10.2  10.5    9168.3   normal
   55  -294.709922  -12.83    -641.18       1.267    -22.215     10.3  13.9    9306.0   normal
   56  -299.798673  -11.42    -652.60       1.264    -22.408     10.3  16.3    9484.1   normal
   57  -304.890225  -13.18    -665.78       1.268    -22.600     10.4  14.0    9612.0   normal
   58  -309.981547  -13.04    -678.82       1.270    -22.790     10.5  11.1    9758.6   normal
   59  -315.071008  -11.87    -690.69       1.271    -22.979     10.5  11.6    9906.0   normal
   60  -320.157800  -10.20    -700.89       1.273    -23.166     10.5  18.1   10050.4   normal
   61  -325.248912  -12.91    -713.79       1.274    -23.352     10.6  10.4   10202.2   normal
   62  -330.335075   -9.80    -723.59       1.274    -23.535     10.6  12.4   10359.3   normal
   63  -335.425473  -12.46    -736.05       1.274    -23.718     10.6  11.2   10524.0   normal
   64  -340.520843  -15.58    -751.63       1.272    -23.900     10.6  16.8   10693.7   normal
   65  -345.608091  -10.48    -762.11       1.273    -24.080     10.7  18.5   10848.4   normal
   66  -350.704018  -15.93    -778.04       1.277    -24.259     10.8  11.7   10966.5   normal
   67  -355.799310  -15.53    -793.57       1.283    -24.436     10.8  14.5   11072.0   normal
   68  -360.888042  -11.41    -804.98       1.286    -24.612     10.9  12.3   11211.1   normal
   69  -365.977981  -12.17    -817.15       1.282    -24.787     10.8  10.9   11395.0   normal
   70  -371.069985  -13.47    -830.62       1.286    -24.961     10.8  16.1   11525.3   normal
   71  -376.160166  -12.32    -842.94       1.285    -25.133     10.9  17.4   11690.6   normal
   72  -381.252449  -13.64    -856.58       1.282    -25.305     11.0  15.4   11869.6   normal
   73  -386.345611  -14.19    -870.78       1.287    -25.475     11.0  13.2   11986.8   normal
   74  -391.441141  -15.68    -886.45       1.285    -25.644     11.1  12.1   12159.4   normal
   75  -396.533456  -13.66    -900.12       1.287    -25.812     11.1  11.3   12296.0   normal
   76  -401.633755  -18.67    -918.79       1.284    -25.980     11.2  14.0   12480.5   normal
   77  -406.729860  -16.04    -934.83       1.288    -26.146     11.2  13.2   12596.2   normal
   78  -411.818172  -11.15    -945.98       1.287    -26.310     11.2  11.6   12761.8   normal
   79  -416.910991  -13.98    -959.95       1.293    -26.474     11.2  15.5   12865.1   normal
   80  -422.005431  -14.99    -974.95       1.296    -26.637     11.3  13.9   12991.7   normal
   81  -427.095763  -12.42    -987.36       1.298    -26.798     11.3  14.5   13125.5   normal
   82  -432.190225  -15.01   -1002.37       1.302    -26.959     11.3  12.7   13241.4   normal
   83  -437.288972  -17.70   -1020.07       1.303    -27.120     11.3  16.8   13388.9   normal
   84  -442.378557  -11.95   -1032.02       1.303    -27.278     11.4  18.4   13538.7   normal
   85  -447.469588  -12.86   -1044.87       1.306    -27.436     11.5  14.9   13666.7   normal
   86  -452.563588  -14.72   -1059.59       1.307    -27.593     11.5  18.1   13811.1   normal
   87  -457.654821  -12.98   -1072.57       1.307    -27.749     11.6  17.0   13956.5   normal
   88  -462.747153  -13.67   -1086.25       1.307    -27.905     11.7  12.6   14111.6   normal
   89  -467.835652  -11.27   -1097.51       1.308    -28.059     11.7  15.4   14264.2   normal
   90  -472.924126  -11.25   -1108.76       1.303    -28.212     11.7  10.8   14467.2   normal
   91  -478.016390  -13.63   -1122.39       1.303    -28.365     11.7  12.0   14619.0   normal
   92  -483.106960  -12.57   -1134.96       1.303    -28.517     11.7  17.9   14776.2   normal
   93  -488.198619  -13.25   -1148.21       1.304    -28.668     11.8  11.6   14924.4   normal
   94  -493.293354  -15.18   -1163.39       1.305    -28.819     11.8  17.1   15061.9   normal
   95  -498.384212  -12.75   -1176.14       1.306    -28.968     11.9  14.7   15214.6   normal
   96  -503.475453  -12.99   -1189.12       1.305    -29.117     11.9  20.0   15369.4   normal
   97  -508.573635  -17.34   -1206.47       1.310    -29.265     11.9  17.9   15473.3   normal
   98  -513.676300  -20.16   -1226.62       1.311    -29.413     12.0  10.9   15614.5   normal
   99  -518.762034   -9.53   -1236.15       1.311    -29.559     12.0  11.8   15770.8   normal
  100  -523.845449   -8.08   -1244.23       1.311    -29.705     12.0  19.7   15920.0   normal
  101  -528.933016  -10.68   -1254.91       1.311    -29.849     12.0  20.1   16068.9   normal
  102  -534.032033  -17.87   -1272.78       1.318    -29.994     12.1  12.7   16145.4   normal
  103  -539.124770  -13.93   -1286.70       1.321    -30.138     12.1  15.4   16261.4   normal
  104  -544.219271  -15.03   -1301.74       1.324    -30.281     12.1  12.6   16373.9   normal
  105  -549.309795  -12.54   -1314.28       1.324    -30.423     12.2  15.7   16532.8   normal
  106  -554.406211  -16.23   -1330.51       1.328    -30.565     12.2  16.6   16632.3   normal
  107  -559.507506  -19.30   -1349.81       1.326    -30.707     12.2  12.2   16802.5   normal
  108  -564.604687  -16.72   -1366.52       1.329    -30.848     12.1  13.2   16918.1   normal
  109  -569.701483  -16.47   -1382.99       1.331    -30.988     12.2  15.5   17045.1   normal
  110  -574.791981  -12.52   -1395.51       1.332    -31.127     12.2  20.2   17187.7   normal
  111  -579.886933  -15.32   -1410.83       1.333    -31.265     12.3  16.9   17318.1   normal
  112  -584.978689  -13.31   -1424.14       1.337    -31.403     12.3  13.4   17427.9   normal
  113  -590.071143  -13.75   -1437.89       1.335    -31.541     12.3  19.7   17602.5   normal
  114  -595.160399  -11.74   -1449.63       1.336    -31.677     12.4  12.7   17738.4   normal
  115  -600.250029  -11.98   -1461.61       1.336    -31.813     12.4  17.3   17883.9   normal
  116  -605.342737  -13.91   -1475.52       1.335    -31.949     12.4  18.7   18055.2   normal
  117  -610.439389  -16.38   -1491.90       1.337    -32.084     12.5  14.9   18172.2   normal
  118  -615.530370  -12.82   -1504.72       1.339    -32.218     12.5  18.2   18304.7   normal
  119  -620.619627  -11.74   -1516.46       1.336    -32.352     12.5  13.0   18488.6   normal
  120  -625.715684  -16.01   -1532.47       1.338    -32.486     12.6  18.9   18618.7   normal
  121  -630.809058  -14.33   -1546.80       1.341    -32.618     12.6  14.2   18726.2   normal
  122  -635.897555  -11.27   -1558.07       1.341    -32.750     12.6  21.1   18879.9   normal
  123  -640.991094  -14.43   -1572.49       1.340    -32.882     12.7  14.8   19041.5   normal
  124  -646.081043  -12.18   -1584.67       1.342    -33.013     12.7  15.7   19162.3   normal
  125  -651.170485  -11.86   -1596.53       1.342    -33.144     12.7  17.2   19308.0   normal
  126  -656.270719  -18.63   -1615.16       1.343    -33.274     12.7  13.2   19455.2   normal
  127  -661.358937  -11.09   -1626.25       1.342    -33.404     12.7  21.0   19615.8   normal
  128  -666.451009  -13.51   -1639.76       1.344    -33.533     12.8  17.8   19737.9   normal
  129  -671.543672  -13.88   -1653.64       1.345    -33.661     12.8  19.9   19873.6   normal
  130  -676.635033  -13.06   -1666.70       1.345    -33.790     12.9  13.4   20023.1   normal
  131  -681.727334  -13.65   -1680.35       1.345    -33.917     12.9  16.4   20168.9   normal
  132  -686.820722  -14.33   -1694.69       1.345    -34.044     12.9  13.2   20320.8   normal
  133  -691.915322  -15.10   -1709.78       1.347    -34.171     12.9  21.6   20436.4   normal
  134  -697.013688  -17.46   -1727.24       1.348    -34.298     13.0  13.5   20577.5   normal
  135  -702.107623  -14.68   -1741.92       1.350    -34.424     13.0  16.2   20701.5   normal
  136  -707.201843  -14.86   -1756.78       1.353    -34.549     13.0  20.1   20791.5   normal
  137  -712.292622  -12.70   -1769.47       1.351    -34.674     13.0  22.5   20981.0   normal
  138  -717.406635  -27.28   -1796.75       1.348    -34.799     13.1  17.2   21177.8   normal
  139  -722.498290  -13.25   -1810.00       1.349    -34.923     13.2  20.6   21316.3   normal
  140  -727.595038  -16.44   -1826.44       1.349    -35.047     13.2  13.5   21453.9   normal
  141  -732.690848  -15.85   -1842.29       1.348    -35.170     13.2  20.6   21620.7   normal
  142  -737.782837  -13.46   -1855.75       1.350    -35.293     13.3  20.5   21736.3   normal
  143  -742.876307  -14.39   -1870.14       1.350    -35.415     13.3  14.5   21897.4   normal
  144  -747.963114  -10.20   -1880.34       1.349    -35.537     13.3  18.8   22061.2   normal
  145  -753.061366  -17.39   -1897.73       1.352    -35.658     13.4  18.7   22159.2   normal
  146  -758.153917  -13.81   -1911.54       1.354    -35.779     13.4  17.8   22280.2   normal
  147  -763.245080  -12.94   -1924.48       1.354    -35.900     13.4  20.0   22419.4   normal
  148  -768.334795  -12.03   -1936.51       1.355    -36.020     13.5  22.8   22553.9   normal
  149  -773.423685  -11.51   -1948.02       1.355    -36.140     13.5  19.8   22698.2   normal
  150  -778.515278  -13.21   -1961.23       1.355    -36.259     13.6  17.7   22847.1   normal
  151  -783.606959  -13.26   -1974.49       1.355    -36.378     13.6  14.7   23008.3   normal
  152  -788.701148  -14.84   -1989.33       1.355    -36.497     13.6  17.6   23143.9   normal
  153  -793.800423  -18.03   -2007.36       1.357    -36.615     13.7  16.4   23271.0   normal
  154  -798.896946  -16.30   -2023.66       1.359    -36.733     13.7  15.3   23382.2   normal
  155  -803.992030  -15.40   -2039.06       1.362    -36.851     13.7  12.0   23483.7   normal
  156  -809.077633   -9.45   -2048.51       1.361    -36.968     13.7  14.6   23635.5   normal
  157  -814.168516  -12.76   -2061.27       1.362    -37.084     13.7  15.5   23772.1   normal
  158  -819.255249  -10.16   -2071.43       1.362    -37.200     13.7  15.8   23922.0   normal
  159  -824.357658  -20.00   -2091.42       1.364    -37.317     13.7  13.9   24037.2   normal
  160  -829.455340  -17.03   -2108.45       1.366    -37.433     13.7  17.2   24145.6   normal
  161  -834.560040  -21.43   -2129.88       1.370    -37.549     13.7  17.5   24231.4   normal
  162  -839.654239  -14.84   -2144.73       1.371    -37.664     13.7  15.3   24354.0   normal
  163  -844.745111  -12.76   -2157.48       1.370    -37.778     13.8  17.3   24526.1   normal
  164  -849.847370  -19.90   -2177.38       1.369    -37.893     13.8  20.8   24677.5   normal
  165  -854.941164  -14.59   -2191.97       1.371    -38.007     13.8  20.6   24803.9   normal
  166  -860.029288  -11.03   -2203.01       1.370    -38.120     13.8  22.6   24962.9   normal
  167  -865.122135  -14.00   -2217.00       1.370    -38.233     13.9  17.6   25101.2   normal
  168  -870.210706  -11.31   -2228.31       1.370    -38.346     13.9  17.8   25250.0   normal
  169  -875.304879  -14.83   -2243.14       1.372    -38.459     13.9  22.2   25356.6   normal
  170  -880.400447  -15.70   -2258.84       1.373    -38.571     14.0  17.3   25502.6   normal
  171  -885.495663  -15.48   -2274.32       1.373    -38.683     14.0  21.8   25648.7   normal
  172  -890.592327  -16.39   -2290.71       1.374    -38.795     14.0  18.2   25763.1   normal
  173  -895.678959  -10.09   -2300.81       1.375    -38.906     14.1  15.5   25899.3   normal
  174  -900.768937  -12.19   -2313.00       1.375    -39.017     14.1  22.7   26046.4   normal
  175  -905.857640  -11.39   -2324.40       1.373    -39.127     14.1  20.6   26226.7   normal
 
  Growth finished after 175 solvents added
  Results can be found in grow directory
  Energy list in file <qcg_energy.dat>
  Interaction energy in file <qcg_conv.dat>
  Growing process in <qcg_grow.xyz>
  Final geometry after grow in <cluster.coord> and <cluster.xyz>
  Potentials and geometry written in <cluster_cavity.coord> and <twopot_cavity.coord>
 
  =========================================
  |   quantum cluster growth: ENSEMBLE    |
  =========================================
 
   Method for ensemble search:--gff               
 Starting ensemble cluster generation by CREST routine
 
------------------------------------------------
Generating MTD length from a flexibility measure
------------------------------------------------
 System flexiblity is set to 1.0 for NCI mode
 flexibility measure :   1.000
 t(MTD) / ps set by command line  :    10.0
 t(MTD) / ps    :    10.0
 Σ(t(MTD)) / ps :   120.0 (12 MTDs)
 
-------------------------------------
Starting a trial MTD to test settings
-------------------------------------
 Estimated runtime for one MTD (10.0 ps) on a single thread: 44 min 18 sec
 Estimated runtime for a batch of 12 MTDs on 40 threads: 14 min 46 sec
 
 list of Vbias parameters applied:
$metadyn    0.00125   1.000
$metadyn    0.00083   1.000
$metadyn    0.00056   1.000
$metadyn    0.00125   0.667
$metadyn    0.00083   0.667
$metadyn    0.00056   0.667
$metadyn    0.00125   0.444
$metadyn    0.00083   0.444
$metadyn    0.00056   0.444
$metadyn    0.00125   0.296
$metadyn    0.00083   0.296
$metadyn    0.00056   0.296
 
*******************************************************************************************
**                        N E W    I T E R A T I O N    C Y C L E                        **
*******************************************************************************************
 
========================================
            MTD Iteration  1
========================================
 
     ========================================
     |         Meta-MD (MTD) Sampling       |
     ========================================
 
Starting Meta-MD   3 with the settings:
     MD time /ps        :    10.0
     dt /fs             :     1.5
     dumpstep(trj) /fs  :     200
     dumpstep(Vbias)/ps :     1.0
     Vbias factor k /Eh :  0.2978
     Vbias exp α /bohr⁻²:    1.00
Starting Meta-MD   6 with the settings:
     MD time /ps        :    10.0
     dt /fs             :     1.5
     dumpstep(trj) /fs  :     200
     dumpstep(Vbias)/ps :     1.0
     Vbias factor k /Eh :  0.2978
     Vbias exp α /bohr⁻²:    0.67
Starting Meta-MD   2 with the settings:
     MD time /ps        :    10.0
     dt /fs             :     1.5
     dumpstep(trj) /fs  :     200
     dumpstep(Vbias)/ps :     1.0
     Vbias factor k /Eh :  0.4467
     Vbias exp α /bohr⁻²:    1.00
Starting Meta-MD   4 with the settings:
     MD time /ps        :    10.0
     dt /fs             :     1.5
     dumpstep(trj) /fs  :     200
     dumpstep(Vbias)/ps :     1.0
     Vbias factor k /Eh :  0.6700
     Vbias exp α /bohr⁻²:    0.67
Starting Meta-MD   7 with the settings:
     MD time /ps        :    10.0
     dt /fs             :     1.5
     dumpstep(trj) /fs  :     200
     dumpstep(Vbias)/ps :     1.0
     Vbias factor k /Eh :  0.6700
     Vbias exp α /bohr⁻²:    0.44
Starting Meta-MD   5 with the settings:
     MD time /ps        :    10.0
     dt /fs             :     1.5
     dumpstep(trj) /fs  :     200
     dumpstep(Vbias)/ps :     1.0
     Vbias factor k /Eh :  0.4467
     Vbias exp α /bohr⁻²:    0.67
Starting Meta-MD   8 with the settings:
     MD time /ps        :    10.0
     dt /fs             :     1.5
     dumpstep(trj) /fs  :     200
     dumpstep(Vbias)/ps :     1.0
     Vbias factor k /Eh :  0.4467
     Vbias exp α /bohr⁻²:    0.44
Starting Meta-MD  10 with the settings:
     MD time /ps        :    10.0
     dt /fs             :     1.5
     dumpstep(trj) /fs  :     200
     dumpstep(Vbias)/ps :     1.0
     Vbias factor k /Eh :  0.6700
     Vbias exp α /bohr⁻²:    0.30
Starting Meta-MD  11 with the settings:
     MD time /ps        :    10.0
     dt /fs             :     1.5
     dumpstep(trj) /fs  :     200
     dumpstep(Vbias)/ps :     1.0
     Vbias factor k /Eh :  0.4467
     Vbias exp α /bohr⁻²:    0.30
Starting Meta-MD  12 with the settings:
     MD time /ps        :    10.0
     dt /fs             :     1.5
     dumpstep(trj) /fs  :     200
     dumpstep(Vbias)/ps :     1.0
     Vbias factor k /Eh :  0.2978
     Vbias exp α /bohr⁻²:    0.30
Starting Meta-MD   1 with the settings:
     MD time /ps        :    10.0
     dt /fs             :     1.5
     dumpstep(trj) /fs  :     200
     dumpstep(Vbias)/ps :     1.0
     Vbias factor k /Eh :  0.6700
     Vbias exp α /bohr⁻²:    1.00
Starting Meta-MD   9 with the settings:
     MD time /ps        :    10.0
     dt /fs             :     1.5
     dumpstep(trj) /fs  :     200
     dumpstep(Vbias)/ps :     1.0
     Vbias factor k /Eh :  0.2978
     Vbias exp α /bohr⁻²:    0.44
*Meta-MTD 1 finished*
*Meta-MTD 4 finished*
*Meta-MTD 7 finished*
*Meta-MTD 2 finished*
*Meta-MTD 11 finished*
*Meta-MTD 5 finished*
*Meta-MTD 3 finished*
*Meta-MTD 12 finished*
*Meta-MTD 8 finished*
*Meta-MTD 9 finished*
*Meta-MTD 10 finished*
*Meta-MTD 6 finished*
 
-----------------------
Multilevel Optimization
-----------------------
 
 -------------------------
 1. crude pre-optimization
 -------------------------
 Optimizing all 600 structures from file "crest_rotamers_0.xyz" ...
 1 2 3 4 5 6 7 8 9 10 11 12 13 14 15 16 17 18 19 20 21 22 23 24 25 26 27 28 29 30 31 32 33 34 35 36 37 38 39 40 41 42 43 44 45 46 47 48 49 50 51 52 53 54 55 56 57 58 59 60 61 62 63 64 65 66 67 68 69 70 71 72 73 74 75 76 77 78 79 80 81 82 83 84 85 86 87 88 89 90 91 92 93 94 95 96 97 98 99 100 101 102 103 104 105 106 107 108 109 110 111 112 113 114 115 116 117 118 119 120 121 122 123 124 125 126 127 128 129 130 131 132 133 134 135 136 137 138 139 140 141 142 143 144 145 146 147 148 149 150 151 152 153 154 155 156 157 158 159 160 161 162 163 164 165 166 167 168 169 170 171 172 173 174 175 176 177 178 179 180 181 182 183 184 185 186 187 188 189 190 191 192 193 194 195 196 197 198 199 200 201 202 203 204 205 206 207 208 209 210 211 212 213 214 215 216 217 218 219 220 221 222 223 224 225 226 227 228 229 230 231 232 233 234 235 236 237 238 239 240 241 242 243 244 245 246 247 248 249 250 251 252 253 254 255 256 257 258 259 260 261 262 263 264 265 266 267 268 269 270 271 272 273 274 275 276 277 278 279 280 281 282 283 284 285 286 287 288 289 290 291 292 293 294 295 296 297 298 299 300 301 302 303 304 305 306 307 308 309 310 311 312 313 314 315 316 317 318 319 320 321 322 323 324 325 326 327 328 329 330 331 332 333 334 335 336 337 338 339 340 341 342 343 344 345 346 347 348 349 350 351 352 353 354 355 356 357 358 359 360 361 362 363 364 365 366 367 368 369 370 371 372 373 374 375 376 377 378 379 380 381 382 383 384 385 386 387 388 389 390 391 392 393 394 395 396 397 398 399 400 401 402 403 404 405 406 407 408 409 410 411 412 413 414 415 416 417 418 419 420 421 422 423 424 425 426 427 428 429 430 431 432 433 434 435 436 437 438 439 440 441 442 443 444 445 446 447 448 449 450 451 452 453 454 455 456 457 458 459 460 461 462 463 464 465 466 467 468 469 470 471 472 473 474 475 476 477 478 479 480 481 482 483 484 485 486 487 488 489 490 491 492 493 494 495 496 497 498 499 500 501 502 503 504 505 506 507 508 509 510 511 512 513 514 515 516 517 518 519 520 521 522 523 524 525 526 527 528 529 530 531 532 533 534 535 536 537 538 539 540 541 542 543 544 545 546 547 548 549 550 551 552 553 554 555 556 557 558 559 560 561 562 563 564 565 566 567 568 569 570 571 572 573 574 575 576 577 578 579 580 581 582 583 584 585 586 587 588 589 590 591 592 593 594 595 596 597 598 599 600
 done.
 input  file name : crest_rotamers_1.xyz
 output file name : crest_rotamers_2.xyz
 reference state Etot :  -61.8627415200000     
 600 structures remain within     6.00 kcal/mol window
 
 
========================================
            MTD Iteration  2
========================================
 
     ========================================
     |         Meta-MD (MTD) Sampling       |
     ========================================
 
Starting Meta-MD   1 with the settings:
     MD time /ps        :    10.0
     dt /fs             :     1.5
     dumpstep(trj) /fs  :     200
     dumpstep(Vbias)/ps :     1.0
     Vbias factor k /Eh :  0.6700
     Vbias exp α /bohr⁻²:    1.00
Starting Meta-MD   2 with the settings:
     MD time /ps        :    10.0
     dt /fs             :     1.5
     dumpstep(trj) /fs  :     200
     dumpstep(Vbias)/ps :     1.0
     Vbias factor k /Eh :  0.4467
     Vbias exp α /bohr⁻²:    1.00
Starting Meta-MD   3 with the settings:
     MD time /ps        :    10.0
     dt /fs             :     1.5
     dumpstep(trj) /fs  :     200
     dumpstep(Vbias)/ps :     1.0
     Vbias factor k /Eh :  0.2978
     Vbias exp α /bohr⁻²:    1.00
Starting Meta-MD   4 with the settings:
     MD time /ps        :    10.0
     dt /fs             :     1.5
     dumpstep(trj) /fs  :     200
     dumpstep(Vbias)/ps :     1.0
     Vbias factor k /Eh :  0.6700
     Vbias exp α /bohr⁻²:    0.67
Starting Meta-MD   5 with the settings:
     MD time /ps        :    10.0
     dt /fs             :     1.5
     dumpstep(trj) /fs  :     200
     dumpstep(Vbias)/ps :     1.0
     Vbias factor k /Eh :  0.4467
     Vbias exp α /bohr⁻²:    0.67
Starting Meta-MD   6 with the settings:
     MD time /ps        :    10.0
     dt /fs             :     1.5
     dumpstep(trj) /fs  :     200
     dumpstep(Vbias)/ps :     1.0
     Vbias factor k /Eh :  0.2978
     Vbias exp α /bohr⁻²:    0.67
Starting Meta-MD   7 with the settings:
     MD time /ps        :    10.0
     dt /fs             :     1.5
     dumpstep(trj) /fs  :     200
     dumpstep(Vbias)/ps :     1.0
     Vbias factor k /Eh :  0.6700
     Vbias exp α /bohr⁻²:    0.44
Starting Meta-MD   8 with the settings:
     MD time /ps        :    10.0
     dt /fs             :     1.5
     dumpstep(trj) /fs  :     200
     dumpstep(Vbias)/ps :     1.0
     Vbias factor k /Eh :  0.4467
     Vbias exp α /bohr⁻²:    0.44
Starting Meta-MD  10 with the settings:
     MD time /ps        :    10.0
     dt /fs             :     1.5
     dumpstep(trj) /fs  :     200
     dumpstep(Vbias)/ps :     1.0
     Vbias factor k /Eh :  0.6700
     Vbias exp α /bohr⁻²:    0.30
Starting Meta-MD   9 with the settings:
     MD time /ps        :    10.0
     dt /fs             :     1.5
     dumpstep(trj) /fs  :     200
     dumpstep(Vbias)/ps :     1.0
     Vbias factor k /Eh :  0.2978
     Vbias exp α /bohr⁻²:    0.44
*Meta-MTD 3 finished*
*Meta-MTD 9 finished*
*Meta-MTD 8 finished*
*Meta-MTD 1 finished*
*Meta-MTD 2 finished*
*Meta-MTD 4 finished*
*Meta-MTD 5 finished*
*Meta-MTD 6 finished*
*Meta-MTD 7 finished*
*Meta-MTD 10 finished*
 
-----------------------
Multilevel Optimization
-----------------------
 
 -------------------------
 1. crude pre-optimization
 -------------------------
 Optimizing all 500 structures from file "crest_rotamers_0.xyz" ...
 1 2 3 4 5 6 7 8 9 10 11 12 13 14 15 16 17 18 19 20 21 22 23 24 25 26 27 28 29 30 31 32 33 34 35 36 37 38 39 40 41 42 43 44 45 46 47 48 49 50 51 52 53 54 55 56 57 58 59 60 61 62 63 64 65 66 67 68 69 70 71 72 73 74 75 76 77 78 79 80 81 82 83 84 85 86 87 88 89 90 91 92 93 94 95 96 97 98 99 100 101 102 103 104 105 106 107 108 109 110 111 112 113 114 115 116 117 118 119 120 121 122 123 124 125 126 127 128 129 130 131 132 133 134 135 136 137 138 139 140 141 142 143 144 145 146 147 148 149 150 151 152 153 154 155 156 157 158 159 160 161 162 163 164 165 166 167 168 169 170 171 172 173 174 175 176 177 178 179 180 181 182 183 184 185 186 187 188 189 190 191 192 193 194 195 196 197 198 199 200 201 202 203 204 205 206 207 208 209 210 211 212 213 214 215 216 217 218 219 220 221 222 223 224 225 226 227 228 229 230 231 232 233 234 235 236 237 238 239 240 241 242 243 244 245 246 247 248 249 250 251 252 253 254 255 256 257 258 259 260 261 262 263 264 265 266 267 268 269 270 271 272 273 274 275 276 277 278 279 280 281 282 283 284 285 286 287 288 289 290 291 292 293 294 295 296 297 298 299 300 301 302 303 304 305 306 307 308 309 310 311 312 313 314 315 316 317 318 319 320 321 322 323 324 325 326 327 328 329 330 331 332 333 334 335 336 337 338 339 340 341 342 343 344 345 346 347 348 349 350 351 352 353 354 355 356 357 358 359 360 361 362 363 364 365 366 367 368 369 370 371 372 373 374 375 376 377 378 379 380 381 382 383 384 385 386 387 388 389 390 391 392 393 394 395 396 397 398 399 400 401 402 403 404 405 406 407 408 409 410 411 412 413 414 415 416 417 418 419 420 421 422 423 424 425 426 427 428 429 430 431 432 433 434 435 436 437 438 439 440 441 442 443 444 445 446 447 448 449 450 451 452 453 454 455 456 457 458 459 460 461 462 463 464 465 466 467 468 469 470 471 472 473 474 475 476 477 478 479 480 481 482 483 484 485 486 487 488 489 490 491 492 493 494 495 496 497 498 499 500
 done.
 input  file name : crest_rotamers_1.xyz
 output file name : crest_rotamers_2.xyz
 reference state Etot :  -61.8876862000000     
 500 structures remain within     6.00 kcal/mol window
 
 ...............................................
 A new lower conformer was found!
 Improved by    0.02494 Eh or   15.65302kcal/mol
 ...............................................
 
========================================
            MTD Iteration  3
========================================
 
     ========================================
     |         Meta-MD (MTD) Sampling       |
     ========================================
 
Starting Meta-MD   1 with the settings:
     MD time /ps        :    10.0
     dt /fs             :     1.5
     dumpstep(trj) /fs  :     200
     dumpstep(Vbias)/ps :     1.0
     Vbias factor k /Eh :  0.6700
     Vbias exp α /bohr⁻²:    1.00
Starting Meta-MD   2 with the settings:
     MD time /ps        :    10.0
     dt /fs             :     1.5
     dumpstep(trj) /fs  :     200
     dumpstep(Vbias)/ps :     1.0
     Vbias factor k /Eh :  0.4467
     Vbias exp α /bohr⁻²:    1.00
Starting Meta-MD   3 with the settings:
     MD time /ps        :    10.0
     dt /fs             :     1.5
     dumpstep(trj) /fs  :     200
     dumpstep(Vbias)/ps :     1.0
     Vbias factor k /Eh :  0.2978
     Vbias exp α /bohr⁻²:    1.00
Starting Meta-MD   4 with the settings:
     MD time /ps        :    10.0
     dt /fs             :     1.5
     dumpstep(trj) /fs  :     200
     dumpstep(Vbias)/ps :     1.0
     Vbias factor k /Eh :  0.6700
     Vbias exp α /bohr⁻²:    0.67
Starting Meta-MD   5 with the settings:
     MD time /ps        :    10.0
     dt /fs             :     1.5
     dumpstep(trj) /fs  :     200
     dumpstep(Vbias)/ps :     1.0
     Vbias factor k /Eh :  0.4467
     Vbias exp α /bohr⁻²:    0.67
Starting Meta-MD   7 with the settings:
     MD time /ps        :    10.0
     dt /fs             :     1.5
     dumpstep(trj) /fs  :     200
     dumpstep(Vbias)/ps :     1.0
     Vbias factor k /Eh :  0.6700
     Vbias exp α /bohr⁻²:    0.44
Starting Meta-MD   8 with the settings:
     MD time /ps        :    10.0
     dt /fs             :     1.5
     dumpstep(trj) /fs  :     200
     dumpstep(Vbias)/ps :     1.0
     Vbias factor k /Eh :  0.4467
     Vbias exp α /bohr⁻²:    0.44
Starting Meta-MD  10 with the settings:
     MD time /ps        :    10.0
     dt /fs             :     1.5
     dumpstep(trj) /fs  :     200
     dumpstep(Vbias)/ps :     1.0
     Vbias factor k /Eh :  0.6700
     Vbias exp α /bohr⁻²:    0.30
Starting Meta-MD   6 with the settings:
     MD time /ps        :    10.0
     dt /fs             :     1.5
     dumpstep(trj) /fs  :     200
     dumpstep(Vbias)/ps :     1.0
     Vbias factor k /Eh :  0.2978
     Vbias exp α /bohr⁻²:    0.67
Starting Meta-MD   9 with the settings:
     MD time /ps        :    10.0
     dt /fs             :     1.5
     dumpstep(trj) /fs  :     200
     dumpstep(Vbias)/ps :     1.0
     Vbias factor k /Eh :  0.2978
     Vbias exp α /bohr⁻²:    0.44
*Meta-MTD 8 finished*
*Meta-MTD 5 finished*
*Meta-MTD 1 finished*
*Meta-MTD 7 finished*
*Meta-MTD 9 finished*
*Meta-MTD 6 finished*
*Meta-MTD 2 finished*
*Meta-MTD 4 finished*
*Meta-MTD 3 finished*
*Meta-MTD 10 finished*
 
-----------------------
Multilevel Optimization
-----------------------
 
 -------------------------
 1. crude pre-optimization
 -------------------------
 Optimizing all 500 structures from file "crest_rotamers_0.xyz" ...
 1 2 3 4 5 6 7 8 9 10 11 12 13 14 15 16 17 18 19 20 21 22 23 24 25 26 27 28 29 30 31 32 33 34 35 36 37 38 39 40 41 42 43 44 45 46 47 48 49 50 51 52 53 54 55 56 57 58 59 60 61 62 63 64 65 66 67 68 69 70 71 72 73 74 75 76 77 78 79 80 81 82 83 84 85 86 87 88 89 90 91 92 93 94 95 96 97 98 99 100 101 102 103 104 105 106 107 108 109 110 111 112 113 114 115 116 117 118 119 120 121 122 123 124 125 126 127 128 129 130 131 132 133 134 135 136 137 138 139 140 141 142 143 144 145 146 147 148 149 150 151 152 153 154 155 156 157 158 159 160 161 162 163 164 165 166 167 168 169 170 171 172 173 174 175 176 177 178 179 180 181 182 183 184 185 186 187 188 189 190 191 192 193 194 195 196 197 198 199 200 201 202 203 204 205 206 207 208 209 210 211 212 213 214 215 216 217 218 219 220 221 222 223 224 225 226 227 228 229 230 231 232 233 234 235 236 237 238 239 240 241 242 243 244 245 246 247 248 249 250 251 252 253 254 255 256 257 258 259 260 261 262 263 264 265 266 267 268 269 270 271 272 273 274 275 276 277 278 279 280 281 282 283 284 285 286 287 288 289 290 291 292 293 294 295 296 297 298 299 300 301 302 303 304 305 306 307 308 309 310 311 312 313 314 315 316 317 318 319 320 321 322 323 324 325 326 327 328 329 330 331 332 333 334 335 336 337 338 339 340 341 342 343 344 345 346 347 348 349 350 351 352 353 354 355 356 357 358 359 360 361 362 363 364 365 366 367 368 369 370 371 372 373 374 375 376 377 378 379 380 381 382 383 384 385 386 387 388 389 390 391 392 393 394 395 396 397 398 399 400 401 402 403 404 405 406 407 408 409 410 411 412 413 414 415 416 417 418 419 420 421 422 423 424 425 426 427 428 429 430 431 432 433 434 435 436 437 438 439 440 441 442 443 444 445 446 447 448 449 450 451 452 453 454 455 456 457 458 459 460 461 462 463 464 465 466 467 468 469 470 471 472 473 474 475 476 477 478 479 480 481 482 483 484 485 486 487 488 489 490 491 492 493 494 495 496 497 498 499 500
 done.
 input  file name : crest_rotamers_1.xyz
 output file name : crest_rotamers_2.xyz
 reference state Etot :  -61.8883750200000     
 500 structures remain within     6.00 kcal/mol window
 
 ...............................................
 A new lower conformer was found!
 Improved by    0.00069 Eh or    0.43224kcal/mol
 ...............................................
 
========================================
            MTD Iteration  4
========================================
 
     ========================================
     |         Meta-MD (MTD) Sampling       |
     ========================================
 
Starting Meta-MD  10 with the settings:
     MD time /ps        :    10.0
     dt /fs             :     1.5
     dumpstep(trj) /fs  :     200
     dumpstep(Vbias)/ps :     1.0
     Vbias factor k /Eh :  0.6700
     Vbias exp α /bohr⁻²:    0.30
Starting Meta-MD   1 with the settings:
     MD time /ps        :    10.0
     dt /fs             :     1.5
     dumpstep(trj) /fs  :     200
     dumpstep(Vbias)/ps :     1.0
     Vbias factor k /Eh :  0.6700
     Vbias exp α /bohr⁻²:    1.00
Starting Meta-MD   2 with the settings:
     MD time /ps        :    10.0
     dt /fs             :     1.5
     dumpstep(trj) /fs  :     200
     dumpstep(Vbias)/ps :     1.0
     Vbias factor k /Eh :  0.4467
     Vbias exp α /bohr⁻²:    1.00
Starting Meta-MD   3 with the settings:
     MD time /ps        :    10.0
     dt /fs             :     1.5
     dumpstep(trj) /fs  :     200
     dumpstep(Vbias)/ps :     1.0
     Vbias factor k /Eh :  0.2978
     Vbias exp α /bohr⁻²:    1.00
Starting Meta-MD   4 with the settings:
     MD time /ps        :    10.0
     dt /fs             :     1.5
     dumpstep(trj) /fs  :     200
     dumpstep(Vbias)/ps :     1.0
     Vbias factor k /Eh :  0.6700
     Vbias exp α /bohr⁻²:    0.67
Starting Meta-MD   5 with the settings:
     MD time /ps        :    10.0
     dt /fs             :     1.5
     dumpstep(trj) /fs  :     200
     dumpstep(Vbias)/ps :     1.0
     Vbias factor k /Eh :  0.4467
     Vbias exp α /bohr⁻²:    0.67
Starting Meta-MD   7 with the settings:
     MD time /ps        :    10.0
     dt /fs             :     1.5
     dumpstep(trj) /fs  :     200
     dumpstep(Vbias)/ps :     1.0
     Vbias factor k /Eh :  0.6700
     Vbias exp α /bohr⁻²:    0.44
Starting Meta-MD   8 with the settings:
     MD time /ps        :    10.0
     dt /fs             :     1.5
     dumpstep(trj) /fs  :     200
     dumpstep(Vbias)/ps :     1.0
     Vbias factor k /Eh :  0.4467
     Vbias exp α /bohr⁻²:    0.44
Starting Meta-MD   6 with the settings:
     MD time /ps        :    10.0
     dt /fs             :     1.5
     dumpstep(trj) /fs  :     200
     dumpstep(Vbias)/ps :     1.0
     Vbias factor k /Eh :  0.2978
     Vbias exp α /bohr⁻²:    0.67
Starting Meta-MD   9 with the settings:
     MD time /ps        :    10.0
     dt /fs             :     1.5
     dumpstep(trj) /fs  :     200
     dumpstep(Vbias)/ps :     1.0
     Vbias factor k /Eh :  0.2978
     Vbias exp α /bohr⁻²:    0.44
*Meta-MTD 2 finished*
*Meta-MTD 3 finished*
*Meta-MTD 4 finished*
*Meta-MTD 5 finished*
*Meta-MTD 7 finished*
*Meta-MTD 1 finished*
*Meta-MTD 10 finished*
*Meta-MTD 8 finished*
*Meta-MTD 9 finished*
*Meta-MTD 6 finished*
 
-----------------------
Multilevel Optimization
-----------------------
 
 -------------------------
 1. crude pre-optimization
 -------------------------
 Optimizing all 500 structures from file "crest_rotamers_0.xyz" ...
 1 2 3 4 5 6 7 8 9 10 11 12 13 14 15 16 17 18 19 20 21 22 23 24 25 26 27 28 29 30 31 32 33 34 35 36 37 38 39 40 41 42 43 44 45 46 47 48 49 50 51 52 53 54 55 56 57 58 59 60 61 62 63 64 65 66 67 68 69 70 71 72 73 74 75 76 77 78 79 80 81 82 83 84 85 86 87 88 89 90 91 92 93 94 95 96 97 98 99 100 101 102 103 104 105 106 107 108 109 110 111 112 113 114 115 116 117 118 119 120 121 122 123 124 125 126 127 128 129 130 131 132 133 134 135 136 137 138 139 140 141 142 143 144 145 146 147 148 149 150 151 152 153 154 155 156 157 158 159 160 161 162 163 164 165 166 167 168 169 170 171 172 173 174 175 176 177 178 179 180 181 182 183 184 185 186 187 188 189 190 191 192 193 194 195 196 197 198 199 200 201 202 203 204 205 206 207 208 209 210 211 212 213 214 215 216 217 218 219 220 221 222 223 224 225 226 227 228 229 230 231 232 233 234 235 236 237 238 239 240 241 242 243 244 245 246 247 248 249 250 251 252 253 254 255 256 257 258 259 260 261 262 263 264 265 266 267 268 269 270 271 272 273 274 275 276 277 278 279 280 281 282 283 284 285 286 287 288 289 290 291 292 293 294 295 296 297 298 299 300 301 302 303 304 305 306 307 308 309 310 311 312 313 314 315 316 317 318 319 320 321 322 323 324 325 326 327 328 329 330 331 332 333 334 335 336 337 338 339 340 341 342 343 344 345 346 347 348 349 350 351 352 353 354 355 356 357 358 359 360 361 362 363 364 365 366 367 368 369 370 371 372 373 374 375 376 377 378 379 380 381 382 383 384 385 386 387 388 389 390 391 392 393 394 395 396 397 398 399 400 401 402 403 404 405 406 407 408 409 410 411 412 413 414 415 416 417 418 419 420 421 422 423 424 425 426 427 428 429 430 431 432 433 434 435 436 437 438 439 440 441 442 443 444 445 446 447 448 449 450 451 452 453 454 455 456 457 458 459 460 461 462 463 464 465 466 467 468 469 470 471 472 473 474 475 476 477 478 479 480 481 482 483 484 485 486 487 488 489 490 491 492 493 494 495 496 497 498 499 500
 done.
 input  file name : crest_rotamers_1.xyz
 output file name : crest_rotamers_2.xyz
 reference state Etot :  -61.9021770300000     
 500 structures remain within     6.00 kcal/mol window
 
 ...............................................
 A new lower conformer was found!
 Improved by    0.01380 Eh or    8.66089kcal/mol
 ...............................................
 
========================================
            MTD Iteration  5
========================================
 
     ========================================
     |         Meta-MD (MTD) Sampling       |
     ========================================
 
Starting Meta-MD   1 with the settings:
     MD time /ps        :    10.0
     dt /fs             :     1.5
     dumpstep(trj) /fs  :     200
     dumpstep(Vbias)/ps :     1.0
     Vbias factor k /Eh :  0.6700
     Vbias exp α /bohr⁻²:    1.00
Starting Meta-MD   2 with the settings:
     MD time /ps        :    10.0
     dt /fs             :     1.5
     dumpstep(trj) /fs  :     200
     dumpstep(Vbias)/ps :     1.0
     Vbias factor k /Eh :  0.4467
     Vbias exp α /bohr⁻²:    1.00
Starting Meta-MD   3 with the settings:
     MD time /ps        :    10.0
     dt /fs             :     1.5
     dumpstep(trj) /fs  :     200
     dumpstep(Vbias)/ps :     1.0
     Vbias factor k /Eh :  0.2978
     Vbias exp α /bohr⁻²:    1.00
Starting Meta-MD   4 with the settings:
     MD time /ps        :    10.0
     dt /fs             :     1.5
     dumpstep(trj) /fs  :     200
     dumpstep(Vbias)/ps :     1.0
     Vbias factor k /Eh :  0.6700
     Vbias exp α /bohr⁻²:    0.67
Starting Meta-MD   5 with the settings:
     MD time /ps        :    10.0
     dt /fs             :     1.5
     dumpstep(trj) /fs  :     200
     dumpstep(Vbias)/ps :     1.0
     Vbias factor k /Eh :  0.4467
     Vbias exp α /bohr⁻²:    0.67
Starting Meta-MD   6 with the settings:
     MD time /ps        :    10.0
     dt /fs             :     1.5
     dumpstep(trj) /fs  :     200
     dumpstep(Vbias)/ps :     1.0
     Vbias factor k /Eh :  0.2978
     Vbias exp α /bohr⁻²:    0.67
Starting Meta-MD  10 with the settings:
     MD time /ps        :    10.0
     dt /fs             :     1.5
     dumpstep(trj) /fs  :     200
     dumpstep(Vbias)/ps :     1.0
     Vbias factor k /Eh :  0.6700
     Vbias exp α /bohr⁻²:    0.30
Starting Meta-MD   7 with the settings:
     MD time /ps        :    10.0
     dt /fs             :     1.5
     dumpstep(trj) /fs  :     200
     dumpstep(Vbias)/ps :     1.0
     Vbias factor k /Eh :  0.6700
     Vbias exp α /bohr⁻²:    0.44
Starting Meta-MD   8 with the settings:
     MD time /ps        :    10.0
     dt /fs             :     1.5
     dumpstep(trj) /fs  :     200
     dumpstep(Vbias)/ps :     1.0
     Vbias factor k /Eh :  0.4467
     Vbias exp α /bohr⁻²:    0.44
Starting Meta-MD   9 with the settings:
     MD time /ps        :    10.0
     dt /fs             :     1.5
     dumpstep(trj) /fs  :     200
     dumpstep(Vbias)/ps :     1.0
     Vbias factor k /Eh :  0.2978
     Vbias exp α /bohr⁻²:    0.44
*Meta-MTD 4 finished*
*Meta-MTD 9 finished*
*Meta-MTD 3 finished*
*Meta-MTD 5 finished*
*Meta-MTD 1 finished*
*Meta-MTD 2 finished*
*Meta-MTD 8 finished*
*Meta-MTD 6 finished*
*Meta-MTD 7 finished*
*Meta-MTD 10 finished*
 
-----------------------
Multilevel Optimization
-----------------------
 
 -------------------------
 1. crude pre-optimization
 -------------------------
 Optimizing all 500 structures from file "crest_rotamers_0.xyz" ...
 1 2 3 4 5 6 7 8 9 10 11 12 13 14 15 16 17 18 19 20 21 22 23 24 25 26 27 28 29 30 31 32 33 34 35 36 37 38 39 40 41 42 43 44 45 46 47 48 49 50 51 52 53 54 55 56 57 58 59 60 61 62 63 64 65 66 67 68 69 70 71 72 73 74 75 76 77 78 79 80 81 82 83 84 85 86 87 88 89 90 91 92 93 94 95 96 97 98 99 100 101 102 103 104 105 106 107 108 109 110 111 112 113 114 115 116 117 118 119 120 121 122 123 124 125 126 127 128 129 130 131 132 133 134 135 136 137 138 139 140 141 142 143 144 145 146 147 148 149 150 151 152 153 154 155 156 157 158 159 160 161 162 163 164 165 166 167 168 169 170 171 172 173 174 175 176 177 178 179 180 181 182 183 184 185 186 187 188 189 190 191 192 193 194 195 196 197 198 199 200 201 202 203 204 205 206 207 208 209 210 211 212 213 214 215 216 217 218 219 220 221 222 223 224 225 226 227 228 229 230 231 232 233 234 235 236 237 238 239 240 241 242 243 244 245 246 247 248 249 250 251 252 253 254 255 256 257 258 259 260 261 262 263 264 265 266 267 268 269 270 271 272 273 274 275 276 277 278 279 280 281 282 283 284 285 286 287 288 289 290 291 292 293 294 295 296 297 298 299 300 301 302 303 304 305 306 307 308 309 310 311 312 313 314 315 316 317 318 319 320 321 322 323 324 325 326 327 328 329 330 331 332 333 334 335 336 337 338 339 340 341 342 343 344 345 346 347 348 349 350 351 352 353 354 355 356 357 358 359 360 361 362 363 364 365 366 367 368 369 370 371 372 373 374 375 376 377 378 379 380 381 382 383 384 385 386 387 388 389 390 391 392 393 394 395 396 397 398 399 400 401 402 403 404 405 406 407 408 409 410 411 412 413 414 415 416 417 418 419 420 421 422 423 424 425 426 427 428 429 430 431 432 433 434 435 436 437 438 439 440 441 442 443 444 445 446 447 448 449 450 451 452 453 454 455 456 457 458 459 460 461 462 463 464 465 466 467 468 469 470 471 472 473 474 475 476 477 478 479 480 481 482 483 484 485 486 487 488 489 490 491 492 493 494 495 496 497 498 499 500
 done.
 input  file name : crest_rotamers_1.xyz
 output file name : crest_rotamers_2.xyz
 reference state Etot :  -61.9072389800000     
 500 structures remain within     6.00 kcal/mol window
 
 ...............................................
 A new lower conformer was found!
 Improved by    0.00506 Eh or    3.17642kcal/mol
 ...............................................
========================================
            MTD Iterations done         
========================================
 Collecting ensmbles.
 running RMSDs...
 done.
 E lowest :   -61.90724
 2 structures remain within     3.00 kcal/mol window
 
-----------------------------------------------
Additional regular MDs on lowest 2 conformer(s)
-----------------------------------------------
Starting MD   1 with the settings:
     MD time /ps        :     5.0
     MD Temperature /K  :   400.0
     dt /fs             :     1.5
     dumpstep(trj) /fs  :     200
Starting MD   4 with the settings:
     MD time /ps        :     5.0
     MD Temperature /K  :   500.0
     dt /fs             :     1.5
     dumpstep(trj) /fs  :     200
Starting MD   2 with the settings:
     MD time /ps        :     5.0
     MD Temperature /K  :   500.0
     dt /fs             :     1.5
     dumpstep(trj) /fs  :     200
Starting MD   3 with the settings:
     MD time /ps        :     5.0
     MD Temperature /K  :   400.0
     dt /fs             :     1.5
     dumpstep(trj) /fs  :     200
*MD 1 finished*
*MD 3 finished*
*MD 2 finished*
*MD 4 finished*
 Appending file crest_rotamers_1.xyz with new structures
 
 --------------------------------------------
 Ensemble optimization with normal thresholds
 --------------------------------------------
 Optimizing all 102 structures from file "crest_rotamers_1.xyz" ...
 1 2 3 4 5 6 7 8 9 10 11 12 13 14 15 16 17 18 19 20 21 22 23 24 25 26 27 28 29 30 31 32 33 34 35 36 37 38 39 40 41 42 43 44 45 46 47 48 49 50 51 52 53 54 55 56 57 58 59 60 61 62 63 64 65 66 67 68 69 70 71 72 73 74 75 76 77 78 79 80 81 82 83 84 85 86 87 88 89 90 91 92 93 94 95 96 97 98 99 100 101 102
 done.
 input  file name : crest_rotamers_2.xyz
 output file name : crest_rotamers_3.xyz
 reference state Etot :  -61.9160293900000     
 102 structures remain within     3.00 kcal/mol window
 
 ...............................................
 A new lower conformer was found!
 Improved by    0.00879 Eh or    5.51607kcal/mol
 ...............................................
 
*******************************************************************************************
**                        N E W    I T E R A T I O N    C Y C L E                        **
*******************************************************************************************
 
========================================
            MTD Iteration  1
========================================
 
     ========================================
     |         Meta-MD (MTD) Sampling       |
     ========================================
 
Starting Meta-MD   1 with the settings:
     MD time /ps        :    10.0
     dt /fs             :     1.5
     dumpstep(trj) /fs  :     200
     dumpstep(Vbias)/ps :     1.0
     Vbias factor k /Eh :  0.6700
     Vbias exp α /bohr⁻²:    1.00
Starting Meta-MD  10 with the settings:
     MD time /ps        :    10.0
     dt /fs             :     1.5
     dumpstep(trj) /fs  :     200
     dumpstep(Vbias)/ps :     1.0
     Vbias factor k /Eh :  0.6700
     Vbias exp α /bohr⁻²:    0.30
Starting Meta-MD   2 with the settings:
     MD time /ps        :    10.0
     dt /fs             :     1.5
     dumpstep(trj) /fs  :     200
     dumpstep(Vbias)/ps :     1.0
     Vbias factor k /Eh :  0.4467
     Vbias exp α /bohr⁻²:    1.00
Starting Meta-MD   3 with the settings:
     MD time /ps        :    10.0
     dt /fs             :     1.5
     dumpstep(trj) /fs  :     200
     dumpstep(Vbias)/ps :     1.0
     Vbias factor k /Eh :  0.2978
     Vbias exp α /bohr⁻²:    1.00
Starting Meta-MD   4 with the settings:
     MD time /ps        :    10.0
     dt /fs             :     1.5
     dumpstep(trj) /fs  :     200
     dumpstep(Vbias)/ps :     1.0
     Vbias factor k /Eh :  0.6700
     Vbias exp α /bohr⁻²:    0.67
Starting Meta-MD   5 with the settings:
     MD time /ps        :    10.0
     dt /fs             :     1.5
     dumpstep(trj) /fs  :     200
     dumpstep(Vbias)/ps :     1.0
     Vbias factor k /Eh :  0.4467
     Vbias exp α /bohr⁻²:    0.67
Starting Meta-MD   6 with the settings:
     MD time /ps        :    10.0
     dt /fs             :     1.5
     dumpstep(trj) /fs  :     200
     dumpstep(Vbias)/ps :     1.0
     Vbias factor k /Eh :  0.2978
     Vbias exp α /bohr⁻²:    0.67
Starting Meta-MD   7 with the settings:
     MD time /ps        :    10.0
     dt /fs             :     1.5
     dumpstep(trj) /fs  :     200
     dumpstep(Vbias)/ps :     1.0
     Vbias factor k /Eh :  0.6700
     Vbias exp α /bohr⁻²:    0.44
Starting Meta-MD   8 with the settings:
     MD time /ps        :    10.0
     dt /fs             :     1.5
     dumpstep(trj) /fs  :     200
     dumpstep(Vbias)/ps :     1.0
     Vbias factor k /Eh :  0.4467
     Vbias exp α /bohr⁻²:    0.44
Starting Meta-MD   9 with the settings:
     MD time /ps        :    10.0
     dt /fs             :     1.5
     dumpstep(trj) /fs  :     200
     dumpstep(Vbias)/ps :     1.0
     Vbias factor k /Eh :  0.2978
     Vbias exp α /bohr⁻²:    0.44
*Meta-MTD 2 finished*
*Meta-MTD 6 finished*
*Meta-MTD 5 finished*
*Meta-MTD 3 finished*
*Meta-MTD 8 finished*
*Meta-MTD 1 finished*
*Meta-MTD 4 finished*
*Meta-MTD 10 finished*
*Meta-MTD 9 finished*
*Meta-MTD 7 finished*
 
-----------------------
Multilevel Optimization
-----------------------
 
 -------------------------
 1. crude pre-optimization
 -------------------------
 Optimizing all 500 structures from file "crest_rotamers_0.xyz" ...
 1 2 3 4 5 6 7 8 9 10 11 12 13 14 15 16 17 18 19 20 21 22 23 24 25 26 27 28 29 30 31 32 33 34 35 36 37 38 39 40 41 42 43 44 45 46 47 48 49 50 51 52 53 54 55 56 57 58 59 60 61 62 63 64 65 66 67 68 69 70 71 72 73 74 75 76 77 78 79 80 81 82 83 84 85 86 87 88 89 90 91 92 93 94 95 96 97 98 99 100 101 102 103 104 105 106 107 108 109 110 111 112 113 114 115 116 117 118 119 120 121 122 123 124 125 126 127 128 129 130 131 132 133 134 135 136 137 138 139 140 141 142 143 144 145 146 147 148 149 150 151 152 153 154 155 156 157 158 159 160 161 162 163 164 165 166 167 168 169 170 171 172 173 174 175 176 177 178 179 180 181 182 183 184 185 186 187 188 189 190 191 192 193 194 195 196 197 198 199 200 201 202 203 204 205 206 207 208 209 210 211 212 213 214 215 216 217 218 219 220 221 222 223 224 225 226 227 228 229 230 231 232 233 234 235 236 237 238 239 240 241 242 243 244 245 246 247 248 249 250 251 252 253 254 255 256 257 258 259 260 261 262 263 264 265 266 267 268 269 270 271 272 273 274 275 276 277 278 279 280 281 282 283 284 285 286 287 288 289 290 291 292 293 294 295 296 297 298 299 300 301 302 303 304 305 306 307 308 309 310 311 312 313 314 315 316 317 318 319 320 321 322 323 324 325 326 327 328 329 330 331 332 333 334 335 336 337 338 339 340 341 342 343 344 345 346 347 348 349 350 351 352 353 354 355 356 357 358 359 360 361 362 363 364 365 366 367 368 369 370 371 372 373 374 375 376 377 378 379 380 381 382 383 384 385 386 387 388 389 390 391 392 393 394 395 396 397 398 399 400 401 402 403 404 405 406 407 408 409 410 411 412 413 414 415 416 417 418 419 420 421 422 423 424 425 426 427 428 429 430 431 432 433 434 435 436 437 438 439 440 441 442 443 444 445 446 447 448 449 450 451 452 453 454 455 456 457 458 459 460 461 462 463 464 465 466 467 468 469 470 471 472 473 474 475 476 477 478 479 480 481 482 483 484 485 486 487 488 489 490 491 492 493 494 495 496 497 498 499 500
 done.
 input  file name : crest_rotamers_1.xyz
 output file name : crest_rotamers_2.xyz
 reference state Etot :  -61.9098535500000     
 500 structures remain within     6.00 kcal/mol window
 
========================================
            MTD Iterations done         
========================================
 Collecting ensmbles.
 running RMSDs...
 done.
 E lowest :   -61.90985
 1 structures remain within     3.00 kcal/mol window
 
-----------------------------------------------
Additional regular MDs on lowest 1 conformer(s)
-----------------------------------------------
Starting MD   2 with the settings:
     MD time /ps        :     5.0
     MD Temperature /K  :   500.0
     dt /fs             :     1.5
     dumpstep(trj) /fs  :     200
Starting MD   1 with the settings:
     MD time /ps        :     5.0
     MD Temperature /K  :   400.0
     dt /fs             :     1.5
     dumpstep(trj) /fs  :     200
*MD 1 finished*
*MD 2 finished*
 Appending file crest_rotamers_1.xyz with new structures
 
 --------------------------------------------
 Ensemble optimization with normal thresholds
 --------------------------------------------
 Optimizing all 51 structures from file "crest_rotamers_1.xyz" ...
 1 2 3 4 5 6 7 8 9 10 11 12 13 14 15 16 17 18 19 20 21 22 23 24 25 26 27 28 29 30 31 32 33 34 35 36 37 38 39 40 41 42 43 44 45 46 47 48 49 50 51
 done.
 input  file name : crest_rotamers_2.xyz
 output file name : crest_rotamers_3.xyz
 reference state Etot :  -61.9223266000000     
 51 structures remain within     3.00 kcal/mol window
 
 ...............................................
 A new lower conformer was found!
 Improved by    0.00630 Eh or    3.95156kcal/mol
 ...............................................
 
*******************************************************************************************
**                        N E W    I T E R A T I O N    C Y C L E                        **
*******************************************************************************************
 
========================================
            MTD Iteration  1
========================================
 
     ========================================
     |         Meta-MD (MTD) Sampling       |
     ========================================
 
Starting Meta-MD   2 with the settings:
     MD time /ps        :    10.0
     dt /fs             :     1.5
     dumpstep(trj) /fs  :     200
     dumpstep(Vbias)/ps :     1.0
     Vbias factor k /Eh :  0.4467
     Vbias exp α /bohr⁻²:    1.00
Starting Meta-MD   1 with the settings:
     MD time /ps        :    10.0
     dt /fs             :     1.5
     dumpstep(trj) /fs  :     200
     dumpstep(Vbias)/ps :     1.0
     Vbias factor k /Eh :  0.6700
     Vbias exp α /bohr⁻²:    1.00
Starting Meta-MD   3 with the settings:
     MD time /ps        :    10.0
     dt /fs             :     1.5
     dumpstep(trj) /fs  :     200
     dumpstep(Vbias)/ps :     1.0
     Vbias factor k /Eh :  0.2978
     Vbias exp α /bohr⁻²:    1.00
Starting Meta-MD   4 with the settings:
     MD time /ps        :    10.0
     dt /fs             :     1.5
     dumpstep(trj) /fs  :     200
     dumpstep(Vbias)/ps :     1.0
     Vbias factor k /Eh :  0.6700
     Vbias exp α /bohr⁻²:    0.67
Starting Meta-MD  10 with the settings:
     MD time /ps        :    10.0
     dt /fs             :     1.5
     dumpstep(trj) /fs  :     200
     dumpstep(Vbias)/ps :     1.0
     Vbias factor k /Eh :  0.6700
     Vbias exp α /bohr⁻²:    0.30
Starting Meta-MD   6 with the settings:
     MD time /ps        :    10.0
     dt /fs             :     1.5
     dumpstep(trj) /fs  :     200
     dumpstep(Vbias)/ps :     1.0
     Vbias factor k /Eh :  0.2978
     Vbias exp α /bohr⁻²:    0.67
Starting Meta-MD   5 with the settings:
     MD time /ps        :    10.0
     dt /fs             :     1.5
     dumpstep(trj) /fs  :     200
     dumpstep(Vbias)/ps :     1.0
     Vbias factor k /Eh :  0.4467
     Vbias exp α /bohr⁻²:    0.67
Starting Meta-MD   7 with the settings:
     MD time /ps        :    10.0
     dt /fs             :     1.5
     dumpstep(trj) /fs  :     200
     dumpstep(Vbias)/ps :     1.0
     Vbias factor k /Eh :  0.6700
     Vbias exp α /bohr⁻²:    0.44
Starting Meta-MD   8 with the settings:
     MD time /ps        :    10.0
     dt /fs             :     1.5
     dumpstep(trj) /fs  :     200
     dumpstep(Vbias)/ps :     1.0
     Vbias factor k /Eh :  0.4467
     Vbias exp α /bohr⁻²:    0.44
Starting Meta-MD   9 with the settings:
     MD time /ps        :    10.0
     dt /fs             :     1.5
     dumpstep(trj) /fs  :     200
     dumpstep(Vbias)/ps :     1.0
     Vbias factor k /Eh :  0.2978
     Vbias exp α /bohr⁻²:    0.44
*Meta-MTD 9 finished*
*Meta-MTD 7 finished*
*Meta-MTD 3 finished*
*Meta-MTD 4 finished*
*Meta-MTD 1 finished*
*Meta-MTD 6 finished*
*Meta-MTD 2 finished*
*Meta-MTD 5 finished*
*Meta-MTD 8 finished*
*Meta-MTD 10 finished*
 
-----------------------
Multilevel Optimization
-----------------------
 
 -------------------------
 1. crude pre-optimization
 -------------------------
 Optimizing all 500 structures from file "crest_rotamers_0.xyz" ...
 1 2 3 4 5 6 7 8 9 10 11 12 13 14 15 16 17 18 19 20 21 22 23 24 25 26 27 28 29 30 31 32 33 34 35 36 37 38 39 40 41 42 43 44 45 46 47 48 49 50 51 52 53 54 55 56 57 58 59 60 61 62 63 64 65 66 67 68 69 70 71 72 73 74 75 76 77 78 79 80 81 82 83 84 85 86 87 88 89 90 91 92 93 94 95 96 97 98 99 100 101 102 103 104 105 106 107 108 109 110 111 112 113 114 115 116 117 118 119 120 121 122 123 124 125 126 127 128 129 130 131 132 133 134 135 136 137 138 139 140 141 142 143 144 145 146 147 148 149 150 151 152 153 154 155 156 157 158 159 160 161 162 163 164 165 166 167 168 169 170 171 172 173 174 175 176 177 178 179 180 181 182 183 184 185 186 187 188 189 190 191 192 193 194 195 196 197 198 199 200 201 202 203 204 205 206 207 208 209 210 211 212 213 214 215 216 217 218 219 220 221 222 223 224 225 226 227 228 229 230 231 232 233 234 235 236 237 238 239 240 241 242 243 244 245 246 247 248 249 250 251 252 253 254 255 256 257 258 259 260 261 262 263 264 265 266 267 268 269 270 271 272 273 274 275 276 277 278 279 280 281 282 283 284 285 286 287 288 289 290 291 292 293 294 295 296 297 298 299 300 301 302 303 304 305 306 307 308 309 310 311 312 313 314 315 316 317 318 319 320 321 322 323 324 325 326 327 328 329 330 331 332 333 334 335 336 337 338 339 340 341 342 343 344 345 346 347 348 349 350 351 352 353 354 355 356 357 358 359 360 361 362 363 364 365 366 367 368 369 370 371 372 373 374 375 376 377 378 379 380 381 382 383 384 385 386 387 388 389 390 391 392 393 394 395 396 397 398 399 400 401 402 403 404 405 406 407 408 409 410 411 412 413 414 415 416 417 418 419 420 421 422 423 424 425 426 427 428 429 430 431 432 433 434 435 436 437 438 439 440 441 442 443 444 445 446 447 448 449 450 451 452 453 454 455 456 457 458 459 460 461 462 463 464 465 466 467 468 469 470 471 472 473 474 475 476 477 478 479 480 481 482 483 484 485 486 487 488 489 490 491 492 493 494 495 496 497 498 499 500
 done.
 input  file name : crest_rotamers_1.xyz
 output file name : crest_rotamers_2.xyz
 reference state Etot :  -61.9120262700000     
 500 structures remain within     6.00 kcal/mol window
 
========================================
            MTD Iterations done         
========================================
 Collecting ensmbles.
 running RMSDs...
 done.
 E lowest :   -61.91203
 1 structures remain within     3.00 kcal/mol window
 
-----------------------------------------------
Additional regular MDs on lowest 1 conformer(s)
-----------------------------------------------
Starting MD   2 with the settings:
     MD time /ps        :     5.0
     MD Temperature /K  :   500.0
     dt /fs             :     1.5
     dumpstep(trj) /fs  :     200
Starting MD   1 with the settings:
     MD time /ps        :     5.0
     MD Temperature /K  :   400.0
     dt /fs             :     1.5
     dumpstep(trj) /fs  :     200
*MD 1 finished*
*MD 2 finished*
 Appending file crest_rotamers_1.xyz with new structures
 
 --------------------------------------------
 Ensemble optimization with normal thresholds
 --------------------------------------------
 Optimizing all 51 structures from file "crest_rotamers_1.xyz" ...
 1 2 3 4 5 6 7 8 9 10 11 12 13 14 15 16 17 18 19 20 21 22 23 24 25 26 27 28 29 30 31 32 33 34 35 36 37 38 39 40 41 42 43 44 45 46 47 48 49 50 51
 done.
 input  file name : crest_rotamers_2.xyz
 output file name : crest_rotamers_3.xyz
 reference state Etot :  -61.9190048400000     
 51 structures remain within     3.00 kcal/mol window
 
 
 
   ================================================
   |           Final Geometry Optimization        |
   ================================================
 --------------------------------------------
 Ensemble optimization with normal thresholds
 --------------------------------------------
 Optimizing all 51 structures from file "crest_rotamers_3.xyz" ...
 1 2 3 4 5 6 7 8 9 10 11 12 13 14 15 16 17 18 19 20 21 22 23 24 25 26 27 28 29 30 31 32 33 34 35 36 37 38 39 40 41 42 43 44 45 46 47 48 49 50 51
 done.
 input  file name : crest_rotamers_4.xyz
 output file name : crest_rotamers_5.xyz
 reference state Etot :  -61.9190044300000     
 51 structures remain within     3.00 kcal/mol window
 
  GFN2-xTB optimization
 --------------------------------------------
 Ensemble optimization with normal thresholds
 --------------------------------------------
 Optimizing all 51 structures from file "crest_rotamers_5.xyz" ...
 1 2 3 4 5 6 7 8 9 10 11 12 13 14 15 16 17 18 19 20 21 22 23 24 25 26 27 28 29 30 31 32 33 34 35 36 37 38 39 40 41 42 43 44 45 46 47 48 49 50 51
 done.
 
 -------------------------------------------
 Ensemble optimization with tight thresholds
 -------------------------------------------
 Optimizing all 51 structures from file "crest_rotamers_6.xyz" ...
 1 2 3 4 5 6 7 8 9 10 11 12 13 14 15 16 17 18 19 20 21 22 23 24 25 26 27 28 29 30 31 32 33 34 35 36 37 38 39 40 41 42 43 44 45 46 47 48 49 50 51
 done.
 
 
  Single point computation with GBSA model
  51 jobs to do.
 
  done.
 
  Cluster   E /Eh        Density  Efix       R   av/act. Surface   Opt
    1      -906.097266   1.371    0.000    14.0  17.4     6907.7   tight
    2      -906.089082   1.361    0.000    14.4  20.6     7147.0   tight
    3      -906.092729   1.365    0.000    14.4  21.1     6976.1   tight
    4      -906.117992   1.363    0.000    14.1  20.5     7231.9   tight
    5      -906.124924   1.366    0.000    14.0  19.6     7070.0   tight
    6      -906.100571   1.360    0.000    14.4  18.8     7130.1   tight
    7      -906.113987   1.363    0.000    13.9  17.6     7117.8   tight
    8      -906.106960   1.367    0.000    14.2  21.8     7053.6   tight
    9      -906.087019   1.371    0.000    14.3  19.5     6886.8   tight
   10      -906.108547   1.359    0.000    14.4  20.0     7187.3   tight
   11      -906.146081   1.369    0.000    14.0  19.8     7114.0   tight
   12      -906.123706   1.367    0.000    14.2  18.4     7009.4   tight
   13      -906.107644   1.368    0.000    14.3  19.3     7022.5   tight
   14      -906.076983   1.356    0.000    14.1  19.5     7290.6   tight
   15      -906.090784   1.365    0.000    14.1  19.9     7150.6   tight
   16      -906.110263   1.368    0.000    14.4  18.5     7073.8   tight
   17      -906.081744   1.362    0.000    14.4  21.3     7183.4   tight
   18      -906.127044   1.361    0.000    14.5  19.9     7252.7   tight
   19      -906.073663   1.365    0.000    13.8  17.8     7061.1   tight
   20      -906.120269   1.363    0.000    14.6  21.6     7203.5   tight
   21      -906.095240   1.365    0.000    14.1  21.5     7084.5   tight
   22      -906.075989   1.373    0.000    14.4  20.0     6825.0   tight
   23      -906.124649   1.367    0.000    14.2  21.1     6928.7   tight
   24      -906.121565   1.365    0.000    14.2  19.9     6990.1   tight
   25      -906.090583   1.357    0.000    14.1  18.9     7272.4   tight
   26      -906.090517   1.361    0.000    14.9  20.8     7300.5   tight
   27      -906.075618   1.359    0.000    14.0  19.6     7265.8   tight
   28      -906.094795   1.350    0.000    14.4  21.3     7579.4   tight
   29      -906.113144   1.361    0.000    14.0  18.2     7257.1   tight
   30      -906.127525   1.364    0.000    14.4  19.9     7082.2   tight
   31      -906.091488   1.365    0.000    14.4  19.2     7014.7   tight
   32      -906.101250   1.370    0.000    14.2  19.8     6927.2   tight
   33      -906.119689   1.363    0.000    14.4  19.1     7142.6   tight
   34      -906.108036   1.368    0.000    14.3  18.8     7025.0   tight
   35      -906.145020   1.371    0.000    14.6  17.8     6892.3   tight
   36      -906.140049   1.368    0.000    14.7  20.8     6934.1   tight
   37      -906.114814   1.362    0.000    14.1  18.6     7098.5   tight
   38      -906.116092   1.363    0.000    14.3  18.4     7282.7   tight
   39      -906.093856   1.360    0.000    14.4  20.5     7263.3   tight
   40      -906.088513   1.363    0.000    14.5  19.0     7096.8   tight
   41      -906.104795   1.370    0.000    14.0  18.4     6949.7   tight
   42      -906.098758   1.362    0.000    14.5  22.2     7151.7   tight
   43      -906.081754   1.366    0.000    14.5  18.0     6991.9   tight
   44      -906.094371   1.365    0.000    14.2  20.7     7085.3   tight
   45      -906.101716   1.363    0.000    14.3  19.7     7151.4   tight
   46      -906.100822   1.365    0.000    14.5  20.9     6992.6   tight
   47      -906.109547   1.359    0.000    14.2  18.2     7215.2   tight
   48      -906.080640   1.356    0.000    14.5  24.0     7321.4   tight
   49      -906.092442   1.359    0.000    14.5  19.4     7363.4   tight
   50      -906.099546   1.356    0.000    14.5  17.5     7241.3   tight
   51      -906.099583   1.363    0.000    14.3  16.7     7121.9   tight
 
Taking  20 structures
 
  ------------------------------------------------------------------------
  ------------------------------------------------------------------------
  Boltz. averaged energy of final cluster:
       G /Eh     : -906.14634778
       T*S /kcal :  -0.335
 
  Ensemble generation finished.
  Results can be found in ensemble directory
  Lowest energy conformer in file <crest_best.xyz>
  List of full ensemble in file <full_ensemble.xyz>
  List of used ensemble in file <final_ensemble.xyz>
  Thermodynamical data in file <thermo_data>
  Population of full ensemble in file <full_population.dat>
  Population in file <population.dat>
 
 
  ________________________________________________________________________
 
  _________________     Solvent Cluster Generation   _____________________
 
  ________________________________________________________________________
 
 Method for CFF: GFN2-xTB
 
  =========================================
  |   quantum cluster growth: CFF         |
  =========================================
 
  CUT-FREEZE-FILL Algorithm to generate reference solvent cluster
  now adding solvents to fill cluster...
  Size  Cluster   E /Eh        De/kcal   Detot/kcal  Opt
  ------------------------------------------------------------------------
 176       1   -896.381680    -24.21      -24.21    tight
 176       2   -896.368933    -16.11      -16.11    tight
 176       3   -896.356293    -16.12      -16.12    tight
 176       4   -896.365840    -23.56      -23.56    tight
 176       5   -896.348363    -20.27      -20.27    tight
 176       6   -896.360201    -20.67      -20.67    tight
 176       7   -896.356031    -21.69      -21.69    tight
 176       8   -896.340108    -14.74      -14.74    tight
 176       9   -896.349485    -18.55      -18.55    tight
 176      10   -896.341979    -20.07      -20.07    tight
 176      11   -896.351515    -25.51      -25.51    tight
 176      12   -896.352513    -22.56      -22.56    tight
 176      13   -896.356974    -28.60      -28.60    tight
 176      14   -896.344999    -23.27      -23.27    tight
 176      15   -896.343701    -17.49      -17.49    tight
 176      16   -896.332597    -19.58      -19.58    tight
 176      17   -896.331164    -15.83      -15.83    tight
 176      18   -896.341755    -26.48      -26.48    tight
 176      19   -896.334664    -16.87      -16.87    tight
 176      20   -896.338712    -20.90      -20.90    tight
  ------------------------------------------------------------------------
 177       1   -901.496402    -27.72      -51.93    tight
 177       2   -901.461054    -13.54      -29.65    tight
 177       3   -901.471275    -27.88      -44.01    tight
 177       4   -901.465829    -18.48      -42.03    tight
 177       5   -901.457273    -24.08      -44.34    tight
 177       6   -901.469021    -24.02      -44.69    tight
 177       7   -901.470573    -27.61      -49.29    tight
 177       8   -901.457225    -29.22      -43.97    tight
 177       9   -901.459401    -24.71      -43.26    tight
 177      10   -901.444077    -19.80      -39.87    tight
 177      11   -901.465063    -26.99      -52.50    tight
 177      12   -901.464229    -25.84      -48.39    tight
 177      13   -901.457697    -18.94      -47.53    tight
 177      14   -901.455804    -25.26      -48.53    tight
 177      15   -901.460044    -28.74      -46.23    tight
 177      16   -901.454864    -32.46      -52.03    tight
 177      17   -901.448198    -29.17      -45.00    tight
 177      18   -901.452065    -24.95      -51.43    tight
 177      19   -901.437690    -20.38      -37.26    tight
 177      20   -901.442863    -21.09      -41.98    tight
  ------------------------------------------------------------------------
 178       1   -906.581689     -9.25      -61.18    tight
 178       2   -906.566186    -21.70      -51.35    tight
 178       3   -906.568460    -16.72      -60.73    tight
 178       4   -906.559660    -14.61      -56.65    tight
 178       5   -906.551584    -14.91      -59.25    tight
 178       6   -906.561018    -13.46      -58.15    tight
 178       7   -906.558682    -11.02      -60.32    tight
 178       8   -906.556740    -18.18      -62.14    tight
 178       9   -906.554949    -15.69      -58.95    tight
 178      10   -906.531932    -10.86      -50.73    tight
 178      11   -906.554302    -11.73      -64.23    tight
 178      12   -906.556580    -13.68      -62.08    tight
 178      13   -906.544465    -10.18      -57.71    tight
 178      14   -906.544242    -11.23      -59.76    tight
 178      15   -906.560958    -19.06      -65.28    tight
 178      16   -906.544990    -12.29      -64.32    tight
 178      17   -906.536232    -10.98      -55.98    tight
 178      18   -906.545318    -14.25      -65.68    tight
 178      19   -906.535740    -17.26      -54.52    tight
 178      20   -906.532646    -12.07      -54.06    tight
  ------------------------------------------------------------------------
  volume filled
  Starting optimizations + SP  of structures
  20 jobs to do.
 
  done.
 
  Cluster   E /Eh        Density  Efix       R   av/act. Surface   Opt
    1      -891.302203   1.359    0.000     4.1  24.1     7237.5   tight
    2      -891.286984   1.361    0.000    14.1   8.0     6992.2   tight
    3      -891.289211   1.359    0.000     6.8  17.1     7069.3   tight
    4      -891.280561   1.354    0.000     4.8  22.6     7158.9   tight
    5      -891.272649   1.352    0.000     5.0  20.4     7357.1   tight
    6      -891.281906   1.364    0.000     4.9   1.3     7042.7   tight
    7      -891.279600   1.360    0.000     5.4  14.7     7014.0   tight
    8      -891.277690   1.361    0.000     5.1  17.6     7164.5   tight
    9      -891.275906   1.355    0.000     5.1  17.2     7131.2   tight
   10      -891.253296   1.353    0.000     6.0  16.0     7303.9   tight
   11      -891.275292   1.355    0.000     4.8  16.2     7284.9   tight
   12      -891.277640   1.353    0.000     4.0  20.1     7388.9   tight
   13      -891.265625   1.356    0.000     4.8  19.3     7375.5   tight
   14      -891.265408   1.354    0.000     4.8  21.7     7261.6   tight
   15      -891.282238   1.362    0.000     4.2   5.4     7106.4   tight
   16      -891.266478   1.359    0.000     3.8   4.0     7204.2   tight
   17      -891.257524   1.360    0.000     5.2  15.8     7185.1   tight
   18      -891.266468   1.350    0.000     4.6  15.9     7317.6   tight
   19      -891.257123   1.351    0.000     4.9  17.9     7288.1   tight
   20      -891.253947   1.360    0.000     4.1  15.3     7112.8   tight
 
  ------------------------------------------------------------------------
  ------------------------------------------------------------------------
  Boltz. averaged energy of final cluster:
       G /Eh     : -891.30220295
       T*S /kcal :  -0.000
 
  Solvent cluster generation finished.
  Results can be found in solvent_cluster directory
  Structures in file <crest_ensemble.xyz>
  Energies in file <cluster_energy.dat>
  Population in file <population.dat>
 
  =========================================
  |   quantum cluster growth: ESOLV       |
  |                                       |
  |           -22.56 kcal/mol             |
  =========================================
 
  =========================================
  |          Frequency evaluation         |
  =========================================
 
   SOLUTE MOLECULE
  Starting reoptimizations + Frequency computation of ensemble
  1 jobs to do.
 
  done.
   SOLUTE CLUSTER
  Starting reoptimizations + Frequency computation of ensemble
  20 jobs to do.
 
  done.
   SOLVENT CLUSTER
  Starting reoptimizations + Frequency computation of ensemble
  20 jobs to do.
 
  done.
 
   Solute Gas properties
  #       H(T)       SVIB      SROT       STRA      G(T)
       [kcal/mol]    [      cal/mol/K        ]    [kcal/mol]
  --------------------------------------------------------
       63.39      9.83     24.16     38.23     41.85
 
   Solute cluster properties
  #       H(T)       SVIB      SROT       STRA      G(T)
       [kcal/mol]    [      cal/mol/K        ]    [kcal/mol]
  --------------------------------------------------------
  1     2987.85   1614.89     46.42     50.04   2477.61
  2     2987.11   1624.26     46.37     50.04   2474.09
  3     2987.43   1629.48     46.38     50.04   2472.85
  4     2987.69   1632.50     46.43     50.04   2472.20
  5     2986.81   1619.47     46.51     50.04   2475.19
  6     2987.78   1631.83     46.42     50.04   2472.49
  7     2987.58   1627.33     46.42     50.04   2473.63
  8     2988.40   1636.45     46.41     50.04   2471.73
  9     2987.77   1627.18     46.41     50.04   2473.86
  10     2987.29   1640.36     46.52     50.04   2469.43
  11     2988.17   1635.90     46.48     50.04   2471.65
  12     2987.34   1636.24     46.46     50.04   2470.72
  13     2987.97   1634.64     46.47     50.04   2471.83
  14     2987.42   1638.87     46.41     50.04   2470.03
  15     2988.34   1641.29     46.38     50.04   2470.25
  16     2988.16   1634.99     46.44     50.04   2471.92
  17     2989.24   1631.23     46.47     50.04   2474.11
  18     2987.28   1640.64     46.45     50.04   2469.36
  19     2987.69   1639.40     46.48     50.04   2470.12
  20     2987.54   1638.43     46.46     50.04   2470.27
 
   Solvent cluster properties
  #       H(T)       SVIB      SROT       STRA      G(T)
       [kcal/mol]    [      cal/mol/K        ]    [kcal/mol]
  --------------------------------------------------------
  1     2921.96   1589.76     46.36     49.98   2419.25
  2     2922.59   1614.31     46.29     49.98   2412.58
  3     2921.68   1608.73     46.30     49.98   2413.33
  4     2922.64   1601.53     46.40     49.98   2416.41
  5     2921.03   1596.43     46.39     49.98   2416.33
  6     2921.76   1603.78     46.34     49.98   2414.88
  7     2922.38   1594.92     46.36     49.98   2418.13
  8     2922.83   1620.54     46.38     49.98   2410.94
  9     2920.60   1601.71     46.35     49.98   2414.33
  10     2922.14   1598.68     46.42     49.98   2416.75
  11     2922.02   1601.01     46.40     49.98   2415.94
  12     2922.62   1586.56     46.37     49.98   2420.86
  13     2923.08   1587.43     46.34     49.98   2421.07
  14     2922.76   1605.25     46.30     49.98   2415.45
  15     2922.20   1615.72     46.32     49.98   2411.76
  16     2922.94   1616.13     46.36     49.98   2412.37
  17     2923.64   1594.02     46.36     49.98   2419.66
  18     2921.19   1592.07     46.36     49.98   2417.79
  19     2922.31   1598.65     46.44     49.98   2416.92
  20     2921.87   1600.61     46.39     49.98   2415.91
 
 
  ________________________________________________________________________
 
  _________________________     Evaluation    ____________________________
 
  ________________________________________________________________________
 
 
  -----------------------------------------------------
  Gsolv and Hsolv ref. state: [1 M gas/solution] 
  G_solv (incl.RRHO)      =   -8.72 kcal/mol
  H_solv (incl.RRHO)      =  -19.92 kcal/mol
  -----------------------------------------------------
 
  -----------------------------------------------------
  Gsolv and Hsolv ref. state: [1 M gas/solution] 
  G_solv (incl.RRHO)      =  -10.61 kcal/mol
  H_solv (incl.RRHO)      =  -21.82 kcal/mol
  -----------------------------------------------------
 
  -----------------------------------------------------
  Solvation free energies with scaled translational
  and rotational degrees of freedom: Gsolv (scaling)
          >>    -28.27 (0.05)    <<
          >>    -27.34 (0.10)    <<
          >>    -26.41 (0.15)    <<
          >>    -25.48 (0.20)    <<
          >>    -24.55 (0.25)    <<
          >>    -23.62 (0.30)    <<
          >>    -22.69 (0.35)    <<
          >>    -21.76 (0.40)    <<
          >>    -20.83 (0.45)    <<
          >>    -19.90 (0.50)    <<
          >>    -18.97 (0.55)    <<
          >>    -18.04 (0.60)    <<
          >>    -17.12 (0.65)    <<
          >>    -16.19 (0.70)    <<
          >>    -15.26 (0.75)    <<
          >>    -14.33 (0.80)    <<
          >>    -13.40 (0.85)    <<
          >>    -12.47 (0.90)    <<
          >>    -11.54 (0.95)    <<
          >>    -10.61 (1.00)    <<
  -----------------------------------------------------
 
  ==================================================
  |  Gsolv with SCALED RRHO contributions: 0.75    |
  |  [1 bar gas/ 1 M solution]                     |
  |                                                |
  |  G_solv (incl.RRHO)+dV(T)=  -15.26 kcal/mol    |
  ==================================================
 
 
 -----------------
 Wall Time Summary
 -----------------
             test MD wall time :         0h : 0m :33s
                 MTD wall time :         0h :52m :47s
      multilevel OPT wall time :         0h :30m :46s
                  MD wall time :         0h :14m :56s
                Grow wall time :         2h :24m :40s
     Solute-Ensemble wall time :         4h :25m :58s
                 CFF wall time :         0h :36m :49s
         Frequencies wall time :         8h :23m :34s
--------------------
Overall wall time  : 17h :31m :20s
 
 CREST terminated normally.
