 
       ==============================================
       |                                            |
       |                 C R E S T                  |
       |                                            |
       |  Conformer-Rotamer Ensemble Sampling Tool  |
       |          based on the GFN methods          |
       |             P.Pracht, S.Grimme             |
       |          Universitaet Bonn, MCTC           |
       ==============================================
       Version 2.12,   Thu 19. Mai 16:32:32 CEST 2022
  Using the xTB program. Compatible with xTB version 6.4.0
 
   Cite work conducted with this code as

   • P.Pracht, F.Bohle, S.Grimme, PCCP, 2020, 22, 7169-7192.
   • S.Grimme, JCTC, 2019, 15, 2847-2862.

   and for works involving QCG as

   • S.Spicher, C.Plett, P.Pracht, A.Hansen, S.Grimme,
     JCTC, 2022, 18 (5), 3174-3189.
 
   with help from:
   C.Bannwarth, F.Bohle, S.Ehlert, S.Grimme,
   C.Plett, P.Pracht, S.Spicher
 
   This program is distributed in the hope that it will be useful,
   but WITHOUT ANY WARRANTY; without even the implied warranty of
   MERCHANTABILITY or FITNESS FOR A PARTICULAR PURPOSE.

 Command line input:
 > crest input.xyz --qcg water.xyz --chrg 1 --uhf 0 --nsolv 250 --T 40 --gsolv --nclus 20 --gbsa water

 Solute-file: input.xyz
 Solvent-file: water.xyz
  --chrg 1
  --uhf 0
  --T 40 (CPUs/Threads selected)
  --gbsa water : implicit solvation
 
  ========================================
  |           ----------------           |
  |                 Q C G                |
  |           ----------------           |
  |        Quantum Cluster Growth        |
  |       University of Bonn, MCTC       |
  ========================================
   S. Grimme, S. Spicher, C. Plett.
 
   Cite work conducted with this code as

   S. Spicher, C. Plett, P. Pracht, A. Hansen, S. Grimme, JCTC, 2022, 18, 3174-3189.
 
 
  =========================================
  |   quantum cluster growth: INPUT       |
  =========================================
 
  QCG: Calculation of delta G_solv
  Ensemble generated via CREST
 
  input parameters     
  solute                 : input.xyz
  charge                 : 1
  uhf                    : 0
  solvent                : water.xyz
  # of solvents to add   : 250
  # of cluster generated : 20
  # of CPUs used         : 40
  Solvation model        : water               
  xtb opt level          : normal
  System temperature [K] : 298.1
  RRHO scaling factor    : 0.75
 
 Solute geometry
  molecular radius (Bohr**1):    3.06
  molecular area   (Bohr**2):  117.30
  molecular volume (Bohr**3):  119.46
 Solvent geometry
  molecular radius (Bohr**1):    3.88
  molecular area   (Bohr**2):  194.99
  molecular volume (Bohr**3):  244.40
 
  radius of solute    :     4.92
  radius of solvent   :     6.25
 
  =========================================
  |            Preoptimization            |
  =========================================
 
 -------------------------
 xTB Geometry Optimization
 -------------------------
 Geometry successfully optimized.
 Generating LMOs for solute
  Total Energy of solute:       0.2295522 Eh
 
 -------------------------
 xTB Geometry Optimization
 -------------------------
 Geometry successfully optimized.
 Generating LMOs for solvent
  Total energy of solvent:     -5.0705444 Eh
 
  ________________________________________________________________________
 
  __________________     Solute Cluster Generation   _____________________
 
  ________________________________________________________________________
 
 
  =========================================
  |   quantum cluster growth: GROW        |
  =========================================
 
 
  Water as solvent recognized, adjusting scaling factor for outer wall pot to 0.70
 
  Constraining solute during Growth 
 Solute:
       unit ellipsoid axis a,b,c     :   0.333   0.333   0.333
 Solvent:
       unit ellipsoid axis a,b,c     :   0.386   0.322   0.292
 
  solvent anisotropy            :     1.133
  solute anisotropy             :     1.000
  roff inner wall               :     0.119
  solute max dist               :     0.000
  solvent max dist              :     7.283
  inner unit axis               :     0.333     0.333     0.333
  inner ellipsoid/Bohr          :     3.175     3.175     3.175
  scaling factor outer ellipsoid:     0.700
  outer ellipsoid/Bohr          :     5.397     5.397     5.397
 
  Size  E /Eh       De/kcal   Detot/kcal  Density   Efix         R   av/act. Surface   Opt
    1    -5.088192 -155.12    -155.12       0.754     -2.544      0.0   0.0     282.9   normal
    2   -10.210128  -32.25    -187.37       0.883     -3.859      2.4   2.4     470.0   normal
    3   -15.304603  -15.02    -202.39       0.943     -4.840      2.5   4.6     654.2   normal
    4   -20.398489  -14.65    -217.03       0.980     -5.658      3.6   3.2     835.5   normal
    5   -25.488236  -12.05    -229.08       0.998     -6.372      3.7   4.2    1023.2   normal
    6   -30.580838  -13.84    -242.92       1.023     -7.016      4.0   4.1    1195.6   normal
    7   -35.670094  -11.74    -254.67       1.041     -7.605      4.1   4.6    1368.9   normal
   Wall Potential too small, increasing size by 5 %
   New scaling factor 0.73
   Wall Potential too small, increasing size by 5 %
   New scaling factor 0.77
    8   -40.770877  -18.97    -273.64       1.063     -8.154      4.4   4.9    1529.9   normal
   Wall Potential too small, increasing size by 5 %
   New scaling factor 0.81
    9   -45.866265  -15.59    -289.23       1.100     -8.668      4.5   5.5    1662.0   normal
   10   -50.961977  -15.79    -305.02       1.116     -9.153      4.8   5.4    1819.3   normal
   Wall Potential too small, increasing size by 5 %
   New scaling factor 0.85
   Wall Potential too small, increasing size by 5 %
   New scaling factor 0.89
   11   -56.051563  -11.95    -316.97       1.108     -9.613      4.9   6.9    2013.6   normal
   12   -61.139058  -10.64    -327.61       1.124    -10.051      5.1   6.8    2166.0   normal
   13   -66.228137  -11.63    -339.24       1.129    -10.472      5.3   6.2    2335.0   normal
   14   -71.324661  -16.30    -355.54       1.138    -10.877      5.6   5.9    2493.4   normal
   15   -76.413328  -11.37    -366.91       1.147    -11.267      5.6   6.4    2650.1   normal
   16   -81.504046  -12.66    -379.57       1.163    -11.643      5.7   6.5    2788.0   normal
   Wall Potential too small, increasing size by 5 %
   New scaling factor 0.94
   17   -86.589813   -9.55    -389.12       1.156    -12.008      5.8   7.4    2978.2   normal
   18   -91.677543  -10.78    -399.91       1.162    -12.362      5.9   8.2    3138.1   normal
   19   -96.773146  -15.72    -415.63       1.172    -12.707      6.2   7.4    3281.8   normal
   20  -101.862394  -11.74    -427.37       1.180    -13.042      6.2   7.6    3430.7   normal
   21  -106.950986  -11.33    -438.70       1.187    -13.369      6.3   9.0    3579.8   normal
   22  -112.041759  -12.69    -451.39       1.197    -13.688      6.5   7.8    3720.7   normal
   23  -117.128759  -10.33    -461.71       1.202    -14.000      6.5   7.7    3873.7   normal
   24  -122.224109  -15.57    -477.28       1.212    -14.305      6.7   7.9    4007.5   normal
   25  -127.310104   -9.70    -486.98       1.214    -14.603      6.7   8.7    4166.9   normal
   26  -132.398971  -11.50    -498.47       1.220    -14.896      6.8   9.2    4311.3   normal
   27  -137.491876  -14.03    -512.50       1.225    -15.183      6.8   9.3    4458.5   normal
   Wall Potential too small, increasing size by 5 %
   New scaling factor 0.98
   28  -142.588204  -16.18    -528.68       1.231    -15.466      6.9   9.4    4602.3   normal
   29  -147.677114  -11.52    -540.21       1.230    -15.742      7.0   9.7    4767.8   normal
   30  -152.767360  -12.36    -552.57       1.237    -16.014      7.1   8.7    4906.7   normal
   31  -157.863702  -16.19    -568.76       1.232    -16.282      7.3   8.0    5089.8   normal
   32  -162.953594  -12.14    -580.90       1.242    -16.545      7.3   8.6    5209.7   normal
   33  -168.048641  -15.38    -596.28       1.248    -16.805      7.3   9.1    5346.2   normal
   34  -173.139242  -12.59    -608.86       1.257    -17.060      7.4   9.9    5470.5   normal
   Wall Potential too small, increasing size by 5 %
   New scaling factor 1.00
   35  -178.222599   -8.04    -616.90       1.248    -17.311      7.5  10.3    5672.5   normal
   36  -183.317174  -15.08    -631.98       1.254    -17.559      7.5  10.2    5806.4   normal
   37  -188.405220  -10.98    -642.96       1.254    -17.803      7.6  10.5    5967.5   normal
   38  -193.497226  -13.47    -656.43       1.258    -18.044      7.7  10.5    6108.4   normal
   39  -198.590480  -14.25    -670.68       1.262    -18.282      7.8  10.0    6245.2   normal
   40  -203.684497  -14.73    -685.41       1.266    -18.517      7.8  10.2    6386.1   normal
   41  -208.777672  -14.20    -699.61       1.270    -18.749      7.9  10.3    6527.7   normal
   42  -213.870570  -14.03    -713.64       1.272    -18.978      8.0  10.2    6674.2   normal
   43  -218.960586  -12.22    -725.86       1.269    -19.204      8.1  10.1    6848.4   normal
   44  -224.058094  -16.92    -742.78       1.271    -19.428      8.1  10.6    6995.5   normal
   45  -229.147082  -11.57    -754.35       1.272    -19.649      8.2  10.9    7152.6   normal
   46  -234.243684  -16.35    -770.70       1.278    -19.868      8.2  10.6    7277.6   normal
   47  -239.331436  -10.80    -781.50       1.278    -20.084      8.3  10.6    7431.5   normal
   48  -244.425734  -14.91    -796.41       1.280    -20.298      8.4  11.6    7581.3   normal
   49  -249.509476   -8.28    -804.69       1.276    -20.510      8.4  11.2    7758.2   normal
   50  -254.600377  -12.77    -817.46       1.275    -20.719      8.5  11.6    7924.7   normal
   51  -259.686669   -9.88    -827.34       1.273    -20.926      8.6  11.8    8095.6   normal
   52  -264.779186  -13.79    -841.13       1.278    -21.132      8.6  10.6    8223.1   normal
   53  -269.874213  -15.36    -856.49       1.283    -21.335      8.7  11.6    8347.4   normal
   54  -274.964253  -12.23    -868.73       1.283    -21.537      8.7  12.2    8506.2   normal
   55  -280.052326  -11.00    -879.73       1.284    -21.736      8.8  11.7    8654.0   normal
   56  -285.145168  -13.99    -893.72       1.285    -21.934      8.8  11.9    8807.9   normal
   57  -290.236051  -12.76    -906.48       1.283    -22.130      8.9  11.1    8977.8   normal
   58  -295.339089  -20.39    -926.87       1.292    -22.326      8.9  12.1    9069.1   normal
   59  -300.428636  -11.92    -938.80       1.290    -22.518      9.0  11.3    9241.0   normal
   60  -305.518757  -12.28    -951.08       1.289    -22.709      9.0  12.0    9402.3   normal
   61  -310.620442  -19.54    -970.62       1.293    -22.899      9.1  11.1    9531.8   normal
   62  -315.713386  -14.06    -984.68       1.298    -23.087      9.1  11.5    9649.6   normal
   63  -320.801733  -11.17    -995.85       1.296    -23.273      9.2  11.7    9820.5   normal
   64  -325.891198  -11.87   -1007.72       1.299    -23.458      9.2  10.6    9958.6   normal
   65  -330.988081  -16.53   -1024.25       1.303    -23.642      9.2  11.9   10080.7   normal
   66  -336.078641  -12.56   -1036.81       1.306    -23.824      9.3  11.8   10213.7   normal
   67  -341.173326  -15.15   -1051.96       1.307    -24.005      9.3  12.7   10356.9   normal
   68  -346.262747  -11.85   -1063.80       1.304    -24.184      9.4  12.7   10539.2   normal
   69  -351.353067  -12.41   -1076.21       1.306    -24.362      9.5  11.5   10676.9   normal
   70  -356.446119  -14.12   -1090.34       1.307    -24.539      9.5  12.8   10821.2   normal
   71  -361.535966  -12.11   -1102.45       1.309    -24.714      9.5  11.4   10959.8   normal
   72  -366.631459  -15.66   -1118.10       1.313    -24.889      9.6  12.5   11082.3   normal
   73  -371.726936  -15.65   -1133.75       1.317    -25.062      9.6  12.8   11195.9   normal
   74  -376.821260  -14.92   -1148.67       1.319    -25.234      9.7  12.7   11337.8   normal
   75  -381.913431  -13.57   -1162.24       1.322    -25.405      9.7  12.1   11462.6   normal
   76  -387.001709  -11.13   -1173.37       1.323    -25.574      9.7  13.2   11607.1   normal
   77  -392.089202  -10.64   -1184.00       1.322    -25.742      9.8  13.4   11763.6   normal
   78  -397.182375  -14.20   -1198.20       1.324    -25.909      9.8  12.6   11905.5   normal
   79  -402.278102  -15.80   -1214.01       1.326    -26.076      9.9  12.0   12035.1   normal
   80  -407.366446  -11.17   -1225.18       1.327    -26.241      9.9  13.6   12177.4   normal
   81  -412.459196  -13.93   -1239.11       1.328    -26.405      9.9  13.2   12320.3   normal
   82  -417.556274  -16.65   -1255.76       1.330    -26.568     10.0  13.5   12453.6   normal
   83  -422.657386  -19.18   -1274.94       1.331    -26.731     10.0  13.7   12600.0   normal
   84  -427.748230  -12.74   -1287.68       1.330    -26.892     10.1  12.9   12755.9   normal
   85  -432.838974  -12.68   -1300.36       1.332    -27.052     10.1  13.4   12892.5   normal
   86  -437.948615  -24.53   -1324.89       1.338    -27.213     10.1  13.5   12986.0   normal
   87  -443.046957  -17.44   -1342.33       1.338    -27.372     10.2  13.0   13132.3   normal
   88  -448.137537  -12.57   -1354.90       1.336    -27.529     10.2  12.7   13300.7   normal
   89  -453.234365  -16.49   -1371.40       1.337    -27.686     10.3  13.0   13445.4   normal
   90  -458.321219  -10.23   -1381.63       1.339    -27.841     10.3  14.0   13576.0   normal
   91  -463.413205  -13.45   -1395.09       1.342    -27.996     10.3  14.2   13702.5   normal
   92  -468.504844  -13.24   -1408.32       1.343    -28.150     10.4  14.0   13832.5   normal
   93  -473.592054  -10.46   -1418.78       1.342    -28.303     10.4  12.9   14000.4   normal
   94  -478.683795  -13.30   -1432.08       1.342    -28.455     10.5  13.8   14151.8   normal
   95  -483.781137  -16.82   -1448.90       1.345    -28.607     10.5  13.0   14269.8   normal
   96  -488.869067  -10.91   -1459.81       1.344    -28.757     10.5  14.0   14430.5   normal
   97  -493.958539  -11.88   -1471.69       1.347    -28.907     10.6  13.8   14549.9   normal
   98  -499.057635  -17.92   -1489.60       1.348    -29.056     10.6  13.5   14680.0   normal
   99  -504.144783  -10.42   -1500.02       1.349    -29.204     10.6  13.4   14825.7   normal
  100  -509.238234  -14.37   -1514.39       1.351    -29.352     10.7  14.0   14950.1   normal
  101  -514.334729  -16.28   -1530.68       1.349    -29.499     10.7  14.0   15117.4   normal
  102  -519.420458   -9.53   -1540.21       1.350    -29.645     10.8  14.6   15262.8   normal
  103  -524.521952  -19.42   -1559.63       1.353    -29.791     10.8  14.4   15379.9   normal
  104  -529.611876  -12.16   -1571.79       1.353    -29.935     10.8  14.4   15526.7   normal
  105  -534.705447  -14.45   -1586.24       1.356    -30.080     10.9  13.8   15641.4   normal
  106  -539.796325  -12.76   -1599.00       1.356    -30.223     10.9  13.7   15788.5   normal
  107  -544.882871  -10.04   -1609.04       1.356    -30.365     10.9  14.2   15940.5   normal
  108  -549.973434  -12.56   -1621.60       1.357    -30.507     11.0  14.2   16079.5   normal
  109  -555.070128  -16.41   -1638.01       1.360    -30.649     11.0  15.0   16187.6   normal
  110  -560.171283  -19.21   -1657.22       1.360    -30.790     11.0  13.3   16342.2   normal
  111  -565.265930  -15.12   -1672.34       1.359    -30.930     11.1  14.8   16497.5   normal
  112  -570.359015  -14.14   -1686.49       1.359    -31.069     11.1  14.9   16643.9   normal
  113  -575.447411  -11.20   -1697.69       1.358    -31.208     11.2  14.6   16807.0   normal
  114  -580.535531  -11.03   -1708.72       1.359    -31.346     11.2  14.4   16938.6   normal
  115  -585.625125  -11.95   -1720.67       1.360    -31.483     11.2  14.6   17083.7   normal
  116  -590.719556  -14.99   -1735.66       1.359    -31.620     11.3  14.2   17236.6   normal
  117  -595.811892  -13.67   -1749.34       1.360    -31.757     11.3  14.9   17374.9   normal
  118  -600.911243  -18.08   -1767.41       1.361    -31.893     11.3  14.7   17517.6   normal
  119  -606.003844  -13.84   -1781.25       1.363    -32.028     11.3  14.9   17634.6   normal
  120  -611.090032   -9.82   -1791.07       1.363    -32.163     11.4  15.0   17778.5   normal
  121  -616.194188  -21.09   -1812.16       1.367    -32.297     11.4  14.8   17879.4   normal
  122  -621.284084  -12.14   -1824.30       1.366    -32.431     11.4  15.2   18035.2   normal
  123  -626.373759  -12.00   -1836.31       1.368    -32.564     11.5  15.2   18158.6   normal
  124  -631.465883  -13.54   -1849.85       1.370    -32.696     11.5  15.2   18274.9   normal
  125  -636.555194  -11.78   -1861.63       1.371    -32.828     11.5  15.8   18411.4   normal
  126  -641.647203  -13.47   -1875.10       1.373    -32.959     11.6  15.2   18540.1   normal
  127  -646.739245  -13.49   -1888.59       1.372    -33.090     11.6  15.3   18701.2   normal
  128  -651.841381  -19.82   -1908.41       1.372    -33.221     11.6  15.2   18841.3   normal
  129  -656.934446  -14.13   -1922.54       1.372    -33.351     11.7  15.1   18990.4   normal
  130  -662.022180  -10.79   -1933.33       1.370    -33.480     11.7  14.8   19161.0   normal
  131  -667.119505  -16.80   -1950.13       1.372    -33.609     11.7  14.3   19278.1   normal
  132  -672.213889  -14.96   -1965.09       1.373    -33.737     11.7  15.1   19415.1   normal
  133  -677.306265  -13.70   -1978.79       1.375    -33.865     11.8  15.3   19539.7   normal
  134  -682.400346  -14.77   -1993.56       1.377    -33.993     11.8  15.5   19657.1   normal
  135  -687.498174  -17.12   -2010.68       1.376    -34.120     11.8  14.9   19809.8   normal
  136  -692.587472  -11.77   -2022.45       1.378    -34.246     11.8  15.8   19935.7   normal
  137  -697.680542  -14.14   -2036.59       1.379    -34.372     11.9  14.7   20061.9   normal
  138  -702.778988  -17.51   -2054.09       1.380    -34.498     11.9  15.7   20192.8   normal
  139  -707.873962  -15.33   -2069.42       1.380    -34.623     11.9  15.2   20341.1   normal
  140  -712.963148  -11.70   -2081.12       1.382    -34.748     12.0  15.9   20463.6   normal
  141  -718.054986  -13.36   -2094.48       1.382    -34.872     12.0  15.6   20598.5   normal
  142  -723.139146   -8.54   -2103.03       1.383    -34.995     12.0  15.8   20737.8   normal
  143  -728.232084  -14.05   -2117.08       1.385    -35.118     12.1  15.9   20858.7   normal
  144  -733.339454  -23.11   -2140.19       1.388    -35.242     12.1  15.5   20947.0   normal
  145  -738.428092  -11.35   -2151.54       1.389    -35.364     12.1  16.2   21075.9   normal
  146  -743.524169  -16.02   -2167.56       1.389    -35.486     12.1  14.9   21229.8   normal
  147  -748.618478  -14.91   -2182.48       1.393    -35.608     12.1  14.5   21319.0   normal
  148  -753.710017  -13.17   -2195.65       1.394    -35.729     12.1  16.3   21442.6   normal
  149  -758.799008  -11.57   -2207.23       1.395    -35.850     12.2  15.9   21568.3   normal
  150  -763.890528  -13.16   -2220.39       1.394    -35.970     12.2  15.3   21726.7   normal
  151  -768.984801  -14.89   -2235.28       1.395    -36.090     12.2  15.3   21865.6   normal
  152  -774.086774  -19.72   -2255.00       1.393    -36.210     12.3  14.5   22036.5   normal
  153  -779.180183  -14.35   -2269.35       1.393    -36.329     12.3  16.0   22177.8   normal
  154  -784.272395  -13.60   -2282.94       1.394    -36.448     12.3  16.4   22302.4   normal
  155  -789.363463  -12.88   -2295.82       1.396    -36.567     12.3  16.4   22415.7   normal
  156  -794.458666  -15.47   -2311.30       1.397    -36.685     12.4  16.4   22555.8   normal
  157  -799.573003  -27.48   -2338.78       1.400    -36.803     12.4  16.1   22653.9   normal
  158  -804.665495  -13.77   -2352.55       1.401    -36.921     12.4  16.3   22782.9   normal
  159  -809.764717  -18.00   -2370.54       1.403    -37.038     12.4  15.4   22892.0   normal
  160  -814.864412  -18.29   -2388.84       1.406    -37.155     12.4  15.9   22979.3   normal
  161  -819.958612  -14.84   -2403.68       1.407    -37.271     12.5  16.2   23104.9   normal
  162  -825.052181  -14.45   -2418.13       1.407    -37.387     12.5  16.5   23244.0   normal
  163  -830.138726  -10.04   -2428.17       1.408    -37.502     12.5  16.9   23386.4   normal
  164  -835.226390  -10.74   -2438.91       1.407    -37.617     12.6  16.8   23535.8   normal
  165  -840.323349  -16.58   -2455.49       1.408    -37.732     12.6  16.3   23665.5   normal
  166  -845.428919  -21.98   -2477.47       1.409    -37.847     12.6  17.0   23790.3   normal
  167  -850.519567  -12.62   -2490.08       1.408    -37.961     12.6  16.1   23946.4   normal
  168  -855.608295  -11.41   -2501.49       1.409    -38.074     12.6  16.1   24079.2   normal
  169  -860.707787  -18.16   -2519.66       1.410    -38.188     12.7  16.0   24202.1   normal
  170  -865.800358  -13.82   -2533.48       1.411    -38.301     12.7  16.6   24325.0   normal
  171  -870.893571  -14.22   -2547.70       1.410    -38.413     12.7  16.4   24485.5   normal
  172  -875.985814  -13.62   -2561.32       1.412    -38.526     12.7  17.2   24606.3   normal
  173  -881.074063  -11.11   -2572.43       1.410    -38.638     12.8  16.8   24777.0   normal
  174  -886.166369  -13.66   -2586.08       1.410    -38.749     12.8  16.8   24923.0   normal
  175  -891.260814  -15.00   -2601.08       1.410    -38.861     12.8  16.7   25058.5   normal
  176  -896.350634  -12.10   -2613.18       1.410    -38.972     12.9  17.1   25209.9   normal
  177  -901.443721  -14.15   -2627.32       1.410    -39.083     12.9  16.6   25355.6   normal
  178  -906.535196  -13.13   -2640.46       1.411    -39.193     12.9  17.1   25478.8   normal
  179  -911.632032  -16.50   -2656.96       1.411    -39.303     13.0  16.4   25623.6   normal
  180  -916.727929  -15.91   -2672.86       1.411    -39.413     13.0  17.2   25756.7   normal
  181  -921.828239  -18.68   -2691.54       1.413    -39.523     13.0  17.1   25861.5   normal
  182  -926.933631  -21.87   -2713.41       1.414    -39.633     13.0  16.9   25991.3   normal
  183  -932.032897  -18.02   -2731.43       1.415    -39.742     13.0  15.5   26116.7   normal
  184  -937.127252  -14.94   -2746.37       1.416    -39.851     13.1  17.0   26240.2   normal
  185  -942.216464  -11.71   -2758.09       1.415    -39.959     13.1  16.8   26394.0   normal
  186  -947.317390  -19.06   -2777.15       1.416    -40.067     13.1  16.8   26533.1   normal
  187  -952.410451  -14.13   -2791.28       1.416    -40.175     13.1  17.1   26673.3   normal
  188  -957.500987  -12.54   -2803.83       1.416    -40.282     13.1  17.1   26816.4   normal
  189  -962.593485  -13.78   -2817.60       1.416    -40.390     13.2  17.2   26949.2   normal
  190  -967.693755  -18.65   -2836.26       1.418    -40.497     13.2  16.9   27048.8   normal
  191  -972.793499  -18.32   -2854.58       1.421    -40.604     13.2  17.0   27147.2   normal
  192  -977.888504  -15.35   -2869.93       1.422    -40.710     13.2  17.4   27270.2   normal
  193  -982.988498  -18.48   -2888.41       1.422    -40.816     13.3  17.5   27416.4   normal
  194  -988.085961  -16.89   -2905.30       1.423    -40.922     13.3  17.1   27538.1   normal
  195  -993.177540  -13.20   -2918.50       1.425    -41.028     13.3  18.1   27637.9   normal
  196  -998.266016  -11.25   -2929.75       1.425    -41.133     13.3  16.9   27783.8   normal
  197 -1003.363034  -16.61   -2946.36       1.424    -41.238     13.4  17.4   27930.3   normal
  198 -1008.449173   -9.79   -2956.15       1.425    -41.342     13.4  17.8   28060.0   normal
  199 -1013.541650  -13.76   -2969.91       1.425    -41.447     13.4  16.6   28198.8   normal
  200 -1018.638353  -16.41   -2986.33       1.425    -41.551     13.4  17.5   28344.0   normal
  201 -1023.730606  -13.62   -2999.95       1.425    -41.655     13.4  17.8   28482.0   normal
  202 -1028.821586  -12.82   -3012.77       1.425    -41.759     13.5  17.2   28617.6   normal
  203 -1033.920300  -17.68   -3030.45       1.427    -41.862     13.5  17.2   28726.1   normal
  204 -1039.014683  -14.96   -3045.41       1.428    -41.965     13.5  17.5   28844.5   normal
  205 -1044.107600  -14.04   -3059.45       1.429    -42.068     13.5  17.8   28967.5   normal
  206 -1049.203590  -15.97   -3075.42       1.430    -42.171     13.5  17.8   29095.0   normal
  207 -1054.295539  -13.43   -3088.85       1.431    -42.273     13.6  18.2   29204.2   normal
  208 -1059.389415  -14.64   -3103.49       1.432    -42.376     13.6  17.7   29324.8   normal
  209 -1064.475735   -9.90   -3113.39       1.434    -42.477     13.6  18.3   29438.3   normal
  210 -1069.570586  -15.25   -3128.64       1.435    -42.579     13.6  17.3   29560.8   normal
  211 -1074.668243  -17.01   -3145.65       1.435    -42.681     13.6  16.8   29700.4   normal
  212 -1079.770111  -19.66   -3165.31       1.435    -42.782     13.7  16.5   29838.4   normal
  213 -1084.859057  -11.55   -3176.86       1.435    -42.883     13.7  17.7   29969.0   normal
  214 -1089.948594  -11.92   -3188.77       1.434    -42.983     13.7  17.8   30128.7   normal
  215 -1095.045268  -16.40   -3205.17       1.434    -43.084     13.7  17.8   30275.9   normal
  216 -1100.134083  -11.47   -3216.64       1.434    -43.184     13.7  18.0   30414.7   normal
  217 -1105.238280  -21.12   -3237.75       1.435    -43.284     13.8  17.5   30545.2   normal
  218 -1110.334208  -15.93   -3253.68       1.435    -43.384     13.8  18.3   30685.4   normal
  219 -1115.426426  -13.60   -3267.28       1.435    -43.484     13.8  17.9   30819.8   normal
  220 -1120.515272  -11.48   -3278.77       1.436    -43.583     13.8  18.4   30942.4   normal
  221 -1125.608678  -14.35   -3293.11       1.435    -43.682     13.8  18.4   31099.1   normal
  222 -1130.699445  -12.69   -3305.80       1.436    -43.781     13.9  18.4   31222.6   normal
  223 -1135.791442  -13.46   -3319.26       1.436    -43.879     13.9  18.2   31361.6   normal
  224 -1140.886689  -15.50   -3334.76       1.437    -43.978     13.9  17.2   31478.8   normal
  225 -1145.980118  -14.36   -3349.12       1.438    -44.076     13.9  18.0   31596.1   normal
  226 -1151.072040  -13.41   -3362.54       1.438    -44.174     14.0  18.6   31732.2   normal
  227 -1156.163746  -13.28   -3375.82       1.439    -44.272     14.0  18.4   31860.5   normal
  228 -1161.256696  -14.06   -3389.88       1.439    -44.369     14.0  17.8   31998.4   normal
  229 -1166.349473  -13.95   -3403.83       1.440    -44.467     14.0  18.6   32106.8   normal
  230 -1171.465437  -28.50   -3432.33       1.440    -44.565     14.0  17.9   32258.8   normal
  231 -1176.556169  -12.67   -3445.00       1.441    -44.661     14.1  18.5   32376.6   normal
  232 -1181.651638  -15.64   -3460.64       1.442    -44.758     14.1  18.5   32484.8   normal
  233 -1186.746420  -15.21   -3475.85       1.443    -44.855     14.1  18.9   32604.4   normal
  234 -1191.848820  -19.99   -3495.84       1.443    -44.951     14.1  18.0   32742.6   normal
  235 -1196.959535  -25.21   -3521.05       1.443    -45.048     14.1  16.9   32886.8   normal
  236 -1202.053497  -14.69   -3535.74       1.444    -45.144     14.2  18.2   33011.3   normal
  237 -1207.149880  -16.21   -3551.95       1.443    -45.240     14.2  17.9   33161.3   normal
  238 -1212.245681  -15.85   -3567.80       1.442    -45.335     14.2  18.3   33321.1   normal
  239 -1217.334044  -11.18   -3578.98       1.443    -45.431     14.2  18.9   33448.0   normal
  240 -1222.432890  -17.76   -3596.74       1.442    -45.526     14.2  18.5   33602.6   normal
  241 -1227.528030  -15.43   -3612.18       1.443    -45.621     14.3  17.8   33724.0   normal
  242 -1232.621748  -14.54   -3626.72       1.443    -45.715     14.3  18.4   33861.0   normal
  243 -1237.711556  -12.09   -3638.81       1.443    -45.810     14.3  19.1   34008.5   normal
  244 -1242.826365  -27.78   -3666.58       1.443    -45.905     14.3  18.3   34139.8   normal
  245 -1247.915583  -11.72   -3678.30       1.443    -45.999     14.3  18.6   34276.2   normal
  246 -1253.005483  -12.15   -3690.45       1.444    -46.093     14.4  19.2   34402.3   normal
  247 -1258.100565  -15.40   -3705.84       1.444    -46.186     14.4  19.0   34542.3   normal
  248 -1263.189358  -11.45   -3717.30       1.444    -46.280     14.4  17.8   34675.4   normal
  249 -1268.282611  -14.25   -3731.55       1.444    -46.373     14.4  18.8   34825.2   normal
  250 -1273.370054  -10.60   -3742.15       1.444    -46.466     14.4  19.0   34953.9   normal
 
  Growth finished after 250 solvents added
  Results can be found in grow directory
  Energy list in file <qcg_energy.dat>
  Interaction energy in file <qcg_conv.dat>
  Growing process in <qcg_grow.xyz>
  Final geometry after grow in <cluster.coord> and <cluster.xyz>
  Potentials and geometry written in <cluster_cavity.coord> and <twopot_cavity.coord>
 
  =========================================
  |   quantum cluster growth: ENSEMBLE    |
  =========================================
 
   Method for ensemble search:--gff               
 Starting ensemble cluster generation by CREST routine
 
------------------------------------------------
Generating MTD length from a flexibility measure
------------------------------------------------
 System flexiblity is set to 1.0 for NCI mode
 flexibility measure :   1.000
 t(MTD) / ps set by command line  :    10.0
 t(MTD) / ps    :    10.0
 Σ(t(MTD)) / ps :   120.0 (12 MTDs)
 
-------------------------------------
Starting a trial MTD to test settings
-------------------------------------
 Estimated runtime for one MTD (10.0 ps) on a single thread: 1 h 43 min 7 sec
 Estimated runtime for a batch of 12 MTDs on 40 threads: 34 min 22 sec
 
 list of Vbias parameters applied:
$metadyn    0.00125   1.000
$metadyn    0.00083   1.000
$metadyn    0.00056   1.000
$metadyn    0.00125   0.667
$metadyn    0.00083   0.667
$metadyn    0.00056   0.667
$metadyn    0.00125   0.444
$metadyn    0.00083   0.444
$metadyn    0.00056   0.444
$metadyn    0.00125   0.296
$metadyn    0.00083   0.296
$metadyn    0.00056   0.296
 
*******************************************************************************************
**                        N E W    I T E R A T I O N    C Y C L E                        **
*******************************************************************************************
 
========================================
            MTD Iteration  1
========================================
 
     ========================================
     |         Meta-MD (MTD) Sampling       |
     ========================================
 
Starting Meta-MD   5 with the settings:
     MD time /ps        :    10.0
     dt /fs             :     1.5
     dumpstep(trj) /fs  :     200
     dumpstep(Vbias)/ps :     1.0
     Vbias factor k /Eh :  0.6258
     Vbias exp α /bohr⁻²:    0.67
Starting Meta-MD   8 with the settings:
     MD time /ps        :    10.0
     dt /fs             :     1.5
     dumpstep(trj) /fs  :     200
     dumpstep(Vbias)/ps :     1.0
     Vbias factor k /Eh :  0.6258
     Vbias exp α /bohr⁻²:    0.44
Starting Meta-MD   1 with the settings:
     MD time /ps        :    10.0
     dt /fs             :     1.5
     dumpstep(trj) /fs  :     200
     dumpstep(Vbias)/ps :     1.0
     Vbias factor k /Eh :  0.9387
     Vbias exp α /bohr⁻²:    1.00
Starting Meta-MD   4 with the settings:
     MD time /ps        :    10.0
     dt /fs             :     1.5
     dumpstep(trj) /fs  :     200
     dumpstep(Vbias)/ps :     1.0
     Vbias factor k /Eh :  0.9387
     Vbias exp α /bohr⁻²:    0.67
Starting Meta-MD   3 with the settings:
     MD time /ps        :    10.0
     dt /fs             :     1.5
     dumpstep(trj) /fs  :     200
     dumpstep(Vbias)/ps :     1.0
     Vbias factor k /Eh :  0.4172
     Vbias exp α /bohr⁻²:    1.00
Starting Meta-MD   9 with the settings:
     MD time /ps        :    10.0
     dt /fs             :     1.5
     dumpstep(trj) /fs  :     200
     dumpstep(Vbias)/ps :     1.0
     Vbias factor k /Eh :  0.4172
     Vbias exp α /bohr⁻²:    0.44
Starting Meta-MD   6 with the settings:
     MD time /ps        :    10.0
     dt /fs             :     1.5
     dumpstep(trj) /fs  :     200
     dumpstep(Vbias)/ps :     1.0
     Vbias factor k /Eh :  0.4172
     Vbias exp α /bohr⁻²:    0.67
Starting Meta-MD  10 with the settings:
     MD time /ps        :    10.0
     dt /fs             :     1.5
     dumpstep(trj) /fs  :     200
     dumpstep(Vbias)/ps :     1.0
     Vbias factor k /Eh :  0.9387
     Vbias exp α /bohr⁻²:    0.30
Starting Meta-MD  12 with the settings:
     MD time /ps        :    10.0
     dt /fs             :     1.5
     dumpstep(trj) /fs  :     200
     dumpstep(Vbias)/ps :     1.0
     Vbias factor k /Eh :  0.4172
     Vbias exp α /bohr⁻²:    0.30
Starting Meta-MD  11 with the settings:
     MD time /ps        :    10.0
     dt /fs             :     1.5
     dumpstep(trj) /fs  :     200
     dumpstep(Vbias)/ps :     1.0
     Vbias factor k /Eh :  0.6258
     Vbias exp α /bohr⁻²:    0.30
Starting Meta-MD   7 with the settings:
     MD time /ps        :    10.0
     dt /fs             :     1.5
     dumpstep(trj) /fs  :     200
     dumpstep(Vbias)/ps :     1.0
     Vbias factor k /Eh :  0.9387
     Vbias exp α /bohr⁻²:    0.44
Starting Meta-MD   2 with the settings:
     MD time /ps        :    10.0
     dt /fs             :     1.5
     dumpstep(trj) /fs  :     200
     dumpstep(Vbias)/ps :     1.0
     Vbias factor k /Eh :  0.6258
     Vbias exp α /bohr⁻²:    1.00
*Meta-MTD 5 finished*
*Meta-MTD 10 finished*
*Meta-MTD 4 finished*
*Meta-MTD 3 finished*
*Meta-MTD 6 finished*
*Meta-MTD 7 finished*
*Meta-MTD 9 finished*
*Meta-MTD 11 finished*
*Meta-MTD 2 finished*
*Meta-MTD 12 finished*
*Meta-MTD 1 finished*
*Meta-MTD 8 finished*
 
-----------------------
Multilevel Optimization
-----------------------
 
 -------------------------
 1. crude pre-optimization
 -------------------------
 Optimizing all 600 structures from file "crest_rotamers_0.xyz" ...
 1 2 3 4 5 6 7 8 9 10 11 12 13 14 15 16 17 18 19 20 21 22 23 24 25 26 27 28 29 30 31 32 33 34 35 36 37 38 39 40 41 42 43 44 45 46 47 48 49 50 51 52 53 54 55 56 57 58 59 60 61 62 63 64 65 66 67 68 69 70 71 72 73 74 75 76 77 78 79 80 81 82 83 84 85 86 87 88 89 90 91 92 93 94 95 96 97 98 99 100 101 102 103 104 105 106 107 108 109 110 111 112 113 114 115 116 117 118 119 120 121 122 123 124 125 126 127 128 129 130 131 132 133 134 135 136 137 138 139 140 141 142 143 144 145 146 147 148 149 150 151 152 153 154 155 156 157 158 159 160 161 162 163 164 165 166 167 168 169 170 171 172 173 174 175 176 177 178 179 180 181 182 183 184 185 186 187 188 189 190 191 192 193 194 195 196 197 198 199 200 201 202 203 204 205 206 207 208 209 210 211 212 213 214 215 216 217 218 219 220 221 222 223 224 225 226 227 228 229 230 231 232 233 234 235 236 237 238 239 240 241 242 243 244 245 246 247 248 249 250 251 252 253 254 255 256 257 258 259 260 261 262 263 264 265 266 267 268 269 270 271 272 273 274 275 276 277 278 279 280 281 282 283 284 285 286 287 288 289 290 291 292 293 294 295 296 297 298 299 300 301 302 303 304 305 306 307 308 309 310 311 312 313 314 315 316 317 318 319 320 321 322 323 324 325 326 327 328 329 330 331 332 333 334 335 336 337 338 339 340 341 342 343 344 345 346 347 348 349 350 351 352 353 354 355 356 357 358 359 360 361 362 363 364 365 366 367 368 369 370 371 372 373 374 375 376 377 378 379 380 381 382 383 384 385 386 387 388 389 390 391 392 393 394 395 396 397 398 399 400 401 402 403 404 405 406 407 408 409 410 411 412 413 414 415 416 417 418 419 420 421 422 423 424 425 426 427 428 429 430 431 432 433 434 435 436 437 438 439 440 441 442 443 444 445 446 447 448 449 450 451 452 453 454 455 456 457 458 459 460 461 462 463 464 465 466 467 468 469 470 471 472 473 474 475 476 477 478 479 480 481 482 483 484 485 486 487 488 489 490 491 492 493 494 495 496 497 498 499 500 501 502 503 504 505 506 507 508 509 510 511 512 513 514 515 516 517 518 519 520 521 522 523 524 525 526 527 528 529 530 531 532 533 534 535 536 537 538 539 540 541 542 543 544 545 546 547 548 549 550 551 552 553 554 555 556 557 558 559 560 561 562 563 564 565 566 567 568 569 570 571 572 573 574 575 576 577 578 579 580 581 582 583 584 585 586 587 588 589 590 591 592 593 594 595 596 597 598 599 600
 done.
 input  file name : crest_rotamers_1.xyz
 output file name : crest_rotamers_2.xyz
 reference state Etot :  -84.9409866300000     
 600 structures remain within     6.00 kcal/mol window
 
 
========================================
            MTD Iteration  2
========================================
 
     ========================================
     |         Meta-MD (MTD) Sampling       |
     ========================================
 
Starting Meta-MD   1 with the settings:
     MD time /ps        :    10.0
     dt /fs             :     1.5
     dumpstep(trj) /fs  :     200
     dumpstep(Vbias)/ps :     1.0
     Vbias factor k /Eh :  0.9387
     Vbias exp α /bohr⁻²:    1.00
Starting Meta-MD   2 with the settings:
     MD time /ps        :    10.0
     dt /fs             :     1.5
     dumpstep(trj) /fs  :     200
     dumpstep(Vbias)/ps :     1.0
     Vbias factor k /Eh :  0.6258
     Vbias exp α /bohr⁻²:    1.00
Starting Meta-MD   3 with the settings:
     MD time /ps        :    10.0
     dt /fs             :     1.5
     dumpstep(trj) /fs  :     200
     dumpstep(Vbias)/ps :     1.0
     Vbias factor k /Eh :  0.4172
     Vbias exp α /bohr⁻²:    1.00
Starting Meta-MD   4 with the settings:
     MD time /ps        :    10.0
     dt /fs             :     1.5
     dumpstep(trj) /fs  :     200
     dumpstep(Vbias)/ps :     1.0
     Vbias factor k /Eh :  0.9387
     Vbias exp α /bohr⁻²:    0.67
Starting Meta-MD   5 with the settings:
     MD time /ps        :    10.0
     dt /fs             :     1.5
     dumpstep(trj) /fs  :     200
     dumpstep(Vbias)/ps :     1.0
     Vbias factor k /Eh :  0.6258
     Vbias exp α /bohr⁻²:    0.67
Starting Meta-MD   6 with the settings:
     MD time /ps        :    10.0
     dt /fs             :     1.5
     dumpstep(trj) /fs  :     200
     dumpstep(Vbias)/ps :     1.0
     Vbias factor k /Eh :  0.4172
     Vbias exp α /bohr⁻²:    0.67
Starting Meta-MD   7 with the settings:
     MD time /ps        :    10.0
     dt /fs             :     1.5
     dumpstep(trj) /fs  :     200
     dumpstep(Vbias)/ps :     1.0
     Vbias factor k /Eh :  0.9387
     Vbias exp α /bohr⁻²:    0.44
Starting Meta-MD  10 with the settings:
     MD time /ps        :    10.0
     dt /fs             :     1.5
     dumpstep(trj) /fs  :     200
     dumpstep(Vbias)/ps :     1.0
     Vbias factor k /Eh :  0.9387
     Vbias exp α /bohr⁻²:    0.30
Starting Meta-MD   8 with the settings:
     MD time /ps        :    10.0
     dt /fs             :     1.5
     dumpstep(trj) /fs  :     200
     dumpstep(Vbias)/ps :     1.0
     Vbias factor k /Eh :  0.6258
     Vbias exp α /bohr⁻²:    0.44
Starting Meta-MD   9 with the settings:
     MD time /ps        :    10.0
     dt /fs             :     1.5
     dumpstep(trj) /fs  :     200
     dumpstep(Vbias)/ps :     1.0
     Vbias factor k /Eh :  0.4172
     Vbias exp α /bohr⁻²:    0.44
*Meta-MTD 5 finished*
*Meta-MTD 9 finished*
*Meta-MTD 8 finished*
*Meta-MTD 10 finished*
*Meta-MTD 1 finished*
*Meta-MTD 4 finished*
*Meta-MTD 2 finished*
*Meta-MTD 3 finished*
*Meta-MTD 6 finished*
*Meta-MTD 7 finished*
 
-----------------------
Multilevel Optimization
-----------------------
 
 -------------------------
 1. crude pre-optimization
 -------------------------
 Optimizing all 500 structures from file "crest_rotamers_0.xyz" ...
 1 2 3 4 5 6 7 8 9 10 11 12 13 14 15 16 17 18 19 20 21 22 23 24 25 26 27 28 29 30 31 32 33 34 35 36 37 38 39 40 41 42 43 44 45 46 47 48 49 50 51 52 53 54 55 56 57 58 59 60 61 62 63 64 65 66 67 68 69 70 71 72 73 74 75 76 77 78 79 80 81 82 83 84 85 86 87 88 89 90 91 92 93 94 95 96 97 98 99 100 101 102 103 104 105 106 107 108 109 110 111 112 113 114 115 116 117 118 119 120 121 122 123 124 125 126 127 128 129 130 131 132 133 134 135 136 137 138 139 140 141 142 143 144 145 146 147 148 149 150 151 152 153 154 155 156 157 158 159 160 161 162 163 164 165 166 167 168 169 170 171 172 173 174 175 176 177 178 179 180 181 182 183 184 185 186 187 188 189 190 191 192 193 194 195 196 197 198 199 200 201 202 203 204 205 206 207 208 209 210 211 212 213 214 215 216 217 218 219 220 221 222 223 224 225 226 227 228 229 230 231 232 233 234 235 236 237 238 239 240 241 242 243 244 245 246 247 248 249 250 251 252 253 254 255 256 257 258 259 260 261 262 263 264 265 266 267 268 269 270 271 272 273 274 275 276 277 278 279 280 281 282 283 284 285 286 287 288 289 290 291 292 293 294 295 296 297 298 299 300 301 302 303 304 305 306 307 308 309 310 311 312 313 314 315 316 317 318 319 320 321 322 323 324 325 326 327 328 329 330 331 332 333 334 335 336 337 338 339 340 341 342 343 344 345 346 347 348 349 350 351 352 353 354 355 356 357 358 359 360 361 362 363 364 365 366 367 368 369 370 371 372 373 374 375 376 377 378 379 380 381 382 383 384 385 386 387 388 389 390 391 392 393 394 395 396 397 398 399 400 401 402 403 404 405 406 407 408 409 410 411 412 413 414 415 416 417 418 419 420 421 422 423 424 425 426 427 428 429 430 431 432 433 434 435 436 437 438 439 440 441 442 443 444 445 446 447 448 449 450 451 452 453 454 455 456 457 458 459 460 461 462 463 464 465 466 467 468 469 470 471 472 473 474 475 476 477 478 479 480 481 482 483 484 485 486 487 488 489 490 491 492 493 494 495 496 497 498 499 500
 done.
 input  file name : crest_rotamers_1.xyz
 output file name : crest_rotamers_2.xyz
 reference state Etot :  -84.9374142900000     
 500 structures remain within     6.00 kcal/mol window
 
========================================
            MTD Iterations done         
========================================
 Collecting ensmbles.
 running RMSDs...
 done.
 E lowest :   -84.94099
 2 structures remain within     3.00 kcal/mol window
 
-----------------------------------------------
Additional regular MDs on lowest 2 conformer(s)
-----------------------------------------------
Starting MD   4 with the settings:
     MD time /ps        :     5.0
     MD Temperature /K  :   500.0
     dt /fs             :     1.5
     dumpstep(trj) /fs  :     200
Starting MD   1 with the settings:
     MD time /ps        :     5.0
     MD Temperature /K  :   400.0
     dt /fs             :     1.5
     dumpstep(trj) /fs  :     200
Starting MD   2 with the settings:
     MD time /ps        :     5.0
     MD Temperature /K  :   500.0
     dt /fs             :     1.5
     dumpstep(trj) /fs  :     200
Starting MD   3 with the settings:
     MD time /ps        :     5.0
     MD Temperature /K  :   400.0
     dt /fs             :     1.5
     dumpstep(trj) /fs  :     200
*MD 3 finished*
*MD 2 finished*
*MD 1 finished*
*MD 4 finished*
 Appending file crest_rotamers_1.xyz with new structures
 
 --------------------------------------------
 Ensemble optimization with normal thresholds
 --------------------------------------------
 Optimizing all 102 structures from file "crest_rotamers_1.xyz" ...
 1 2 3 4 5 6 7 8 9 10 11 12 13 14 15 16 17 18 19 20 21 22 23 24 25 26 27 28 29 30 31 32 33 34 35 36 37 38 39 40 41 42 43 44 45 46 47 48 49 50 51 52 53 54 55 56 57 58 59 60 61 62 63 64 65 66 67 68 69 70 71 72 73 74 75 76 77 78 79 80 81 82 83 84 85 86 87 88 89 90 91 92 93 94 95 96 97 98 99 100 101 102
 done.
 input  file name : crest_rotamers_2.xyz
 output file name : crest_rotamers_3.xyz
 reference state Etot :  -84.9501665700000     
 102 structures remain within     3.00 kcal/mol window
 
 ...............................................
 A new lower conformer was found!
 Improved by    0.00918 Eh or    5.76050kcal/mol
 ...............................................
 
*******************************************************************************************
**                        N E W    I T E R A T I O N    C Y C L E                        **
*******************************************************************************************
 
========================================
            MTD Iteration  1
========================================
 
     ========================================
     |         Meta-MD (MTD) Sampling       |
     ========================================
 
Starting Meta-MD   1 with the settings:
     MD time /ps        :    10.0
     dt /fs             :     1.5
     dumpstep(trj) /fs  :     200
     dumpstep(Vbias)/ps :     1.0
     Vbias factor k /Eh :  0.9387
     Vbias exp α /bohr⁻²:    1.00
Starting Meta-MD  10 with the settings:
     MD time /ps        :    10.0
     dt /fs             :     1.5
     dumpstep(trj) /fs  :     200
     dumpstep(Vbias)/ps :     1.0
     Vbias factor k /Eh :  0.9387
     Vbias exp α /bohr⁻²:    0.30
Starting Meta-MD   2 with the settings:
     MD time /ps        :    10.0
     dt /fs             :     1.5
     dumpstep(trj) /fs  :     200
     dumpstep(Vbias)/ps :     1.0
     Vbias factor k /Eh :  0.6258
     Vbias exp α /bohr⁻²:    1.00
Starting Meta-MD   3 with the settings:
     MD time /ps        :    10.0
     dt /fs             :     1.5
     dumpstep(trj) /fs  :     200
     dumpstep(Vbias)/ps :     1.0
     Vbias factor k /Eh :  0.4172
     Vbias exp α /bohr⁻²:    1.00
Starting Meta-MD   4 with the settings:
     MD time /ps        :    10.0
     dt /fs             :     1.5
     dumpstep(trj) /fs  :     200
     dumpstep(Vbias)/ps :     1.0
     Vbias factor k /Eh :  0.9387
     Vbias exp α /bohr⁻²:    0.67
Starting Meta-MD   5 with the settings:
     MD time /ps        :    10.0
     dt /fs             :     1.5
     dumpstep(trj) /fs  :     200
     dumpstep(Vbias)/ps :     1.0
     Vbias factor k /Eh :  0.6258
     Vbias exp α /bohr⁻²:    0.67
Starting Meta-MD   6 with the settings:
     MD time /ps        :    10.0
     dt /fs             :     1.5
     dumpstep(trj) /fs  :     200
     dumpstep(Vbias)/ps :     1.0
     Vbias factor k /Eh :  0.4172
     Vbias exp α /bohr⁻²:    0.67
Starting Meta-MD   7 with the settings:
     MD time /ps        :    10.0
     dt /fs             :     1.5
     dumpstep(trj) /fs  :     200
     dumpstep(Vbias)/ps :     1.0
     Vbias factor k /Eh :  0.9387
     Vbias exp α /bohr⁻²:    0.44
Starting Meta-MD   8 with the settings:
     MD time /ps        :    10.0
     dt /fs             :     1.5
     dumpstep(trj) /fs  :     200
     dumpstep(Vbias)/ps :     1.0
     Vbias factor k /Eh :  0.6258
     Vbias exp α /bohr⁻²:    0.44
Starting Meta-MD   9 with the settings:
     MD time /ps        :    10.0
     dt /fs             :     1.5
     dumpstep(trj) /fs  :     200
     dumpstep(Vbias)/ps :     1.0
     Vbias factor k /Eh :  0.4172
     Vbias exp α /bohr⁻²:    0.44
*Meta-MTD 1 finished*
*Meta-MTD 8 finished*
*Meta-MTD 3 finished*
*Meta-MTD 4 finished*
*Meta-MTD 9 finished*
*Meta-MTD 6 finished*
*Meta-MTD 2 finished*
*Meta-MTD 5 finished*
*Meta-MTD 7 finished*
*Meta-MTD 10 finished*
 
-----------------------
Multilevel Optimization
-----------------------
 
 -------------------------
 1. crude pre-optimization
 -------------------------
 Optimizing all 500 structures from file "crest_rotamers_0.xyz" ...
 1 2 3 4 5 6 7 8 9 10 11 12 13 14 15 16 17 18 19 20 21 22 23 24 25 26 27 28 29 30 31 32 33 34 35 36 37 38 39 40 41 42 43 44 45 46 47 48 49 50 51 52 53 54 55 56 57 58 59 60 61 62 63 64 65 66 67 68 69 70 71 72 73 74 75 76 77 78 79 80 81 82 83 84 85 86 87 88 89 90 91 92 93 94 95 96 97 98 99 100 101 102 103 104 105 106 107 108 109 110 111 112 113 114 115 116 117 118 119 120 121 122 123 124 125 126 127 128 129 130 131 132 133 134 135 136 137 138 139 140 141 142 143 144 145 146 147 148 149 150 151 152 153 154 155 156 157 158 159 160 161 162 163 164 165 166 167 168 169 170 171 172 173 174 175 176 177 178 179 180 181 182 183 184 185 186 187 188 189 190 191 192 193 194 195 196 197 198 199 200 201 202 203 204 205 206 207 208 209 210 211 212 213 214 215 216 217 218 219 220 221 222 223 224 225 226 227 228 229 230 231 232 233 234 235 236 237 238 239 240 241 242 243 244 245 246 247 248 249 250 251 252 253 254 255 256 257 258 259 260 261 262 263 264 265 266 267 268 269 270 271 272 273 274 275 276 277 278 279 280 281 282 283 284 285 286 287 288 289 290 291 292 293 294 295 296 297 298 299 300 301 302 303 304 305 306 307 308 309 310 311 312 313 314 315 316 317 318 319 320 321 322 323 324 325 326 327 328 329 330 331 332 333 334 335 336 337 338 339 340 341 342 343 344 345 346 347 348 349 350 351 352 353 354 355 356 357 358 359 360 361 362 363 364 365 366 367 368 369 370 371 372 373 374 375 376 377 378 379 380 381 382 383 384 385 386 387 388 389 390 391 392 393 394 395 396 397 398 399 400 401 402 403 404 405 406 407 408 409 410 411 412 413 414 415 416 417 418 419 420 421 422 423 424 425 426 427 428 429 430 431 432 433 434 435 436 437 438 439 440 441 442 443 444 445 446 447 448 449 450 451 452 453 454 455 456 457 458 459 460 461 462 463 464 465 466 467 468 469 470 471 472 473 474 475 476 477 478 479 480 481 482 483 484 485 486 487 488 489 490 491 492 493 494 495 496 497 498 499 500
 done.
 input  file name : crest_rotamers_1.xyz
 output file name : crest_rotamers_2.xyz
 reference state Etot :  -84.9478694600000     
 500 structures remain within     6.00 kcal/mol window
 
========================================
            MTD Iterations done         
========================================
 Collecting ensmbles.
 running RMSDs...
 done.
 E lowest :   -84.94787
 1 structures remain within     3.00 kcal/mol window
 
-----------------------------------------------
Additional regular MDs on lowest 1 conformer(s)
-----------------------------------------------
Starting MD   2 with the settings:
     MD time /ps        :     5.0
     MD Temperature /K  :   500.0
     dt /fs             :     1.5
     dumpstep(trj) /fs  :     200
Starting MD   1 with the settings:
     MD time /ps        :     5.0
     MD Temperature /K  :   400.0
     dt /fs             :     1.5
     dumpstep(trj) /fs  :     200
*MD 2 finished*
*MD 1 finished*
 Appending file crest_rotamers_1.xyz with new structures
 
 --------------------------------------------
 Ensemble optimization with normal thresholds
 --------------------------------------------
 Optimizing all 51 structures from file "crest_rotamers_1.xyz" ...
 1 2 3 4 5 6 7 8 9 10 11 12 13 14 15 16 17 18 19 20 21 22 23 24 25 26 27 28 29 30 31 32 33 34 35 36 37 38 39 40 41 42 43 44 45 46 47 48 49 50 51
 done.
 input  file name : crest_rotamers_2.xyz
 output file name : crest_rotamers_3.xyz
 reference state Etot :  -84.9586447300000     
 51 structures remain within     3.00 kcal/mol window
 
 ...............................................
 A new lower conformer was found!
 Improved by    0.00848 Eh or    5.32013kcal/mol
 ...............................................
 
*******************************************************************************************
**                        N E W    I T E R A T I O N    C Y C L E                        **
*******************************************************************************************
 
========================================
            MTD Iteration  1
========================================
 
     ========================================
     |         Meta-MD (MTD) Sampling       |
     ========================================
 
Starting Meta-MD   1 with the settings:
     MD time /ps        :    10.0
     dt /fs             :     1.5
     dumpstep(trj) /fs  :     200
     dumpstep(Vbias)/ps :     1.0
     Vbias factor k /Eh :  0.9387
     Vbias exp α /bohr⁻²:    1.00
Starting Meta-MD   2 with the settings:
     MD time /ps        :    10.0
     dt /fs             :     1.5
     dumpstep(trj) /fs  :     200
     dumpstep(Vbias)/ps :     1.0
     Vbias factor k /Eh :  0.6258
     Vbias exp α /bohr⁻²:    1.00
Starting Meta-MD  10 with the settings:
     MD time /ps        :    10.0
     dt /fs             :     1.5
     dumpstep(trj) /fs  :     200
     dumpstep(Vbias)/ps :     1.0
     Vbias factor k /Eh :  0.9387
     Vbias exp α /bohr⁻²:    0.30
Starting Meta-MD   3 with the settings:
     MD time /ps        :    10.0
     dt /fs             :     1.5
     dumpstep(trj) /fs  :     200
     dumpstep(Vbias)/ps :     1.0
     Vbias factor k /Eh :  0.4172
     Vbias exp α /bohr⁻²:    1.00
Starting Meta-MD   4 with the settings:
     MD time /ps        :    10.0
     dt /fs             :     1.5
     dumpstep(trj) /fs  :     200
     dumpstep(Vbias)/ps :     1.0
     Vbias factor k /Eh :  0.9387
     Vbias exp α /bohr⁻²:    0.67
Starting Meta-MD   5 with the settings:
     MD time /ps        :    10.0
     dt /fs             :     1.5
     dumpstep(trj) /fs  :     200
     dumpstep(Vbias)/ps :     1.0
     Vbias factor k /Eh :  0.6258
     Vbias exp α /bohr⁻²:    0.67
Starting Meta-MD   6 with the settings:
     MD time /ps        :    10.0
     dt /fs             :     1.5
     dumpstep(trj) /fs  :     200
     dumpstep(Vbias)/ps :     1.0
     Vbias factor k /Eh :  0.4172
     Vbias exp α /bohr⁻²:    0.67
Starting Meta-MD   7 with the settings:
     MD time /ps        :    10.0
     dt /fs             :     1.5
     dumpstep(trj) /fs  :     200
     dumpstep(Vbias)/ps :     1.0
     Vbias factor k /Eh :  0.9387
     Vbias exp α /bohr⁻²:    0.44
Starting Meta-MD   8 with the settings:
     MD time /ps        :    10.0
     dt /fs             :     1.5
     dumpstep(trj) /fs  :     200
     dumpstep(Vbias)/ps :     1.0
     Vbias factor k /Eh :  0.6258
     Vbias exp α /bohr⁻²:    0.44
Starting Meta-MD   9 with the settings:
     MD time /ps        :    10.0
     dt /fs             :     1.5
     dumpstep(trj) /fs  :     200
     dumpstep(Vbias)/ps :     1.0
     Vbias factor k /Eh :  0.4172
     Vbias exp α /bohr⁻²:    0.44
*Meta-MTD 9 finished*
*Meta-MTD 1 finished*
*Meta-MTD 5 finished*
*Meta-MTD 3 finished*
*Meta-MTD 4 finished*
*Meta-MTD 6 finished*
*Meta-MTD 7 finished*
*Meta-MTD 10 finished*
*Meta-MTD 8 finished*
*Meta-MTD 2 finished*
 
-----------------------
Multilevel Optimization
-----------------------
 
 -------------------------
 1. crude pre-optimization
 -------------------------
 Optimizing all 500 structures from file "crest_rotamers_0.xyz" ...
 1 2 3 4 5 6 7 8 9 10 11 12 13 14 15 16 17 18 19 20 21 22 23 24 25 26 27 28 29 30 31 32 33 34 35 36 37 38 39 40 41 42 43 44 45 46 47 48 49 50 51 52 53 54 55 56 57 58 59 60 61 62 63 64 65 66 67 68 69 70 71 72 73 74 75 76 77 78 79 80 81 82 83 84 85 86 87 88 89 90 91 92 93 94 95 96 97 98 99 100 101 102 103 104 105 106 107 108 109 110 111 112 113 114 115 116 117 118 119 120 121 122 123 124 125 126 127 128 129 130 131 132 133 134 135 136 137 138 139 140 141 142 143 144 145 146 147 148 149 150 151 152 153 154 155 156 157 158 159 160 161 162 163 164 165 166 167 168 169 170 171 172 173 174 175 176 177 178 179 180 181 182 183 184 185 186 187 188 189 190 191 192 193 194 195 196 197 198 199 200 201 202 203 204 205 206 207 208 209 210 211 212 213 214 215 216 217 218 219 220 221 222 223 224 225 226 227 228 229 230 231 232 233 234 235 236 237 238 239 240 241 242 243 244 245 246 247 248 249 250 251 252 253 254 255 256 257 258 259 260 261 262 263 264 265 266 267 268 269 270 271 272 273 274 275 276 277 278 279 280 281 282 283 284 285 286 287 288 289 290 291 292 293 294 295 296 297 298 299 300 301 302 303 304 305 306 307 308 309 310 311 312 313 314 315 316 317 318 319 320 321 322 323 324 325 326 327 328 329 330 331 332 333 334 335 336 337 338 339 340 341 342 343 344 345 346 347 348 349 350 351 352 353 354 355 356 357 358 359 360 361 362 363 364 365 366 367 368 369 370 371 372 373 374 375 376 377 378 379 380 381 382 383 384 385 386 387 388 389 390 391 392 393 394 395 396 397 398 399 400 401 402 403 404 405 406 407 408 409 410 411 412 413 414 415 416 417 418 419 420 421 422 423 424 425 426 427 428 429 430 431 432 433 434 435 436 437 438 439 440 441 442 443 444 445 446 447 448 449 450 451 452 453 454 455 456 457 458 459 460 461 462 463 464 465 466 467 468 469 470 471 472 473 474 475 476 477 478 479 480 481 482 483 484 485 486 487 488 489 490 491 492 493 494 495 496 497 498 499 500
 done.
 input  file name : crest_rotamers_1.xyz
 output file name : crest_rotamers_2.xyz
 reference state Etot :  -84.9225581800000     
 500 structures remain within     6.00 kcal/mol window
 
========================================
            MTD Iterations done         
========================================
 Collecting ensmbles.
 running RMSDs...
 done.
 E lowest :   -84.92256
 2 structures remain within     3.00 kcal/mol window
 
-----------------------------------------------
Additional regular MDs on lowest 1 conformer(s)
-----------------------------------------------
Starting MD   2 with the settings:
     MD time /ps        :     5.0
     MD Temperature /K  :   500.0
     dt /fs             :     1.5
     dumpstep(trj) /fs  :     200
Starting MD   1 with the settings:
     MD time /ps        :     5.0
     MD Temperature /K  :   400.0
     dt /fs             :     1.5
     dumpstep(trj) /fs  :     200
*MD 1 finished*
*MD 2 finished*
 Appending file crest_rotamers_1.xyz with new structures
 
 --------------------------------------------
 Ensemble optimization with normal thresholds
 --------------------------------------------
 Optimizing all 52 structures from file "crest_rotamers_1.xyz" ...
 1 2 3 4 5 6 7 8 9 10 11 12 13 14 15 16 17 18 19 20 21 22 23 24 25 26 27 28 29 30 31 32 33 34 35 36 37 38 39 40 41 42 43 44 45 46 47 48 49 50 51 52
 done.
 input  file name : crest_rotamers_2.xyz
 output file name : crest_rotamers_3.xyz
 reference state Etot :  -84.9357076800000     
 52 structures remain within     3.00 kcal/mol window
 
 
 
   ================================================
   |           Final Geometry Optimization        |
   ================================================
 --------------------------------------------
 Ensemble optimization with normal thresholds
 --------------------------------------------
 Optimizing all 52 structures from file "crest_rotamers_3.xyz" ...
 1 2 3 4 5 6 7 8 9 10 11 12 13 14 15 16 17 18 19 20 21 22 23 24 25 26 27 28 29 30 31 32 33 34 35 36 37 38 39 40 41 42 43 44 45 46 47 48 49 50 51 52
 done.
 input  file name : crest_rotamers_4.xyz
 output file name : crest_rotamers_5.xyz
 reference state Etot :  -84.9357042100000     
 52 structures remain within     3.00 kcal/mol window
 
  GFN2-xTB optimization
 --------------------------------------------
 Ensemble optimization with normal thresholds
 --------------------------------------------
 Optimizing all 52 structures from file "crest_rotamers_5.xyz" ...
 1 2 3 4 5 6 7 8 9 10 11 12 13 14 15 16 17 18 19 20 21 22 23 24 25 26 27 28 29 30 31 32 33 34 35 36 37 38 39 40 41 42 43 44 45 46 47 48 49 50 51 52
 done.
 
 -------------------------------------------
 Ensemble optimization with tight thresholds
 -------------------------------------------
 Optimizing all 52 structures from file "crest_rotamers_6.xyz" ...
 1 2 3 4 5 6 7 8 9 10 11 12 13 14 15 16 17 18 19 20 21 22 23 24 25 26 27 28 29 30 31 32 33 34 35 36 37 38 39 40 41 42 43 44 45 46 47 48 49 50 51 52
 done.
 
 
  Single point computation with GBSA model
  52 jobs to do.
 
  done.
 
  Cluster   E /Eh        Density  Efix       R   av/act. Surface   Opt
    1     -1273.654640   1.417    0.000    14.8  16.4     8107.7   tight
    2     -1273.727527   1.413    0.000    14.7  17.5     8307.1   tight
    3     -1273.687082   1.419    0.000    14.7  16.5     8155.3   tight
    4     -1273.709701   1.418    0.000    14.7  14.6     8073.3   tight
    5     -1273.733084   1.420    0.000    14.7  16.4     8071.5   tight
    6     -1273.670924   1.425    0.000    14.7  14.4     7903.8   tight
    7     -1273.756809   1.414    0.000    14.8  15.0     8480.7   tight
    8     -1273.712061   1.427    0.000    14.6  15.9     7890.2   tight
    9     -1273.721793   1.417    0.000    14.7  17.2     8159.2   tight
   10     -1273.705838   1.422    0.000    14.8  18.2     7984.2   tight
   11     -1273.707280   1.424    0.000    14.8  14.1     7908.5   tight
   12     -1273.692213   1.417    0.000    14.7  14.8     8027.4   tight
   13     -1273.705017   1.418    0.000    14.8  17.8     8092.6   tight
   14     -1273.709142   1.422    0.000    14.7  16.3     8091.3   tight
   15     -1273.694990   1.419    0.000    14.6  16.3     8083.5   tight
   16     -1273.704517   1.411    0.000    14.8  17.9     8415.8   tight
   17     -1273.701525   1.423    0.000    14.7  16.4     7983.8   tight
   18     -1273.704912   1.411    0.000    14.8  15.6     8207.1   tight
   19     -1273.704781   1.413    0.000    14.8  15.0     8252.8   tight
   20     -1273.689277   1.410    0.000    14.9  17.6     8370.9   tight
   21     -1273.690119   1.413    0.000    14.8  14.7     8467.6   tight
   22     -1273.703295   1.423    0.000    14.6  16.7     7951.9   tight
   23     -1273.672415   1.421    0.000    14.7  14.7     7932.6   tight
   24     -1273.693071   1.418    0.000    14.8  18.7     8235.6   tight
   25     -1273.702789   1.411    0.000    14.8  15.4     8245.5   tight
   26     -1273.723987   1.416    0.000    14.7  17.8     8340.5   tight
   27     -1273.718586   1.414    0.000    14.9  15.6     8320.2   tight
   28     -1273.686419   1.418    0.000    14.7  16.9     8265.8   tight
   29     -1273.702239   1.414    0.000    14.8  17.8     8310.4   tight
   30     -1273.714521   1.409    0.000    14.9  20.5     8408.3   tight
   31     -1273.736696   1.406    0.000    14.8  18.2     8599.7   tight
   32     -1273.697603   1.409    0.000    14.7  17.5     8359.1   tight
   33     -1273.712466   1.417    0.000    14.9  20.1     8169.0   tight
   34     -1273.722115   1.405    0.000    14.9  20.8     8748.5   tight
   35     -1273.704346   1.417    0.000    14.8  17.2     8086.6   tight
   36     -1273.674748   1.412    0.000    14.7  17.6     8215.3   tight
   37     -1273.691315   1.405    0.000    14.8  19.4     8540.2   tight
   38     -1273.701959   1.411    0.000    14.7  19.6     8364.1   tight
   39     -1273.705189   1.415    0.000    14.8  19.8     8299.2   tight
   40     -1273.731957   1.415    0.000    14.8  16.1     8312.3   tight
   41     -1273.725498   1.421    0.000    14.8  18.6     8086.6   tight
   42     -1273.692764   1.414    0.000    14.8  16.6     8228.8   tight
   43     -1273.679536   1.408    0.000    14.7  15.1     8496.0   tight
   44     -1273.674138   1.402    0.000    14.9  17.5     8492.5   tight
   45     -1273.677946   1.417    0.000    14.8  20.5     8048.6   tight
   46     -1273.711679   1.416    0.000    14.7  17.9     8085.7   tight
   47     -1273.671958   1.412    0.000    14.7  14.5     8304.9   tight
   48     -1273.680469   1.402    0.000    14.8  17.4     8555.8   tight
   49     -1273.737146   1.411    0.000    14.7  15.9     8571.6   tight
   50     -1273.710819   1.410    0.000    14.8  17.2     8264.5   tight
   51     -1273.708791   1.419    0.000    14.7  14.9     8120.3   tight
   52     -1273.670113   1.408    0.000    14.7  15.8     8286.5   tight
 
Taking  20 structures
 
  ------------------------------------------------------------------------
  ------------------------------------------------------------------------
  Boltz. averaged energy of final cluster:
       G /Eh     :-1273.75680894
       T*S /kcal :  -0.000
 
  Ensemble generation finished.
  Results can be found in ensemble directory
  Lowest energy conformer in file <crest_best.xyz>
  List of full ensemble in file <full_ensemble.xyz>
  List of used ensemble in file <final_ensemble.xyz>
  Thermodynamical data in file <thermo_data>
  Population of full ensemble in file <full_population.dat>
  Population in file <population.dat>
 
 
  ________________________________________________________________________
 
  _________________     Solvent Cluster Generation   _____________________
 
  ________________________________________________________________________
 
 Method for CFF: GFN2-xTB
  solute smaller than solvent, cff skipped
  Starting optimizations + SP  of structures
  20 jobs to do.
 
  done.
 
  Cluster   E /Eh        Density  Efix       R   av/act. Surface   Opt
    1     -1273.527298   1.412    0.000    14.7  16.7     8569.3   tight
    2     -1273.494362   1.405    0.000    14.6  17.6     8794.8   tight
    3     -1273.481143   1.407    0.000    14.7  18.4     8553.2   tight
    4     -1273.511129   1.418    0.000    14.6  17.6     8108.9   tight
    5     -1273.472368   1.414    0.000    14.6  15.8     8317.4   tight
    6     -1273.481034   1.410    0.000    14.7  17.1     8318.7   tight
    7     -1273.485878   1.419    0.000    14.6  17.1     8111.9   tight
    8     -1273.467089   1.417    0.000    14.6  18.2     8305.9   tight
    9     -1273.467450   1.402    0.000    14.7  18.4     8762.0   tight
   10     -1273.485775   1.418    0.000    14.6  19.3     8026.0   tight
   11     -1273.458897   1.411    0.000    14.6  17.2     8361.3   tight
   12     -1273.451513   1.408    0.000    14.7  19.6     8399.5   tight
   13     -1273.465747   1.419    0.000    14.6  18.1     8053.7   tight
   14     -1273.479290   1.424    0.000    14.6  17.5     8014.2   tight
   15     -1273.476582   1.416    0.000    14.6  18.5     8247.7   tight
   16     -1273.485821   1.410    0.000    14.7  18.0     8331.0   tight
   17     -1273.454487   1.417    0.000    14.6  16.8     8068.6   tight
   18     -1273.476752   1.420    0.000    14.6  17.7     8094.5   tight
   19     -1273.456273   1.418    0.000    14.6  12.9     8150.2   tight
   20     -1273.484819   1.423    0.000    14.6  17.0     7994.1   tight
 
  ------------------------------------------------------------------------
  ------------------------------------------------------------------------
  Boltz. averaged energy of final cluster:
       G /Eh     :-1273.52729761
       T*S /kcal :  -0.000
 
  Solvent cluster generation finished.
  Results can be found in solvent_cluster directory
  Structures in file <crest_ensemble.xyz>
  Energies in file <cluster_energy.dat>
  Population in file <population.dat>
 
  =========================================
  |   quantum cluster growth: ESOLV       |
  |                                       |
  |          -288.07 kcal/mol             |
  =========================================
 
  =========================================
  |          Frequency evaluation         |
  =========================================
 
   SOLUTE MOLECULE
  Starting reoptimizations + Frequency computation of ensemble
  1 jobs to do.
 
  done.
   SOLUTE CLUSTER
  Starting reoptimizations + Frequency computation of ensemble
  20 jobs to do.
 
  done.
   SOLVENT CLUSTER
  Starting reoptimizations + Frequency computation of ensemble
  20 jobs to do.
 
  done.
 
   Solute Gas properties
  #       H(T)       SVIB      SROT       STRA      G(T)
       [kcal/mol]    [      cal/mol/K        ]    [kcal/mol]
  --------------------------------------------------------
        1.48      0.00      0.00     26.00     -6.27
 
   Solute cluster properties
  #       H(T)       SVIB      SROT       STRA      G(T)
       [kcal/mol]    [      cal/mol/K        ]    [kcal/mol]
  --------------------------------------------------------
  1     4184.86   2251.94     47.87     51.05   3483.96
  2     4185.59   2254.30     47.86     51.05   3483.98
  3     4184.43   2246.36     47.88     51.05   3485.19
  4     4185.44   2272.48     47.84     51.05   3478.42
  5     4183.61   2255.28     47.86     51.05   3481.71
  6     4185.02   2262.10     47.86     51.05   3481.09
  7     4186.30   2261.06     47.84     51.05   3482.69
  8     4185.55   2267.23     47.85     51.05   3480.09
  9     4184.43   2254.89     47.89     51.05   3482.64
  10     4184.52   2277.84     47.85     51.05   3475.90
  11     4185.36   2269.04     47.85     51.05   3479.36
  12     4184.22   2281.47     47.87     51.05   3474.51
  13     4183.61   2279.97     47.84     51.05   3474.36
  14     4187.39   2281.80     47.83     51.05   3477.59
  15     4183.47   2286.56     47.84     51.05   3472.25
  16     4184.22   2276.81     47.87     51.05   3475.90
  17     4185.59   2287.57     47.84     51.05   3474.07
  18     4186.20   2282.26     47.84     51.05   3476.26
  19     4183.68   2276.17     47.84     51.05   3475.56
  20     4185.41   2283.97     47.84     51.05   3474.97
 
   Solvent cluster properties
  #       H(T)       SVIB      SROT       STRA      G(T)
       [kcal/mol]    [      cal/mol/K        ]    [kcal/mol]
  --------------------------------------------------------
  1     4180.29   2240.01     47.88     51.04   3482.93
  2     4179.35   2250.65     47.89     51.04   3478.83
  3     4178.18   2260.21     47.89     51.04   3474.80
  4     4179.98   2257.14     47.85     51.04   3477.53
  5     4177.98   2259.07     47.87     51.04   3474.94
  6     4178.76   2270.76     47.88     51.04   3472.24
  7     4181.27   2258.95     47.86     51.04   3478.27
  8     4180.07   2275.88     47.86     51.04   3472.03
  9     4178.15   2257.50     47.91     51.04   3475.57
  10     4179.30   2277.50     47.85     51.04   3470.78
  11     4178.71   2280.49     47.87     51.04   3469.29
  12     4177.73   2286.89     47.88     51.04   3466.39
  13     4178.51   2281.73     47.85     51.04   3468.73
  14     4181.35   2275.96     47.85     51.04   3473.29
  15     4179.12   2266.21     47.86     51.04   3473.96
  16     4180.07   2258.78     47.88     51.04   3477.12
  17     4179.56   2292.59     47.85     51.04   3466.54
  18     4180.17   2272.74     47.85     51.04   3473.07
  19     4177.76   2283.83     47.85     51.04   3467.35
  20     4180.53   2269.42     47.85     51.04   3474.42
 
 
  ________________________________________________________________________
 
  _________________________     Evaluation    ____________________________
 
  ________________________________________________________________________
 
 
  -----------------------------------------------------
  Gsolv and Hsolv ref. state: [1 M gas/solution] 
  G_solv (incl.RRHO)      = -280.77 kcal/mol
  H_solv (incl.RRHO)      = -284.97 kcal/mol
  -----------------------------------------------------
 
  -----------------------------------------------------
  Gsolv and Hsolv ref. state: [1 M gas/solution] 
  G_solv (incl.RRHO)      = -282.67 kcal/mol
  H_solv (incl.RRHO)      = -286.87 kcal/mol
  -----------------------------------------------------
 
  -----------------------------------------------------
  Solvation free energies with scaled translational
  and rotational degrees of freedom: Gsolv (scaling)
          >>   -290.04 (0.05)    <<
          >>   -289.65 (0.10)    <<
          >>   -289.26 (0.15)    <<
          >>   -288.87 (0.20)    <<
          >>   -288.48 (0.25)    <<
          >>   -288.10 (0.30)    <<
          >>   -287.71 (0.35)    <<
          >>   -287.32 (0.40)    <<
          >>   -286.93 (0.45)    <<
          >>   -286.55 (0.50)    <<
          >>   -286.16 (0.55)    <<
          >>   -285.77 (0.60)    <<
          >>   -285.38 (0.65)    <<
          >>   -284.99 (0.70)    <<
          >>   -284.61 (0.75)    <<
          >>   -284.22 (0.80)    <<
          >>   -283.83 (0.85)    <<
          >>   -283.44 (0.90)    <<
          >>   -283.05 (0.95)    <<
          >>   -282.67 (1.00)    <<
  -----------------------------------------------------
 
  ==================================================
  |  Gsolv with SCALED RRHO contributions: 0.75    |
  |  [1 bar gas/ 1 M solution]                     |
  |                                                |
  |  G_solv (incl.RRHO)+dV(T)= -284.61 kcal/mol    |
  ==================================================
 
 
 -----------------
 Wall Time Summary
 -----------------
             test MD wall time :         0h : 1m :17s
                 MTD wall time :         1h : 9m :28s
      multilevel OPT wall time :         0h :49m :37s
                  MD wall time :         0h :38m :27s
                Grow wall time :         6h :47m : 0s
     Solute-Ensemble wall time :        10h :41m :39s
                 CFF wall time :         1h :26m :22s
         Frequencies wall time :        27h :34m :13s
--------------------
Overall wall time  : 49h :11m :30s
 
 CREST terminated normally.
