 
       ==============================================
       |                                            |
       |                 C R E S T                  |
       |                                            |
       |  Conformer-Rotamer Ensemble Sampling Tool  |
       |          based on the GFN methods          |
       |             P.Pracht, S.Grimme             |
       |          Universitaet Bonn, MCTC           |
       ==============================================
       Version 2.12,   Thu 19. Mai 16:32:32 CEST 2022
  Using the xTB program. Compatible with xTB version 6.4.0
 
   Cite work conducted with this code as

   • P.Pracht, F.Bohle, S.Grimme, PCCP, 2020, 22, 7169-7192.
   • S.Grimme, JCTC, 2019, 15, 2847-2862.

   and for works involving QCG as

   • S.Spicher, C.Plett, P.Pracht, A.Hansen, S.Grimme,
     JCTC, 2022, 18 (5), 3174-3189.
 
   with help from:
   C.Bannwarth, F.Bohle, S.Ehlert, S.Grimme,
   C.Plett, P.Pracht, S.Spicher
 
   This program is distributed in the hope that it will be useful,
   but WITHOUT ANY WARRANTY; without even the implied warranty of
   MERCHANTABILITY or FITNESS FOR A PARTICULAR PURPOSE.

 Command line input:
 > crest input.xyz --qcg water.xyz --chrg 1 --uhf 0 --nsolv 30 --T 25 --gsolv --nclus 20 --gbsa water --wscal 1.0

 Solute-file: input.xyz
 Solvent-file: water.xyz
  --chrg 1
  --uhf 0
  --T 25 (CPUs/Threads selected)
  --gbsa water : implicit solvation
 
  ========================================
  |           ----------------           |
  |                 Q C G                |
  |           ----------------           |
  |        Quantum Cluster Growth        |
  |       University of Bonn, MCTC       |
  ========================================
   S. Grimme, S. Spicher, C. Plett.
 
   Cite work conducted with this code as

   S. Spicher, C. Plett, P. Pracht, A. Hansen, S. Grimme, JCTC, 2022, 18, 3174-3189.
 
 
  =========================================
  |   quantum cluster growth: INPUT       |
  =========================================
 
  QCG: Calculation of delta G_solv
  Ensemble generated via CREST
 
  input parameters     
  solute                 : input.xyz
  charge                 : 1
  uhf                    : 0
  solvent                : water.xyz
  # of solvents to add   : 30
  # of cluster generated : 20
  # of CPUs used         : 25
  Solvation model        : water               
  xtb opt level          : normal
  System temperature [K] : 298.1
  RRHO scaling factor    : 0.75
 
 Solute geometry
  molecular radius (Bohr**1):    5.72
  molecular area   (Bohr**2):  476.48
  molecular volume (Bohr**3):  783.39
 Solvent geometry
  molecular radius (Bohr**1):    3.88
  molecular area   (Bohr**2):  194.99
  molecular volume (Bohr**3):  244.40
 
  radius of solute    :     9.22
  radius of solvent   :     6.25
 
  =========================================
  |            Preoptimization            |
  =========================================
 
 -------------------------
 xTB Geometry Optimization
 -------------------------
 Geometry successfully optimized.
 Generating LMOs for solute
  Total Energy of solute:     -14.8868705 Eh
 
 -------------------------
 xTB Geometry Optimization
 -------------------------
 Geometry successfully optimized.
 Generating LMOs for solvent
  Total energy of solvent:     -5.0705444 Eh
 
  ________________________________________________________________________
 
  __________________     Solute Cluster Generation   _____________________
 
  ________________________________________________________________________
 
 
  =========================================
  |   quantum cluster growth: GROW        |
  =========================================
 
  Constraining solute during Growth 
 Solute:
       unit ellipsoid axis a,b,c     :   0.451   0.277   0.272
 Solvent:
       unit ellipsoid axis a,b,c     :   0.386   0.322   0.292
 
  solvent anisotropy            :     1.133
  solute anisotropy             :     1.240
  roff inner wall               :     0.970
  solute max dist               :    14.282
  solvent max dist              :     7.283
  inner unit axis               :     0.575     0.216     0.209
  inner ellipsoid/Bohr          :    15.166     5.698     5.501
  scaling factor outer ellipsoid:     1.000
  outer ellipsoid/Bohr          :    14.839     9.096     8.937
 
  Size  E /Eh       De/kcal   Detot/kcal  Density   Efix         R   av/act. Surface   Opt
    1   -19.986782  -18.43     -18.43       0.918     -5.161      0.0   0.0     977.3   normal
    2   -25.084217  -16.87     -35.30       0.935     -5.912      7.1   6.7    1175.6   normal
    3   -30.178780  -15.07     -50.37       0.945     -6.586      6.9   7.8    1376.6   normal
    4   -35.266792  -10.96     -61.34       0.965     -7.199      7.1   6.5    1558.3   normal
    5   -40.358822  -13.48     -74.82       1.004     -7.767      6.9   6.1    1698.8   normal
    6   -45.445110   -9.88     -84.70       1.003     -8.297      6.8   8.1    1901.8   normal
    7   -50.536670  -13.19     -97.88       1.030     -8.797      7.0   7.3    2047.3   normal
    8   -55.625813  -11.67    -109.56       1.052     -9.271      7.0   6.8    2195.9   normal
    9   -60.716518  -12.65    -122.21       1.068     -9.722      7.0   9.7    2352.6   normal
   10   -65.801485   -9.05    -131.26       1.064    -10.153      7.3   7.9    2551.8   normal
   11   -70.892065  -12.57    -143.83       1.082    -10.568      7.4   6.4    2694.8   normal
   12   -75.984670  -13.84    -157.67       1.100    -10.967      7.4   9.6    2836.0   normal
   13   -81.069973   -9.26    -166.93       1.092    -11.352      7.6  12.1    3039.9   normal
   14   -86.155768   -9.57    -176.50       1.098    -11.724      8.0   7.2    3206.9   normal
   15   -91.245715  -12.18    -188.68       1.114    -12.086      7.8   6.3    3341.6   normal
   16   -96.332196  -10.00    -198.68       1.127    -12.436      7.7   7.5    3483.3   normal
   17  -101.425214  -14.10    -212.78       1.139    -12.778      7.7   9.7    3623.7   normal
   18  -106.512676  -10.62    -223.40       1.142    -13.111      7.7  13.5    3790.1   normal
   19  -111.596175   -8.13    -231.53       1.135    -13.435      8.0  11.6    3991.5   normal
   20  -116.689234  -14.13    -245.65       1.149    -13.752      8.0   9.8    4119.1   normal
   21  -121.778332  -11.64    -257.30       1.160    -14.062      8.0   7.4    4254.9   normal
   22  -126.873944  -15.73    -273.03       1.182    -14.366      7.7   9.5    4346.5   normal
   23  -131.954665   -6.39    -279.41       1.178    -14.662      7.8  12.3    4530.7   normal
   24  -137.046216  -13.18    -292.59       1.188    -14.953      8.0  11.5    4663.5   normal
   25  -142.136640  -12.47    -305.07       1.198    -15.239      8.2   6.6    4792.8   normal
   26  -147.223537  -10.26    -315.33       1.200    -15.519      8.1  11.8    4953.1   normal
   27  -152.322483  -17.82    -333.15       1.201    -15.795      8.2   9.7    5116.6   normal
   28  -157.410594  -11.02    -344.18       1.202    -16.066      8.3   9.3    5282.7   normal
   29  -162.495874   -9.25    -353.42       1.202    -16.331      8.4  10.5    5448.3   normal
   30  -167.582682  -10.21    -363.63       1.200    -16.593      8.5  13.3    5625.0   normal
 
  Growth finished after 30 solvents added
  Results can be found in grow directory
  Energy list in file <qcg_energy.dat>
  Interaction energy in file <qcg_conv.dat>
  Growing process in <qcg_grow.xyz>
  Final geometry after grow in <cluster.coord> and <cluster.xyz>
  Potentials and geometry written in <cluster_cavity.coord> and <twopot_cavity.coord>
 
  =========================================
  |   quantum cluster growth: ENSEMBLE    |
  =========================================
 
   Method for ensemble search:--gff               
 Starting ensemble cluster generation by CREST routine
 
------------------------------------------------
Generating MTD length from a flexibility measure
------------------------------------------------
 System flexiblity is set to 1.0 for NCI mode
 flexibility measure :   1.000
 t(MTD) / ps set by command line  :    10.0
 t(MTD) / ps    :    10.0
 Σ(t(MTD)) / ps :   120.0 (12 MTDs)
 
-------------------------------------
Starting a trial MTD to test settings
-------------------------------------
 Estimated runtime for one MTD (10.0 ps) on a single thread: 1 min 59 sec
 Estimated runtime for a batch of 12 MTDs on 25 threads: 59 sec
 
 list of Vbias parameters applied:
$metadyn    0.00125   1.000
$metadyn    0.00083   1.000
$metadyn    0.00056   1.000
$metadyn    0.00125   0.667
$metadyn    0.00083   0.667
$metadyn    0.00056   0.667
$metadyn    0.00125   0.444
$metadyn    0.00083   0.444
$metadyn    0.00056   0.444
$metadyn    0.00125   0.296
$metadyn    0.00083   0.296
$metadyn    0.00056   0.296
 
*******************************************************************************************
**                        N E W    I T E R A T I O N    C Y C L E                        **
*******************************************************************************************
 
========================================
            MTD Iteration  1
========================================
 
     ========================================
     |         Meta-MD (MTD) Sampling       |
     ========================================
 
Starting Meta-MD   2 with the settings:
     MD time /ps        :    10.0
     dt /fs             :     1.5
     dumpstep(trj) /fs  :     200
     dumpstep(Vbias)/ps :     1.0
     Vbias factor k /Eh :  0.0850
     Vbias exp α /bohr⁻²:    1.00
Starting Meta-MD   1 with the settings:
     MD time /ps        :    10.0
     dt /fs             :     1.5
     dumpstep(trj) /fs  :     200
     dumpstep(Vbias)/ps :     1.0
     Vbias factor k /Eh :  0.1275
     Vbias exp α /bohr⁻²:    1.00
Starting Meta-MD   3 with the settings:
     MD time /ps        :    10.0
     dt /fs             :     1.5
     dumpstep(trj) /fs  :     200
     dumpstep(Vbias)/ps :     1.0
     Vbias factor k /Eh :  0.0567
     Vbias exp α /bohr⁻²:    1.00
Starting Meta-MD   5 with the settings:
     MD time /ps        :    10.0
     dt /fs             :     1.5
     dumpstep(trj) /fs  :     200
     dumpstep(Vbias)/ps :     1.0
     Vbias factor k /Eh :  0.0850
     Vbias exp α /bohr⁻²:    0.67
Starting Meta-MD   6 with the settings:
     MD time /ps        :    10.0
     dt /fs             :     1.5
     dumpstep(trj) /fs  :     200
     dumpstep(Vbias)/ps :     1.0
     Vbias factor k /Eh :  0.0567
     Vbias exp α /bohr⁻²:    0.67
Starting Meta-MD   7 with the settings:
     MD time /ps        :    10.0
     dt /fs             :     1.5
     dumpstep(trj) /fs  :     200
     dumpstep(Vbias)/ps :     1.0
     Vbias factor k /Eh :  0.1275
     Vbias exp α /bohr⁻²:    0.44
Starting Meta-MD   9 with the settings:
     MD time /ps        :    10.0
     dt /fs             :     1.5
     dumpstep(trj) /fs  :     200
     dumpstep(Vbias)/ps :     1.0
     Vbias factor k /Eh :  0.0567
     Vbias exp α /bohr⁻²:    0.44
Starting Meta-MD  10 with the settings:
     MD time /ps        :    10.0
     dt /fs             :     1.5
     dumpstep(trj) /fs  :     200
     dumpstep(Vbias)/ps :     1.0
     Vbias factor k /Eh :  0.1275
     Vbias exp α /bohr⁻²:    0.30
Starting Meta-MD  11 with the settings:
     MD time /ps        :    10.0
     dt /fs             :     1.5
     dumpstep(trj) /fs  :     200
     dumpstep(Vbias)/ps :     1.0
     Vbias factor k /Eh :  0.0850
     Vbias exp α /bohr⁻²:    0.30
Starting Meta-MD  12 with the settings:
     MD time /ps        :    10.0
     dt /fs             :     1.5
     dumpstep(trj) /fs  :     200
     dumpstep(Vbias)/ps :     1.0
     Vbias factor k /Eh :  0.0567
     Vbias exp α /bohr⁻²:    0.30
Starting Meta-MD   4 with the settings:
     MD time /ps        :    10.0
     dt /fs             :     1.5
     dumpstep(trj) /fs  :     200
     dumpstep(Vbias)/ps :     1.0
     Vbias factor k /Eh :  0.1275
     Vbias exp α /bohr⁻²:    0.67
Starting Meta-MD   8 with the settings:
     MD time /ps        :    10.0
     dt /fs             :     1.5
     dumpstep(trj) /fs  :     200
     dumpstep(Vbias)/ps :     1.0
     Vbias factor k /Eh :  0.0850
     Vbias exp α /bohr⁻²:    0.44
*Meta-MTD 3 finished*
*Meta-MTD 10 finished*
*Meta-MTD 6 finished*
*Meta-MTD 5 finished*
*Meta-MTD 7 finished*
*Meta-MTD 12 finished*
*Meta-MTD 8 finished*
*Meta-MTD 9 finished*
*Meta-MTD 2 finished*
*Meta-MTD 4 finished*
*Meta-MTD 1 finished*
*Meta-MTD 11 finished*
 
-----------------------
Multilevel Optimization
-----------------------
 
 -------------------------
 1. crude pre-optimization
 -------------------------
 Optimizing all 600 structures from file "crest_rotamers_0.xyz" ...
 1 2 3 4 5 6 7 8 9 10 11 12 13 14 15 16 17 18 19 20 21 22 23 24 25 26 27 28 29 30 31 32 33 34 35 36 37 38 39 40 41 42 43 44 45 46 47 48 49 50 51 52 53 54 55 56 57 58 59 60 61 62 63 64 65 66 67 68 69 70 71 72 73 74 75 76 77 78 79 80 81 82 83 84 85 86 87 88 89 90 91 92 93 94 95 96 97 98 99 100 101 102 103 104 105 106 107 108 109 110 111 112 113 114 115 116 117 118 119 120 121 122 123 124 125 126 127 128 129 130 131 132 133 134 135 136 137 138 139 140 141 142 143 144 145 146 147 148 149 150 151 152 153 154 155 156 157 158 159 160 161 162 163 164 165 166 167 168 169 170 171 172 173 174 175 176 177 178 179 180 181 182 183 184 185 186 187 188 189 190 191 192 193 194 195 196 197 198 199 200 201 202 203 204 205 206 207 208 209 210 211 212 213 214 215 216 217 218 219 220 221 222 223 224 225 226 227 228 229 230 231 232 233 234 235 236 237 238 239 240 241 242 243 244 245 246 247 248 249 250 251 252 253 254 255 256 257 258 259 260 261 262 263 264 265 266 267 268 269 270 271 272 273 274 275 276 277 278 279 280 281 282 283 284 285 286 287 288 289 290 291 292 293 294 295 296 297 298 299 300 301 302 303 304 305 306 307 308 309 310 311 312 313 314 315 316 317 318 319 320 321 322 323 324 325 326 327 328 329 330 331 332 333 334 335 336 337 338 339 340 341 342 343 344 345 346 347 348 349 350 351 352 353 354 355 356 357 358 359 360 361 362 363 364 365 366 367 368 369 370 371 372 373 374 375 376 377 378 379 380 381 382 383 384 385 386 387 388 389 390 391 392 393 394 395 396 397 398 399 400 401 402 403 404 405 406 407 408 409 410 411 412 413 414 415 416 417 418 419 420 421 422 423 424 425 426 427 428 429 430 431 432 433 434 435 436 437 438 439 440 441 442 443 444 445 446 447 448 449 450 451 452 453 454 455 456 457 458 459 460 461 462 463 464 465 466 467 468 469 470 471 472 473 474 475 476 477 478 479 480 481 482 483 484 485 486 487 488 489 490 491 492 493 494 495 496 497 498 499 500 501 502 503 504 505 506 507 508 509 510 511 512 513 514 515 516 517 518 519 520 521 522 523 524 525 526 527 528 529 530 531 532 533 534 535 536 537 538 539 540 541 542 543 544 545 546 547 548 549 550 551 552 553 554 555 556 557 558 559 560 561 562 563 564 565 566 567 568 569 570 571 572 573 574 575 576 577 578 579 580 581 582 583 584 585 586 587 588 589 590 591 592 593 594 595 596 597 598 599 600
 done.
 input  file name : crest_rotamers_1.xyz
 output file name : crest_rotamers_2.xyz
 reference state Etot :  -10.6970578500000     
 600 structures remain within     6.00 kcal/mol window
 
 
========================================
            MTD Iteration  2
========================================
 
     ========================================
     |         Meta-MD (MTD) Sampling       |
     ========================================
 
Starting Meta-MD   1 with the settings:
     MD time /ps        :    10.0
     dt /fs             :     1.5
     dumpstep(trj) /fs  :     200
     dumpstep(Vbias)/ps :     1.0
     Vbias factor k /Eh :  0.1275
     Vbias exp α /bohr⁻²:    1.00
Starting Meta-MD   2 with the settings:
     MD time /ps        :    10.0
     dt /fs             :     1.5
     dumpstep(trj) /fs  :     200
     dumpstep(Vbias)/ps :     1.0
     Vbias factor k /Eh :  0.0850
     Vbias exp α /bohr⁻²:    1.00
Starting Meta-MD   3 with the settings:
     MD time /ps        :    10.0
     dt /fs             :     1.5
     dumpstep(trj) /fs  :     200
     dumpstep(Vbias)/ps :     1.0
     Vbias factor k /Eh :  0.0567
     Vbias exp α /bohr⁻²:    1.00
Starting Meta-MD   4 with the settings:
     MD time /ps        :    10.0
     dt /fs             :     1.5
     dumpstep(trj) /fs  :     200
     dumpstep(Vbias)/ps :     1.0
     Vbias factor k /Eh :  0.1275
     Vbias exp α /bohr⁻²:    0.67
Starting Meta-MD   5 with the settings:
     MD time /ps        :    10.0
     dt /fs             :     1.5
     dumpstep(trj) /fs  :     200
     dumpstep(Vbias)/ps :     1.0
     Vbias factor k /Eh :  0.0850
     Vbias exp α /bohr⁻²:    0.67
Starting Meta-MD   6 with the settings:
     MD time /ps        :    10.0
     dt /fs             :     1.5
     dumpstep(trj) /fs  :     200
     dumpstep(Vbias)/ps :     1.0
     Vbias factor k /Eh :  0.0567
     Vbias exp α /bohr⁻²:    0.67
Starting Meta-MD  10 with the settings:
     MD time /ps        :    10.0
     dt /fs             :     1.5
     dumpstep(trj) /fs  :     200
     dumpstep(Vbias)/ps :     1.0
     Vbias factor k /Eh :  0.1275
     Vbias exp α /bohr⁻²:    0.30
Starting Meta-MD   7 with the settings:
     MD time /ps        :    10.0
     dt /fs             :     1.5
     dumpstep(trj) /fs  :     200
     dumpstep(Vbias)/ps :     1.0
     Vbias factor k /Eh :  0.1275
     Vbias exp α /bohr⁻²:    0.44
Starting Meta-MD   8 with the settings:
     MD time /ps        :    10.0
     dt /fs             :     1.5
     dumpstep(trj) /fs  :     200
     dumpstep(Vbias)/ps :     1.0
     Vbias factor k /Eh :  0.0850
     Vbias exp α /bohr⁻²:    0.44
Starting Meta-MD   9 with the settings:
     MD time /ps        :    10.0
     dt /fs             :     1.5
     dumpstep(trj) /fs  :     200
     dumpstep(Vbias)/ps :     1.0
     Vbias factor k /Eh :  0.0567
     Vbias exp α /bohr⁻²:    0.44
*Meta-MTD 5 finished*
*Meta-MTD 6 finished*
*Meta-MTD 4 finished*
*Meta-MTD 2 finished*
*Meta-MTD 8 finished*
*Meta-MTD 1 finished*
*Meta-MTD 3 finished*
*Meta-MTD 9 finished*
*Meta-MTD 7 finished*
*Meta-MTD 10 finished*
 
-----------------------
Multilevel Optimization
-----------------------
 
 -------------------------
 1. crude pre-optimization
 -------------------------
 Optimizing all 500 structures from file "crest_rotamers_0.xyz" ...
 1 2 3 4 5 6 7 8 9 10 11 12 13 14 15 16 17 18 19 20 21 22 23 24 25 26 27 28 29 30 31 32 33 34 35 36 37 38 39 40 41 42 43 44 45 46 47 48 49 50 51 52 53 54 55 56 57 58 59 60 61 62 63 64 65 66 67 68 69 70 71 72 73 74 75 76 77 78 79 80 81 82 83 84 85 86 87 88 89 90 91 92 93 94 95 96 97 98 99 100 101 102 103 104 105 106 107 108 109 110 111 112 113 114 115 116 117 118 119 120 121 122 123 124 125 126 127 128 129 130 131 132 133 134 135 136 137 138 139 140 141 142 143 144 145 146 147 148 149 150 151 152 153 154 155 156 157 158 159 160 161 162 163 164 165 166 167 168 169 170 171 172 173 174 175 176 177 178 179 180 181 182 183 184 185 186 187 188 189 190 191 192 193 194 195 196 197 198 199 200 201 202 203 204 205 206 207 208 209 210 211 212 213 214 215 216 217 218 219 220 221 222 223 224 225 226 227 228 229 230 231 232 233 234 235 236 237 238 239 240 241 242 243 244 245 246 247 248 249 250 251 252 253 254 255 256 257 258 259 260 261 262 263 264 265 266 267 268 269 270 271 272 273 274 275 276 277 278 279 280 281 282 283 284 285 286 287 288 289 290 291 292 293 294 295 296 297 298 299 300 301 302 303 304 305 306 307 308 309 310 311 312 313 314 315 316 317 318 319 320 321 322 323 324 325 326 327 328 329 330 331 332 333 334 335 336 337 338 339 340 341 342 343 344 345 346 347 348 349 350 351 352 353 354 355 356 357 358 359 360 361 362 363 364 365 366 367 368 369 370 371 372 373 374 375 376 377 378 379 380 381 382 383 384 385 386 387 388 389 390 391 392 393 394 395 396 397 398 399 400 401 402 403 404 405 406 407 408 409 410 411 412 413 414 415 416 417 418 419 420 421 422 423 424 425 426 427 428 429 430 431 432 433 434 435 436 437 438 439 440 441 442 443 444 445 446 447 448 449 450 451 452 453 454 455 456 457 458 459 460 461 462 463 464 465 466 467 468 469 470 471 472 473 474 475 476 477 478 479 480 481 482 483 484 485 486 487 488 489 490 491 492 493 494 495 496 497 498 499 500
 done.
 input  file name : crest_rotamers_1.xyz
 output file name : crest_rotamers_2.xyz
 reference state Etot :  -10.7016806000000     
 500 structures remain within     6.00 kcal/mol window
 
 ...............................................
 A new lower conformer was found!
 Improved by    0.00462 Eh or    2.90082kcal/mol
 ...............................................
 
========================================
            MTD Iteration  3
========================================
 
     ========================================
     |         Meta-MD (MTD) Sampling       |
     ========================================
 
Starting Meta-MD   1 with the settings:
     MD time /ps        :    10.0
     dt /fs             :     1.5
     dumpstep(trj) /fs  :     200
     dumpstep(Vbias)/ps :     1.0
     Vbias factor k /Eh :  0.1275
     Vbias exp α /bohr⁻²:    1.00
Starting Meta-MD   2 with the settings:
     MD time /ps        :    10.0
     dt /fs             :     1.5
     dumpstep(trj) /fs  :     200
     dumpstep(Vbias)/ps :     1.0
     Vbias factor k /Eh :  0.0850
     Vbias exp α /bohr⁻²:    1.00
Starting Meta-MD   3 with the settings:
     MD time /ps        :    10.0
     dt /fs             :     1.5
     dumpstep(trj) /fs  :     200
     dumpstep(Vbias)/ps :     1.0
     Vbias factor k /Eh :  0.0567
     Vbias exp α /bohr⁻²:    1.00
Starting Meta-MD   4 with the settings:
     MD time /ps        :    10.0
     dt /fs             :     1.5
     dumpstep(trj) /fs  :     200
     dumpstep(Vbias)/ps :     1.0
     Vbias factor k /Eh :  0.1275
     Vbias exp α /bohr⁻²:    0.67
Starting Meta-MD   5 with the settings:
     MD time /ps        :    10.0
     dt /fs             :     1.5
     dumpstep(trj) /fs  :     200
     dumpstep(Vbias)/ps :     1.0
     Vbias factor k /Eh :  0.0850
     Vbias exp α /bohr⁻²:    0.67
Starting Meta-MD   6 with the settings:
     MD time /ps        :    10.0
     dt /fs             :     1.5
     dumpstep(trj) /fs  :     200
     dumpstep(Vbias)/ps :     1.0
     Vbias factor k /Eh :  0.0567
     Vbias exp α /bohr⁻²:    0.67
Starting Meta-MD   7 with the settings:
     MD time /ps        :    10.0
     dt /fs             :     1.5
     dumpstep(trj) /fs  :     200
     dumpstep(Vbias)/ps :     1.0
     Vbias factor k /Eh :  0.1275
     Vbias exp α /bohr⁻²:    0.44
Starting Meta-MD   8 with the settings:
     MD time /ps        :    10.0
     dt /fs             :     1.5
     dumpstep(trj) /fs  :     200
     dumpstep(Vbias)/ps :     1.0
     Vbias factor k /Eh :  0.0850
     Vbias exp α /bohr⁻²:    0.44
Starting Meta-MD  10 with the settings:
     MD time /ps        :    10.0
     dt /fs             :     1.5
     dumpstep(trj) /fs  :     200
     dumpstep(Vbias)/ps :     1.0
     Vbias factor k /Eh :  0.1275
     Vbias exp α /bohr⁻²:    0.30
Starting Meta-MD   9 with the settings:
     MD time /ps        :    10.0
     dt /fs             :     1.5
     dumpstep(trj) /fs  :     200
     dumpstep(Vbias)/ps :     1.0
     Vbias factor k /Eh :  0.0567
     Vbias exp α /bohr⁻²:    0.44
*Meta-MTD 6 finished*
*Meta-MTD 5 finished*
*Meta-MTD 1 finished*
*Meta-MTD 7 finished*
*Meta-MTD 2 finished*
*Meta-MTD 9 finished*
*Meta-MTD 8 finished*
*Meta-MTD 10 finished*
*Meta-MTD 3 finished*
*Meta-MTD 4 finished*
 
-----------------------
Multilevel Optimization
-----------------------
 
 -------------------------
 1. crude pre-optimization
 -------------------------
 Optimizing all 500 structures from file "crest_rotamers_0.xyz" ...
 1 2 3 4 5 6 7 8 9 10 11 12 13 14 15 16 17 18 19 20 21 22 23 24 25 26 27 28 29 30 31 32 33 34 35 36 37 38 39 40 41 42 43 44 45 46 47 48 49 50 51 52 53 54 55 56 57 58 59 60 61 62 63 64 65 66 67 68 69 70 71 72 73 74 75 76 77 78 79 80 81 82 83 84 85 86 87 88 89 90 91 92 93 94 95 96 97 98 99 100 101 102 103 104 105 106 107 108 109 110 111 112 113 114 115 116 117 118 119 120 121 122 123 124 125 126 127 128 129 130 131 132 133 134 135 136 137 138 139 140 141 142 143 144 145 146 147 148 149 150 151 152 153 154 155 156 157 158 159 160 161 162 163 164 165 166 167 168 169 170 171 172 173 174 175 176 177 178 179 180 181 182 183 184 185 186 187 188 189 190 191 192 193 194 195 196 197 198 199 200 201 202 203 204 205 206 207 208 209 210 211 212 213 214 215 216 217 218 219 220 221 222 223 224 225 226 227 228 229 230 231 232 233 234 235 236 237 238 239 240 241 242 243 244 245 246 247 248 249 250 251 252 253 254 255 256 257 258 259 260 261 262 263 264 265 266 267 268 269 270 271 272 273 274 275 276 277 278 279 280 281 282 283 284 285 286 287 288 289 290 291 292 293 294 295 296 297 298 299 300 301 302 303 304 305 306 307 308 309 310 311 312 313 314 315 316 317 318 319 320 321 322 323 324 325 326 327 328 329 330 331 332 333 334 335 336 337 338 339 340 341 342 343 344 345 346 347 348 349 350 351 352 353 354 355 356 357 358 359 360 361 362 363 364 365 366 367 368 369 370 371 372 373 374 375 376 377 378 379 380 381 382 383 384 385 386 387 388 389 390 391 392 393 394 395 396 397 398 399 400 401 402 403 404 405 406 407 408 409 410 411 412 413 414 415 416 417 418 419 420 421 422 423 424 425 426 427 428 429 430 431 432 433 434 435 436 437 438 439 440 441 442 443 444 445 446 447 448 449 450 451 452 453 454 455 456 457 458 459 460 461 462 463 464 465 466 467 468 469 470 471 472 473 474 475 476 477 478 479 480 481 482 483 484 485 486 487 488 489 490 491 492 493 494 495 496 497 498 499 500
 done.
 input  file name : crest_rotamers_1.xyz
 output file name : crest_rotamers_2.xyz
 reference state Etot :  -10.7057711600000     
 500 structures remain within     6.00 kcal/mol window
 
 ...............................................
 A new lower conformer was found!
 Improved by    0.00409 Eh or    2.56687kcal/mol
 ...............................................
 
========================================
            MTD Iteration  4
========================================
 
     ========================================
     |         Meta-MD (MTD) Sampling       |
     ========================================
 
Starting Meta-MD   1 with the settings:
     MD time /ps        :    10.0
     dt /fs             :     1.5
     dumpstep(trj) /fs  :     200
     dumpstep(Vbias)/ps :     1.0
     Vbias factor k /Eh :  0.1275
     Vbias exp α /bohr⁻²:    1.00
Starting Meta-MD   2 with the settings:
     MD time /ps        :    10.0
     dt /fs             :     1.5
     dumpstep(trj) /fs  :     200
     dumpstep(Vbias)/ps :     1.0
     Vbias factor k /Eh :  0.0850
     Vbias exp α /bohr⁻²:    1.00
Starting Meta-MD   3 with the settings:
     MD time /ps        :    10.0
     dt /fs             :     1.5
     dumpstep(trj) /fs  :     200
     dumpstep(Vbias)/ps :     1.0
     Vbias factor k /Eh :  0.0567
     Vbias exp α /bohr⁻²:    1.00
Starting Meta-MD   4 with the settings:
     MD time /ps        :    10.0
     dt /fs             :     1.5
     dumpstep(trj) /fs  :     200
     dumpstep(Vbias)/ps :     1.0
     Vbias factor k /Eh :  0.1275
     Vbias exp α /bohr⁻²:    0.67
Starting Meta-MD   5 with the settings:
     MD time /ps        :    10.0
     dt /fs             :     1.5
     dumpstep(trj) /fs  :     200
     dumpstep(Vbias)/ps :     1.0
     Vbias factor k /Eh :  0.0850
     Vbias exp α /bohr⁻²:    0.67
Starting Meta-MD   6 with the settings:
     MD time /ps        :    10.0
     dt /fs             :     1.5
     dumpstep(trj) /fs  :     200
     dumpstep(Vbias)/ps :     1.0
     Vbias factor k /Eh :  0.0567
     Vbias exp α /bohr⁻²:    0.67
Starting Meta-MD   7 with the settings:
     MD time /ps        :    10.0
     dt /fs             :     1.5
     dumpstep(trj) /fs  :     200
     dumpstep(Vbias)/ps :     1.0
     Vbias factor k /Eh :  0.1275
     Vbias exp α /bohr⁻²:    0.44
Starting Meta-MD   8 with the settings:
     MD time /ps        :    10.0
     dt /fs             :     1.5
     dumpstep(trj) /fs  :     200
     dumpstep(Vbias)/ps :     1.0
     Vbias factor k /Eh :  0.0850
     Vbias exp α /bohr⁻²:    0.44
Starting Meta-MD  10 with the settings:
     MD time /ps        :    10.0
     dt /fs             :     1.5
     dumpstep(trj) /fs  :     200
     dumpstep(Vbias)/ps :     1.0
     Vbias factor k /Eh :  0.1275
     Vbias exp α /bohr⁻²:    0.30
Starting Meta-MD   9 with the settings:
     MD time /ps        :    10.0
     dt /fs             :     1.5
     dumpstep(trj) /fs  :     200
     dumpstep(Vbias)/ps :     1.0
     Vbias factor k /Eh :  0.0567
     Vbias exp α /bohr⁻²:    0.44
*Meta-MTD 10 finished*
*Meta-MTD 2 finished*
*Meta-MTD 6 finished*
*Meta-MTD 3 finished*
*Meta-MTD 7 finished*
*Meta-MTD 1 finished*
*Meta-MTD 9 finished*
*Meta-MTD 5 finished*
*Meta-MTD 8 finished*
*Meta-MTD 4 finished*
 
-----------------------
Multilevel Optimization
-----------------------
 
 -------------------------
 1. crude pre-optimization
 -------------------------
 Optimizing all 500 structures from file "crest_rotamers_0.xyz" ...
 1 2 3 4 5 6 7 8 9 10 11 12 13 14 15 16 17 18 19 20 21 22 23 24 25 26 27 28 29 30 31 32 33 34 35 36 37 38 39 40 41 42 43 44 45 46 47 48 49 50 51 52 53 54 55 56 57 58 59 60 61 62 63 64 65 66 67 68 69 70 71 72 73 74 75 76 77 78 79 80 81 82 83 84 85 86 87 88 89 90 91 92 93 94 95 96 97 98 99 100 101 102 103 104 105 106 107 108 109 110 111 112 113 114 115 116 117 118 119 120 121 122 123 124 125 126 127 128 129 130 131 132 133 134 135 136 137 138 139 140 141 142 143 144 145 146 147 148 149 150 151 152 153 154 155 156 157 158 159 160 161 162 163 164 165 166 167 168 169 170 171 172 173 174 175 176 177 178 179 180 181 182 183 184 185 186 187 188 189 190 191 192 193 194 195 196 197 198 199 200 201 202 203 204 205 206 207 208 209 210 211 212 213 214 215 216 217 218 219 220 221 222 223 224 225 226 227 228 229 230 231 232 233 234 235 236 237 238 239 240 241 242 243 244 245 246 247 248 249 250 251 252 253 254 255 256 257 258 259 260 261 262 263 264 265 266 267 268 269 270 271 272 273 274 275 276 277 278 279 280 281 282 283 284 285 286 287 288 289 290 291 292 293 294 295 296 297 298 299 300 301 302 303 304 305 306 307 308 309 310 311 312 313 314 315 316 317 318 319 320 321 322 323 324 325 326 327 328 329 330 331 332 333 334 335 336 337 338 339 340 341 342 343 344 345 346 347 348 349 350 351 352 353 354 355 356 357 358 359 360 361 362 363 364 365 366 367 368 369 370 371 372 373 374 375 376 377 378 379 380 381 382 383 384 385 386 387 388 389 390 391 392 393 394 395 396 397 398 399 400 401 402 403 404 405 406 407 408 409 410 411 412 413 414 415 416 417 418 419 420 421 422 423 424 425 426 427 428 429 430 431 432 433 434 435 436 437 438 439 440 441 442 443 444 445 446 447 448 449 450 451 452 453 454 455 456 457 458 459 460 461 462 463 464 465 466 467 468 469 470 471 472 473 474 475 476 477 478 479 480 481 482 483 484 485 486 487 488 489 490 491 492 493 494 495 496 497 498 499 500
 done.
 input  file name : crest_rotamers_1.xyz
 output file name : crest_rotamers_2.xyz
 reference state Etot :  -10.7070350800000     
 500 structures remain within     6.00 kcal/mol window
 
 ...............................................
 A new lower conformer was found!
 Improved by    0.00126 Eh or    0.79312kcal/mol
 ...............................................
 
========================================
            MTD Iteration  5
========================================
 
     ========================================
     |         Meta-MD (MTD) Sampling       |
     ========================================
 
Starting Meta-MD   1 with the settings:
     MD time /ps        :    10.0
     dt /fs             :     1.5
     dumpstep(trj) /fs  :     200
     dumpstep(Vbias)/ps :     1.0
     Vbias factor k /Eh :  0.1275
     Vbias exp α /bohr⁻²:    1.00
Starting Meta-MD   2 with the settings:
     MD time /ps        :    10.0
     dt /fs             :     1.5
     dumpstep(trj) /fs  :     200
     dumpstep(Vbias)/ps :     1.0
     Vbias factor k /Eh :  0.0850
     Vbias exp α /bohr⁻²:    1.00
Starting Meta-MD   3 with the settings:
     MD time /ps        :    10.0
     dt /fs             :     1.5
     dumpstep(trj) /fs  :     200
     dumpstep(Vbias)/ps :     1.0
     Vbias factor k /Eh :  0.0567
     Vbias exp α /bohr⁻²:    1.00
Starting Meta-MD   4 with the settings:
     MD time /ps        :    10.0
     dt /fs             :     1.5
     dumpstep(trj) /fs  :     200
     dumpstep(Vbias)/ps :     1.0
     Vbias factor k /Eh :  0.1275
     Vbias exp α /bohr⁻²:    0.67
Starting Meta-MD   5 with the settings:
     MD time /ps        :    10.0
     dt /fs             :     1.5
     dumpstep(trj) /fs  :     200
     dumpstep(Vbias)/ps :     1.0
     Vbias factor k /Eh :  0.0850
     Vbias exp α /bohr⁻²:    0.67
Starting Meta-MD   6 with the settings:
     MD time /ps        :    10.0
     dt /fs             :     1.5
     dumpstep(trj) /fs  :     200
     dumpstep(Vbias)/ps :     1.0
     Vbias factor k /Eh :  0.0567
     Vbias exp α /bohr⁻²:    0.67
Starting Meta-MD   7 with the settings:
     MD time /ps        :    10.0
     dt /fs             :     1.5
     dumpstep(trj) /fs  :     200
     dumpstep(Vbias)/ps :     1.0
     Vbias factor k /Eh :  0.1275
     Vbias exp α /bohr⁻²:    0.44
Starting Meta-MD   8 with the settings:
     MD time /ps        :    10.0
     dt /fs             :     1.5
     dumpstep(trj) /fs  :     200
     dumpstep(Vbias)/ps :     1.0
     Vbias factor k /Eh :  0.0850
     Vbias exp α /bohr⁻²:    0.44
Starting Meta-MD  10 with the settings:
     MD time /ps        :    10.0
     dt /fs             :     1.5
     dumpstep(trj) /fs  :     200
     dumpstep(Vbias)/ps :     1.0
     Vbias factor k /Eh :  0.1275
     Vbias exp α /bohr⁻²:    0.30
Starting Meta-MD   9 with the settings:
     MD time /ps        :    10.0
     dt /fs             :     1.5
     dumpstep(trj) /fs  :     200
     dumpstep(Vbias)/ps :     1.0
     Vbias factor k /Eh :  0.0567
     Vbias exp α /bohr⁻²:    0.44
*Meta-MTD 7 finished*
*Meta-MTD 8 finished*
*Meta-MTD 4 finished*
*Meta-MTD 5 finished*
*Meta-MTD 9 finished*
*Meta-MTD 1 finished*
*Meta-MTD 3 finished*
*Meta-MTD 6 finished*
*Meta-MTD 2 finished*
*Meta-MTD 10 finished*
 
-----------------------
Multilevel Optimization
-----------------------
 
 -------------------------
 1. crude pre-optimization
 -------------------------
 Optimizing all 500 structures from file "crest_rotamers_0.xyz" ...
 1 2 3 4 5 6 7 8 9 10 11 12 13 14 15 16 17 18 19 20 21 22 23 24 25 26 27 28 29 30 31 32 33 34 35 36 37 38 39 40 41 42 43 44 45 46 47 48 49 50 51 52 53 54 55 56 57 58 59 60 61 62 63 64 65 66 67 68 69 70 71 72 73 74 75 76 77 78 79 80 81 82 83 84 85 86 87 88 89 90 91 92 93 94 95 96 97 98 99 100 101 102 103 104 105 106 107 108 109 110 111 112 113 114 115 116 117 118 119 120 121 122 123 124 125 126 127 128 129 130 131 132 133 134 135 136 137 138 139 140 141 142 143 144 145 146 147 148 149 150 151 152 153 154 155 156 157 158 159 160 161 162 163 164 165 166 167 168 169 170 171 172 173 174 175 176 177 178 179 180 181 182 183 184 185 186 187 188 189 190 191 192 193 194 195 196 197 198 199 200 201 202 203 204 205 206 207 208 209 210 211 212 213 214 215 216 217 218 219 220 221 222 223 224 225 226 227 228 229 230 231 232 233 234 235 236 237 238 239 240 241 242 243 244 245 246 247 248 249 250 251 252 253 254 255 256 257 258 259 260 261 262 263 264 265 266 267 268 269 270 271 272 273 274 275 276 277 278 279 280 281 282 283 284 285 286 287 288 289 290 291 292 293 294 295 296 297 298 299 300 301 302 303 304 305 306 307 308 309 310 311 312 313 314 315 316 317 318 319 320 321 322 323 324 325 326 327 328 329 330 331 332 333 334 335 336 337 338 339 340 341 342 343 344 345 346 347 348 349 350 351 352 353 354 355 356 357 358 359 360 361 362 363 364 365 366 367 368 369 370 371 372 373 374 375 376 377 378 379 380 381 382 383 384 385 386 387 388 389 390 391 392 393 394 395 396 397 398 399 400 401 402 403 404 405 406 407 408 409 410 411 412 413 414 415 416 417 418 419 420 421 422 423 424 425 426 427 428 429 430 431 432 433 434 435 436 437 438 439 440 441 442 443 444 445 446 447 448 449 450 451 452 453 454 455 456 457 458 459 460 461 462 463 464 465 466 467 468 469 470 471 472 473 474 475 476 477 478 479 480 481 482 483 484 485 486 487 488 489 490 491 492 493 494 495 496 497 498 499 500
 done.
 input  file name : crest_rotamers_1.xyz
 output file name : crest_rotamers_2.xyz
 reference state Etot :  -10.7059967600000     
 500 structures remain within     6.00 kcal/mol window
 
========================================
            MTD Iterations done         
========================================
 Collecting ensmbles.
 running RMSDs...
 done.
 E lowest :   -10.70704
 9 structures remain within     3.00 kcal/mol window
 
-----------------------------------------------
Additional regular MDs on lowest 3 conformer(s)
-----------------------------------------------
Starting MD   1 with the settings:
     MD time /ps        :     5.0
     MD Temperature /K  :   400.0
     dt /fs             :     1.5
     dumpstep(trj) /fs  :     200
Starting MD   2 with the settings:
     MD time /ps        :     5.0
     MD Temperature /K  :   500.0
     dt /fs             :     1.5
     dumpstep(trj) /fs  :     200
Starting MD   3 with the settings:
     MD time /ps        :     5.0
     MD Temperature /K  :   400.0
     dt /fs             :     1.5
     dumpstep(trj) /fs  :     200
Starting MD   4 with the settings:
     MD time /ps        :     5.0
     MD Temperature /K  :   500.0
     dt /fs             :     1.5
     dumpstep(trj) /fs  :     200
Starting MD   5 with the settings:
     MD time /ps        :     5.0
     MD Temperature /K  :   400.0
     dt /fs             :     1.5
     dumpstep(trj) /fs  :     200
Starting MD   6 with the settings:
     MD time /ps        :     5.0
     MD Temperature /K  :   500.0
     dt /fs             :     1.5
     dumpstep(trj) /fs  :     200
*MD 4 finished*
*MD 3 finished*
*MD 5 finished*
*MD 6 finished*
*MD 2 finished*
*MD 1 finished*
 Appending file crest_rotamers_1.xyz with new structures
 
 --------------------------------------------
 Ensemble optimization with normal thresholds
 --------------------------------------------
 Optimizing all 159 structures from file "crest_rotamers_1.xyz" ...
 1 2 3 4 5 6 7 8 9 10 11 12 13 14 15 16 17 18 19 20 21 22 23 24 25 26 27 28 29 30 31 32 33 34 35 36 37 38 39 40 41 42 43 44 45 46 47 48 49 50 51 52 53 54 55 56 57 58 59 60 61 62 63 64 65 66 67 68 69 70 71 72 73 74 75 76 77 78 79 80 81 82 83 84 85 86 87 88 89 90 91 92 93 94 95 96 97 98 99 100 101 102 103 104 105 106 107 108 109 110 111 112 113 114 115 116 117 118 119 120 121 122 123 124 125 126 127 128 129 130 131 132 133 134 135 136 137 138 139 140 141 142 143 144 145 146 147 148 149 150 151 152 153 154 155 156 157 158 159
 done.
 input  file name : crest_rotamers_2.xyz
 output file name : crest_rotamers_3.xyz
 reference state Etot :  -10.7128587600000     
 159 structures remain within     3.00 kcal/mol window
 
 ...............................................
 A new lower conformer was found!
 Improved by    0.00582 Eh or    3.65441kcal/mol
 ...............................................
 
*******************************************************************************************
**                        N E W    I T E R A T I O N    C Y C L E                        **
*******************************************************************************************
 
========================================
            MTD Iteration  1
========================================
 
     ========================================
     |         Meta-MD (MTD) Sampling       |
     ========================================
 
Starting Meta-MD  10 with the settings:
     MD time /ps        :    10.0
     dt /fs             :     1.5
     dumpstep(trj) /fs  :     200
     dumpstep(Vbias)/ps :     1.0
     Vbias factor k /Eh :  0.1275
     Vbias exp α /bohr⁻²:    0.30
Starting Meta-MD   1 with the settings:
     MD time /ps        :    10.0
     dt /fs             :     1.5
     dumpstep(trj) /fs  :     200
     dumpstep(Vbias)/ps :     1.0
     Vbias factor k /Eh :  0.1275
     Vbias exp α /bohr⁻²:    1.00
Starting Meta-MD   2 with the settings:
     MD time /ps        :    10.0
     dt /fs             :     1.5
     dumpstep(trj) /fs  :     200
     dumpstep(Vbias)/ps :     1.0
     Vbias factor k /Eh :  0.0850
     Vbias exp α /bohr⁻²:    1.00
Starting Meta-MD   3 with the settings:
     MD time /ps        :    10.0
     dt /fs             :     1.5
     dumpstep(trj) /fs  :     200
     dumpstep(Vbias)/ps :     1.0
     Vbias factor k /Eh :  0.0567
     Vbias exp α /bohr⁻²:    1.00
Starting Meta-MD   4 with the settings:
     MD time /ps        :    10.0
     dt /fs             :     1.5
     dumpstep(trj) /fs  :     200
     dumpstep(Vbias)/ps :     1.0
     Vbias factor k /Eh :  0.1275
     Vbias exp α /bohr⁻²:    0.67
Starting Meta-MD   5 with the settings:
     MD time /ps        :    10.0
     dt /fs             :     1.5
     dumpstep(trj) /fs  :     200
     dumpstep(Vbias)/ps :     1.0
     Vbias factor k /Eh :  0.0850
     Vbias exp α /bohr⁻²:    0.67
Starting Meta-MD   6 with the settings:
     MD time /ps        :    10.0
     dt /fs             :     1.5
     dumpstep(trj) /fs  :     200
     dumpstep(Vbias)/ps :     1.0
     Vbias factor k /Eh :  0.0567
     Vbias exp α /bohr⁻²:    0.67
Starting Meta-MD   7 with the settings:
     MD time /ps        :    10.0
     dt /fs             :     1.5
     dumpstep(trj) /fs  :     200
     dumpstep(Vbias)/ps :     1.0
     Vbias factor k /Eh :  0.1275
     Vbias exp α /bohr⁻²:    0.44
Starting Meta-MD   8 with the settings:
     MD time /ps        :    10.0
     dt /fs             :     1.5
     dumpstep(trj) /fs  :     200
     dumpstep(Vbias)/ps :     1.0
     Vbias factor k /Eh :  0.0850
     Vbias exp α /bohr⁻²:    0.44
Starting Meta-MD   9 with the settings:
     MD time /ps        :    10.0
     dt /fs             :     1.5
     dumpstep(trj) /fs  :     200
     dumpstep(Vbias)/ps :     1.0
     Vbias factor k /Eh :  0.0567
     Vbias exp α /bohr⁻²:    0.44
*Meta-MTD 1 finished*
*Meta-MTD 10 finished*
*Meta-MTD 2 finished*
*Meta-MTD 8 finished*
*Meta-MTD 5 finished*
*Meta-MTD 4 finished*
*Meta-MTD 3 finished*
*Meta-MTD 6 finished*
*Meta-MTD 7 finished*
*Meta-MTD 9 finished*
 
-----------------------
Multilevel Optimization
-----------------------
 
 -------------------------
 1. crude pre-optimization
 -------------------------
 Optimizing all 500 structures from file "crest_rotamers_0.xyz" ...
 1 2 3 4 5 6 7 8 9 10 11 12 13 14 15 16 17 18 19 20 21 22 23 24 25 26 27 28 29 30 31 32 33 34 35 36 37 38 39 40 41 42 43 44 45 46 47 48 49 50 51 52 53 54 55 56 57 58 59 60 61 62 63 64 65 66 67 68 69 70 71 72 73 74 75 76 77 78 79 80 81 82 83 84 85 86 87 88 89 90 91 92 93 94 95 96 97 98 99 100 101 102 103 104 105 106 107 108 109 110 111 112 113 114 115 116 117 118 119 120 121 122 123 124 125 126 127 128 129 130 131 132 133 134 135 136 137 138 139 140 141 142 143 144 145 146 147 148 149 150 151 152 153 154 155 156 157 158 159 160 161 162 163 164 165 166 167 168 169 170 171 172 173 174 175 176 177 178 179 180 181 182 183 184 185 186 187 188 189 190 191 192 193 194 195 196 197 198 199 200 201 202 203 204 205 206 207 208 209 210 211 212 213 214 215 216 217 218 219 220 221 222 223 224 225 226 227 228 229 230 231 232 233 234 235 236 237 238 239 240 241 242 243 244 245 246 247 248 249 250 251 252 253 254 255 256 257 258 259 260 261 262 263 264 265 266 267 268 269 270 271 272 273 274 275 276 277 278 279 280 281 282 283 284 285 286 287 288 289 290 291 292 293 294 295 296 297 298 299 300 301 302 303 304 305 306 307 308 309 310 311 312 313 314 315 316 317 318 319 320 321 322 323 324 325 326 327 328 329 330 331 332 333 334 335 336 337 338 339 340 341 342 343 344 345 346 347 348 349 350 351 352 353 354 355 356 357 358 359 360 361 362 363 364 365 366 367 368 369 370 371 372 373 374 375 376 377 378 379 380 381 382 383 384 385 386 387 388 389 390 391 392 393 394 395 396 397 398 399 400 401 402 403 404 405 406 407 408 409 410 411 412 413 414 415 416 417 418 419 420 421 422 423 424 425 426 427 428 429 430 431 432 433 434 435 436 437 438 439 440 441 442 443 444 445 446 447 448 449 450 451 452 453 454 455 456 457 458 459 460 461 462 463 464 465 466 467 468 469 470 471 472 473 474 475 476 477 478 479 480 481 482 483 484 485 486 487 488 489 490 491 492 493 494 495 496 497 498 499 500
 done.
 input  file name : crest_rotamers_1.xyz
 output file name : crest_rotamers_2.xyz
 reference state Etot :  -10.7119746300000     
 500 structures remain within     6.00 kcal/mol window
 
========================================
            MTD Iterations done         
========================================
 Collecting ensmbles.
 running RMSDs...
 done.
 E lowest :   -10.71197
 3 structures remain within     3.00 kcal/mol window
 
-----------------------------------------------
Additional regular MDs on lowest 3 conformer(s)
-----------------------------------------------
Starting MD   1 with the settings:
     MD time /ps        :     5.0
     MD Temperature /K  :   400.0
     dt /fs             :     1.5
     dumpstep(trj) /fs  :     200
Starting MD   2 with the settings:
     MD time /ps        :     5.0
     MD Temperature /K  :   500.0
     dt /fs             :     1.5
     dumpstep(trj) /fs  :     200
Starting MD   3 with the settings:
     MD time /ps        :     5.0
     MD Temperature /K  :   400.0
     dt /fs             :     1.5
     dumpstep(trj) /fs  :     200
Starting MD   4 with the settings:
     MD time /ps        :     5.0
     MD Temperature /K  :   500.0
     dt /fs             :     1.5
     dumpstep(trj) /fs  :     200
Starting MD   5 with the settings:
     MD time /ps        :     5.0
     MD Temperature /K  :   400.0
     dt /fs             :     1.5
     dumpstep(trj) /fs  :     200
Starting MD   6 with the settings:
     MD time /ps        :     5.0
     MD Temperature /K  :   500.0
     dt /fs             :     1.5
     dumpstep(trj) /fs  :     200
*MD 3 finished*
*MD 4 finished*
*MD 6 finished*
*MD 1 finished*
*MD 2 finished*
*MD 5 finished*
 Appending file crest_rotamers_1.xyz with new structures
 
 --------------------------------------------
 Ensemble optimization with normal thresholds
 --------------------------------------------
 Optimizing all 153 structures from file "crest_rotamers_1.xyz" ...
 1 2 3 4 5 6 7 8 9 10 11 12 13 14 15 16 17 18 19 20 21 22 23 24 25 26 27 28 29 30 31 32 33 34 35 36 37 38 39 40 41 42 43 44 45 46 47 48 49 50 51 52 53 54 55 56 57 58 59 60 61 62 63 64 65 66 67 68 69 70 71 72 73 74 75 76 77 78 79 80 81 82 83 84 85 86 87 88 89 90 91 92 93 94 95 96 97 98 99 100 101 102 103 104 105 106 107 108 109 110 111 112 113 114 115 116 117 118 119 120 121 122 123 124 125 126 127 128 129 130 131 132 133 134 135 136 137 138 139 140 141 142 143 144 145 146 147 148 149 150 151 152 153
 done.
 input  file name : crest_rotamers_2.xyz
 output file name : crest_rotamers_3.xyz
 reference state Etot :  -10.7143054700000     
 153 structures remain within     3.00 kcal/mol window
 
 ...............................................
 A new lower conformer was found!
 Improved by    0.00145 Eh or    0.90782kcal/mol
 ...............................................
 
*******************************************************************************************
**                        N E W    I T E R A T I O N    C Y C L E                        **
*******************************************************************************************
 
========================================
            MTD Iteration  1
========================================
 
     ========================================
     |         Meta-MD (MTD) Sampling       |
     ========================================
 
Starting Meta-MD   1 with the settings:
     MD time /ps        :    10.0
     dt /fs             :     1.5
     dumpstep(trj) /fs  :     200
     dumpstep(Vbias)/ps :     1.0
     Vbias factor k /Eh :  0.1275
     Vbias exp α /bohr⁻²:    1.00
Starting Meta-MD   2 with the settings:
     MD time /ps        :    10.0
     dt /fs             :     1.5
     dumpstep(trj) /fs  :     200
     dumpstep(Vbias)/ps :     1.0
     Vbias factor k /Eh :  0.0850
     Vbias exp α /bohr⁻²:    1.00
Starting Meta-MD  10 with the settings:
     MD time /ps        :    10.0
     dt /fs             :     1.5
     dumpstep(trj) /fs  :     200
     dumpstep(Vbias)/ps :     1.0
     Vbias factor k /Eh :  0.1275
     Vbias exp α /bohr⁻²:    0.30
Starting Meta-MD   3 with the settings:
     MD time /ps        :    10.0
     dt /fs             :     1.5
     dumpstep(trj) /fs  :     200
     dumpstep(Vbias)/ps :     1.0
     Vbias factor k /Eh :  0.0567
     Vbias exp α /bohr⁻²:    1.00
Starting Meta-MD   4 with the settings:
     MD time /ps        :    10.0
     dt /fs             :     1.5
     dumpstep(trj) /fs  :     200
     dumpstep(Vbias)/ps :     1.0
     Vbias factor k /Eh :  0.1275
     Vbias exp α /bohr⁻²:    0.67
Starting Meta-MD   5 with the settings:
     MD time /ps        :    10.0
     dt /fs             :     1.5
     dumpstep(trj) /fs  :     200
     dumpstep(Vbias)/ps :     1.0
     Vbias factor k /Eh :  0.0850
     Vbias exp α /bohr⁻²:    0.67
Starting Meta-MD   6 with the settings:
     MD time /ps        :    10.0
     dt /fs             :     1.5
     dumpstep(trj) /fs  :     200
     dumpstep(Vbias)/ps :     1.0
     Vbias factor k /Eh :  0.0567
     Vbias exp α /bohr⁻²:    0.67
Starting Meta-MD   7 with the settings:
     MD time /ps        :    10.0
     dt /fs             :     1.5
     dumpstep(trj) /fs  :     200
     dumpstep(Vbias)/ps :     1.0
     Vbias factor k /Eh :  0.1275
     Vbias exp α /bohr⁻²:    0.44
Starting Meta-MD   8 with the settings:
     MD time /ps        :    10.0
     dt /fs             :     1.5
     dumpstep(trj) /fs  :     200
     dumpstep(Vbias)/ps :     1.0
     Vbias factor k /Eh :  0.0850
     Vbias exp α /bohr⁻²:    0.44
Starting Meta-MD   9 with the settings:
     MD time /ps        :    10.0
     dt /fs             :     1.5
     dumpstep(trj) /fs  :     200
     dumpstep(Vbias)/ps :     1.0
     Vbias factor k /Eh :  0.0567
     Vbias exp α /bohr⁻²:    0.44
*Meta-MTD 9 finished*
*Meta-MTD 4 finished*
*Meta-MTD 6 finished*
*Meta-MTD 8 finished*
*Meta-MTD 2 finished*
*Meta-MTD 5 finished*
*Meta-MTD 7 finished*
*Meta-MTD 10 finished*
*Meta-MTD 1 finished*
*Meta-MTD 3 finished*
 
-----------------------
Multilevel Optimization
-----------------------
 
 -------------------------
 1. crude pre-optimization
 -------------------------
 Optimizing all 500 structures from file "crest_rotamers_0.xyz" ...
 1 2 3 4 5 6 7 8 9 10 11 12 13 14 15 16 17 18 19 20 21 22 23 24 25 26 27 28 29 30 31 32 33 34 35 36 37 38 39 40 41 42 43 44 45 46 47 48 49 50 51 52 53 54 55 56 57 58 59 60 61 62 63 64 65 66 67 68 69 70 71 72 73 74 75 76 77 78 79 80 81 82 83 84 85 86 87 88 89 90 91 92 93 94 95 96 97 98 99 100 101 102 103 104 105 106 107 108 109 110 111 112 113 114 115 116 117 118 119 120 121 122 123 124 125 126 127 128 129 130 131 132 133 134 135 136 137 138 139 140 141 142 143 144 145 146 147 148 149 150 151 152 153 154 155 156 157 158 159 160 161 162 163 164 165 166 167 168 169 170 171 172 173 174 175 176 177 178 179 180 181 182 183 184 185 186 187 188 189 190 191 192 193 194 195 196 197 198 199 200 201 202 203 204 205 206 207 208 209 210 211 212 213 214 215 216 217 218 219 220 221 222 223 224 225 226 227 228 229 230 231 232 233 234 235 236 237 238 239 240 241 242 243 244 245 246 247 248 249 250 251 252 253 254 255 256 257 258 259 260 261 262 263 264 265 266 267 268 269 270 271 272 273 274 275 276 277 278 279 280 281 282 283 284 285 286 287 288 289 290 291 292 293 294 295 296 297 298 299 300 301 302 303 304 305 306 307 308 309 310 311 312 313 314 315 316 317 318 319 320 321 322 323 324 325 326 327 328 329 330 331 332 333 334 335 336 337 338 339 340 341 342 343 344 345 346 347 348 349 350 351 352 353 354 355 356 357 358 359 360 361 362 363 364 365 366 367 368 369 370 371 372 373 374 375 376 377 378 379 380 381 382 383 384 385 386 387 388 389 390 391 392 393 394 395 396 397 398 399 400 401 402 403 404 405 406 407 408 409 410 411 412 413 414 415 416 417 418 419 420 421 422 423 424 425 426 427 428 429 430 431 432 433 434 435 436 437 438 439 440 441 442 443 444 445 446 447 448 449 450 451 452 453 454 455 456 457 458 459 460 461 462 463 464 465 466 467 468 469 470 471 472 473 474 475 476 477 478 479 480 481 482 483 484 485 486 487 488 489 490 491 492 493 494 495 496 497 498 499 500
 done.
 input  file name : crest_rotamers_1.xyz
 output file name : crest_rotamers_2.xyz
 reference state Etot :  -10.7129373600000     
 500 structures remain within     6.00 kcal/mol window
 
========================================
            MTD Iterations done         
========================================
 Collecting ensmbles.
 running RMSDs...
 done.
 E lowest :   -10.71294
 4 structures remain within     3.00 kcal/mol window
 
-----------------------------------------------
Additional regular MDs on lowest 3 conformer(s)
-----------------------------------------------
Starting MD   1 with the settings:
     MD time /ps        :     5.0
     MD Temperature /K  :   400.0
     dt /fs             :     1.5
     dumpstep(trj) /fs  :     200
Starting MD   2 with the settings:
     MD time /ps        :     5.0
     MD Temperature /K  :   500.0
     dt /fs             :     1.5
     dumpstep(trj) /fs  :     200
Starting MD   3 with the settings:
     MD time /ps        :     5.0
     MD Temperature /K  :   400.0
     dt /fs             :     1.5
     dumpstep(trj) /fs  :     200
Starting MD   5 with the settings:
     MD time /ps        :     5.0
     MD Temperature /K  :   400.0
     dt /fs             :     1.5
     dumpstep(trj) /fs  :     200
Starting MD   4 with the settings:
     MD time /ps        :     5.0
     MD Temperature /K  :   500.0
     dt /fs             :     1.5
     dumpstep(trj) /fs  :     200
Starting MD   6 with the settings:
     MD time /ps        :     5.0
     MD Temperature /K  :   500.0
     dt /fs             :     1.5
     dumpstep(trj) /fs  :     200
*MD 3 finished*
*MD 1 finished*
*MD 2 finished*
*MD 4 finished*
*MD 5 finished*
*MD 6 finished*
 Appending file crest_rotamers_1.xyz with new structures
 
 --------------------------------------------
 Ensemble optimization with normal thresholds
 --------------------------------------------
 Optimizing all 154 structures from file "crest_rotamers_1.xyz" ...
 1 2 3 4 5 6 7 8 9 10 11 12 13 14 15 16 17 18 19 20 21 22 23 24 25 26 27 28 29 30 31 32 33 34 35 36 37 38 39 40 41 42 43 44 45 46 47 48 49 50 51 52 53 54 55 56 57 58 59 60 61 62 63 64 65 66 67 68 69 70 71 72 73 74 75 76 77 78 79 80 81 82 83 84 85 86 87 88 89 90 91 92 93 94 95 96 97 98 99 100 101 102 103 104 105 106 107 108 109 110 111 112 113 114 115 116 117 118 119 120 121 122 123 124 125 126 127 128 129 130 131 132 133 134 135 136 137 138 139 140 141 142 143 144 145 146 147 148 149 150 151 152 153 154
 done.
 input  file name : crest_rotamers_2.xyz
 output file name : crest_rotamers_3.xyz
 reference state Etot :  -10.7143562600000     
 154 structures remain within     3.00 kcal/mol window
 
 
 
   ================================================
   |           Final Geometry Optimization        |
   ================================================
 --------------------------------------------
 Ensemble optimization with normal thresholds
 --------------------------------------------
 Optimizing all 154 structures from file "crest_rotamers_3.xyz" ...
 1 2 3 4 5 6 7 8 9 10 11 12 13 14 15 16 17 18 19 20 21 22 23 24 25 26 27 28 29 30 31 32 33 34 35 36 37 38 39 40 41 42 43 44 45 46 47 48 49 50 51 52 53 54 55 56 57 58 59 60 61 62 63 64 65 66 67 68 69 70 71 72 73 74 75 76 77 78 79 80 81 82 83 84 85 86 87 88 89 90 91 92 93 94 95 96 97 98 99 100 101 102 103 104 105 106 107 108 109 110 111 112 113 114 115 116 117 118 119 120 121 122 123 124 125 126 127 128 129 130 131 132 133 134 135 136 137 138 139 140 141 142 143 144 145 146 147 148 149 150 151 152 153 154
 done.
 input  file name : crest_rotamers_4.xyz
 output file name : crest_rotamers_5.xyz
 reference state Etot :  -10.7141325100000     
 154 structures remain within     3.00 kcal/mol window
 
  GFN2-xTB optimization
 --------------------------------------------
 Ensemble optimization with normal thresholds
 --------------------------------------------
 Optimizing all 154 structures from file "crest_rotamers_5.xyz" ...
 1 2 3 4 5 6 7 8 9 10 11 12 13 14 15 16 17 18 19 20 21 22 23 24 25 26 27 28 29 30 31 32 33 34 35 36 37 38 39 40 41 42 43 44 45 46 47 48 49 50 51 52 53 54 55 56 57 58 59 60 61 62 63 64 65 66 67 68 69 70 71 72 73 74 75 76 77 78 79 80 81 82 83 84 85 86 87 88 89 90 91 92 93 94 95 96 97 98 99 100 101 102 103 104 105 106 107 108 109 110 111 112 113 114 115 116 117 118 119 120 121 122 123 124 125 126 127 128 129 130 131 132 133 134 135 136 137 138 139 140 141 142 143 144 145 146 147 148 149 150 151 152 153 154
 done.
 
 -------------------------------------------
 Ensemble optimization with tight thresholds
 -------------------------------------------
 Optimizing all 154 structures from file "crest_rotamers_6.xyz" ...
 1 2 3 4 5 6 7 8 9 10 11 12 13 14 15 16 17 18 19 20 21 22 23 24 25 26 27 28 29 30 31 32 33 34 35 36 37 38 39 40 41 42 43 44 45 46 47 48 49 50 51 52 53 54 55 56 57 58 59 60 61 62 63 64 65 66 67 68 69 70 71 72 73 74 75 76 77 78 79 80 81 82 83 84 85 86 87 88 89 90 91 92 93 94 95 96 97 98 99 100 101 102 103 104 105 106 107 108 109 110 111 112 113 114 115 116 117 118 119 120 121 122 123 124 125 126 127 128 129 130 131 132 133 134 135 136 137 138 139 140 141 142 143 144 145 146 147 148 149 150 151 152 153 154
 done.
 
 
  Single point computation with GBSA model
  154 jobs to do.
 
  done.
 
  Cluster   E /Eh        Density  Efix       R   av/act. Surface   Opt
    1      -167.746032   1.194    0.000     8.5   8.5     2341.5   tight
    2      -167.752748   1.187    0.000     8.5   7.4     2429.3   tight
    3      -167.748618   1.187    0.000     8.6   8.8     2426.8   tight
    4      -167.755055   1.189    0.000     8.5   7.4     2379.6   tight
    5      -167.745865   1.181    0.000     8.6   8.3     2447.3   tight
    6      -167.747467   1.183    0.000     8.5   8.9     2455.4   tight
    7      -167.751630   1.193    0.000     8.8   6.8     2390.7   tight
    8      -167.749861   1.189    0.000     8.5   8.1     2423.5   tight
    9      -167.756488   1.188    0.000     8.6   8.1     2419.9   tight
   10      -167.758636   1.198    0.000     8.9   8.0     2389.7   tight
   11      -167.751607   1.193    0.000     9.4   5.9     2411.6   tight
   12      -167.756079   1.176    0.000     9.1   6.0     2547.4   tight
   13      -167.749725   1.186    0.000     8.8   7.8     2414.0   tight
   14      -167.750781   1.191    0.000     8.7   8.6     2379.9   tight
   15      -167.745595   1.192    0.000     9.2   6.2     2402.3   tight
   16      -167.757997   1.198    0.000     8.7   7.9     2369.8   tight
   17      -167.754133   1.184    0.000     8.7   8.8     2469.2   tight
   18      -167.755375   1.195    0.000     8.5   8.3     2342.9   tight
   19      -167.756721   1.177    0.000     8.9   8.3     2568.4   tight
   20      -167.756794   1.190    0.000     8.4   8.1     2423.4   tight
   21      -167.757631   1.203    0.000     8.4  10.6     2310.0   tight
   22      -167.747747   1.180    0.000     8.6   7.4     2494.9   tight
   23      -167.754337   1.192    0.000     8.5  13.1     2441.0   tight
   24      -167.757699   1.199    0.000     8.8   7.6     2376.5   tight
   25      -167.749557   1.196    0.000     8.4   8.5     2350.3   tight
   26      -167.751794   1.198    0.000     8.7  10.0     2388.6   tight
   27      -167.748670   1.186    0.000     8.5   5.6     2416.4   tight
   28      -167.753111   1.208    0.000     8.1  11.3     2236.1   tight
   29      -167.748601   1.188    0.000     8.6   7.9     2424.2   tight
   30      -167.752136   1.180    0.000     8.9   9.0     2489.9   tight
   31      -167.751928   1.191    0.000     8.6   8.9     2396.6   tight
   32      -167.759156   1.189    0.000     8.8   6.8     2434.5   tight
   33      -167.742013   1.188    0.000     8.7  11.6     2378.7   tight
   34      -167.751778   1.186    0.000     8.6  10.3     2416.6   tight
   35      -167.745396   1.188    0.000     8.4  12.6     2389.4   tight
   36      -167.749651   1.191    0.000     8.8   7.6     2380.1   tight
   37      -167.738070   1.173    0.000     9.5   7.8     2554.6   tight
   38      -167.736880   1.159    0.000     9.1   7.8     2653.4   tight
   39      -167.754548   1.181    0.000     9.7   5.6     2505.8   tight
   40      -167.749259   1.184    0.000     8.7  13.2     2449.7   tight
   41      -167.752496   1.189    0.000     9.0   8.1     2465.3   tight
   42      -167.754584   1.192    0.000     8.5   9.3     2407.5   tight
   43      -167.764757   1.189    0.000     8.5   9.0     2461.5   tight
   44      -167.749808   1.183    0.000     9.3   8.3     2508.3   tight
   45      -167.746443   1.189    0.000     8.9  10.1     2452.2   tight
   46      -167.745057   1.192    0.000     8.5   9.1     2383.0   tight
   47      -167.754740   1.197    0.000     8.4   8.9     2326.0   tight
   48      -167.751813   1.205    0.000     8.6   5.6     2279.0   tight
   49      -167.748029   1.190    0.000     9.2   7.4     2385.8   tight
   50      -167.749307   1.185    0.000     8.7   9.3     2497.1   tight
   51      -167.744076   1.181    0.000     8.7  13.2     2486.1   tight
   52      -167.760377   1.200    0.000     8.4  10.6     2376.6   tight
   53      -167.751725   1.197    0.000     8.7   7.7     2356.0   tight
   54      -167.744856   1.192    0.000     8.4  12.5     2339.6   tight
   55      -167.757126   1.195    0.000     9.1   9.2     2401.0   tight
   56      -167.759817   1.201    0.000     8.6   8.8     2377.3   tight
   57      -167.749406   1.185    0.000     8.8   5.6     2422.0   tight
   58      -167.748895   1.182    0.000     8.9   9.1     2455.0   tight
   59      -167.751411   1.202    0.000     8.5  12.3     2311.3   tight
   60      -167.748404   1.204    0.000     8.8   6.6     2325.7   tight
   61      -167.746570   1.190    0.000     9.4   8.4     2414.9   tight
   62      -167.756785   1.201    0.000     8.6   9.3     2329.5   tight
   63      -167.750218   1.184    0.000     8.6  13.3     2509.5   tight
   64      -167.747267   1.191    0.000     8.7   7.9     2412.0   tight
   65      -167.758985   1.208    0.000     8.6   9.1     2270.6   tight
   66      -167.749284   1.188    0.000     9.0   8.5     2441.9   tight
   67      -167.742065   1.189    0.000     8.7   6.7     2375.9   tight
   68      -167.738834   1.192    0.000     9.0   6.6     2369.0   tight
   69      -167.741853   1.201    0.000     8.4   7.6     2274.5   tight
   70      -167.742478   1.195    0.000     8.9   6.9     2282.9   tight
   71      -167.736506   1.169    0.000     8.6  11.7     2547.9   tight
   72      -167.751003   1.191    0.000     8.7  10.2     2481.0   tight
   73      -167.755658   1.189    0.000     8.7   8.0     2461.7   tight
   74      -167.754836   1.200    0.000     8.8   8.0     2361.8   tight
   75      -167.742317   1.173    0.000     9.9   6.5     2624.5   tight
   76      -167.759834   1.202    0.000     8.5   7.9     2366.2   tight
   77      -167.745717   1.206    0.000     9.2   5.8     2267.1   tight
   78      -167.744300   1.192    0.000     8.5   9.9     2378.2   tight
   79      -167.759686   1.206    0.000     8.3  11.1     2300.0   tight
   80      -167.739635   1.185    0.000     9.0   8.1     2438.8   tight
   81      -167.745426   1.200    0.000     8.8   6.7     2296.9   tight
   82      -167.746962   1.172    0.000     8.7   9.4     2545.9   tight
   83      -167.751264   1.196    0.000     9.0  11.5     2368.3   tight
   84      -167.749526   1.170    0.000     8.8   6.2     2608.7   tight
   85      -167.753989   1.190    0.000     8.6   7.8     2374.1   tight
   86      -167.747687   1.189    0.000     9.5  13.1     2430.0   tight
   87      -167.741981   1.189    0.000     9.1   7.9     2408.2   tight
   88      -167.759651   1.193    0.000     8.9  10.4     2428.1   tight
   89      -167.753717   1.184    0.000     8.5   9.2     2441.2   tight
   90      -167.747306   1.186    0.000     8.8   7.4     2432.5   tight
   91      -167.756190   1.185    0.000     9.5  10.2     2453.9   tight
   92      -167.742810   1.191    0.000     8.7   6.8     2374.9   tight
   93      -167.745396   1.186    0.000     8.7  13.0     2431.6   tight
   94      -167.754178   1.201    0.000     8.7   7.6     2335.5   tight
   95      -167.754396   1.210    0.000     8.9   7.7     2293.9   tight
   96      -167.758354   1.202    0.000     8.4  13.5     2314.4   tight
   97      -167.758022   1.203    0.000     9.4  11.4     2360.5   tight
   98      -167.742589   1.190    0.000     8.5  12.3     2349.4   tight
   99      -167.754661   1.213    0.000     8.6  11.6     2199.7   tight
  100      -167.740750   1.207    0.000     9.5  13.0     2248.3   tight
  101      -167.746277   1.190    0.000     8.7  10.6     2441.2   tight
  102      -167.749825   1.195    0.000     9.0   6.1     2398.6   tight
  103      -167.759654   1.201    0.000     8.7   8.2     2326.5   tight
  104      -167.751552   1.199    0.000     8.7   8.3     2336.8   tight
  105      -167.755436   1.192    0.000     9.1   8.0     2385.1   tight
  106      -167.751911   1.191    0.000     8.9   8.6     2369.7   tight
  107      -167.756532   1.197    0.000     9.3  12.0     2430.7   tight
  108      -167.750433   1.182    0.000     8.7   9.2     2492.9   tight
  109      -167.743989   1.181    0.000     9.0   6.0     2465.7   tight
  110      -167.750400   1.191    0.000     9.2   8.7     2418.4   tight
  111      -167.750120   1.202    0.000     8.3  12.2     2264.4   tight
  112      -167.746028   1.188    0.000     9.7  11.6     2373.1   tight
  113      -167.747080   1.176    0.000     8.6  10.6     2516.4   tight
  114      -167.752525   1.190    0.000     8.6   8.9     2371.7   tight
  115      -167.754617   1.199    0.000     8.6   7.8     2351.2   tight
  116      -167.749726   1.188    0.000     9.1   5.6     2422.1   tight
  117      -167.755540   1.192    0.000     8.6   6.7     2385.5   tight
  118      -167.761602   1.188    0.000     9.5   8.7     2465.3   tight
  119      -167.748304   1.186    0.000     9.0   7.6     2451.1   tight
  120      -167.751819   1.193    0.000     8.8   8.1     2414.9   tight
  121      -167.744279   1.193    0.000     9.2  10.8     2405.8   tight
  122      -167.738490   1.189    0.000     8.9   8.7     2360.8   tight
  123      -167.750183   1.186    0.000     9.9  11.7     2490.8   tight
  124      -167.748044   1.194    0.000     8.5   7.8     2378.9   tight
  125      -167.739707   1.191    0.000     8.9   7.5     2391.5   tight
  126      -167.754035   1.202    0.000     8.2  10.9     2286.7   tight
  127      -167.755702   1.187    0.000     9.3  10.7     2421.6   tight
  128      -167.746737   1.176    0.000     9.0   9.2     2500.3   tight
  129      -167.752796   1.196    0.000     8.5   7.6     2352.6   tight
  130      -167.761987   1.190    0.000     8.5   8.1     2438.4   tight
  131      -167.741053   1.183    0.000     9.3  12.9     2427.7   tight
  132      -167.758646   1.187    0.000     9.1   8.4     2489.3   tight
  133      -167.753952   1.189    0.000     8.3   9.0     2396.4   tight
  134      -167.756344   1.190    0.000     9.1   7.2     2476.7   tight
  135      -167.740844   1.183    0.000     8.6   9.3     2441.8   tight
  136      -167.751195   1.184    0.000     9.3   9.3     2437.0   tight
  137      -167.761047   1.196    0.000     8.7   8.6     2387.7   tight
  138      -167.740794   1.196    0.000     9.1   6.5     2358.9   tight
  139      -167.744366   1.193    0.000     9.0   9.4     2367.2   tight
  140      -167.755050   1.194    0.000     8.6  12.6     2390.9   tight
  141      -167.748709   1.197    0.000     9.2   5.8     2378.4   tight
  142      -167.754726   1.197    0.000     8.6   7.1     2316.7   tight
  143      -167.754926   1.189    0.000     8.7  10.3     2416.6   tight
  144      -167.756298   1.194    0.000     8.9  10.5     2415.4   tight
  145      -167.745080   1.189    0.000     9.6   7.3     2410.7   tight
  146      -167.753093   1.183    0.000     9.7   7.3     2467.9   tight
  147      -167.741567   1.185    0.000     9.0   8.4     2445.9   tight
  148      -167.746926   1.198    0.000     8.3  12.1     2275.1   tight
  149      -167.746005   1.186    0.000     8.6   8.0     2467.4   tight
  150      -167.743999   1.184    0.000     9.6   6.7     2437.3   tight
  151      -167.748909   1.194    0.000     8.6   7.1     2332.8   tight
  152      -167.745599   1.202    0.000     9.0   6.7     2284.5   tight
  153      -167.750518   1.185    0.000     8.9  11.4     2478.0   tight
  154      -167.751992   1.193    0.000     9.3  11.6     2359.4   tight
 
Taking  20 structures
 
  ------------------------------------------------------------------------
  ------------------------------------------------------------------------
  Boltz. averaged energy of final cluster:
       G /Eh     : -167.76489271
       T*S /kcal :  -0.396
 
  Ensemble generation finished.
  Results can be found in ensemble directory
  Lowest energy conformer in file <crest_best.xyz>
  List of full ensemble in file <full_ensemble.xyz>
  List of used ensemble in file <final_ensemble.xyz>
  Thermodynamical data in file <thermo_data>
  Population of full ensemble in file <full_population.dat>
  Population in file <population.dat>
 
 
  ________________________________________________________________________
 
  _________________     Solvent Cluster Generation   _____________________
 
  ________________________________________________________________________
 
 Method for CFF: GFN2-xTB
 
  =========================================
  |   quantum cluster growth: CFF         |
  =========================================
 
  CUT-FREEZE-FILL Algorithm to generate reference solvent cluster
  now adding solvents to fill cluster...
  Size  Cluster   E /Eh        De/kcal   Detot/kcal  Opt
  ------------------------------------------------------------------------
  31       1   -157.750609    -23.33      -23.33    tight
  31       2   -157.751094    -19.09      -19.09    tight
  31       3   -157.748965    -10.10      -10.10    tight
  31       4   -157.758577    -15.97      -15.97    tight
  31       5   -157.753254    -14.76      -14.76    tight
  31       6   -157.725556     -9.37       -9.37    tight
  31       7   -157.750479    -16.58      -16.58    tight
  31       8   -157.740323    -14.15      -14.15    tight
  31       9   -157.742619     -9.29       -9.29    tight
  31      10   -157.748664    -11.77      -11.77    tight
  31      11   -157.749021     -9.89       -9.89    tight
  31      12   -157.747880    -21.28      -21.28    tight
  31      13   -157.744062    -17.91      -17.91    tight
  31      14   -157.742567    -14.43      -14.43    tight
  31      15   -157.746429    -16.24      -16.24    tight
  31      16   -157.746843    -14.74      -14.74    tight
  31      17   -157.744771    -18.91      -18.91    tight
  31      18   -157.747609    -12.76      -12.76    tight
  31      19   -157.736821    -13.95      -13.95    tight
  31      20   -157.731589    -13.82      -13.82    tight
  ------------------------------------------------------------------------
  no more solvents can be placed inside cavity of cluster: 5
  previous cluster taken...
  no more solvents can be placed inside cavity of cluster: 7
  previous cluster taken...
  no more solvents can be placed inside cavity of cluster: 14
  previous cluster taken...
  no more solvents can be placed inside cavity of cluster: 18
  previous cluster taken...
  32       1   -162.845858    -15.50      -38.84    tight
  32       2   -162.841757    -12.62      -31.71    tight
  32       3   -162.842353    -14.33      -24.43    tight
  32       4   -162.848788    -12.34      -28.31    tight
  32       6   -162.834293    -23.97      -33.34    tight
  32       8   -162.832646    -13.67      -27.82    tight
  32       9   -162.830872    -11.11      -20.40    tight
  32      10   -162.834741     -9.75      -21.52    tight
  32      11   -162.844174    -15.44      -25.34    tight
  32      12   -162.842403    -15.05      -36.33    tight
  32      13   -162.836194    -13.55      -31.45    tight
  32      15   -162.847480    -19.14      -35.39    tight
  32      16   -162.841610    -15.20      -29.94    tight
  32      17   -162.829806     -9.09      -28.00    tight
  32      19   -162.828924    -13.53      -27.48    tight
  32      20   -162.827721    -16.06      -29.88    tight
  ------------------------------------------------------------------------
  no more solvents can be placed inside cavity of cluster: 1
  previous cluster taken...
  33       2   -167.929084    -10.53      -42.24    tight
  33       3   -167.937400    -15.38      -39.81    tight
  33       4   -167.944991    -16.10      -44.41    tight
  33       6   -167.935203    -19.05      -52.40    tight
  33       8   -167.934669    -19.75      -47.57    tight
  33       9   -167.915495     -8.83      -29.24    tight
  33      10   -167.923794    -11.61      -33.13    tight
  33      11   -167.931351    -10.44      -35.77    tight
  33      12   -167.936636    -14.86      -51.19    tight
  33      13   -167.927120    -12.79      -44.24    tight
  33      15   -167.939029    -13.18      -48.57    tight
  33      16   -167.931697    -12.26      -42.20    tight
  33      17   -167.924481    -15.14      -43.14    tight
  33      19   -167.926714    -17.10      -44.58    tight
  33      20   -167.930067    -19.96      -49.84    tight
  ------------------------------------------------------------------------
  volume filled
  Starting optimizations + SP  of structures
  15 jobs to do.
 
  done.
 
  Cluster   E /Eh        Density  Efix       R   av/act. Surface   Opt
    1      -152.667992   1.160    0.000     4.2   0.8     2458.7   tight
    2      -152.662803   1.161    0.000     3.0  10.2     2445.6   tight
    3      -152.670364   1.165    0.000     4.8   8.9     2451.3   tight
    4      -152.677265   1.178    0.000     5.0   4.2     2344.0   tight
    5      -152.664440   1.145    0.000     5.0   4.2     2560.8   tight
    6      -152.668366   1.174    0.000     5.4   2.6     2330.0   tight
    7      -152.661754   1.151    0.000     5.4   2.6     2505.4   tight
    8      -152.667881   1.179    0.000     3.1   9.9     2275.0   tight
    9      -152.650450   1.148    0.000     8.6  13.8     2513.4   tight
   10      -152.657994   1.148    0.000     6.9   9.0     2542.7   tight
   11      -152.664865   1.151    0.000     5.3  13.5     2532.6   tight
   12      -152.669669   1.176    0.000     6.5   2.9     2292.3   tight
   13      -152.661018   1.148    0.000     4.6   9.2     2475.3   tight
   14      -152.654092   1.149    0.000     4.6   9.2     2497.1   tight
   15      -152.671844   1.170    0.000     3.5  10.1     2297.2   tight
   16      -152.665179   1.171    0.000     6.2   9.0     2397.1   tight
   17      -152.658619   1.163    0.000     6.6   3.1     2365.2   tight
   18      -152.658976   1.140    0.000     6.6   3.1     2569.6   tight
   19      -152.660649   1.171    0.000     5.3   2.8     2315.2   tight
   20      -152.663697   1.178    0.000     3.2   7.6     2309.1   tight
 
  ------------------------------------------------------------------------
  ------------------------------------------------------------------------
  Boltz. averaged energy of final cluster:
       G /Eh     : -152.67726870
       T*S /kcal :  -0.019
 
  Solvent cluster generation finished.
  Results can be found in solvent_cluster directory
  Structures in file <crest_ensemble.xyz>
  Energies in file <cluster_energy.dat>
  Population in file <population.dat>
 
  =========================================
  |   quantum cluster growth: ESOLV       |
  |                                       |
  |          -125.97 kcal/mol             |
  =========================================
 
  =========================================
  |          Frequency evaluation         |
  =========================================
 
   SOLUTE MOLECULE
  Starting reoptimizations + Frequency computation of ensemble
  1 jobs to do.
 
  done.
   SOLUTE CLUSTER
  Starting reoptimizations + Frequency computation of ensemble
  20 jobs to do.
 
  done.
   SOLVENT CLUSTER
  Starting reoptimizations + Frequency computation of ensemble
  20 jobs to do.
 
  done.
 
   Solute Gas properties
  #       H(T)       SVIB      SROT       STRA      G(T)
       [kcal/mol]    [      cal/mol/K        ]    [kcal/mol]
  --------------------------------------------------------
       71.00     11.05     24.33     38.28     49.04
 
   Solute cluster properties
  #       H(T)       SVIB      SROT       STRA      G(T)
       [kcal/mol]    [      cal/mol/K        ]    [kcal/mol]
  --------------------------------------------------------
  1      569.87    310.77     38.18     45.05    452.40
  2      569.60    315.29     38.12     45.05    450.80
  3      569.72    308.47     38.35     45.05    452.88
  4      569.58    311.61     38.20     45.05    451.85
  5      570.63    312.55     38.12     45.05    452.65
  6      570.18    310.64     38.13     45.05    452.76
  7      570.15    312.56     38.18     45.05    452.15
  8      570.02    312.88     38.07     45.05    451.95
  9      569.80    315.29     38.13     45.05    450.99
  10      570.10    312.16     38.21     45.05    452.21
  11      569.74    313.76     38.19     45.05    451.38
  12      570.10    312.94     38.09     45.05    452.01
  13      570.22    317.15     38.32     45.05    450.80
  14      569.69    313.89     38.31     45.05    451.25
  15      570.19    318.43     38.07     45.05    450.47
  16      570.21    311.69     38.20     45.05    452.46
  17      570.14    315.39     38.20     45.05    451.29
  18      570.17    319.06     38.20     45.05    450.23
  19      570.03    318.94     38.13     45.05    450.14
  20      570.14    316.91     38.30     45.05    450.80
 
   Solvent cluster properties
  #       H(T)       SVIB      SROT       STRA      G(T)
       [kcal/mol]    [      cal/mol/K        ]    [kcal/mol]
  --------------------------------------------------------
  1      497.34    280.87     37.74     44.73    389.01
  2      497.62    285.59     37.77     44.73    387.87
  3      497.71    277.09     37.69     44.73    390.53
  4      497.63    281.07     37.76     44.73    389.24
  5      496.78    286.53     37.73     44.73    386.77
  6      497.42    287.09     37.70     44.73    387.24
  7      497.97    282.50     37.72     44.73    389.17
  8      497.77    276.19     37.57     44.73    390.89
  9      497.20    290.37     38.01     44.73    385.96
  10      497.24    290.43     37.68     44.73    386.08
  11      497.03    282.58     37.92     44.73    388.13
  12      497.85    282.65     37.67     44.73    389.01
  13      497.96    281.91     37.77     44.73    389.31
  14      497.52    284.64     37.85     44.73    388.04
  15      497.69    285.17     37.74     44.73    388.08
  16      497.60    282.06     37.88     44.73    388.87
  17      497.56    279.21     37.74     44.73    389.72
  18      498.28    281.09     37.68     44.73    389.91
  19      497.67    282.84     37.60     44.73    388.80
  20      497.96    283.70     37.55     44.73    388.84
 
 
  ________________________________________________________________________
 
  _________________________     Evaluation    ____________________________
 
  ________________________________________________________________________
 
 
  -----------------------------------------------------
  Gsolv and Hsolv ref. state: [1 M gas/solution] 
  G_solv (incl.RRHO)      = -111.97 kcal/mol
  H_solv (incl.RRHO)      = -124.06 kcal/mol
  -----------------------------------------------------
 
  -----------------------------------------------------
  Gsolv and Hsolv ref. state: [1 M gas/solution] 
  G_solv (incl.RRHO)      = -113.86 kcal/mol
  H_solv (incl.RRHO)      = -125.95 kcal/mol
  -----------------------------------------------------
 
  -----------------------------------------------------
  Solvation free energies with scaled translational
  and rotational degrees of freedom: Gsolv (scaling)
          >>   -131.38 (0.05)    <<
          >>   -130.46 (0.10)    <<
          >>   -129.54 (0.15)    <<
          >>   -128.62 (0.20)    <<
          >>   -127.69 (0.25)    <<
          >>   -126.77 (0.30)    <<
          >>   -125.85 (0.35)    <<
          >>   -124.93 (0.40)    <<
          >>   -124.01 (0.45)    <<
          >>   -123.08 (0.50)    <<
          >>   -122.16 (0.55)    <<
          >>   -121.24 (0.60)    <<
          >>   -120.32 (0.65)    <<
          >>   -119.39 (0.70)    <<
          >>   -118.47 (0.75)    <<
          >>   -117.55 (0.80)    <<
          >>   -116.63 (0.85)    <<
          >>   -115.70 (0.90)    <<
          >>   -114.78 (0.95)    <<
          >>   -113.86 (1.00)    <<
  -----------------------------------------------------
 
  ==================================================
  |  Gsolv with SCALED RRHO contributions: 0.75    |
  |  [1 bar gas/ 1 M solution]                     |
  |                                                |
  |  G_solv (incl.RRHO)+dV(T)= -118.47 kcal/mol    |
  ==================================================
 
 
 -----------------
 Wall Time Summary
 -----------------
             test MD wall time :         0h : 0m : 1s
                 MTD wall time :         0h : 2m :36s
      multilevel OPT wall time :         0h : 2m :24s
                  MD wall time :         0h : 1m :10s
                Grow wall time :         0h : 5m :22s
     Solute-Ensemble wall time :         0h :12m :48s
                 CFF wall time :         0h : 3m :29s
         Frequencies wall time :         0h : 4m :22s
--------------------
Overall wall time  : 0h :32m :29s
 
 CREST terminated normally.
