 
       ==============================================
       |                                            |
       |                 C R E S T                  |
       |                                            |
       |  Conformer-Rotamer Ensemble Sampling Tool  |
       |          based on the GFN methods          |
       |             P.Pracht, S.Grimme             |
       |          Universitaet Bonn, MCTC           |
       ==============================================
       Version 2.12,   Thu 19. Mai 16:32:32 CEST 2022
  Using the xTB program. Compatible with xTB version 6.4.0
 
   Cite work conducted with this code as

   • P.Pracht, F.Bohle, S.Grimme, PCCP, 2020, 22, 7169-7192.
   • S.Grimme, JCTC, 2019, 15, 2847-2862.

   and for works involving QCG as

   • S.Spicher, C.Plett, P.Pracht, A.Hansen, S.Grimme,
     JCTC, 2022, 18 (5), 3174-3189.
 
   with help from:
   C.Bannwarth, F.Bohle, S.Ehlert, S.Grimme,
   C.Plett, P.Pracht, S.Spicher
 
   This program is distributed in the hope that it will be useful,
   but WITHOUT ANY WARRANTY; without even the implied warranty of
   MERCHANTABILITY or FITNESS FOR A PARTICULAR PURPOSE.

 Command line input:
 > crest input.xyz --qcg water.xyz --chrg 1 --uhf 0 --nsolv 40 --T 40 --gsolv --nclus 20 --gbsa water --wscal 1.0

 Solute-file: input.xyz
 Solvent-file: water.xyz
  --chrg 1
  --uhf 0
  --T 40 (CPUs/Threads selected)
  --gbsa water : implicit solvation
 
  ========================================
  |           ----------------           |
  |                 Q C G                |
  |           ----------------           |
  |        Quantum Cluster Growth        |
  |       University of Bonn, MCTC       |
  ========================================
   S. Grimme, S. Spicher, C. Plett.
 
   Cite work conducted with this code as

   S. Spicher, C. Plett, P. Pracht, A. Hansen, S. Grimme, JCTC, 2022, 18, 3174-3189.
 
 
  =========================================
  |   quantum cluster growth: INPUT       |
  =========================================
 
  QCG: Calculation of delta G_solv
  Ensemble generated via CREST
 
  input parameters     
  solute                 : input.xyz
  charge                 : 1
  uhf                    : 0
  solvent                : water.xyz
  # of solvents to add   : 40
  # of cluster generated : 20
  # of CPUs used         : 40
  Solvation model        : water               
  xtb opt level          : normal
  System temperature [K] : 298.1
  RRHO scaling factor    : 0.75
 
 Solute geometry
  molecular radius (Bohr**1):    5.72
  molecular area   (Bohr**2):  476.48
  molecular volume (Bohr**3):  783.39
 Solvent geometry
  molecular radius (Bohr**1):    3.88
  molecular area   (Bohr**2):  194.99
  molecular volume (Bohr**3):  244.40
 
  radius of solute    :     9.22
  radius of solvent   :     6.25
 
  =========================================
  |            Preoptimization            |
  =========================================
 
 -------------------------
 xTB Geometry Optimization
 -------------------------
 Geometry successfully optimized.
 Generating LMOs for solute
  Total Energy of solute:     -14.8868705 Eh
 
 -------------------------
 xTB Geometry Optimization
 -------------------------
 Geometry successfully optimized.
 Generating LMOs for solvent
  Total energy of solvent:     -5.0705444 Eh
 
  ________________________________________________________________________
 
  __________________     Solute Cluster Generation   _____________________
 
  ________________________________________________________________________
 
 
  =========================================
  |   quantum cluster growth: GROW        |
  =========================================
 
  Constraining solute during Growth 
 Solute:
       unit ellipsoid axis a,b,c     :   0.451   0.277   0.272
 Solvent:
       unit ellipsoid axis a,b,c     :   0.386   0.322   0.292
 
  solvent anisotropy            :     1.133
  solute anisotropy             :     1.240
  roff inner wall               :     0.970
  solute max dist               :    14.282
  solvent max dist              :     7.283
  inner unit axis               :     0.575     0.216     0.209
  inner ellipsoid/Bohr          :    15.166     5.698     5.501
  scaling factor outer ellipsoid:     1.000
  outer ellipsoid/Bohr          :    14.839     9.096     8.937
 
  Size  E /Eh       De/kcal   Detot/kcal  Density   Efix         R   av/act. Surface   Opt
    1   -19.987260  -18.73     -18.73       0.919     -5.161      0.0   0.0     976.7   normal
    2   -25.084566  -16.79     -35.52       0.939     -5.912      6.4   8.2    1171.5   normal
    3   -30.178794  -14.86     -50.38       0.949     -6.586      7.4   6.6    1372.0   normal
    4   -35.266588  -10.82     -61.21       0.969     -7.199      7.1   6.4    1551.2   normal
    5   -40.353456  -10.24     -71.45       0.984     -7.766      6.9   6.3    1732.4   normal
    6   -45.440370  -10.27     -81.72       1.013     -8.296      6.4   8.2    1881.7   normal
    7   -50.524653   -8.62     -90.34       1.015     -8.795      6.6   7.6    2077.8   normal
    8   -55.614564  -12.15    -102.50       1.028     -9.269      7.3   7.2    2248.2   normal
    9   -60.705915  -13.06    -115.55       1.051     -9.721      7.2   6.0    2389.7   normal
   10   -65.794106  -11.07    -126.63       1.067    -10.152      7.0   7.3    2544.1   normal
   11   -70.880301   -9.82    -136.45       1.067    -10.566      6.9   9.3    2734.4   normal
   12   -75.975787  -15.65    -152.10       1.097    -10.966      7.0   6.8    2843.7   normal
   13   -81.067268  -13.14    -165.24       1.106    -11.352      7.0   9.6    3003.1   normal
   14   -86.152494   -9.21    -174.45       1.100    -11.724      7.2   8.8    3202.0   normal
   15   -91.244402  -13.41    -187.85       1.117    -12.086      7.4   9.4    3334.5   normal
   16   -96.334366  -12.19    -200.04       1.128    -12.437      7.5   7.2    3481.2   normal
   17  -101.428118  -14.56    -214.60       1.140    -12.779      7.5   9.2    3620.9   normal
   18  -106.512726   -8.82    -223.43       1.134    -13.111      7.5   9.7    3818.9   normal
   19  -111.605352  -13.86    -237.28       1.145    -13.436      7.7   7.2    3956.8   normal
   20  -116.696372  -12.85    -250.13       1.150    -13.753      7.7  10.2    4116.1   normal
   21  -121.787126  -12.68    -262.81       1.155    -14.063      7.8   7.5    4272.8   normal
   22  -126.875534  -11.21    -274.02       1.165    -14.366      7.8  10.5    4410.4   normal
   23  -131.968328  -13.96    -287.99       1.173    -14.663      7.9   6.7    4550.9   normal
   24  -137.060663  -13.67    -301.66       1.180    -14.955      7.8  10.2    4694.2   normal
   25  -142.147175  -10.02    -311.68       1.178    -15.240      7.9  11.8    4873.1   normal
   26  -147.234823  -10.73    -322.41       1.187    -15.520      8.0  13.1    5007.0   normal
   27  -152.329697  -15.27    -337.68       1.188    -15.796      8.2   9.8    5175.3   normal
   28  -157.416212  -10.02    -347.70       1.189    -16.066      8.3  13.4    5340.7   normal
   29  -162.508954  -13.93    -361.63       1.204    -16.333      8.4   9.5    5439.8   normal
   30  -167.603751  -15.22    -376.85       1.205    -16.595      8.5   7.5    5602.6   normal
   31  -172.691559  -10.83    -387.68       1.206    -16.853      8.5  13.6    5765.4   normal
   32  -177.780057  -11.27    -398.95       1.210    -17.107      8.7   8.3    5914.3   normal
   33  -182.864412   -8.67    -407.61       1.213    -17.357      8.7   7.2    6063.9   normal
   34  -187.953023  -11.34    -418.95       1.214    -17.603      8.7  11.8    6225.9   normal
   35  -193.041563  -11.29    -430.24       1.217    -17.847      8.7  13.0    6377.1   normal
   36  -198.136229  -15.14    -445.38       1.219    -18.087      8.9  13.2    6530.2   normal
   37  -203.228529  -13.65    -459.03       1.224    -18.324      9.1  13.3    6670.1   normal
   38  -208.320253  -13.29    -472.32       1.224    -18.559      9.2  10.8    6836.5   normal
   39  -213.408237  -10.94    -483.27       1.228    -18.790      9.3  12.5    6978.4   normal
   40  -218.492771   -8.78    -492.04       1.226    -19.017      9.3  11.5    7153.0   normal
 
  Growth finished after 40 solvents added
  Results can be found in grow directory
  Energy list in file <qcg_energy.dat>
  Interaction energy in file <qcg_conv.dat>
  Growing process in <qcg_grow.xyz>
  Final geometry after grow in <cluster.coord> and <cluster.xyz>
  Potentials and geometry written in <cluster_cavity.coord> and <twopot_cavity.coord>
 
  =========================================
  |   quantum cluster growth: ENSEMBLE    |
  =========================================
 
   Method for ensemble search:--gff               
 Starting ensemble cluster generation by CREST routine
 
------------------------------------------------
Generating MTD length from a flexibility measure
------------------------------------------------
 System flexiblity is set to 1.0 for NCI mode
 flexibility measure :   1.000
 t(MTD) / ps set by command line  :    10.0
 t(MTD) / ps    :    10.0
 Σ(t(MTD)) / ps :   120.0 (12 MTDs)
 
-------------------------------------
Starting a trial MTD to test settings
-------------------------------------
 Estimated runtime for one MTD (10.0 ps) on a single thread: 3 min 25 sec
 Estimated runtime for a batch of 12 MTDs on 40 threads: 1 min 8 sec
 
 list of Vbias parameters applied:
$metadyn    0.00125   1.000
$metadyn    0.00083   1.000
$metadyn    0.00056   1.000
$metadyn    0.00125   0.667
$metadyn    0.00083   0.667
$metadyn    0.00056   0.667
$metadyn    0.00125   0.444
$metadyn    0.00083   0.444
$metadyn    0.00056   0.444
$metadyn    0.00125   0.296
$metadyn    0.00083   0.296
$metadyn    0.00056   0.296
 
*******************************************************************************************
**                        N E W    I T E R A T I O N    C Y C L E                        **
*******************************************************************************************
 
========================================
            MTD Iteration  1
========================================
 
     ========================================
     |         Meta-MD (MTD) Sampling       |
     ========================================
 
Starting Meta-MD   4 with the settings:
     MD time /ps        :    10.0
     dt /fs             :     1.5
     dumpstep(trj) /fs  :     200
     dumpstep(Vbias)/ps :     1.0
     Vbias factor k /Eh :  0.1650
     Vbias exp α /bohr⁻²:    0.67
Starting Meta-MD   2 with the settings:
     MD time /ps        :    10.0
     dt /fs             :     1.5
     dumpstep(trj) /fs  :     200
     dumpstep(Vbias)/ps :     1.0
     Vbias factor k /Eh :  0.1100
     Vbias exp α /bohr⁻²:    1.00
Starting Meta-MD   1 with the settings:
     MD time /ps        :    10.0
     dt /fs             :     1.5
     dumpstep(trj) /fs  :     200
     dumpstep(Vbias)/ps :     1.0
     Vbias factor k /Eh :  0.1650
     Vbias exp α /bohr⁻²:    1.00
Starting Meta-MD   5 with the settings:
     MD time /ps        :    10.0
     dt /fs             :     1.5
     dumpstep(trj) /fs  :     200
     dumpstep(Vbias)/ps :     1.0
     Vbias factor k /Eh :  0.1100
     Vbias exp α /bohr⁻²:    0.67
Starting Meta-MD   6 with the settings:
     MD time /ps        :    10.0
     dt /fs             :     1.5
     dumpstep(trj) /fs  :     200
     dumpstep(Vbias)/ps :     1.0
     Vbias factor k /Eh :  0.0733
     Vbias exp α /bohr⁻²:    0.67
Starting Meta-MD   7 with the settings:
     MD time /ps        :    10.0
     dt /fs             :     1.5
     dumpstep(trj) /fs  :     200
     dumpstep(Vbias)/ps :     1.0
     Vbias factor k /Eh :  0.1650
     Vbias exp α /bohr⁻²:    0.44
Starting Meta-MD   8 with the settings:
     MD time /ps        :    10.0
     dt /fs             :     1.5
     dumpstep(trj) /fs  :     200
     dumpstep(Vbias)/ps :     1.0
     Vbias factor k /Eh :  0.1100
     Vbias exp α /bohr⁻²:    0.44
Starting Meta-MD   9 with the settings:
     MD time /ps        :    10.0
     dt /fs             :     1.5
     dumpstep(trj) /fs  :     200
     dumpstep(Vbias)/ps :     1.0
     Vbias factor k /Eh :  0.0733
     Vbias exp α /bohr⁻²:    0.44
Starting Meta-MD  10 with the settings:
     MD time /ps        :    10.0
     dt /fs             :     1.5
     dumpstep(trj) /fs  :     200
     dumpstep(Vbias)/ps :     1.0
     Vbias factor k /Eh :  0.1650
     Vbias exp α /bohr⁻²:    0.30
Starting Meta-MD  12 with the settings:
     MD time /ps        :    10.0
     dt /fs             :     1.5
     dumpstep(trj) /fs  :     200
     dumpstep(Vbias)/ps :     1.0
     Vbias factor k /Eh :  0.0733
     Vbias exp α /bohr⁻²:    0.30
Starting Meta-MD  11 with the settings:
     MD time /ps        :    10.0
     dt /fs             :     1.5
     dumpstep(trj) /fs  :     200
     dumpstep(Vbias)/ps :     1.0
     Vbias factor k /Eh :  0.1100
     Vbias exp α /bohr⁻²:    0.30
Starting Meta-MD   3 with the settings:
     MD time /ps        :    10.0
     dt /fs             :     1.5
     dumpstep(trj) /fs  :     200
     dumpstep(Vbias)/ps :     1.0
     Vbias factor k /Eh :  0.0733
     Vbias exp α /bohr⁻²:    1.00
*Meta-MTD 7 finished*
*Meta-MTD 9 finished*
*Meta-MTD 3 finished*
*Meta-MTD 6 finished*
*Meta-MTD 12 finished*
*Meta-MTD 4 finished*
*Meta-MTD 8 finished*
*Meta-MTD 1 finished*
*Meta-MTD 5 finished*
*Meta-MTD 2 finished*
*Meta-MTD 11 finished*
*Meta-MTD 10 finished*
 
-----------------------
Multilevel Optimization
-----------------------
 
 -------------------------
 1. crude pre-optimization
 -------------------------
 Optimizing all 600 structures from file "crest_rotamers_0.xyz" ...
 1 2 3 4 5 6 7 8 9 10 11 12 13 14 15 16 17 18 19 20 21 22 23 24 25 26 27 28 29 30 31 32 33 34 35 36 37 38 39 40 41 42 43 44 45 46 47 48 49 50 51 52 53 54 55 56 57 58 59 60 61 62 63 64 65 66 67 68 69 70 71 72 73 74 75 76 77 78 79 80 81 82 83 84 85 86 87 88 89 90 91 92 93 94 95 96 97 98 99 100 101 102 103 104 105 106 107 108 109 110 111 112 113 114 115 116 117 118 119 120 121 122 123 124 125 126 127 128 129 130 131 132 133 134 135 136 137 138 139 140 141 142 143 144 145 146 147 148 149 150 151 152 153 154 155 156 157 158 159 160 161 162 163 164 165 166 167 168 169 170 171 172 173 174 175 176 177 178 179 180 181 182 183 184 185 186 187 188 189 190 191 192 193 194 195 196 197 198 199 200 201 202 203 204 205 206 207 208 209 210 211 212 213 214 215 216 217 218 219 220 221 222 223 224 225 226 227 228 229 230 231 232 233 234 235 236 237 238 239 240 241 242 243 244 245 246 247 248 249 250 251 252 253 254 255 256 257 258 259 260 261 262 263 264 265 266 267 268 269 270 271 272 273 274 275 276 277 278 279 280 281 282 283 284 285 286 287 288 289 290 291 292 293 294 295 296 297 298 299 300 301 302 303 304 305 306 307 308 309 310 311 312 313 314 315 316 317 318 319 320 321 322 323 324 325 326 327 328 329 330 331 332 333 334 335 336 337 338 339 340 341 342 343 344 345 346 347 348 349 350 351 352 353 354 355 356 357 358 359 360 361 362 363 364 365 366 367 368 369 370 371 372 373 374 375 376 377 378 379 380 381 382 383 384 385 386 387 388 389 390 391 392 393 394 395 396 397 398 399 400 401 402 403 404 405 406 407 408 409 410 411 412 413 414 415 416 417 418 419 420 421 422 423 424 425 426 427 428 429 430 431 432 433 434 435 436 437 438 439 440 441 442 443 444 445 446 447 448 449 450 451 452 453 454 455 456 457 458 459 460 461 462 463 464 465 466 467 468 469 470 471 472 473 474 475 476 477 478 479 480 481 482 483 484 485 486 487 488 489 490 491 492 493 494 495 496 497 498 499 500 501 502 503 504 505 506 507 508 509 510 511 512 513 514 515 516 517 518 519 520 521 522 523 524 525 526 527 528 529 530 531 532 533 534 535 536 537 538 539 540 541 542 543 544 545 546 547 548 549 550 551 552 553 554 555 556 557 558 559 560 561 562 563 564 565 566 567 568 569 570 571 572 573 574 575 576 577 578 579 580 581 582 583 584 585 586 587 588 589 590 591 592 593 594 595 596 597 598 599 600
 done.
 input  file name : crest_rotamers_1.xyz
 output file name : crest_rotamers_2.xyz
 reference state Etot :  -14.1368669600000     
 600 structures remain within     6.00 kcal/mol window
 
 
========================================
            MTD Iteration  2
========================================
 
     ========================================
     |         Meta-MD (MTD) Sampling       |
     ========================================
 
Starting Meta-MD   1 with the settings:
     MD time /ps        :    10.0
     dt /fs             :     1.5
     dumpstep(trj) /fs  :     200
     dumpstep(Vbias)/ps :     1.0
     Vbias factor k /Eh :  0.1650
     Vbias exp α /bohr⁻²:    1.00
Starting Meta-MD   2 with the settings:
     MD time /ps        :    10.0
     dt /fs             :     1.5
     dumpstep(trj) /fs  :     200
     dumpstep(Vbias)/ps :     1.0
     Vbias factor k /Eh :  0.1100
     Vbias exp α /bohr⁻²:    1.00
Starting Meta-MD   3 with the settings:
     MD time /ps        :    10.0
     dt /fs             :     1.5
     dumpstep(trj) /fs  :     200
     dumpstep(Vbias)/ps :     1.0
     Vbias factor k /Eh :  0.0733
     Vbias exp α /bohr⁻²:    1.00
Starting Meta-MD   4 with the settings:
     MD time /ps        :    10.0
     dt /fs             :     1.5
     dumpstep(trj) /fs  :     200
     dumpstep(Vbias)/ps :     1.0
     Vbias factor k /Eh :  0.1650
     Vbias exp α /bohr⁻²:    0.67
Starting Meta-MD   5 with the settings:
     MD time /ps        :    10.0
     dt /fs             :     1.5
     dumpstep(trj) /fs  :     200
     dumpstep(Vbias)/ps :     1.0
     Vbias factor k /Eh :  0.1100
     Vbias exp α /bohr⁻²:    0.67
Starting Meta-MD   6 with the settings:
     MD time /ps        :    10.0
     dt /fs             :     1.5
     dumpstep(trj) /fs  :     200
     dumpstep(Vbias)/ps :     1.0
     Vbias factor k /Eh :  0.0733
     Vbias exp α /bohr⁻²:    0.67
Starting Meta-MD   7 with the settings:
     MD time /ps        :    10.0
     dt /fs             :     1.5
     dumpstep(trj) /fs  :     200
     dumpstep(Vbias)/ps :     1.0
     Vbias factor k /Eh :  0.1650
     Vbias exp α /bohr⁻²:    0.44
Starting Meta-MD   8 with the settings:
     MD time /ps        :    10.0
     dt /fs             :     1.5
     dumpstep(trj) /fs  :     200
     dumpstep(Vbias)/ps :     1.0
     Vbias factor k /Eh :  0.1100
     Vbias exp α /bohr⁻²:    0.44
Starting Meta-MD  10 with the settings:
     MD time /ps        :    10.0
     dt /fs             :     1.5
     dumpstep(trj) /fs  :     200
     dumpstep(Vbias)/ps :     1.0
     Vbias factor k /Eh :  0.1650
     Vbias exp α /bohr⁻²:    0.30
Starting Meta-MD   9 with the settings:
     MD time /ps        :    10.0
     dt /fs             :     1.5
     dumpstep(trj) /fs  :     200
     dumpstep(Vbias)/ps :     1.0
     Vbias factor k /Eh :  0.0733
     Vbias exp α /bohr⁻²:    0.44
*Meta-MTD 3 finished*
*Meta-MTD 7 finished*
*Meta-MTD 9 finished*
*Meta-MTD 2 finished*
*Meta-MTD 4 finished*
*Meta-MTD 8 finished*
*Meta-MTD 5 finished*
*Meta-MTD 10 finished*
*Meta-MTD 6 finished*
*Meta-MTD 1 finished*
 
-----------------------
Multilevel Optimization
-----------------------
 
 -------------------------
 1. crude pre-optimization
 -------------------------
 Optimizing all 500 structures from file "crest_rotamers_0.xyz" ...
 1 2 3 4 5 6 7 8 9 10 11 12 13 14 15 16 17 18 19 20 21 22 23 24 25 26 27 28 29 30 31 32 33 34 35 36 37 38 39 40 41 42 43 44 45 46 47 48 49 50 51 52 53 54 55 56 57 58 59 60 61 62 63 64 65 66 67 68 69 70 71 72 73 74 75 76 77 78 79 80 81 82 83 84 85 86 87 88 89 90 91 92 93 94 95 96 97 98 99 100 101 102 103 104 105 106 107 108 109 110 111 112 113 114 115 116 117 118 119 120 121 122 123 124 125 126 127 128 129 130 131 132 133 134 135 136 137 138 139 140 141 142 143 144 145 146 147 148 149 150 151 152 153 154 155 156 157 158 159 160 161 162 163 164 165 166 167 168 169 170 171 172 173 174 175 176 177 178 179 180 181 182 183 184 185 186 187 188 189 190 191 192 193 194 195 196 197 198 199 200 201 202 203 204 205 206 207 208 209 210 211 212 213 214 215 216 217 218 219 220 221 222 223 224 225 226 227 228 229 230 231 232 233 234 235 236 237 238 239 240 241 242 243 244 245 246 247 248 249 250 251 252 253 254 255 256 257 258 259 260 261 262 263 264 265 266 267 268 269 270 271 272 273 274 275 276 277 278 279 280 281 282 283 284 285 286 287 288 289 290 291 292 293 294 295 296 297 298 299 300 301 302 303 304 305 306 307 308 309 310 311 312 313 314 315 316 317 318 319 320 321 322 323 324 325 326 327 328 329 330 331 332 333 334 335 336 337 338 339 340 341 342 343 344 345 346 347 348 349 350 351 352 353 354 355 356 357 358 359 360 361 362 363 364 365 366 367 368 369 370 371 372 373 374 375 376 377 378 379 380 381 382 383 384 385 386 387 388 389 390 391 392 393 394 395 396 397 398 399 400 401 402 403 404 405 406 407 408 409 410 411 412 413 414 415 416 417 418 419 420 421 422 423 424 425 426 427 428 429 430 431 432 433 434 435 436 437 438 439 440 441 442 443 444 445 446 447 448 449 450 451 452 453 454 455 456 457 458 459 460 461 462 463 464 465 466 467 468 469 470 471 472 473 474 475 476 477 478 479 480 481 482 483 484 485 486 487 488 489 490 491 492 493 494 495 496 497 498 499 500
 done.
 input  file name : crest_rotamers_1.xyz
 output file name : crest_rotamers_2.xyz
 reference state Etot :  -14.1432783800000     
 500 structures remain within     6.00 kcal/mol window
 
 ...............................................
 A new lower conformer was found!
 Improved by    0.00641 Eh or    4.02323kcal/mol
 ...............................................
 
========================================
            MTD Iteration  3
========================================
 
     ========================================
     |         Meta-MD (MTD) Sampling       |
     ========================================
 
Starting Meta-MD   1 with the settings:
     MD time /ps        :    10.0
     dt /fs             :     1.5
     dumpstep(trj) /fs  :     200
     dumpstep(Vbias)/ps :     1.0
     Vbias factor k /Eh :  0.1650
     Vbias exp α /bohr⁻²:    1.00
Starting Meta-MD   2 with the settings:
     MD time /ps        :    10.0
     dt /fs             :     1.5
     dumpstep(trj) /fs  :     200
     dumpstep(Vbias)/ps :     1.0
     Vbias factor k /Eh :  0.1100
     Vbias exp α /bohr⁻²:    1.00
Starting Meta-MD  10 with the settings:
     MD time /ps        :    10.0
     dt /fs             :     1.5
     dumpstep(trj) /fs  :     200
     dumpstep(Vbias)/ps :     1.0
     Vbias factor k /Eh :  0.1650
     Vbias exp α /bohr⁻²:    0.30
Starting Meta-MD   3 with the settings:
     MD time /ps        :    10.0
     dt /fs             :     1.5
     dumpstep(trj) /fs  :     200
     dumpstep(Vbias)/ps :     1.0
     Vbias factor k /Eh :  0.0733
     Vbias exp α /bohr⁻²:    1.00
Starting Meta-MD   4 with the settings:
     MD time /ps        :    10.0
     dt /fs             :     1.5
     dumpstep(trj) /fs  :     200
     dumpstep(Vbias)/ps :     1.0
     Vbias factor k /Eh :  0.1650
     Vbias exp α /bohr⁻²:    0.67
Starting Meta-MD   5 with the settings:
     MD time /ps        :    10.0
     dt /fs             :     1.5
     dumpstep(trj) /fs  :     200
     dumpstep(Vbias)/ps :     1.0
     Vbias factor k /Eh :  0.1100
     Vbias exp α /bohr⁻²:    0.67
Starting Meta-MD   6 with the settings:
     MD time /ps        :    10.0
     dt /fs             :     1.5
     dumpstep(trj) /fs  :     200
     dumpstep(Vbias)/ps :     1.0
     Vbias factor k /Eh :  0.0733
     Vbias exp α /bohr⁻²:    0.67
Starting Meta-MD   7 with the settings:
     MD time /ps        :    10.0
     dt /fs             :     1.5
     dumpstep(trj) /fs  :     200
     dumpstep(Vbias)/ps :     1.0
     Vbias factor k /Eh :  0.1650
     Vbias exp α /bohr⁻²:    0.44
Starting Meta-MD   8 with the settings:
     MD time /ps        :    10.0
     dt /fs             :     1.5
     dumpstep(trj) /fs  :     200
     dumpstep(Vbias)/ps :     1.0
     Vbias factor k /Eh :  0.1100
     Vbias exp α /bohr⁻²:    0.44
Starting Meta-MD   9 with the settings:
     MD time /ps        :    10.0
     dt /fs             :     1.5
     dumpstep(trj) /fs  :     200
     dumpstep(Vbias)/ps :     1.0
     Vbias factor k /Eh :  0.0733
     Vbias exp α /bohr⁻²:    0.44
*Meta-MTD 1 finished*
*Meta-MTD 6 finished*
*Meta-MTD 2 finished*
*Meta-MTD 9 finished*
*Meta-MTD 10 finished*
*Meta-MTD 3 finished*
*Meta-MTD 5 finished*
*Meta-MTD 8 finished*
*Meta-MTD 7 finished*
*Meta-MTD 4 finished*
 
-----------------------
Multilevel Optimization
-----------------------
 
 -------------------------
 1. crude pre-optimization
 -------------------------
 Optimizing all 500 structures from file "crest_rotamers_0.xyz" ...
 1 2 3 4 5 6 7 8 9 10 11 12 13 14 15 16 17 18 19 20 21 22 23 24 25 26 27 28 29 30 31 32 33 34 35 36 37 38 39 40 41 42 43 44 45 46 47 48 49 50 51 52 53 54 55 56 57 58 59 60 61 62 63 64 65 66 67 68 69 70 71 72 73 74 75 76 77 78 79 80 81 82 83 84 85 86 87 88 89 90 91 92 93 94 95 96 97 98 99 100 101 102 103 104 105 106 107 108 109 110 111 112 113 114 115 116 117 118 119 120 121 122 123 124 125 126 127 128 129 130 131 132 133 134 135 136 137 138 139 140 141 142 143 144 145 146 147 148 149 150 151 152 153 154 155 156 157 158 159 160 161 162 163 164 165 166 167 168 169 170 171 172 173 174 175 176 177 178 179 180 181 182 183 184 185 186 187 188 189 190 191 192 193 194 195 196 197 198 199 200 201 202 203 204 205 206 207 208 209 210 211 212 213 214 215 216 217 218 219 220 221 222 223 224 225 226 227 228 229 230 231 232 233 234 235 236 237 238 239 240 241 242 243 244 245 246 247 248 249 250 251 252 253 254 255 256 257 258 259 260 261 262 263 264 265 266 267 268 269 270 271 272 273 274 275 276 277 278 279 280 281 282 283 284 285 286 287 288 289 290 291 292 293 294 295 296 297 298 299 300 301 302 303 304 305 306 307 308 309 310 311 312 313 314 315 316 317 318 319 320 321 322 323 324 325 326 327 328 329 330 331 332 333 334 335 336 337 338 339 340 341 342 343 344 345 346 347 348 349 350 351 352 353 354 355 356 357 358 359 360 361 362 363 364 365 366 367 368 369 370 371 372 373 374 375 376 377 378 379 380 381 382 383 384 385 386 387 388 389 390 391 392 393 394 395 396 397 398 399 400 401 402 403 404 405 406 407 408 409 410 411 412 413 414 415 416 417 418 419 420 421 422 423 424 425 426 427 428 429 430 431 432 433 434 435 436 437 438 439 440 441 442 443 444 445 446 447 448 449 450 451 452 453 454 455 456 457 458 459 460 461 462 463 464 465 466 467 468 469 470 471 472 473 474 475 476 477 478 479 480 481 482 483 484 485 486 487 488 489 490 491 492 493 494 495 496 497 498 499 500
 done.
 input  file name : crest_rotamers_1.xyz
 output file name : crest_rotamers_2.xyz
 reference state Etot :  -14.1514791500000     
 500 structures remain within     6.00 kcal/mol window
 
 ...............................................
 A new lower conformer was found!
 Improved by    0.00820 Eh or    5.14606kcal/mol
 ...............................................
 
========================================
            MTD Iteration  4
========================================
 
     ========================================
     |         Meta-MD (MTD) Sampling       |
     ========================================
 
Starting Meta-MD   1 with the settings:
     MD time /ps        :    10.0
     dt /fs             :     1.5
     dumpstep(trj) /fs  :     200
     dumpstep(Vbias)/ps :     1.0
     Vbias factor k /Eh :  0.1650
     Vbias exp α /bohr⁻²:    1.00
Starting Meta-MD  10 with the settings:
     MD time /ps        :    10.0
     dt /fs             :     1.5
     dumpstep(trj) /fs  :     200
     dumpstep(Vbias)/ps :     1.0
     Vbias factor k /Eh :  0.1650
     Vbias exp α /bohr⁻²:    0.30
Starting Meta-MD   2 with the settings:
     MD time /ps        :    10.0
     dt /fs             :     1.5
     dumpstep(trj) /fs  :     200
     dumpstep(Vbias)/ps :     1.0
     Vbias factor k /Eh :  0.1100
     Vbias exp α /bohr⁻²:    1.00
Starting Meta-MD   3 with the settings:
     MD time /ps        :    10.0
     dt /fs             :     1.5
     dumpstep(trj) /fs  :     200
     dumpstep(Vbias)/ps :     1.0
     Vbias factor k /Eh :  0.0733
     Vbias exp α /bohr⁻²:    1.00
Starting Meta-MD   4 with the settings:
     MD time /ps        :    10.0
     dt /fs             :     1.5
     dumpstep(trj) /fs  :     200
     dumpstep(Vbias)/ps :     1.0
     Vbias factor k /Eh :  0.1650
     Vbias exp α /bohr⁻²:    0.67
Starting Meta-MD   5 with the settings:
     MD time /ps        :    10.0
     dt /fs             :     1.5
     dumpstep(trj) /fs  :     200
     dumpstep(Vbias)/ps :     1.0
     Vbias factor k /Eh :  0.1100
     Vbias exp α /bohr⁻²:    0.67
Starting Meta-MD   6 with the settings:
     MD time /ps        :    10.0
     dt /fs             :     1.5
     dumpstep(trj) /fs  :     200
     dumpstep(Vbias)/ps :     1.0
     Vbias factor k /Eh :  0.0733
     Vbias exp α /bohr⁻²:    0.67
Starting Meta-MD   7 with the settings:
     MD time /ps        :    10.0
     dt /fs             :     1.5
     dumpstep(trj) /fs  :     200
     dumpstep(Vbias)/ps :     1.0
     Vbias factor k /Eh :  0.1650
     Vbias exp α /bohr⁻²:    0.44
Starting Meta-MD   8 with the settings:
     MD time /ps        :    10.0
     dt /fs             :     1.5
     dumpstep(trj) /fs  :     200
     dumpstep(Vbias)/ps :     1.0
     Vbias factor k /Eh :  0.1100
     Vbias exp α /bohr⁻²:    0.44
Starting Meta-MD   9 with the settings:
     MD time /ps        :    10.0
     dt /fs             :     1.5
     dumpstep(trj) /fs  :     200
     dumpstep(Vbias)/ps :     1.0
     Vbias factor k /Eh :  0.0733
     Vbias exp α /bohr⁻²:    0.44
*Meta-MTD 1 finished*
*Meta-MTD 7 finished*
*Meta-MTD 6 finished*
*Meta-MTD 9 finished*
*Meta-MTD 2 finished*
*Meta-MTD 4 finished*
*Meta-MTD 3 finished*
*Meta-MTD 10 finished*
*Meta-MTD 5 finished*
*Meta-MTD 8 finished*
 
-----------------------
Multilevel Optimization
-----------------------
 
 -------------------------
 1. crude pre-optimization
 -------------------------
 Optimizing all 500 structures from file "crest_rotamers_0.xyz" ...
 1 2 3 4 5 6 7 8 9 10 11 12 13 14 15 16 17 18 19 20 21 22 23 24 25 26 27 28 29 30 31 32 33 34 35 36 37 38 39 40 41 42 43 44 45 46 47 48 49 50 51 52 53 54 55 56 57 58 59 60 61 62 63 64 65 66 67 68 69 70 71 72 73 74 75 76 77 78 79 80 81 82 83 84 85 86 87 88 89 90 91 92 93 94 95 96 97 98 99 100 101 102 103 104 105 106 107 108 109 110 111 112 113 114 115 116 117 118 119 120 121 122 123 124 125 126 127 128 129 130 131 132 133 134 135 136 137 138 139 140 141 142 143 144 145 146 147 148 149 150 151 152 153 154 155 156 157 158 159 160 161 162 163 164 165 166 167 168 169 170 171 172 173 174 175 176 177 178 179 180 181 182 183 184 185 186 187 188 189 190 191 192 193 194 195 196 197 198 199 200 201 202 203 204 205 206 207 208 209 210 211 212 213 214 215 216 217 218 219 220 221 222 223 224 225 226 227 228 229 230 231 232 233 234 235 236 237 238 239 240 241 242 243 244 245 246 247 248 249 250 251 252 253 254 255 256 257 258 259 260 261 262 263 264 265 266 267 268 269 270 271 272 273 274 275 276 277 278 279 280 281 282 283 284 285 286 287 288 289 290 291 292 293 294 295 296 297 298 299 300 301 302 303 304 305 306 307 308 309 310 311 312 313 314 315 316 317 318 319 320 321 322 323 324 325 326 327 328 329 330 331 332 333 334 335 336 337 338 339 340 341 342 343 344 345 346 347 348 349 350 351 352 353 354 355 356 357 358 359 360 361 362 363 364 365 366 367 368 369 370 371 372 373 374 375 376 377 378 379 380 381 382 383 384 385 386 387 388 389 390 391 392 393 394 395 396 397 398 399 400 401 402 403 404 405 406 407 408 409 410 411 412 413 414 415 416 417 418 419 420 421 422 423 424 425 426 427 428 429 430 431 432 433 434 435 436 437 438 439 440 441 442 443 444 445 446 447 448 449 450 451 452 453 454 455 456 457 458 459 460 461 462 463 464 465 466 467 468 469 470 471 472 473 474 475 476 477 478 479 480 481 482 483 484 485 486 487 488 489 490 491 492 493 494 495 496 497 498 499 500
 done.
 input  file name : crest_rotamers_1.xyz
 output file name : crest_rotamers_2.xyz
 reference state Etot :  -14.1588290000000     
 500 structures remain within     6.00 kcal/mol window
 
 ...............................................
 A new lower conformer was found!
 Improved by    0.00735 Eh or    4.61210kcal/mol
 ...............................................
 
========================================
            MTD Iteration  5
========================================
 
     ========================================
     |         Meta-MD (MTD) Sampling       |
     ========================================
 
Starting Meta-MD   1 with the settings:
     MD time /ps        :    10.0
     dt /fs             :     1.5
     dumpstep(trj) /fs  :     200
     dumpstep(Vbias)/ps :     1.0
     Vbias factor k /Eh :  0.1650
     Vbias exp α /bohr⁻²:    1.00
Starting Meta-MD  10 with the settings:
     MD time /ps        :    10.0
     dt /fs             :     1.5
     dumpstep(trj) /fs  :     200
     dumpstep(Vbias)/ps :     1.0
     Vbias factor k /Eh :  0.1650
     Vbias exp α /bohr⁻²:    0.30
Starting Meta-MD   2 with the settings:
     MD time /ps        :    10.0
     dt /fs             :     1.5
     dumpstep(trj) /fs  :     200
     dumpstep(Vbias)/ps :     1.0
     Vbias factor k /Eh :  0.1100
     Vbias exp α /bohr⁻²:    1.00
Starting Meta-MD   3 with the settings:
     MD time /ps        :    10.0
     dt /fs             :     1.5
     dumpstep(trj) /fs  :     200
     dumpstep(Vbias)/ps :     1.0
     Vbias factor k /Eh :  0.0733
     Vbias exp α /bohr⁻²:    1.00
Starting Meta-MD   4 with the settings:
     MD time /ps        :    10.0
     dt /fs             :     1.5
     dumpstep(trj) /fs  :     200
     dumpstep(Vbias)/ps :     1.0
     Vbias factor k /Eh :  0.1650
     Vbias exp α /bohr⁻²:    0.67
Starting Meta-MD   5 with the settings:
     MD time /ps        :    10.0
     dt /fs             :     1.5
     dumpstep(trj) /fs  :     200
     dumpstep(Vbias)/ps :     1.0
     Vbias factor k /Eh :  0.1100
     Vbias exp α /bohr⁻²:    0.67
Starting Meta-MD   6 with the settings:
     MD time /ps        :    10.0
     dt /fs             :     1.5
     dumpstep(trj) /fs  :     200
     dumpstep(Vbias)/ps :     1.0
     Vbias factor k /Eh :  0.0733
     Vbias exp α /bohr⁻²:    0.67
Starting Meta-MD   7 with the settings:
     MD time /ps        :    10.0
     dt /fs             :     1.5
     dumpstep(trj) /fs  :     200
     dumpstep(Vbias)/ps :     1.0
     Vbias factor k /Eh :  0.1650
     Vbias exp α /bohr⁻²:    0.44
Starting Meta-MD   8 with the settings:
     MD time /ps        :    10.0
     dt /fs             :     1.5
     dumpstep(trj) /fs  :     200
     dumpstep(Vbias)/ps :     1.0
     Vbias factor k /Eh :  0.1100
     Vbias exp α /bohr⁻²:    0.44
Starting Meta-MD   9 with the settings:
     MD time /ps        :    10.0
     dt /fs             :     1.5
     dumpstep(trj) /fs  :     200
     dumpstep(Vbias)/ps :     1.0
     Vbias factor k /Eh :  0.0733
     Vbias exp α /bohr⁻²:    0.44
*Meta-MTD 5 finished*
*Meta-MTD 7 finished*
*Meta-MTD 3 finished*
*Meta-MTD 1 finished*
*Meta-MTD 2 finished*
*Meta-MTD 6 finished*
*Meta-MTD 8 finished*
*Meta-MTD 4 finished*
*Meta-MTD 9 finished*
*Meta-MTD 10 finished*
 
-----------------------
Multilevel Optimization
-----------------------
 
 -------------------------
 1. crude pre-optimization
 -------------------------
 Optimizing all 500 structures from file "crest_rotamers_0.xyz" ...
 1 2 3 4 5 6 7 8 9 10 11 12 13 14 15 16 17 18 19 20 21 22 23 24 25 26 27 28 29 30 31 32 33 34 35 36 37 38 39 40 41 42 43 44 45 46 47 48 49 50 51 52 53 54 55 56 57 58 59 60 61 62 63 64 65 66 67 68 69 70 71 72 73 74 75 76 77 78 79 80 81 82 83 84 85 86 87 88 89 90 91 92 93 94 95 96 97 98 99 100 101 102 103 104 105 106 107 108 109 110 111 112 113 114 115 116 117 118 119 120 121 122 123 124 125 126 127 128 129 130 131 132 133 134 135 136 137 138 139 140 141 142 143 144 145 146 147 148 149 150 151 152 153 154 155 156 157 158 159 160 161 162 163 164 165 166 167 168 169 170 171 172 173 174 175 176 177 178 179 180 181 182 183 184 185 186 187 188 189 190 191 192 193 194 195 196 197 198 199 200 201 202 203 204 205 206 207 208 209 210 211 212 213 214 215 216 217 218 219 220 221 222 223 224 225 226 227 228 229 230 231 232 233 234 235 236 237 238 239 240 241 242 243 244 245 246 247 248 249 250 251 252 253 254 255 256 257 258 259 260 261 262 263 264 265 266 267 268 269 270 271 272 273 274 275 276 277 278 279 280 281 282 283 284 285 286 287 288 289 290 291 292 293 294 295 296 297 298 299 300 301 302 303 304 305 306 307 308 309 310 311 312 313 314 315 316 317 318 319 320 321 322 323 324 325 326 327 328 329 330 331 332 333 334 335 336 337 338 339 340 341 342 343 344 345 346 347 348 349 350 351 352 353 354 355 356 357 358 359 360 361 362 363 364 365 366 367 368 369 370 371 372 373 374 375 376 377 378 379 380 381 382 383 384 385 386 387 388 389 390 391 392 393 394 395 396 397 398 399 400 401 402 403 404 405 406 407 408 409 410 411 412 413 414 415 416 417 418 419 420 421 422 423 424 425 426 427 428 429 430 431 432 433 434 435 436 437 438 439 440 441 442 443 444 445 446 447 448 449 450 451 452 453 454 455 456 457 458 459 460 461 462 463 464 465 466 467 468 469 470 471 472 473 474 475 476 477 478 479 480 481 482 483 484 485 486 487 488 489 490 491 492 493 494 495 496 497 498 499 500
 done.
 input  file name : crest_rotamers_1.xyz
 output file name : crest_rotamers_2.xyz
 reference state Etot :  -14.1552929600000     
 500 structures remain within     6.00 kcal/mol window
 
========================================
            MTD Iterations done         
========================================
 Collecting ensmbles.
 running RMSDs...
 done.
 E lowest :   -14.15883
 4 structures remain within     3.00 kcal/mol window
 
-----------------------------------------------
Additional regular MDs on lowest 3 conformer(s)
-----------------------------------------------
Starting MD   6 with the settings:
     MD time /ps        :     5.0
     MD Temperature /K  :   500.0
     dt /fs             :     1.5
     dumpstep(trj) /fs  :     200
Starting MD   1 with the settings:
     MD time /ps        :     5.0
     MD Temperature /K  :   400.0
     dt /fs             :     1.5
     dumpstep(trj) /fs  :     200
Starting MD   2 with the settings:
     MD time /ps        :     5.0
     MD Temperature /K  :   500.0
     dt /fs             :     1.5
     dumpstep(trj) /fs  :     200
Starting MD   3 with the settings:
     MD time /ps        :     5.0
     MD Temperature /K  :   400.0
     dt /fs             :     1.5
     dumpstep(trj) /fs  :     200
Starting MD   4 with the settings:
     MD time /ps        :     5.0
     MD Temperature /K  :   500.0
     dt /fs             :     1.5
     dumpstep(trj) /fs  :     200
Starting MD   5 with the settings:
     MD time /ps        :     5.0
     MD Temperature /K  :   400.0
     dt /fs             :     1.5
     dumpstep(trj) /fs  :     200
*MD 1 finished*
*MD 2 finished*
*MD 3 finished*
*MD 4 finished*
*MD 5 finished*
*MD 6 finished*
 Appending file crest_rotamers_1.xyz with new structures
 
 --------------------------------------------
 Ensemble optimization with normal thresholds
 --------------------------------------------
 Optimizing all 154 structures from file "crest_rotamers_1.xyz" ...
 1 2 3 4 5 6 7 8 9 10 11 12 13 14 15 16 17 18 19 20 21 22 23 24 25 26 27 28 29 30 31 32 33 34 35 36 37 38 39 40 41 42 43 44 45 46 47 48 49 50 51 52 53 54 55 56 57 58 59 60 61 62 63 64 65 66 67 68 69 70 71 72 73 74 75 76 77 78 79 80 81 82 83 84 85 86 87 88 89 90 91 92 93 94 95 96 97 98 99 100 101 102 103 104 105 106 107 108 109 110 111 112 113 114 115 116 117 118 119 120 121 122 123 124 125 126 127 128 129 130 131 132 133 134 135 136 137 138 139 140 141 142 143 144 145 146 147 148 149 150 151 152 153 154
 done.
 input  file name : crest_rotamers_2.xyz
 output file name : crest_rotamers_3.xyz
 reference state Etot :  -14.1607867200000     
 154 structures remain within     3.00 kcal/mol window
 
 ...............................................
 A new lower conformer was found!
 Improved by    0.00196 Eh or    1.22849kcal/mol
 ...............................................
 
*******************************************************************************************
**                        N E W    I T E R A T I O N    C Y C L E                        **
*******************************************************************************************
 
========================================
            MTD Iteration  1
========================================
 
     ========================================
     |         Meta-MD (MTD) Sampling       |
     ========================================
 
Starting Meta-MD   1 with the settings:
     MD time /ps        :    10.0
     dt /fs             :     1.5
     dumpstep(trj) /fs  :     200
     dumpstep(Vbias)/ps :     1.0
     Vbias factor k /Eh :  0.1650
     Vbias exp α /bohr⁻²:    1.00
Starting Meta-MD   2 with the settings:
     MD time /ps        :    10.0
     dt /fs             :     1.5
     dumpstep(trj) /fs  :     200
     dumpstep(Vbias)/ps :     1.0
     Vbias factor k /Eh :  0.1100
     Vbias exp α /bohr⁻²:    1.00
Starting Meta-MD  10 with the settings:
     MD time /ps        :    10.0
     dt /fs             :     1.5
     dumpstep(trj) /fs  :     200
     dumpstep(Vbias)/ps :     1.0
     Vbias factor k /Eh :  0.1650
     Vbias exp α /bohr⁻²:    0.30
Starting Meta-MD   3 with the settings:
     MD time /ps        :    10.0
     dt /fs             :     1.5
     dumpstep(trj) /fs  :     200
     dumpstep(Vbias)/ps :     1.0
     Vbias factor k /Eh :  0.0733
     Vbias exp α /bohr⁻²:    1.00
Starting Meta-MD   4 with the settings:
     MD time /ps        :    10.0
     dt /fs             :     1.5
     dumpstep(trj) /fs  :     200
     dumpstep(Vbias)/ps :     1.0
     Vbias factor k /Eh :  0.1650
     Vbias exp α /bohr⁻²:    0.67
Starting Meta-MD   5 with the settings:
     MD time /ps        :    10.0
     dt /fs             :     1.5
     dumpstep(trj) /fs  :     200
     dumpstep(Vbias)/ps :     1.0
     Vbias factor k /Eh :  0.1100
     Vbias exp α /bohr⁻²:    0.67
Starting Meta-MD   6 with the settings:
     MD time /ps        :    10.0
     dt /fs             :     1.5
     dumpstep(trj) /fs  :     200
     dumpstep(Vbias)/ps :     1.0
     Vbias factor k /Eh :  0.0733
     Vbias exp α /bohr⁻²:    0.67
Starting Meta-MD   7 with the settings:
     MD time /ps        :    10.0
     dt /fs             :     1.5
     dumpstep(trj) /fs  :     200
     dumpstep(Vbias)/ps :     1.0
     Vbias factor k /Eh :  0.1650
     Vbias exp α /bohr⁻²:    0.44
Starting Meta-MD   8 with the settings:
     MD time /ps        :    10.0
     dt /fs             :     1.5
     dumpstep(trj) /fs  :     200
     dumpstep(Vbias)/ps :     1.0
     Vbias factor k /Eh :  0.1100
     Vbias exp α /bohr⁻²:    0.44
Starting Meta-MD   9 with the settings:
     MD time /ps        :    10.0
     dt /fs             :     1.5
     dumpstep(trj) /fs  :     200
     dumpstep(Vbias)/ps :     1.0
     Vbias factor k /Eh :  0.0733
     Vbias exp α /bohr⁻²:    0.44
*Meta-MTD 3 finished*
*Meta-MTD 5 finished*
*Meta-MTD 8 finished*
*Meta-MTD 6 finished*
*Meta-MTD 10 finished*
*Meta-MTD 4 finished*
*Meta-MTD 7 finished*
*Meta-MTD 2 finished*
*Meta-MTD 9 finished*
*Meta-MTD 1 finished*
 
-----------------------
Multilevel Optimization
-----------------------
 
 -------------------------
 1. crude pre-optimization
 -------------------------
 Optimizing all 500 structures from file "crest_rotamers_0.xyz" ...
 1 2 3 4 5 6 7 8 9 10 11 12 13 14 15 16 17 18 19 20 21 22 23 24 25 26 27 28 29 30 31 32 33 34 35 36 37 38 39 40 41 42 43 44 45 46 47 48 49 50 51 52 53 54 55 56 57 58 59 60 61 62 63 64 65 66 67 68 69 70 71 72 73 74 75 76 77 78 79 80 81 82 83 84 85 86 87 88 89 90 91 92 93 94 95 96 97 98 99 100 101 102 103 104 105 106 107 108 109 110 111 112 113 114 115 116 117 118 119 120 121 122 123 124 125 126 127 128 129 130 131 132 133 134 135 136 137 138 139 140 141 142 143 144 145 146 147 148 149 150 151 152 153 154 155 156 157 158 159 160 161 162 163 164 165 166 167 168 169 170 171 172 173 174 175 176 177 178 179 180 181 182 183 184 185 186 187 188 189 190 191 192 193 194 195 196 197 198 199 200 201 202 203 204 205 206 207 208 209 210 211 212 213 214 215 216 217 218 219 220 221 222 223 224 225 226 227 228 229 230 231 232 233 234 235 236 237 238 239 240 241 242 243 244 245 246 247 248 249 250 251 252 253 254 255 256 257 258 259 260 261 262 263 264 265 266 267 268 269 270 271 272 273 274 275 276 277 278 279 280 281 282 283 284 285 286 287 288 289 290 291 292 293 294 295 296 297 298 299 300 301 302 303 304 305 306 307 308 309 310 311 312 313 314 315 316 317 318 319 320 321 322 323 324 325 326 327 328 329 330 331 332 333 334 335 336 337 338 339 340 341 342 343 344 345 346 347 348 349 350 351 352 353 354 355 356 357 358 359 360 361 362 363 364 365 366 367 368 369 370 371 372 373 374 375 376 377 378 379 380 381 382 383 384 385 386 387 388 389 390 391 392 393 394 395 396 397 398 399 400 401 402 403 404 405 406 407 408 409 410 411 412 413 414 415 416 417 418 419 420 421 422 423 424 425 426 427 428 429 430 431 432 433 434 435 436 437 438 439 440 441 442 443 444 445 446 447 448 449 450 451 452 453 454 455 456 457 458 459 460 461 462 463 464 465 466 467 468 469 470 471 472 473 474 475 476 477 478 479 480 481 482 483 484 485 486 487 488 489 490 491 492 493 494 495 496 497 498 499 500
 done.
 input  file name : crest_rotamers_1.xyz
 output file name : crest_rotamers_2.xyz
 reference state Etot :  -14.1530108400000     
 500 structures remain within     6.00 kcal/mol window
 
========================================
            MTD Iterations done         
========================================
 Collecting ensmbles.
 running RMSDs...
 done.
 E lowest :   -14.15301
 2 structures remain within     3.00 kcal/mol window
 
-----------------------------------------------
Additional regular MDs on lowest 2 conformer(s)
-----------------------------------------------
Starting MD   4 with the settings:
     MD time /ps        :     5.0
     MD Temperature /K  :   500.0
     dt /fs             :     1.5
     dumpstep(trj) /fs  :     200
Starting MD   1 with the settings:
     MD time /ps        :     5.0
     MD Temperature /K  :   400.0
     dt /fs             :     1.5
     dumpstep(trj) /fs  :     200
Starting MD   2 with the settings:
     MD time /ps        :     5.0
     MD Temperature /K  :   500.0
     dt /fs             :     1.5
     dumpstep(trj) /fs  :     200
Starting MD   3 with the settings:
     MD time /ps        :     5.0
     MD Temperature /K  :   400.0
     dt /fs             :     1.5
     dumpstep(trj) /fs  :     200
*MD 1 finished*
*MD 3 finished*
*MD 2 finished*
*MD 4 finished*
 Appending file crest_rotamers_1.xyz with new structures
 
 --------------------------------------------
 Ensemble optimization with normal thresholds
 --------------------------------------------
 Optimizing all 102 structures from file "crest_rotamers_1.xyz" ...
 1 2 3 4 5 6 7 8 9 10 11 12 13 14 15 16 17 18 19 20 21 22 23 24 25 26 27 28 29 30 31 32 33 34 35 36 37 38 39 40 41 42 43 44 45 46 47 48 49 50 51 52 53 54 55 56 57 58 59 60 61 62 63 64 65 66 67 68 69 70 71 72 73 74 75 76 77 78 79 80 81 82 83 84 85 86 87 88 89 90 91 92 93 94 95 96 97 98 99 100 101 102
 done.
 input  file name : crest_rotamers_2.xyz
 output file name : crest_rotamers_3.xyz
 reference state Etot :  -14.1577366800000     
 102 structures remain within     3.00 kcal/mol window
 
 
 
   ================================================
   |           Final Geometry Optimization        |
   ================================================
 --------------------------------------------
 Ensemble optimization with normal thresholds
 --------------------------------------------
 Optimizing all 102 structures from file "crest_rotamers_3.xyz" ...
 1 2 3 4 5 6 7 8 9 10 11 12 13 14 15 16 17 18 19 20 21 22 23 24 25 26 27 28 29 30 31 32 33 34 35 36 37 38 39 40 41 42 43 44 45 46 47 48 49 50 51 52 53 54 55 56 57 58 59 60 61 62 63 64 65 66 67 68 69 70 71 72 73 74 75 76 77 78 79 80 81 82 83 84 85 86 87 88 89 90 91 92 93 94 95 96 97 98 99 100 101 102
 done.
 input  file name : crest_rotamers_4.xyz
 output file name : crest_rotamers_5.xyz
 reference state Etot :  -14.1579199400000     
 102 structures remain within     3.00 kcal/mol window
 
  GFN2-xTB optimization
 --------------------------------------------
 Ensemble optimization with normal thresholds
 --------------------------------------------
 Optimizing all 102 structures from file "crest_rotamers_5.xyz" ...
 1 2 3 4 5 6 7 8 9 10 11 12 13 14 15 16 17 18 19 20 21 22 23 24 25 26 27 28 29 30 31 32 33 34 35 36 37 38 39 40 41 42 43 44 45 46 47 48 49 50 51 52 53 54 55 56 57 58 59 60 61 62 63 64 65 66 67 68 69 70 71 72 73 74 75 76 77 78 79 80 81 82 83 84 85 86 87 88 89 90 91 92 93 94 95 96 97 98 99 100 101 102
 done.
 
 -------------------------------------------
 Ensemble optimization with tight thresholds
 -------------------------------------------
 Optimizing all 102 structures from file "crest_rotamers_6.xyz" ...
 1 2 3 4 5 6 7 8 9 10 11 12 13 14 15 16 17 18 19 20 21 22 23 24 25 26 27 28 29 30 31 32 33 34 35 36 37 38 39 40 41 42 43 44 45 46 47 48 49 50 51 52 53 54 55 56 57 58 59 60 61 62 63 64 65 66 67 68 69 70 71 72 73 74 75 76 77 78 79 80 81 82 83 84 85 86 87 88 89 90 91 92 93 94 95 96 97 98 99 100 101 102
 done.
 
 
  Single point computation with GBSA model
  102 jobs to do.
 
  done.
 
  Cluster   E /Eh        Density  Efix       R   av/act. Surface   Opt
    1      -218.674803   1.225    0.000     9.2   8.0     2822.3   tight
    2      -218.684169   1.221    0.000     9.2   7.2     2851.5   tight
    3      -218.678062   1.224    0.000     9.1  10.8     2818.7   tight
    4      -218.658929   1.209    0.000     9.4   8.3     2967.7   tight
    5      -218.673724   1.226    0.000     9.3  10.0     2815.2   tight
    6      -218.672771   1.225    0.000     9.0  11.7     2788.3   tight
    7      -218.671236   1.213    0.000     9.6   8.3     2897.8   tight
    8      -218.668286   1.216    0.000     9.3  11.8     2882.0   tight
    9      -218.675932   1.225    0.000     9.3  11.1     2850.9   tight
   10      -218.664268   1.215    0.000     9.2   7.1     2880.9   tight
   11      -218.670147   1.197    0.000     9.2  12.9     3115.0   tight
   12      -218.662150   1.221    0.000     9.3  10.9     2800.3   tight
   13      -218.676729   1.231    0.000     9.2   8.4     2791.5   tight
   14      -218.670377   1.210    0.000     9.6  11.1     2998.1   tight
   15      -218.660769   1.224    0.000     9.4  11.6     2851.4   tight
   16      -218.677237   1.217    0.000     9.2  10.4     2946.3   tight
   17      -218.667492   1.213    0.000     9.2  12.8     2944.7   tight
   18      -218.683103   1.221    0.000     9.4  10.9     2891.7   tight
   19      -218.660281   1.205    0.000     9.4  11.0     2969.0   tight
   20      -218.678227   1.214    0.000     9.4  10.5     2972.2   tight
   21      -218.672404   1.209    0.000     9.5  11.1     3009.5   tight
   22      -218.677697   1.209    0.000     9.4   8.8     2932.2   tight
   23      -218.674541   1.225    0.000     9.4  10.5     2779.1   tight
   24      -218.671140   1.221    0.000     9.3   8.6     2807.4   tight
   25      -218.670187   1.211    0.000     9.4  11.3     2900.6   tight
   26      -218.678932   1.215    0.000     9.4  11.6     2987.5   tight
   27      -218.681478   1.213    0.000     9.4  10.5     2950.1   tight
   28      -218.676623   1.232    0.000     9.2  12.1     2740.0   tight
   29      -218.677891   1.219    0.000     9.5  13.3     2880.6   tight
   30      -218.663857   1.213    0.000     9.7  15.0     2895.3   tight
   31      -218.679517   1.221    0.000     9.0   9.6     2885.5   tight
   32      -218.674532   1.218    0.000     9.2   7.5     2846.6   tight
   33      -218.684764   1.217    0.000     9.5   9.5     2966.6   tight
   34      -218.672226   1.226    0.000     9.4  11.5     2828.2   tight
   35      -218.673571   1.229    0.000     9.6   7.8     2780.4   tight
   36      -218.668798   1.214    0.000     9.2  12.2     2911.5   tight
   37      -218.686811   1.218    0.000     9.8   6.7     2958.4   tight
   38      -218.673642   1.216    0.000     9.4  10.8     2886.5   tight
   39      -218.668861   1.215    0.000     9.5  11.6     2913.3   tight
   40      -218.679857   1.223    0.000     9.3   9.7     2836.1   tight
   41      -218.678967   1.212    0.000     9.4   8.1     2952.2   tight
   42      -218.668279   1.225    0.000     9.1  10.4     2864.4   tight
   43      -218.681048   1.214    0.000     9.6   9.4     3003.7   tight
   44      -218.680155   1.227    0.000     9.6  10.7     2880.3   tight
   45      -218.673684   1.225    0.000     9.6   9.9     2849.3   tight
   46      -218.670249   1.220    0.000     9.2   8.2     2776.8   tight
   47      -218.670118   1.227    0.000     9.1  10.9     2843.9   tight
   48      -218.686435   1.215    0.000     9.5  12.6     2920.4   tight
   49      -218.689593   1.228    0.000     9.2  12.0     2838.7   tight
   50      -218.674231   1.212    0.000     9.4  13.1     2901.5   tight
   51      -218.672081   1.228    0.000     9.1  10.0     2785.6   tight
   52      -218.663753   1.227    0.000     9.3  12.0     2750.5   tight
   53      -218.682842   1.209    0.000     9.3   8.9     3008.4   tight
   54      -218.668833   1.216    0.000     9.4  11.4     2876.7   tight
   55      -218.686722   1.215    0.000     9.2  10.0     2952.7   tight
   56      -218.685407   1.241    0.000     9.1   7.5     2682.8   tight
   57      -218.670962   1.220    0.000     9.4  10.3     2889.5   tight
   58      -218.670831   1.208    0.000     9.5   7.3     3017.2   tight
   59      -218.659706   1.209    0.000     9.6   8.3     2958.0   tight
   60      -218.671111   1.206    0.000     9.7  12.5     2960.3   tight
   61      -218.674505   1.239    0.000     9.0  10.6     2685.0   tight
   62      -218.660327   1.213    0.000     9.7   6.9     2921.8   tight
   63      -218.674695   1.210    0.000     9.2   9.7     2921.6   tight
   64      -218.666823   1.205    0.000     9.5   9.7     3039.6   tight
   65      -218.667121   1.238    0.000     9.0  12.2     2672.6   tight
   66      -218.675910   1.220    0.000     9.1  11.3     2848.3   tight
   67      -218.678283   1.226    0.000     9.2  12.1     2778.7   tight
   68      -218.674644   1.216    0.000     9.1  11.4     2928.1   tight
   69      -218.660640   1.214    0.000     9.7  12.3     2913.7   tight
   70      -218.661034   1.229    0.000     9.5  12.2     2758.0   tight
   71      -218.669992   1.209    0.000     9.5   9.8     2982.3   tight
   72      -218.668411   1.232    0.000     9.1  11.8     2736.6   tight
   73      -218.669403   1.218    0.000     9.4   9.4     2902.2   tight
   74      -218.676878   1.213    0.000     9.3   9.0     2952.4   tight
   75      -218.672254   1.212    0.000     9.7   7.8     2955.0   tight
   76      -218.684349   1.227    0.000     9.1  10.8     2890.5   tight
   77      -218.667083   1.216    0.000     9.3   8.1     2917.7   tight
   78      -218.662315   1.225    0.000     9.2  11.6     2740.4   tight
   79      -218.668423   1.198    0.000     9.4  10.2     3088.3   tight
   80      -218.673731   1.208    0.000     9.3   9.0     3031.4   tight
   81      -218.671362   1.245    0.000     9.1  11.1     2614.5   tight
   82      -218.673969   1.224    0.000     9.5  11.8     2849.8   tight
   83      -218.669562   1.210    0.000     9.5  13.3     2931.1   tight
   84      -218.675136   1.209    0.000     9.5  10.8     3009.1   tight
   85      -218.672420   1.214    0.000     9.5  10.9     2918.9   tight
   86      -218.665800   1.198    0.000     9.4   8.7     3103.7   tight
   87      -218.678463   1.220    0.000     9.4   7.5     2881.0   tight
   88      -218.674775   1.220    0.000     9.3   8.7     2880.2   tight
   89      -218.666856   1.217    0.000     9.2  11.3     2929.2   tight
   90      -218.676341   1.211    0.000     9.6  10.3     2984.4   tight
   91      -218.672906   1.218    0.000     9.8  12.7     2881.9   tight
   92      -218.675868   1.204    0.000     9.5  12.4     3099.6   tight
   93      -218.670507   1.228    0.000     9.3  13.9     2790.6   tight
   94      -218.680184   1.217    0.000     9.5  12.5     2895.9   tight
   95      -218.684339   1.223    0.000     9.5   8.9     2873.7   tight
   96      -218.669799   1.223    0.000     9.0  11.0     2777.6   tight
   97      -218.667059   1.225    0.000     9.6  12.6     2800.0   tight
   98      -218.669507   1.206    0.000     9.4  12.6     3017.6   tight
   99      -218.657999   1.215    0.000     9.6  13.2     2857.9   tight
  100      -218.664765   1.225    0.000     9.5  10.0     2765.0   tight
  101      -218.664286   1.221    0.000     9.2  11.1     2836.7   tight
  102      -218.662825   1.210    0.000     9.4   9.7     2955.9   tight
 
Taking  20 structures
 
  ------------------------------------------------------------------------
  ------------------------------------------------------------------------
  Boltz. averaged energy of final cluster:
       G /Eh     : -218.68973827
       T*S /kcal :  -0.386
 
  Ensemble generation finished.
  Results can be found in ensemble directory
  Lowest energy conformer in file <crest_best.xyz>
  List of full ensemble in file <full_ensemble.xyz>
  List of used ensemble in file <final_ensemble.xyz>
  Thermodynamical data in file <thermo_data>
  Population of full ensemble in file <full_population.dat>
  Population in file <population.dat>
 
 
  ________________________________________________________________________
 
  _________________     Solvent Cluster Generation   _____________________
 
  ________________________________________________________________________
 
 Method for CFF: GFN2-xTB
 
  =========================================
  |   quantum cluster growth: CFF         |
  =========================================
 
  CUT-FREEZE-FILL Algorithm to generate reference solvent cluster
  now adding solvents to fill cluster...
  Size  Cluster   E /Eh        De/kcal   Detot/kcal  Opt
  ------------------------------------------------------------------------
  41       1   -208.667599    -21.97      -21.97    tight
  41       2   -208.667115    -27.25      -27.25    tight
  41       3   -208.658144    -10.93      -10.93    tight
  41       4   -208.666475    -15.50      -15.50    tight
  41       5   -208.663395    -20.33      -20.33    tight
  41       6   -208.657250    -15.78      -15.78    tight
  41       7   -208.664686    -15.70      -15.70    tight
  41       8   -208.665637    -20.62      -20.62    tight
  41       9   -208.651876    -13.23      -13.23    tight
  41      10   -208.647466    -14.58      -14.58    tight
  41      11   -208.669399    -21.74      -21.74    tight
  41      12   -208.656899    -19.02      -19.02    tight
  41      13   -208.658996    -10.91      -10.91    tight
  41      14   -208.657444    -14.69      -14.69    tight
  41      15   -208.653834    -12.75      -12.75    tight
  41      16   -208.657384    -11.26      -11.26    tight
  41      17   -208.656058    -22.63      -22.63    tight
  41      18   -208.661518    -19.20      -19.20    tight
  41      19   -208.667207    -15.68      -15.68    tight
  41      20   -208.650251    -14.61      -14.61    tight
  ------------------------------------------------------------------------
  42       1   -213.766529    -17.81      -39.79    tight
  42       2   -213.760638    -14.42      -41.67    tight
  42       3   -213.753466    -15.55      -26.48    tight
  42       4   -213.753535    -10.36      -25.86    tight
  42       5   -213.758662    -15.51      -35.84    tight
  42       6   -213.749364    -13.54      -29.31    tight
  42       7   -213.754291    -11.96      -27.66    tight
  42       8   -213.764147    -17.55      -38.17    tight
  42       9   -213.752087    -18.62      -31.84    tight
  42      10   -213.751216    -20.84      -35.42    tight
  42      11   -213.763790    -14.96      -36.70    tight
  42      12   -213.753501    -16.35      -35.37    tight
  42      13   -213.754121    -15.42      -26.33    tight
  42      14   -213.744868    -10.59      -25.28    tight
  42      15   -213.744597    -12.69      -25.43    tight
  42      16   -213.759469    -19.79      -31.05    tight
  42      17   -213.755295    -18.01      -40.64    tight
  42      18   -213.752144    -12.60      -31.80    tight
  42      19   -213.764106    -16.54      -32.22    tight
  42      20   -213.745549    -15.53      -30.14    tight
  ------------------------------------------------------------------------
  no more solvents can be placed inside cavity of cluster: 1
  previous cluster taken...
  43       2   -218.860197    -18.21      -59.88    tight
  43       3   -218.852180    -17.68      -44.16    tight
  43       4   -218.840331    -10.20      -36.06    tight
  43       5   -218.846726    -10.99      -46.84    tight
  43       6   -218.846095    -16.43      -45.74    tight
  43       7   -218.856205    -19.68      -47.34    tight
  43       8   -218.850001     -9.61      -47.77    tight
  43       9   -218.840421    -11.16      -43.01    tight
  43      10   -218.853439    -19.88      -55.30    tight
  43      11   -218.857341    -14.44      -51.14    tight
  43      12   -218.842730    -11.72      -47.09    tight
  43      13   -218.840331     -9.83      -36.16    tight
  43      14   -218.838527    -14.50      -39.78    tight
  43      15   -218.832422    -10.84      -36.28    tight
  43      16   -218.854374    -15.29      -46.33    tight
  43      17   -218.844328    -11.60      -52.24    tight
  43      18   -218.849743    -16.98      -48.78    tight
  43      19   -218.852947    -11.48      -43.70    tight
  43      20   -218.848186    -20.14      -50.28    tight
  ------------------------------------------------------------------------
  volume filled
  Starting optimizations + SP  of structures
  19 jobs to do.
 
  done.
 
  Cluster   E /Eh        Density  Efix       R   av/act. Surface   Opt
    1      -203.587170   1.204    0.000     4.1   1.0     2907.5   tight
    2      -203.590881   1.211    0.000     3.2   5.6     2861.6   tight
    3      -203.583423   1.191    0.000     3.2  13.6     2953.1   tight
    4      -203.572401   1.174    0.000     8.2  15.6     3158.3   tight
    5      -203.578350   1.208    0.000     2.6  14.5     2799.9   tight
    6      -203.577762   1.190    0.000     3.5  14.3     3031.6   tight
    7      -203.587167   1.198    0.000     6.8   2.7     2896.6   tight
    8      -203.581396   1.197    0.000     3.1  11.7     2917.8   tight
    9      -203.572485   1.196    0.000     3.1  12.8     2902.6   tight
   10      -203.584468   1.200    0.000     6.6   1.5     2894.5   tight
   11      -203.588225   1.186    0.000     2.6  11.0     2994.4   tight
   12      -203.574633   1.188    0.000     2.9   9.2     2952.0   tight
   13      -203.572401   1.176    0.000     7.9  13.2     3115.1   tight
   14      -203.570723   1.183    0.000     9.7  15.1     3067.5   tight
   15      -203.565044   1.181    0.000     7.5  15.4     3051.8   tight
   16      -203.585464   1.203    0.000     3.6   8.4     2839.9   tight
   17      -203.576119   1.190    0.000     2.8  10.4     2895.6   tight
   18      -203.581156   1.191    0.000     8.8   5.1     3001.2   tight
   19      -203.584136   1.192    0.000     3.2  10.1     2972.5   tight
   20      -203.579707   1.193    0.000     7.5   3.4     2906.2   tight
 
  ------------------------------------------------------------------------
  ------------------------------------------------------------------------
  Boltz. averaged energy of final cluster:
       G /Eh     : -203.59097536
       T*S /kcal :  -0.251
 
  Solvent cluster generation finished.
  Results can be found in solvent_cluster directory
  Structures in file <crest_ensemble.xyz>
  Energies in file <cluster_energy.dat>
  Population in file <population.dat>
 
  =========================================
  |   quantum cluster growth: ESOLV       |
  |                                       |
  |          -132.96 kcal/mol             |
  =========================================
 
  =========================================
  |          Frequency evaluation         |
  =========================================
 
   SOLUTE MOLECULE
  Starting reoptimizations + Frequency computation of ensemble
  1 jobs to do.
 
  done.
   SOLUTE CLUSTER
  Starting reoptimizations + Frequency computation of ensemble
  20 jobs to do.
 
  done.
   SOLVENT CLUSTER
  Starting reoptimizations + Frequency computation of ensemble
  20 jobs to do.
 
  done.
 
   Solute Gas properties
  #       H(T)       SVIB      SROT       STRA      G(T)
       [kcal/mol]    [      cal/mol/K        ]    [kcal/mol]
  --------------------------------------------------------
       71.00     11.05     24.33     38.28     49.04
 
   Solute cluster properties
  #       H(T)       SVIB      SROT       STRA      G(T)
       [kcal/mol]    [      cal/mol/K        ]    [kcal/mol]
  --------------------------------------------------------
  1      737.18    405.17     39.53     45.83    590.93
  2      737.12    405.11     39.65     45.83    590.85
  3      737.01    409.00     39.45     45.83    589.64
  4      736.94    408.52     39.65     45.83    589.65
  5      738.11    411.57     39.44     45.83    589.98
  6      737.19    406.64     39.55     45.83    590.49
  7      737.51    405.00     39.47     45.83    591.33
  8      737.07    405.98     39.62     45.83    590.55
  9      736.92    411.33     39.43     45.83    588.85
  10      737.44    408.46     39.59     45.83    590.19
  11      736.94    409.54     39.56     45.83    589.38
  12      737.07    413.75     39.61     45.83    588.24
  13      737.19    411.85     39.53     45.83    588.94
  14      737.07    412.98     39.52     45.83    588.49
  15      737.46    409.89     39.66     45.83    589.76
  16      736.68    411.93     39.44     45.83    588.44
  17      737.01    416.57     39.42     45.83    587.39
  18      736.85    412.11     39.47     45.83    588.55
  19      737.00    408.90     39.61     45.83    589.61
  20      737.42    415.93     39.54     45.83    587.96
 
   Solvent cluster properties
  #       H(T)       SVIB      SROT       STRA      G(T)
       [kcal/mol]    [      cal/mol/K        ]    [kcal/mol]
  --------------------------------------------------------
  1      664.87    379.97     39.33     45.58    526.26
  2      664.88    374.28     39.18     45.58    528.02
  3      664.48    388.97     39.26     45.58    523.22
  4      664.51    377.15     39.28     45.58    526.77
  5      664.39    385.06     39.03     45.58    524.35
  6      664.51    373.77     39.07     45.58    527.83
  7      664.73    376.78     39.23     45.58    527.11
  8      664.65    372.77     39.17     45.58    528.24
  9      664.70    375.00     39.00     45.58    527.68
  10      664.87    370.78     39.06     45.58    529.08
  11      664.58    380.87     39.06     45.58    525.78
  12      664.64    380.66     39.22     45.58    525.86
  13      664.87    371.53     39.19     45.58    528.82
  14      664.49    378.39     39.05     45.58    526.44
  15      664.53    376.79     39.26     45.58    526.89
  16      664.93    372.86     39.01     45.58    528.54
  17      664.78    367.49     39.15     45.58    529.94
  18      664.39    376.29     39.19     45.58    526.92
  19      664.76    374.16     39.23     45.58    527.92
  20      664.63    378.49     39.20     45.58    526.51
 
 
  ________________________________________________________________________
 
  _________________________     Evaluation    ____________________________
 
  ________________________________________________________________________
 
 
  -----------------------------------------------------
  Gsolv and Hsolv ref. state: [1 M gas/solution] 
  G_solv (incl.RRHO)      = -116.84 kcal/mol
  H_solv (incl.RRHO)      = -131.56 kcal/mol
  -----------------------------------------------------
 
  -----------------------------------------------------
  Gsolv and Hsolv ref. state: [1 M gas/solution] 
  G_solv (incl.RRHO)      = -118.73 kcal/mol
  H_solv (incl.RRHO)      = -133.45 kcal/mol
  -----------------------------------------------------
 
  -----------------------------------------------------
  Solvation free energies with scaled translational
  and rotational degrees of freedom: Gsolv (scaling)
          >>   -136.33 (0.05)    <<
          >>   -135.40 (0.10)    <<
          >>   -134.47 (0.15)    <<
          >>   -133.55 (0.20)    <<
          >>   -132.62 (0.25)    <<
          >>   -131.70 (0.30)    <<
          >>   -130.77 (0.35)    <<
          >>   -129.84 (0.40)    <<
          >>   -128.92 (0.45)    <<
          >>   -127.99 (0.50)    <<
          >>   -127.07 (0.55)    <<
          >>   -126.14 (0.60)    <<
          >>   -125.22 (0.65)    <<
          >>   -124.29 (0.70)    <<
          >>   -123.36 (0.75)    <<
          >>   -122.44 (0.80)    <<
          >>   -121.51 (0.85)    <<
          >>   -120.59 (0.90)    <<
          >>   -119.66 (0.95)    <<
          >>   -118.73 (1.00)    <<
  -----------------------------------------------------
 
  ==================================================
  |  Gsolv with SCALED RRHO contributions: 0.75    |
  |  [1 bar gas/ 1 M solution]                     |
  |                                                |
  |  G_solv (incl.RRHO)+dV(T)= -123.36 kcal/mol    |
  ==================================================
 
 
 -----------------
 Wall Time Summary
 -----------------
             test MD wall time :         0h : 0m : 2s
                 MTD wall time :         0h : 3m : 9s
      multilevel OPT wall time :         0h : 2m :24s
                  MD wall time :         0h : 0m :56s
                Grow wall time :         0h : 8m :22s
     Solute-Ensemble wall time :         0h :13m :25s
                 CFF wall time :         0h : 2m :38s
         Frequencies wall time :         0h : 5m :13s
--------------------
Overall wall time  : 0h :36m :26s
 
 CREST terminated normally.
