 
       ==============================================
       |                                            |
       |                 C R E S T                  |
       |                                            |
       |  Conformer-Rotamer Ensemble Sampling Tool  |
       |          based on the GFN methods          |
       |             P.Pracht, S.Grimme             |
       |          Universitaet Bonn, MCTC           |
       ==============================================
       Version 2.12,   Thu 19. Mai 16:32:32 CEST 2022
  Using the xTB program. Compatible with xTB version 6.4.0
 
   Cite work conducted with this code as

   • P.Pracht, F.Bohle, S.Grimme, PCCP, 2020, 22, 7169-7192.
   • S.Grimme, JCTC, 2019, 15, 2847-2862.

   and for works involving QCG as

   • S.Spicher, C.Plett, P.Pracht, A.Hansen, S.Grimme,
     JCTC, 2022, 18 (5), 3174-3189.
 
   with help from:
   C.Bannwarth, F.Bohle, S.Ehlert, S.Grimme,
   C.Plett, P.Pracht, S.Spicher
 
   This program is distributed in the hope that it will be useful,
   but WITHOUT ANY WARRANTY; without even the implied warranty of
   MERCHANTABILITY or FITNESS FOR A PARTICULAR PURPOSE.

 Command line input:
 > crest input.xyz --qcg water.xyz --chrg 1 --uhf 0 --nsolv 100 --T 40 --gsolv --nclus 20 --gbsa water

 Solute-file: input.xyz
 Solvent-file: water.xyz
  --chrg 1
  --uhf 0
  --T 40 (CPUs/Threads selected)
  --gbsa water : implicit solvation
 
  ========================================
  |           ----------------           |
  |                 Q C G                |
  |           ----------------           |
  |        Quantum Cluster Growth        |
  |       University of Bonn, MCTC       |
  ========================================
   S. Grimme, S. Spicher, C. Plett.
 
   Cite work conducted with this code as

   S. Spicher, C. Plett, P. Pracht, A. Hansen, S. Grimme, JCTC, 2022, 18, 3174-3189.
 
 
  =========================================
  |   quantum cluster growth: INPUT       |
  =========================================
 
  QCG: Calculation of delta G_solv
  Ensemble generated via CREST
 
  input parameters     
  solute                 : input.xyz
  charge                 : 1
  uhf                    : 0
  solvent                : water.xyz
  # of solvents to add   : 100
  # of cluster generated : 20
  # of CPUs used         : 40
  Solvation model        : water               
  xtb opt level          : normal
  System temperature [K] : 298.1
  RRHO scaling factor    : 0.75
 
 Solute geometry
  molecular radius (Bohr**1):    3.06
  molecular area   (Bohr**2):  117.30
  molecular volume (Bohr**3):  119.46
 Solvent geometry
  molecular radius (Bohr**1):    3.88
  molecular area   (Bohr**2):  194.99
  molecular volume (Bohr**3):  244.40
 
  radius of solute    :     4.92
  radius of solvent   :     6.25
 
  =========================================
  |            Preoptimization            |
  =========================================
 
 -------------------------
 xTB Geometry Optimization
 -------------------------
 Geometry successfully optimized.
 Generating LMOs for solute
  Total Energy of solute:       0.2295522 Eh
 
 -------------------------
 xTB Geometry Optimization
 -------------------------
 Geometry successfully optimized.
 Generating LMOs for solvent
  Total energy of solvent:     -5.0705444 Eh
 
  ________________________________________________________________________
 
  __________________     Solute Cluster Generation   _____________________
 
  ________________________________________________________________________
 
 
  =========================================
  |   quantum cluster growth: GROW        |
  =========================================
 
 
  Water as solvent recognized, adjusting scaling factor for outer wall pot to 0.70
 
  Constraining solute during Growth 
 Solute:
       unit ellipsoid axis a,b,c     :   0.333   0.333   0.333
 Solvent:
       unit ellipsoid axis a,b,c     :   0.386   0.322   0.292
 
  solvent anisotropy            :     1.133
  solute anisotropy             :     1.000
  roff inner wall               :     0.119
  solute max dist               :     0.000
  solvent max dist              :     7.283
  inner unit axis               :     0.333     0.333     0.333
  inner ellipsoid/Bohr          :     3.175     3.175     3.175
  scaling factor outer ellipsoid:     0.700
  outer ellipsoid/Bohr          :     5.397     5.397     5.397
 
  Size  E /Eh       De/kcal   Detot/kcal  Density   Efix         R   av/act. Surface   Opt
    1    -5.088193 -155.12    -155.12       0.754     -2.544      0.0   0.0     282.9   normal
    2   -10.210129  -32.25    -187.37       0.883     -3.859      2.4   2.4     470.0   normal
    3   -15.304617  -15.03    -202.39       0.943     -4.840      2.5   4.6     654.0   normal
    4   -20.397045  -13.73    -216.13       0.968     -5.657      3.3   3.9     846.0   normal
    5   -25.486914  -12.13    -228.25       0.987     -6.372      3.6   4.2    1034.5   normal
   Wall Potential too small, increasing size by 5 %
   New scaling factor 0.73
   Wall Potential too small, increasing size by 5 %
   New scaling factor 0.77
    6   -30.585324  -17.49    -245.74       1.003     -7.017      4.0   4.9    1218.8   normal
    7   -35.676735  -13.09    -258.83       1.033     -7.606      4.3   4.9    1378.3   normal
   Wall Potential too small, increasing size by 5 %
   New scaling factor 0.81
    8   -40.772567  -15.87    -274.70       1.063     -8.155      4.6   5.7    1530.2   normal
    9   -45.860776  -11.08    -285.79       1.078     -8.667      4.8   4.9    1696.1   normal
   10   -50.954507  -14.55    -300.34       1.114     -9.152      4.8   5.3    1823.1   normal
   Wall Potential too small, increasing size by 5 %
   New scaling factor 0.85
   11   -56.053189  -17.66    -317.99       1.113     -9.613      5.0   5.4    2005.0   normal
   12   -61.140041  -10.23    -328.22       1.122    -10.051      5.1   6.8    2169.7   normal
   13   -66.233405  -14.32    -342.54       1.143    -10.472      5.3   6.2    2305.8   normal
   Wall Potential too small, increasing size by 5 %
   New scaling factor 0.89
   14   -71.321711  -11.15    -353.69       1.144    -10.876      5.4   6.8    2479.8   normal
   15   -76.420267  -17.58    -371.27       1.183    -11.268      5.6   6.1    2569.8   normal
   16   -81.511015  -12.68    -383.95       1.185    -11.644      5.7   6.3    2736.1   normal
   17   -86.595485   -8.74    -392.68       1.185    -12.009      5.7   7.1    2904.6   normal
   18   -91.679811   -8.65    -401.33       1.190    -12.362      5.8   7.3    3062.1   normal
   19   -96.764070   -8.61    -409.94       1.187    -12.706      5.9   7.1    3240.3   normal
   Wall Potential too small, increasing size by 5 %
   New scaling factor 0.94
   20  -101.860709  -16.37    -426.31       1.194    -13.042      6.1   7.4    3392.2   normal
   21  -106.952438  -13.29    -439.61       1.189    -13.369      6.2   7.5    3574.0   normal
   22  -112.045032  -13.84    -453.44       1.197    -13.688      6.3   7.7    3720.7   normal
   Wall Potential too small, increasing size by 5 %
   New scaling factor 0.98
   23  -117.139530  -15.03    -468.47       1.205    -14.001      6.4   8.2    3863.4   normal
   24  -122.228266  -11.42    -479.89       1.207    -14.306      6.5   9.0    4023.5   normal
   25  -127.317315  -11.61    -491.50       1.209    -14.604      6.6   8.3    4184.3   normal
   26  -132.403745   -9.97    -501.47       1.210    -14.897      6.7   9.6    4348.8   normal
   27  -137.491748  -10.96    -512.42       1.210    -15.183      6.8   9.4    4512.9   normal
   28  -142.580977  -11.72    -524.15       1.223    -15.465      6.9   9.2    4632.4   normal
   29  -147.674965  -14.71    -538.86       1.232    -15.742      7.0   9.0    4760.9   normal
   30  -152.764010  -11.61    -550.47       1.237    -16.014      7.1   9.3    4906.6   normal
   31  -157.858255  -14.87    -565.34       1.237    -16.282      7.2   9.8    5067.6   normal
   32  -162.953834  -15.71    -581.05       1.237    -16.545      7.3   8.7    5230.9   normal
   Wall Potential too small, increasing size by 5 %
   New scaling factor 1.00
   33  -168.046800  -14.07    -595.12       1.236    -16.805      7.4  10.2    5401.2   normal
   34  -173.132191   -9.32    -604.44       1.237    -17.059      7.5  10.5    5559.3   normal
   35  -178.221473  -11.76    -616.20       1.236    -17.310      7.6  10.3    5723.5   normal
   36  -183.310840  -11.81    -628.01       1.239    -17.558      7.7   9.6    5875.1   normal
   37  -188.405499  -15.13    -643.14       1.242    -17.803      7.7  10.0    6021.8   normal
   38  -193.498373  -14.01    -657.15       1.249    -18.044      7.8  10.3    6151.7   normal
   39  -198.587938  -11.94    -669.09       1.247    -18.282      7.9  10.4    6324.9   normal
   40  -203.677806  -12.13    -681.21       1.249    -18.516      7.9  10.3    6471.9   normal
   41  -208.770482  -13.89    -695.10       1.251    -18.748      8.0  10.3    6622.9   normal
   42  -213.854353   -8.36    -703.46       1.251    -18.977      8.1   9.9    6787.6   normal
   43  -218.947443  -14.15    -717.61       1.249    -19.203      8.2  10.3    6957.5   normal
   44  -224.043856  -16.23    -733.84       1.259    -19.427      8.2  10.4    7066.4   normal
   45  -229.137279  -14.36    -748.20       1.263    -19.648      8.2  11.0    7202.0   normal
   46  -234.228617  -13.05    -761.25       1.264    -19.867      8.4   8.7    7355.9   normal
   47  -239.318747  -12.29    -773.54       1.263    -20.083      8.4  11.2    7519.7   normal
   48  -244.406433  -10.76    -784.29       1.266    -20.297      8.4  10.7    7660.5   normal
   49  -249.504791  -17.45    -801.75       1.275    -20.509      8.5  10.8    7770.0   normal
   50  -254.596437  -13.24    -814.99       1.279    -20.719      8.6  10.1    7903.5   normal
   51  -259.693666  -16.74    -831.73       1.285    -20.927      8.6  11.2    8022.0   normal
   52  -264.789297  -15.74    -847.48       1.284    -21.132      8.8  10.3    8181.5   normal
   53  -269.881496  -13.59    -861.06       1.283    -21.336      8.8  10.7    8348.7   normal
   54  -274.967318   -9.59    -870.65       1.283    -21.537      8.8  11.3    8507.6   normal
   55  -280.057266  -12.18    -882.83       1.288    -21.737      8.8  11.5    8628.3   normal
   56  -285.151286  -14.73    -897.56       1.292    -21.935      8.9  10.7    8755.6   normal
   57  -290.242452  -12.94    -910.50       1.294    -22.131      8.9  11.9    8902.7   normal
   58  -295.335127  -13.89    -924.39       1.296    -22.325      9.0  10.8    9046.0   normal
   59  -300.427761  -13.86    -938.25       1.300    -22.518      9.0  10.7    9173.3   normal
   60  -305.520712  -14.06    -952.31       1.298    -22.709      9.0  11.4    9343.1   normal
   61  -310.618605  -17.16    -969.47       1.300    -22.899      9.1  12.3    9483.4   normal
   62  -315.710850  -13.62    -983.09       1.301    -23.087      9.2  12.0    9629.7   normal
   63  -320.808151  -16.79    -999.88       1.300    -23.274      9.2  10.7    9791.6   normal
   64  -325.904929  -16.46   -1016.34       1.304    -23.459      9.2  11.5    9916.1   normal
   65  -330.994473  -11.92   -1028.26       1.305    -23.642      9.3  12.0   10062.0   normal
   66  -336.088201  -14.55   -1042.81       1.309    -23.825      9.3  12.5   10185.0   normal
   67  -341.177269  -11.62   -1054.43       1.311    -24.005      9.4  12.7   10322.0   normal
   68  -346.263375   -9.76   -1064.20       1.311    -24.184      9.4  12.0   10478.2   normal
   69  -351.366042  -20.16   -1084.35       1.311    -24.363      9.5  11.4   10629.8   normal
   70  -356.456750  -12.65   -1097.01       1.310    -24.539      9.5  11.9   10798.0   normal
   71  -361.548087  -13.05   -1110.05       1.311    -24.715      9.6  13.0   10944.6   normal
   72  -366.642309  -14.86   -1124.91       1.314    -24.889      9.6  12.8   11069.5   normal
   73  -371.732580  -12.38   -1137.29       1.316    -25.062      9.7  13.1   11209.3   normal
   74  -376.825987  -14.35   -1151.64       1.316    -25.234      9.7  13.0   11360.2   normal
   75  -381.912051   -9.74   -1161.38       1.315    -25.404      9.8  12.8   11523.2   normal
   76  -387.009587  -16.94   -1178.31       1.315    -25.574      9.8  11.9   11672.1   normal
   77  -392.098937  -11.80   -1190.11       1.315    -25.743      9.8  13.1   11830.4   normal
   78  -397.189098  -12.31   -1202.42       1.311    -25.910      9.9  12.8   12017.8   normal
   79  -402.281338  -13.61   -1216.04       1.315    -26.076      9.9  12.4   12138.5   normal
   80  -407.382831  -19.42   -1235.46       1.322    -26.242      9.9  12.7   12221.9   normal
   81  -412.474877  -13.49   -1248.95       1.324    -26.406     10.0  12.4   12354.4   normal
   82  -417.568490  -14.48   -1263.43       1.329    -26.569     10.0  14.0   12466.3   normal
   83  -422.658935  -12.49   -1275.91       1.332    -26.731     10.1  13.7   12585.3   normal
   84  -427.750489  -13.18   -1289.10       1.334    -26.892     10.1  13.3   12720.3   normal
   85  -432.842729  -13.61   -1302.71       1.334    -27.053     10.2  13.2   12869.8   normal
   86  -437.933680  -12.81   -1315.52       1.334    -27.212     10.2  13.7   13020.3   normal
   87  -443.025413  -13.30   -1328.81       1.337    -27.370     10.2  13.5   13147.5   normal
   88  -448.113019  -10.71   -1339.52       1.338    -27.527     10.3  13.1   13280.9   normal
   89  -453.208567  -15.69   -1355.21       1.339    -27.684     10.3  13.7   13427.9   normal
   90  -458.299267  -12.65   -1367.86       1.340    -27.840     10.4  13.1   13571.4   normal
   91  -463.396028  -16.45   -1384.31       1.342    -27.995     10.4  13.0   13693.0   normal
   92  -468.486075  -12.24   -1396.55       1.341    -28.149     10.4  13.6   13854.8   normal
   93  -473.575252  -11.69   -1408.24       1.339    -28.302     10.5  13.9   14025.0   normal
   94  -478.659682   -8.71   -1416.95       1.338    -28.453     10.5  13.9   14186.8   normal
   95  -483.750540  -12.75   -1429.70       1.339    -28.605     10.6  14.0   14329.2   normal
   96  -488.857578  -22.90   -1452.60       1.343    -28.756     10.6  13.8   14436.3   normal
   97  -493.948894  -13.03   -1465.63       1.344    -28.906     10.6  14.0   14583.0   normal
   98  -499.037402  -11.27   -1476.91       1.343    -29.055     10.7  14.1   14740.3   normal
   99  -504.136667  -18.02   -1494.93       1.349    -29.204     10.7  12.8   14820.4   normal
  100  -509.226701  -12.23   -1507.16       1.349    -29.351     10.7  14.2   14971.9   normal
 
  Growth finished after 100 solvents added
  Results can be found in grow directory
  Energy list in file <qcg_energy.dat>
  Interaction energy in file <qcg_conv.dat>
  Growing process in <qcg_grow.xyz>
  Final geometry after grow in <cluster.coord> and <cluster.xyz>
  Potentials and geometry written in <cluster_cavity.coord> and <twopot_cavity.coord>
 
  =========================================
  |   quantum cluster growth: ENSEMBLE    |
  =========================================
 
   Method for ensemble search:--gff               
 Starting ensemble cluster generation by CREST routine
 
------------------------------------------------
Generating MTD length from a flexibility measure
------------------------------------------------
 System flexiblity is set to 1.0 for NCI mode
 flexibility measure :   1.000
 t(MTD) / ps set by command line  :    10.0
 t(MTD) / ps    :    10.0
 Σ(t(MTD)) / ps :   120.0 (12 MTDs)
 
-------------------------------------
Starting a trial MTD to test settings
-------------------------------------
 Estimated runtime for one MTD (10.0 ps) on a single thread: 15 min 29 sec
 Estimated runtime for a batch of 12 MTDs on 40 threads: 5 min 10 sec
 
 list of Vbias parameters applied:
$metadyn    0.00125   1.000
$metadyn    0.00083   1.000
$metadyn    0.00056   1.000
$metadyn    0.00125   0.667
$metadyn    0.00083   0.667
$metadyn    0.00056   0.667
$metadyn    0.00125   0.444
$metadyn    0.00083   0.444
$metadyn    0.00056   0.444
$metadyn    0.00125   0.296
$metadyn    0.00083   0.296
$metadyn    0.00056   0.296
 
*******************************************************************************************
**                        N E W    I T E R A T I O N    C Y C L E                        **
*******************************************************************************************
 
========================================
            MTD Iteration  1
========================================
 
     ========================================
     |         Meta-MD (MTD) Sampling       |
     ========================================
 
Starting Meta-MD   5 with the settings:
     MD time /ps        :    10.0
     dt /fs             :     1.5
     dumpstep(trj) /fs  :     200
     dumpstep(Vbias)/ps :     1.0
     Vbias factor k /Eh :  0.2508
     Vbias exp α /bohr⁻²:    0.67
Starting Meta-MD   3 with the settings:
     MD time /ps        :    10.0
     dt /fs             :     1.5
     dumpstep(trj) /fs  :     200
     dumpstep(Vbias)/ps :     1.0
     Vbias factor k /Eh :  0.1672
     Vbias exp α /bohr⁻²:    1.00
Starting Meta-MD   4 with the settings:
     MD time /ps        :    10.0
     dt /fs             :     1.5
     dumpstep(trj) /fs  :     200
     dumpstep(Vbias)/ps :     1.0
     Vbias factor k /Eh :  0.3763
     Vbias exp α /bohr⁻²:    0.67
Starting Meta-MD   7 with the settings:
     MD time /ps        :    10.0
     dt /fs             :     1.5
     dumpstep(trj) /fs  :     200
     dumpstep(Vbias)/ps :     1.0
     Vbias factor k /Eh :  0.3763
     Vbias exp α /bohr⁻²:    0.44
Starting Meta-MD   8 with the settings:
     MD time /ps        :    10.0
     dt /fs             :     1.5
     dumpstep(trj) /fs  :     200
     dumpstep(Vbias)/ps :     1.0
     Vbias factor k /Eh :  0.2508
     Vbias exp α /bohr⁻²:    0.44
Starting Meta-MD   1 with the settings:
     MD time /ps        :    10.0
     dt /fs             :     1.5
     dumpstep(trj) /fs  :     200
     dumpstep(Vbias)/ps :     1.0
     Vbias factor k /Eh :  0.3763
     Vbias exp α /bohr⁻²:    1.00
Starting Meta-MD   9 with the settings:
     MD time /ps        :    10.0
     dt /fs             :     1.5
     dumpstep(trj) /fs  :     200
     dumpstep(Vbias)/ps :     1.0
     Vbias factor k /Eh :  0.1672
     Vbias exp α /bohr⁻²:    0.44
Starting Meta-MD  10 with the settings:
     MD time /ps        :    10.0
     dt /fs             :     1.5
     dumpstep(trj) /fs  :     200
     dumpstep(Vbias)/ps :     1.0
     Vbias factor k /Eh :  0.3763
     Vbias exp α /bohr⁻²:    0.30
Starting Meta-MD   6 with the settings:
     MD time /ps        :    10.0
     dt /fs             :     1.5
     dumpstep(trj) /fs  :     200
     dumpstep(Vbias)/ps :     1.0
     Vbias factor k /Eh :  0.1672
     Vbias exp α /bohr⁻²:    0.67
Starting Meta-MD  12 with the settings:
     MD time /ps        :    10.0
     dt /fs             :     1.5
     dumpstep(trj) /fs  :     200
     dumpstep(Vbias)/ps :     1.0
     Vbias factor k /Eh :  0.1672
     Vbias exp α /bohr⁻²:    0.30
Starting Meta-MD  11 with the settings:
     MD time /ps        :    10.0
     dt /fs             :     1.5
     dumpstep(trj) /fs  :     200
     dumpstep(Vbias)/ps :     1.0
     Vbias factor k /Eh :  0.2508
     Vbias exp α /bohr⁻²:    0.30
Starting Meta-MD   2 with the settings:
     MD time /ps        :    10.0
     dt /fs             :     1.5
     dumpstep(trj) /fs  :     200
     dumpstep(Vbias)/ps :     1.0
     Vbias factor k /Eh :  0.2508
     Vbias exp α /bohr⁻²:    1.00
*Meta-MTD 5 finished*
*Meta-MTD 10 finished*
*Meta-MTD 2 finished*
*Meta-MTD 7 finished*
*Meta-MTD 1 finished*
*Meta-MTD 9 finished*
*Meta-MTD 4 finished*
*Meta-MTD 8 finished*
*Meta-MTD 6 finished*
*Meta-MTD 12 finished*
*Meta-MTD 3 finished*
*Meta-MTD 11 finished*
 
-----------------------
Multilevel Optimization
-----------------------
 
 -------------------------
 1. crude pre-optimization
 -------------------------
 Optimizing all 600 structures from file "crest_rotamers_0.xyz" ...
 1 2 3 4 5 6 7 8 9 10 11 12 13 14 15 16 17 18 19 20 21 22 23 24 25 26 27 28 29 30 31 32 33 34 35 36 37 38 39 40 41 42 43 44 45 46 47 48 49 50 51 52 53 54 55 56 57 58 59 60 61 62 63 64 65 66 67 68 69 70 71 72 73 74 75 76 77 78 79 80 81 82 83 84 85 86 87 88 89 90 91 92 93 94 95 96 97 98 99 100 101 102 103 104 105 106 107 108 109 110 111 112 113 114 115 116 117 118 119 120 121 122 123 124 125 126 127 128 129 130 131 132 133 134 135 136 137 138 139 140 141 142 143 144 145 146 147 148 149 150 151 152 153 154 155 156 157 158 159 160 161 162 163 164 165 166 167 168 169 170 171 172 173 174 175 176 177 178 179 180 181 182 183 184 185 186 187 188 189 190 191 192 193 194 195 196 197 198 199 200 201 202 203 204 205 206 207 208 209 210 211 212 213 214 215 216 217 218 219 220 221 222 223 224 225 226 227 228 229 230 231 232 233 234 235 236 237 238 239 240 241 242 243 244 245 246 247 248 249 250 251 252 253 254 255 256 257 258 259 260 261 262 263 264 265 266 267 268 269 270 271 272 273 274 275 276 277 278 279 280 281 282 283 284 285 286 287 288 289 290 291 292 293 294 295 296 297 298 299 300 301 302 303 304 305 306 307 308 309 310 311 312 313 314 315 316 317 318 319 320 321 322 323 324 325 326 327 328 329 330 331 332 333 334 335 336 337 338 339 340 341 342 343 344 345 346 347 348 349 350 351 352 353 354 355 356 357 358 359 360 361 362 363 364 365 366 367 368 369 370 371 372 373 374 375 376 377 378 379 380 381 382 383 384 385 386 387 388 389 390 391 392 393 394 395 396 397 398 399 400 401 402 403 404 405 406 407 408 409 410 411 412 413 414 415 416 417 418 419 420 421 422 423 424 425 426 427 428 429 430 431 432 433 434 435 436 437 438 439 440 441 442 443 444 445 446 447 448 449 450 451 452 453 454 455 456 457 458 459 460 461 462 463 464 465 466 467 468 469 470 471 472 473 474 475 476 477 478 479 480 481 482 483 484 485 486 487 488 489 490 491 492 493 494 495 496 497 498 499 500 501 502 503 504 505 506 507 508 509 510 511 512 513 514 515 516 517 518 519 520 521 522 523 524 525 526 527 528 529 530 531 532 533 534 535 536 537 538 539 540 541 542 543 544 545 546 547 548 549 550 551 552 553 554 555 556 557 558 559 560 561 562 563 564 565 566 567 568 569 570 571 572 573 574 575 576 577 578 579 580 581 582 583 584 585 586 587 588 589 590 591 592 593 594 595 596 597 598 599 600
 done.
 input  file name : crest_rotamers_1.xyz
 output file name : crest_rotamers_2.xyz
 reference state Etot :  -33.1873466400000     
 600 structures remain within     6.00 kcal/mol window
 
 
========================================
            MTD Iteration  2
========================================
 
     ========================================
     |         Meta-MD (MTD) Sampling       |
     ========================================
 
Starting Meta-MD   1 with the settings:
     MD time /ps        :    10.0
     dt /fs             :     1.5
     dumpstep(trj) /fs  :     200
     dumpstep(Vbias)/ps :     1.0
     Vbias factor k /Eh :  0.3763
     Vbias exp α /bohr⁻²:    1.00
Starting Meta-MD   2 with the settings:
     MD time /ps        :    10.0
     dt /fs             :     1.5
     dumpstep(trj) /fs  :     200
     dumpstep(Vbias)/ps :     1.0
     Vbias factor k /Eh :  0.2508
     Vbias exp α /bohr⁻²:    1.00
Starting Meta-MD   3 with the settings:
     MD time /ps        :    10.0
     dt /fs             :     1.5
     dumpstep(trj) /fs  :     200
     dumpstep(Vbias)/ps :     1.0
     Vbias factor k /Eh :  0.1672
     Vbias exp α /bohr⁻²:    1.00
Starting Meta-MD   4 with the settings:
     MD time /ps        :    10.0
     dt /fs             :     1.5
     dumpstep(trj) /fs  :     200
     dumpstep(Vbias)/ps :     1.0
     Vbias factor k /Eh :  0.3763
     Vbias exp α /bohr⁻²:    0.67
Starting Meta-MD   5 with the settings:
     MD time /ps        :    10.0
     dt /fs             :     1.5
     dumpstep(trj) /fs  :     200
     dumpstep(Vbias)/ps :     1.0
     Vbias factor k /Eh :  0.2508
     Vbias exp α /bohr⁻²:    0.67
Starting Meta-MD   6 with the settings:
     MD time /ps        :    10.0
     dt /fs             :     1.5
     dumpstep(trj) /fs  :     200
     dumpstep(Vbias)/ps :     1.0
     Vbias factor k /Eh :  0.1672
     Vbias exp α /bohr⁻²:    0.67
Starting Meta-MD   7 with the settings:
     MD time /ps        :    10.0
     dt /fs             :     1.5
     dumpstep(trj) /fs  :     200
     dumpstep(Vbias)/ps :     1.0
     Vbias factor k /Eh :  0.3763
     Vbias exp α /bohr⁻²:    0.44
Starting Meta-MD   8 with the settings:
     MD time /ps        :    10.0
     dt /fs             :     1.5
     dumpstep(trj) /fs  :     200
     dumpstep(Vbias)/ps :     1.0
     Vbias factor k /Eh :  0.2508
     Vbias exp α /bohr⁻²:    0.44
Starting Meta-MD  10 with the settings:
     MD time /ps        :    10.0
     dt /fs             :     1.5
     dumpstep(trj) /fs  :     200
     dumpstep(Vbias)/ps :     1.0
     Vbias factor k /Eh :  0.3763
     Vbias exp α /bohr⁻²:    0.30
Starting Meta-MD   9 with the settings:
     MD time /ps        :    10.0
     dt /fs             :     1.5
     dumpstep(trj) /fs  :     200
     dumpstep(Vbias)/ps :     1.0
     Vbias factor k /Eh :  0.1672
     Vbias exp α /bohr⁻²:    0.44
*Meta-MTD 7 finished*
*Meta-MTD 6 finished*
*Meta-MTD 1 finished*
*Meta-MTD 2 finished*
*Meta-MTD 5 finished*
*Meta-MTD 8 finished*
*Meta-MTD 4 finished*
*Meta-MTD 3 finished*
*Meta-MTD 9 finished*
*Meta-MTD 10 finished*
 
-----------------------
Multilevel Optimization
-----------------------
 
 -------------------------
 1. crude pre-optimization
 -------------------------
 Optimizing all 500 structures from file "crest_rotamers_0.xyz" ...
 1 2 3 4 5 6 7 8 9 10 11 12 13 14 15 16 17 18 19 20 21 22 23 24 25 26 27 28 29 30 31 32 33 34 35 36 37 38 39 40 41 42 43 44 45 46 47 48 49 50 51 52 53 54 55 56 57 58 59 60 61 62 63 64 65 66 67 68 69 70 71 72 73 74 75 76 77 78 79 80 81 82 83 84 85 86 87 88 89 90 91 92 93 94 95 96 97 98 99 100 101 102 103 104 105 106 107 108 109 110 111 112 113 114 115 116 117 118 119 120 121 122 123 124 125 126 127 128 129 130 131 132 133 134 135 136 137 138 139 140 141 142 143 144 145 146 147 148 149 150 151 152 153 154 155 156 157 158 159 160 161 162 163 164 165 166 167 168 169 170 171 172 173 174 175 176 177 178 179 180 181 182 183 184 185 186 187 188 189 190 191 192 193 194 195 196 197 198 199 200 201 202 203 204 205 206 207 208 209 210 211 212 213 214 215 216 217 218 219 220 221 222 223 224 225 226 227 228 229 230 231 232 233 234 235 236 237 238 239 240 241 242 243 244 245 246 247 248 249 250 251 252 253 254 255 256 257 258 259 260 261 262 263 264 265 266 267 268 269 270 271 272 273 274 275 276 277 278 279 280 281 282 283 284 285 286 287 288 289 290 291 292 293 294 295 296 297 298 299 300 301 302 303 304 305 306 307 308 309 310 311 312 313 314 315 316 317 318 319 320 321 322 323 324 325 326 327 328 329 330 331 332 333 334 335 336 337 338 339 340 341 342 343 344 345 346 347 348 349 350 351 352 353 354 355 356 357 358 359 360 361 362 363 364 365 366 367 368 369 370 371 372 373 374 375 376 377 378 379 380 381 382 383 384 385 386 387 388 389 390 391 392 393 394 395 396 397 398 399 400 401 402 403 404 405 406 407 408 409 410 411 412 413 414 415 416 417 418 419 420 421 422 423 424 425 426 427 428 429 430 431 432 433 434 435 436 437 438 439 440 441 442 443 444 445 446 447 448 449 450 451 452 453 454 455 456 457 458 459 460 461 462 463 464 465 466 467 468 469 470 471 472 473 474 475 476 477 478 479 480 481 482 483 484 485 486 487 488 489 490 491 492 493 494 495 496 497 498 499 500
 done.
 input  file name : crest_rotamers_1.xyz
 output file name : crest_rotamers_2.xyz
 reference state Etot :  -33.1935595200000     
 500 structures remain within     6.00 kcal/mol window
 
 ...............................................
 A new lower conformer was found!
 Improved by    0.00621 Eh or    3.89864kcal/mol
 ...............................................
 
========================================
            MTD Iteration  3
========================================
 
     ========================================
     |         Meta-MD (MTD) Sampling       |
     ========================================
 
Starting Meta-MD   1 with the settings:
     MD time /ps        :    10.0
     dt /fs             :     1.5
     dumpstep(trj) /fs  :     200
     dumpstep(Vbias)/ps :     1.0
     Vbias factor k /Eh :  0.3763
     Vbias exp α /bohr⁻²:    1.00
Starting Meta-MD   2 with the settings:
     MD time /ps        :    10.0
     dt /fs             :     1.5
     dumpstep(trj) /fs  :     200
     dumpstep(Vbias)/ps :     1.0
     Vbias factor k /Eh :  0.2508
     Vbias exp α /bohr⁻²:    1.00
Starting Meta-MD  10 with the settings:
     MD time /ps        :    10.0
     dt /fs             :     1.5
     dumpstep(trj) /fs  :     200
     dumpstep(Vbias)/ps :     1.0
     Vbias factor k /Eh :  0.3763
     Vbias exp α /bohr⁻²:    0.30
Starting Meta-MD   3 with the settings:
     MD time /ps        :    10.0
     dt /fs             :     1.5
     dumpstep(trj) /fs  :     200
     dumpstep(Vbias)/ps :     1.0
     Vbias factor k /Eh :  0.1672
     Vbias exp α /bohr⁻²:    1.00
Starting Meta-MD   4 with the settings:
     MD time /ps        :    10.0
     dt /fs             :     1.5
     dumpstep(trj) /fs  :     200
     dumpstep(Vbias)/ps :     1.0
     Vbias factor k /Eh :  0.3763
     Vbias exp α /bohr⁻²:    0.67
Starting Meta-MD   5 with the settings:
     MD time /ps        :    10.0
     dt /fs             :     1.5
     dumpstep(trj) /fs  :     200
     dumpstep(Vbias)/ps :     1.0
     Vbias factor k /Eh :  0.2508
     Vbias exp α /bohr⁻²:    0.67
Starting Meta-MD   6 with the settings:
     MD time /ps        :    10.0
     dt /fs             :     1.5
     dumpstep(trj) /fs  :     200
     dumpstep(Vbias)/ps :     1.0
     Vbias factor k /Eh :  0.1672
     Vbias exp α /bohr⁻²:    0.67
Starting Meta-MD   7 with the settings:
     MD time /ps        :    10.0
     dt /fs             :     1.5
     dumpstep(trj) /fs  :     200
     dumpstep(Vbias)/ps :     1.0
     Vbias factor k /Eh :  0.3763
     Vbias exp α /bohr⁻²:    0.44
Starting Meta-MD   8 with the settings:
     MD time /ps        :    10.0
     dt /fs             :     1.5
     dumpstep(trj) /fs  :     200
     dumpstep(Vbias)/ps :     1.0
     Vbias factor k /Eh :  0.2508
     Vbias exp α /bohr⁻²:    0.44
Starting Meta-MD   9 with the settings:
     MD time /ps        :    10.0
     dt /fs             :     1.5
     dumpstep(trj) /fs  :     200
     dumpstep(Vbias)/ps :     1.0
     Vbias factor k /Eh :  0.1672
     Vbias exp α /bohr⁻²:    0.44
*Meta-MTD 5 finished*
*Meta-MTD 10 finished*
*Meta-MTD 9 finished*
*Meta-MTD 6 finished*
*Meta-MTD 7 finished*
*Meta-MTD 2 finished*
*Meta-MTD 1 finished*
*Meta-MTD 4 finished*
*Meta-MTD 3 finished*
*Meta-MTD 8 finished*
 
-----------------------
Multilevel Optimization
-----------------------
 
 -------------------------
 1. crude pre-optimization
 -------------------------
 Optimizing all 500 structures from file "crest_rotamers_0.xyz" ...
 1 2 3 4 5 6 7 8 9 10 11 12 13 14 15 16 17 18 19 20 21 22 23 24 25 26 27 28 29 30 31 32 33 34 35 36 37 38 39 40 41 42 43 44 45 46 47 48 49 50 51 52 53 54 55 56 57 58 59 60 61 62 63 64 65 66 67 68 69 70 71 72 73 74 75 76 77 78 79 80 81 82 83 84 85 86 87 88 89 90 91 92 93 94 95 96 97 98 99 100 101 102 103 104 105 106 107 108 109 110 111 112 113 114 115 116 117 118 119 120 121 122 123 124 125 126 127 128 129 130 131 132 133 134 135 136 137 138 139 140 141 142 143 144 145 146 147 148 149 150 151 152 153 154 155 156 157 158 159 160 161 162 163 164 165 166 167 168 169 170 171 172 173 174 175 176 177 178 179 180 181 182 183 184 185 186 187 188 189 190 191 192 193 194 195 196 197 198 199 200 201 202 203 204 205 206 207 208 209 210 211 212 213 214 215 216 217 218 219 220 221 222 223 224 225 226 227 228 229 230 231 232 233 234 235 236 237 238 239 240 241 242 243 244 245 246 247 248 249 250 251 252 253 254 255 256 257 258 259 260 261 262 263 264 265 266 267 268 269 270 271 272 273 274 275 276 277 278 279 280 281 282 283 284 285 286 287 288 289 290 291 292 293 294 295 296 297 298 299 300 301 302 303 304 305 306 307 308 309 310 311 312 313 314 315 316 317 318 319 320 321 322 323 324 325 326 327 328 329 330 331 332 333 334 335 336 337 338 339 340 341 342 343 344 345 346 347 348 349 350 351 352 353 354 355 356 357 358 359 360 361 362 363 364 365 366 367 368 369 370 371 372 373 374 375 376 377 378 379 380 381 382 383 384 385 386 387 388 389 390 391 392 393 394 395 396 397 398 399 400 401 402 403 404 405 406 407 408 409 410 411 412 413 414 415 416 417 418 419 420 421 422 423 424 425 426 427 428 429 430 431 432 433 434 435 436 437 438 439 440 441 442 443 444 445 446 447 448 449 450 451 452 453 454 455 456 457 458 459 460 461 462 463 464 465 466 467 468 469 470 471 472 473 474 475 476 477 478 479 480 481 482 483 484 485 486 487 488 489 490 491 492 493 494 495 496 497 498 499 500
 done.
 input  file name : crest_rotamers_1.xyz
 output file name : crest_rotamers_2.xyz
 reference state Etot :  -33.1909310800000     
 500 structures remain within     6.00 kcal/mol window
 
========================================
            MTD Iterations done         
========================================
 Collecting ensmbles.
 running RMSDs...
 done.
 E lowest :   -33.19356
 4 structures remain within     3.00 kcal/mol window
 
-----------------------------------------------
Additional regular MDs on lowest 3 conformer(s)
-----------------------------------------------
Starting MD   1 with the settings:
     MD time /ps        :     5.0
     MD Temperature /K  :   400.0
     dt /fs             :     1.5
     dumpstep(trj) /fs  :     200
Starting MD   6 with the settings:
     MD time /ps        :     5.0
     MD Temperature /K  :   500.0
     dt /fs             :     1.5
     dumpstep(trj) /fs  :     200
Starting MD   2 with the settings:
     MD time /ps        :     5.0
     MD Temperature /K  :   500.0
     dt /fs             :     1.5
     dumpstep(trj) /fs  :     200
Starting MD   3 with the settings:
     MD time /ps        :     5.0
     MD Temperature /K  :   400.0
     dt /fs             :     1.5
     dumpstep(trj) /fs  :     200
Starting MD   4 with the settings:
     MD time /ps        :     5.0
     MD Temperature /K  :   500.0
     dt /fs             :     1.5
     dumpstep(trj) /fs  :     200
Starting MD   5 with the settings:
     MD time /ps        :     5.0
     MD Temperature /K  :   400.0
     dt /fs             :     1.5
     dumpstep(trj) /fs  :     200
*MD 3 finished*
*MD 2 finished*
*MD 4 finished*
*MD 1 finished*
*MD 6 finished*
*MD 5 finished*
 Appending file crest_rotamers_1.xyz with new structures
 
 --------------------------------------------
 Ensemble optimization with normal thresholds
 --------------------------------------------
 Optimizing all 154 structures from file "crest_rotamers_1.xyz" ...
 1 2 3 4 5 6 7 8 9 10 11 12 13 14 15 16 17 18 19 20 21 22 23 24 25 26 27 28 29 30 31 32 33 34 35 36 37 38 39 40 41 42 43 44 45 46 47 48 49 50 51 52 53 54 55 56 57 58 59 60 61 62 63 64 65 66 67 68 69 70 71 72 73 74 75 76 77 78 79 80 81 82 83 84 85 86 87 88 89 90 91 92 93 94 95 96 97 98 99 100 101 102 103 104 105 106 107 108 109 110 111 112 113 114 115 116 117 118 119 120 121 122 123 124 125 126 127 128 129 130 131 132 133 134 135 136 137 138 139 140 141 142 143 144 145 146 147 148 149 150 151 152 153 154
 done.
 input  file name : crest_rotamers_2.xyz
 output file name : crest_rotamers_3.xyz
 reference state Etot :  -33.1976430600000     
 154 structures remain within     3.00 kcal/mol window
 
 ...............................................
 A new lower conformer was found!
 Improved by    0.00408 Eh or    2.56246kcal/mol
 ...............................................
 
*******************************************************************************************
**                        N E W    I T E R A T I O N    C Y C L E                        **
*******************************************************************************************
 
========================================
            MTD Iteration  1
========================================
 
     ========================================
     |         Meta-MD (MTD) Sampling       |
     ========================================
 
Starting Meta-MD   1 with the settings:
     MD time /ps        :    10.0
     dt /fs             :     1.5
     dumpstep(trj) /fs  :     200
     dumpstep(Vbias)/ps :     1.0
     Vbias factor k /Eh :  0.3763
     Vbias exp α /bohr⁻²:    1.00
Starting Meta-MD  10 with the settings:
     MD time /ps        :    10.0
     dt /fs             :     1.5
     dumpstep(trj) /fs  :     200
     dumpstep(Vbias)/ps :     1.0
     Vbias factor k /Eh :  0.3763
     Vbias exp α /bohr⁻²:    0.30
Starting Meta-MD   2 with the settings:
     MD time /ps        :    10.0
     dt /fs             :     1.5
     dumpstep(trj) /fs  :     200
     dumpstep(Vbias)/ps :     1.0
     Vbias factor k /Eh :  0.2508
     Vbias exp α /bohr⁻²:    1.00
Starting Meta-MD   3 with the settings:
     MD time /ps        :    10.0
     dt /fs             :     1.5
     dumpstep(trj) /fs  :     200
     dumpstep(Vbias)/ps :     1.0
     Vbias factor k /Eh :  0.1672
     Vbias exp α /bohr⁻²:    1.00
Starting Meta-MD   4 with the settings:
     MD time /ps        :    10.0
     dt /fs             :     1.5
     dumpstep(trj) /fs  :     200
     dumpstep(Vbias)/ps :     1.0
     Vbias factor k /Eh :  0.3763
     Vbias exp α /bohr⁻²:    0.67
Starting Meta-MD   5 with the settings:
     MD time /ps        :    10.0
     dt /fs             :     1.5
     dumpstep(trj) /fs  :     200
     dumpstep(Vbias)/ps :     1.0
     Vbias factor k /Eh :  0.2508
     Vbias exp α /bohr⁻²:    0.67
Starting Meta-MD   6 with the settings:
     MD time /ps        :    10.0
     dt /fs             :     1.5
     dumpstep(trj) /fs  :     200
     dumpstep(Vbias)/ps :     1.0
     Vbias factor k /Eh :  0.1672
     Vbias exp α /bohr⁻²:    0.67
Starting Meta-MD   7 with the settings:
     MD time /ps        :    10.0
     dt /fs             :     1.5
     dumpstep(trj) /fs  :     200
     dumpstep(Vbias)/ps :     1.0
     Vbias factor k /Eh :  0.3763
     Vbias exp α /bohr⁻²:    0.44
Starting Meta-MD   8 with the settings:
     MD time /ps        :    10.0
     dt /fs             :     1.5
     dumpstep(trj) /fs  :     200
     dumpstep(Vbias)/ps :     1.0
     Vbias factor k /Eh :  0.2508
     Vbias exp α /bohr⁻²:    0.44
Starting Meta-MD   9 with the settings:
     MD time /ps        :    10.0
     dt /fs             :     1.5
     dumpstep(trj) /fs  :     200
     dumpstep(Vbias)/ps :     1.0
     Vbias factor k /Eh :  0.1672
     Vbias exp α /bohr⁻²:    0.44
*Meta-MTD 9 finished*
*Meta-MTD 3 finished*
*Meta-MTD 6 finished*
*Meta-MTD 2 finished*
*Meta-MTD 4 finished*
*Meta-MTD 10 finished*
*Meta-MTD 8 finished*
*Meta-MTD 1 finished*
*Meta-MTD 7 finished*
*Meta-MTD 5 finished*
 
-----------------------
Multilevel Optimization
-----------------------
 
 -------------------------
 1. crude pre-optimization
 -------------------------
 Optimizing all 500 structures from file "crest_rotamers_0.xyz" ...
 1 2 3 4 5 6 7 8 9 10 11 12 13 14 15 16 17 18 19 20 21 22 23 24 25 26 27 28 29 30 31 32 33 34 35 36 37 38 39 40 41 42 43 44 45 46 47 48 49 50 51 52 53 54 55 56 57 58 59 60 61 62 63 64 65 66 67 68 69 70 71 72 73 74 75 76 77 78 79 80 81 82 83 84 85 86 87 88 89 90 91 92 93 94 95 96 97 98 99 100 101 102 103 104 105 106 107 108 109 110 111 112 113 114 115 116 117 118 119 120 121 122 123 124 125 126 127 128 129 130 131 132 133 134 135 136 137 138 139 140 141 142 143 144 145 146 147 148 149 150 151 152 153 154 155 156 157 158 159 160 161 162 163 164 165 166 167 168 169 170 171 172 173 174 175 176 177 178 179 180 181 182 183 184 185 186 187 188 189 190 191 192 193 194 195 196 197 198 199 200 201 202 203 204 205 206 207 208 209 210 211 212 213 214 215 216 217 218 219 220 221 222 223 224 225 226 227 228 229 230 231 232 233 234 235 236 237 238 239 240 241 242 243 244 245 246 247 248 249 250 251 252 253 254 255 256 257 258 259 260 261 262 263 264 265 266 267 268 269 270 271 272 273 274 275 276 277 278 279 280 281 282 283 284 285 286 287 288 289 290 291 292 293 294 295 296 297 298 299 300 301 302 303 304 305 306 307 308 309 310 311 312 313 314 315 316 317 318 319 320 321 322 323 324 325 326 327 328 329 330 331 332 333 334 335 336 337 338 339 340 341 342 343 344 345 346 347 348 349 350 351 352 353 354 355 356 357 358 359 360 361 362 363 364 365 366 367 368 369 370 371 372 373 374 375 376 377 378 379 380 381 382 383 384 385 386 387 388 389 390 391 392 393 394 395 396 397 398 399 400 401 402 403 404 405 406 407 408 409 410 411 412 413 414 415 416 417 418 419 420 421 422 423 424 425 426 427 428 429 430 431 432 433 434 435 436 437 438 439 440 441 442 443 444 445 446 447 448 449 450 451 452 453 454 455 456 457 458 459 460 461 462 463 464 465 466 467 468 469 470 471 472 473 474 475 476 477 478 479 480 481 482 483 484 485 486 487 488 489 490 491 492 493 494 495 496 497 498 499 500
 done.
 input  file name : crest_rotamers_1.xyz
 output file name : crest_rotamers_2.xyz
 reference state Etot :  -33.2031527500000     
 500 structures remain within     6.00 kcal/mol window
 
 ...............................................
 A new lower conformer was found!
 Improved by    0.00551 Eh or    3.45738kcal/mol
 ...............................................
 
========================================
            MTD Iteration  2
========================================
 
     ========================================
     |         Meta-MD (MTD) Sampling       |
     ========================================
 
Starting Meta-MD   1 with the settings:
     MD time /ps        :    10.0
     dt /fs             :     1.5
     dumpstep(trj) /fs  :     200
     dumpstep(Vbias)/ps :     1.0
     Vbias factor k /Eh :  0.3763
     Vbias exp α /bohr⁻²:    1.00
Starting Meta-MD   2 with the settings:
     MD time /ps        :    10.0
     dt /fs             :     1.5
     dumpstep(trj) /fs  :     200
     dumpstep(Vbias)/ps :     1.0
     Vbias factor k /Eh :  0.2508
     Vbias exp α /bohr⁻²:    1.00
Starting Meta-MD   3 with the settings:
     MD time /ps        :    10.0
     dt /fs             :     1.5
     dumpstep(trj) /fs  :     200
     dumpstep(Vbias)/ps :     1.0
     Vbias factor k /Eh :  0.1672
     Vbias exp α /bohr⁻²:    1.00
Starting Meta-MD  10 with the settings:
     MD time /ps        :    10.0
     dt /fs             :     1.5
     dumpstep(trj) /fs  :     200
     dumpstep(Vbias)/ps :     1.0
     Vbias factor k /Eh :  0.3763
     Vbias exp α /bohr⁻²:    0.30
Starting Meta-MD   4 with the settings:
     MD time /ps        :    10.0
     dt /fs             :     1.5
     dumpstep(trj) /fs  :     200
     dumpstep(Vbias)/ps :     1.0
     Vbias factor k /Eh :  0.3763
     Vbias exp α /bohr⁻²:    0.67
Starting Meta-MD   5 with the settings:
     MD time /ps        :    10.0
     dt /fs             :     1.5
     dumpstep(trj) /fs  :     200
     dumpstep(Vbias)/ps :     1.0
     Vbias factor k /Eh :  0.2508
     Vbias exp α /bohr⁻²:    0.67
Starting Meta-MD   6 with the settings:
     MD time /ps        :    10.0
     dt /fs             :     1.5
     dumpstep(trj) /fs  :     200
     dumpstep(Vbias)/ps :     1.0
     Vbias factor k /Eh :  0.1672
     Vbias exp α /bohr⁻²:    0.67
Starting Meta-MD   7 with the settings:
     MD time /ps        :    10.0
     dt /fs             :     1.5
     dumpstep(trj) /fs  :     200
     dumpstep(Vbias)/ps :     1.0
     Vbias factor k /Eh :  0.3763
     Vbias exp α /bohr⁻²:    0.44
Starting Meta-MD   8 with the settings:
     MD time /ps        :    10.0
     dt /fs             :     1.5
     dumpstep(trj) /fs  :     200
     dumpstep(Vbias)/ps :     1.0
     Vbias factor k /Eh :  0.2508
     Vbias exp α /bohr⁻²:    0.44
Starting Meta-MD   9 with the settings:
     MD time /ps        :    10.0
     dt /fs             :     1.5
     dumpstep(trj) /fs  :     200
     dumpstep(Vbias)/ps :     1.0
     Vbias factor k /Eh :  0.1672
     Vbias exp α /bohr⁻²:    0.44
*Meta-MTD 7 finished*
*Meta-MTD 10 finished*
*Meta-MTD 2 finished*
*Meta-MTD 6 finished*
*Meta-MTD 5 finished*
*Meta-MTD 1 finished*
*Meta-MTD 9 finished*
*Meta-MTD 8 finished*
*Meta-MTD 3 finished*
*Meta-MTD 4 finished*
 
-----------------------
Multilevel Optimization
-----------------------
 
 -------------------------
 1. crude pre-optimization
 -------------------------
 Optimizing all 500 structures from file "crest_rotamers_0.xyz" ...
 1 2 3 4 5 6 7 8 9 10 11 12 13 14 15 16 17 18 19 20 21 22 23 24 25 26 27 28 29 30 31 32 33 34 35 36 37 38 39 40 41 42 43 44 45 46 47 48 49 50 51 52 53 54 55 56 57 58 59 60 61 62 63 64 65 66 67 68 69 70 71 72 73 74 75 76 77 78 79 80 81 82 83 84 85 86 87 88 89 90 91 92 93 94 95 96 97 98 99 100 101 102 103 104 105 106 107 108 109 110 111 112 113 114 115 116 117 118 119 120 121 122 123 124 125 126 127 128 129 130 131 132 133 134 135 136 137 138 139 140 141 142 143 144 145 146 147 148 149 150 151 152 153 154 155 156 157 158 159 160 161 162 163 164 165 166 167 168 169 170 171 172 173 174 175 176 177 178 179 180 181 182 183 184 185 186 187 188 189 190 191 192 193 194 195 196 197 198 199 200 201 202 203 204 205 206 207 208 209 210 211 212 213 214 215 216 217 218 219 220 221 222 223 224 225 226 227 228 229 230 231 232 233 234 235 236 237 238 239 240 241 242 243 244 245 246 247 248 249 250 251 252 253 254 255 256 257 258 259 260 261 262 263 264 265 266 267 268 269 270 271 272 273 274 275 276 277 278 279 280 281 282 283 284 285 286 287 288 289 290 291 292 293 294 295 296 297 298 299 300 301 302 303 304 305 306 307 308 309 310 311 312 313 314 315 316 317 318 319 320 321 322 323 324 325 326 327 328 329 330 331 332 333 334 335 336 337 338 339 340 341 342 343 344 345 346 347 348 349 350 351 352 353 354 355 356 357 358 359 360 361 362 363 364 365 366 367 368 369 370 371 372 373 374 375 376 377 378 379 380 381 382 383 384 385 386 387 388 389 390 391 392 393 394 395 396 397 398 399 400 401 402 403 404 405 406 407 408 409 410 411 412 413 414 415 416 417 418 419 420 421 422 423 424 425 426 427 428 429 430 431 432 433 434 435 436 437 438 439 440 441 442 443 444 445 446 447 448 449 450 451 452 453 454 455 456 457 458 459 460 461 462 463 464 465 466 467 468 469 470 471 472 473 474 475 476 477 478 479 480 481 482 483 484 485 486 487 488 489 490 491 492 493 494 495 496 497 498 499 500
 done.
 input  file name : crest_rotamers_1.xyz
 output file name : crest_rotamers_2.xyz
 reference state Etot :  -33.1967585300000     
 500 structures remain within     6.00 kcal/mol window
 
========================================
            MTD Iterations done         
========================================
 Collecting ensmbles.
 running RMSDs...
 done.
 E lowest :   -33.20315
 1 structures remain within     3.00 kcal/mol window
 
-----------------------------------------------
Additional regular MDs on lowest 1 conformer(s)
-----------------------------------------------
Starting MD   2 with the settings:
     MD time /ps        :     5.0
     MD Temperature /K  :   500.0
     dt /fs             :     1.5
     dumpstep(trj) /fs  :     200
Starting MD   1 with the settings:
     MD time /ps        :     5.0
     MD Temperature /K  :   400.0
     dt /fs             :     1.5
     dumpstep(trj) /fs  :     200
*MD 1 finished*
*MD 2 finished*
 Appending file crest_rotamers_1.xyz with new structures
 
 --------------------------------------------
 Ensemble optimization with normal thresholds
 --------------------------------------------
 Optimizing all 51 structures from file "crest_rotamers_1.xyz" ...
 1 2 3 4 5 6 7 8 9 10 11 12 13 14 15 16 17 18 19 20 21 22 23 24 25 26 27 28 29 30 31 32 33 34 35 36 37 38 39 40 41 42 43 44 45 46 47 48 49 50 51
 done.
 input  file name : crest_rotamers_2.xyz
 output file name : crest_rotamers_3.xyz
 reference state Etot :  -33.1821685500000     
 51 structures remain within     3.00 kcal/mol window
 
 
 
   ================================================
   |           Final Geometry Optimization        |
   ================================================
 --------------------------------------------
 Ensemble optimization with normal thresholds
 --------------------------------------------
 Optimizing all 51 structures from file "crest_rotamers_3.xyz" ...
 1 2 3 4 5 6 7 8 9 10 11 12 13 14 15 16 17 18 19 20 21 22 23 24 25 26 27 28 29 30 31 32 33 34 35 36 37 38 39 40 41 42 43 44 45 46 47 48 49 50 51
 done.
 input  file name : crest_rotamers_4.xyz
 output file name : crest_rotamers_5.xyz
 reference state Etot :  -33.2051769100000     
 51 structures remain within     3.00 kcal/mol window
 
  GFN2-xTB optimization
 --------------------------------------------
 Ensemble optimization with normal thresholds
 --------------------------------------------
 Optimizing all 51 structures from file "crest_rotamers_5.xyz" ...
 1 2 3 4 5 6 7 8 9 10 11 12 13 14 15 16 17 18 19 20 21 22 23 24 25 26 27 28 29 30 31 32 33 34 35 36 37 38 39 40 41 42 43 44 45 46 47 48 49 50 51
 done.
 
 -------------------------------------------
 Ensemble optimization with tight thresholds
 -------------------------------------------
 Optimizing all 51 structures from file "crest_rotamers_6.xyz" ...
 1 2 3 4 5 6 7 8 9 10 11 12 13 14 15 16 17 18 19 20 21 22 23 24 25 26 27 28 29 30 31 32 33 34 35 36 37 38 39 40 41 42 43 44 45 46 47 48 49 50 51
 done.
 
 
  Single point computation with GBSA model
  51 jobs to do.
 
  done.
 
  Cluster   E /Eh        Density  Efix       R   av/act. Surface   Opt
    1      -509.440317   1.328    0.000    11.0  11.2     4608.9   tight
    2      -509.423583   1.325    0.000    10.9  11.8     4676.2   tight
    3      -509.432744   1.329    0.000    11.1  13.8     4747.2   tight
    4      -509.440478   1.329    0.000    11.1  15.1     4671.4   tight
    5      -509.455301   1.324    0.000    11.0  13.9     4782.9   tight
    6      -509.460081   1.347    0.000    10.9  12.0     4426.5   tight
    7      -509.422925   1.325    0.000    11.1  14.7     4741.7   tight
    8      -509.431510   1.323    0.000    11.0  12.3     4655.5   tight
    9      -509.423173   1.328    0.000    10.9  13.2     4607.5   tight
   10      -509.438945   1.337    0.000    10.9  13.1     4551.4   tight
   11      -509.437514   1.325    0.000    11.2  13.8     4720.8   tight
   12      -509.441049   1.342    0.000    10.9  11.9     4423.5   tight
   13      -509.429081   1.342    0.000    10.8  11.5     4383.8   tight
   14      -509.439790   1.344    0.000    10.8  12.7     4501.6   tight
   15      -509.433800   1.326    0.000    11.2  10.2     4746.8   tight
   16      -509.456314   1.328    0.000    11.0  14.0     4676.4   tight
   17      -509.451042   1.328    0.000    11.0   7.6     4724.6   tight
   18      -509.435598   1.320    0.000    11.0   9.8     4914.0   tight
   19      -509.447353   1.323    0.000    11.2  14.3     4834.2   tight
   20      -509.437276   1.327    0.000    11.2  15.1     4654.2   tight
   21      -509.436634   1.335    0.000    11.0   9.8     4610.1   tight
   22      -509.441491   1.332    0.000    10.9  15.8     4576.0   tight
   23      -509.437741   1.323    0.000    11.2  12.9     4873.7   tight
   24      -509.432848   1.325    0.000    11.1  13.2     4709.1   tight
   25      -509.424707   1.322    0.000    11.0   9.2     4839.5   tight
   26      -509.433282   1.340    0.000    10.9  11.8     4449.4   tight
   27      -509.450730   1.327    0.000    11.2  11.4     4783.9   tight
   28      -509.411473   1.325    0.000    11.0  13.8     4671.1   tight
   29      -509.439963   1.329    0.000    10.9  13.9     4726.6   tight
   30      -509.446839   1.329    0.000    11.0   9.1     4682.4   tight
   31      -509.444608   1.325    0.000    10.9  14.7     4867.2   tight
   32      -509.425977   1.325    0.000    11.1  10.9     4731.9   tight
   33      -509.450348   1.336    0.000    11.0   9.3     4553.6   tight
   34      -509.426756   1.339    0.000    11.0  10.0     4485.8   tight
   35      -509.425411   1.318    0.000    11.2  10.4     4889.9   tight
   36      -509.444446   1.333    0.000    11.2  10.9     4533.1   tight
   37      -509.425957   1.322    0.000    11.1  10.0     4729.7   tight
   38      -509.448399   1.327    0.000    11.1   9.7     4769.7   tight
   39      -509.429849   1.317    0.000    11.3   7.1     4780.5   tight
   40      -509.441018   1.317    0.000    11.1   9.8     4958.2   tight
   41      -509.439210   1.330    0.000    10.9  13.8     4717.4   tight
   42      -509.439449   1.326    0.000    11.1  14.4     4703.7   tight
   43      -509.431844   1.332    0.000    11.0   9.2     4641.4   tight
   44      -509.435552   1.323    0.000    11.2  10.7     4820.8   tight
   45      -509.444014   1.329    0.000    11.0  11.8     4745.8   tight
   46      -509.427946   1.321    0.000    11.1   7.2     4730.4   tight
   47      -509.447013   1.328    0.000    11.0  10.1     4734.9   tight
   48      -509.449247   1.335    0.000    11.3  10.7     4607.8   tight
   49      -509.428871   1.327    0.000    11.1  10.2     4757.8   tight
   50      -509.444081   1.324    0.000    11.3   9.9     4720.6   tight
   51      -509.429304   1.330    0.000    11.1  13.4     4613.5   tight
 
Taking  20 structures
 
  ------------------------------------------------------------------------
  ------------------------------------------------------------------------
  Boltz. averaged energy of final cluster:
       G /Eh     : -509.46010478
       T*S /kcal :  -0.077
 
  Ensemble generation finished.
  Results can be found in ensemble directory
  Lowest energy conformer in file <crest_best.xyz>
  List of full ensemble in file <full_ensemble.xyz>
  List of used ensemble in file <final_ensemble.xyz>
  Thermodynamical data in file <thermo_data>
  Population of full ensemble in file <full_population.dat>
  Population in file <population.dat>
 
 
  ________________________________________________________________________
 
  _________________     Solvent Cluster Generation   _____________________
 
  ________________________________________________________________________
 
 Method for CFF: GFN2-xTB
  solute smaller than solvent, cff skipped
  Starting optimizations + SP  of structures
  20 jobs to do.
 
  done.
 
  Cluster   E /Eh        Density  Efix       R   av/act. Surface   Opt
    1      -509.216507   1.346    0.000    10.8  11.7     4447.4   tight
    2      -509.231990   1.335    0.000    10.9  13.9     4536.8   tight
    3      -509.237486   1.326    0.000    10.9  14.4     4762.8   tight
    4      -509.227431   1.327    0.000    10.9   6.6     4732.8   tight
    5      -509.224276   1.331    0.000    10.9   9.7     4744.3   tight
    6      -509.218380   1.332    0.000    11.0   7.8     4683.1   tight
    7      -509.223451   1.331    0.000    10.9   7.6     4696.1   tight
    8      -509.216728   1.320    0.000    11.0   7.2     4860.5   tight
    9      -509.223312   1.316    0.000    11.0  12.9     4875.4   tight
   10      -509.235230   1.324    0.000    10.9   9.6     4822.1   tight
   11      -509.222296   1.334    0.000    10.9  10.3     4599.4   tight
   12      -509.231750   1.329    0.000    10.9  14.4     4726.4   tight
   13      -509.215685   1.336    0.000    10.9   7.7     4511.8   tight
   14      -509.232655   1.328    0.000    11.0   7.6     4777.1   tight
   15      -509.213834   1.325    0.000    10.9  10.4     4762.6   tight
   16      -509.231984   1.332    0.000    10.8  14.4     4656.2   tight
   17      -509.216059   1.332    0.000    10.9  11.9     4548.3   tight
   18      -509.231231   1.324    0.000    11.0   8.8     4914.4   tight
   19      -509.239954   1.330    0.000    10.9  14.0     4745.5   tight
   20      -509.217659   1.336    0.000    10.9   9.4     4511.4   tight
 
  ------------------------------------------------------------------------
  ------------------------------------------------------------------------
  Boltz. averaged energy of final cluster:
       G /Eh     : -509.24002765
       T*S /kcal :  -0.175
 
  Solvent cluster generation finished.
  Results can be found in solvent_cluster directory
  Structures in file <crest_ensemble.xyz>
  Energies in file <cluster_energy.dat>
  Population in file <population.dat>
 
  =========================================
  |   quantum cluster growth: ESOLV       |
  |                                       |
  |          -282.15 kcal/mol             |
  =========================================
 
  =========================================
  |          Frequency evaluation         |
  =========================================
 
   SOLUTE MOLECULE
  Starting reoptimizations + Frequency computation of ensemble
  1 jobs to do.
 
  done.
   SOLUTE CLUSTER
  Starting reoptimizations + Frequency computation of ensemble
  20 jobs to do.
 
  done.
   SOLVENT CLUSTER
  Starting reoptimizations + Frequency computation of ensemble
  20 jobs to do.
 
  done.
 
   Solute Gas properties
  #       H(T)       SVIB      SROT       STRA      G(T)
       [kcal/mol]    [      cal/mol/K        ]    [kcal/mol]
  --------------------------------------------------------
        1.48      0.00      0.00     26.00     -6.27
 
   Solute cluster properties
  #       H(T)       SVIB      SROT       STRA      G(T)
       [kcal/mol]    [      cal/mol/K        ]    [kcal/mol]
  --------------------------------------------------------
  1     1673.07    928.91     43.31     48.32   1368.79
  2     1672.31    919.73     43.38     48.32   1370.75
  3     1672.86    932.12     43.38     48.32   1367.61
  4     1673.28    933.02     43.36     48.32   1367.77
  5     1673.03    928.31     43.38     48.32   1368.92
  6     1672.75    927.08     43.37     48.32   1369.01
  7     1672.76    939.88     43.34     48.32   1365.21
  8     1673.03    924.01     43.38     48.32   1370.20
  9     1672.41    927.86     43.40     48.32   1368.42
  10     1672.87    930.09     43.38     48.32   1368.23
  11     1672.49    938.67     43.37     48.32   1365.29
  12     1673.71    927.81     43.39     48.32   1369.74
  13     1673.30    933.72     43.35     48.32   1367.59
  14     1671.75    937.83     43.38     48.32   1364.80
  15     1673.20    933.23     43.37     48.32   1367.63
  16     1672.96    937.48     43.34     48.32   1366.13
  17     1673.05    936.10     43.32     48.32   1366.63
  18     1671.31    936.98     43.41     48.32   1364.60
  19     1673.84    940.98     43.37     48.32   1365.95
  20     1672.14    942.37     43.36     48.32   1363.84
 
   Solvent cluster properties
  #       H(T)       SVIB      SROT       STRA      G(T)
       [kcal/mol]    [      cal/mol/K        ]    [kcal/mol]
  --------------------------------------------------------
  1     1668.04    936.27     43.34     48.31   1361.57
  2     1667.51    923.20     43.38     48.31   1364.92
  3     1667.56    922.23     43.39     48.31   1365.26
  4     1667.82    928.55     43.38     48.31   1363.63
  5     1666.49    929.46     43.39     48.31   1362.03
  6     1667.36    927.67     43.40     48.31   1363.43
  7     1667.28    928.87     43.39     48.31   1362.99
  8     1667.29    928.59     43.43     48.31   1363.08
  9     1667.04    925.27     43.45     48.31   1363.82
  10     1666.80    918.70     43.41     48.31   1365.54
  11     1668.18    927.67     43.39     48.31   1364.26
  12     1667.31    926.31     43.40     48.31   1363.78
  13     1668.01    932.46     43.37     48.31   1362.66
  14     1667.80    921.91     43.40     48.31   1365.59
  15     1667.12    929.57     43.40     48.31   1362.63
  16     1668.32    925.73     43.38     48.31   1364.98
  17     1667.21    934.16     43.37     48.31   1361.36
  18     1666.45    927.57     43.43     48.31   1362.54
  19     1668.25    922.98     43.41     48.31   1365.72
  20     1667.83    936.99     43.39     48.31   1361.12
 
 
  ________________________________________________________________________
 
  _________________________     Evaluation    ____________________________
 
  ________________________________________________________________________
 
 
  -----------------------------------------------------
  Gsolv and Hsolv ref. state: [1 M gas/solution] 
  G_solv (incl.RRHO)      = -268.71 kcal/mol
  H_solv (incl.RRHO)      = -278.71 kcal/mol
  -----------------------------------------------------
 
  -----------------------------------------------------
  Gsolv and Hsolv ref. state: [1 M gas/solution] 
  G_solv (incl.RRHO)      = -270.61 kcal/mol
  H_solv (incl.RRHO)      = -280.60 kcal/mol
  -----------------------------------------------------
 
  -----------------------------------------------------
  Solvation free energies with scaled translational
  and rotational degrees of freedom: Gsolv (scaling)
          >>   -277.98 (0.05)    <<
          >>   -277.59 (0.10)    <<
          >>   -277.20 (0.15)    <<
          >>   -276.81 (0.20)    <<
          >>   -276.42 (0.25)    <<
          >>   -276.04 (0.30)    <<
          >>   -275.65 (0.35)    <<
          >>   -275.26 (0.40)    <<
          >>   -274.87 (0.45)    <<
          >>   -274.48 (0.50)    <<
          >>   -274.10 (0.55)    <<
          >>   -273.71 (0.60)    <<
          >>   -273.32 (0.65)    <<
          >>   -272.93 (0.70)    <<
          >>   -272.54 (0.75)    <<
          >>   -272.16 (0.80)    <<
          >>   -271.77 (0.85)    <<
          >>   -271.38 (0.90)    <<
          >>   -270.99 (0.95)    <<
          >>   -270.61 (1.00)    <<
  -----------------------------------------------------
 
  ==================================================
  |  Gsolv with SCALED RRHO contributions: 0.75    |
  |  [1 bar gas/ 1 M solution]                     |
  |                                                |
  |  G_solv (incl.RRHO)+dV(T)= -272.54 kcal/mol    |
  ==================================================
 
 
 -----------------
 Wall Time Summary
 -----------------
             test MD wall time :         0h : 0m :11s
                 MTD wall time :         0h :13m :14s
      multilevel OPT wall time :         0h :11m :37s
                  MD wall time :         0h : 6m :58s
                Grow wall time :         0h :38m :54s
     Solute-Ensemble wall time :         1h : 2m :47s
                 CFF wall time :         0h : 7m :35s
         Frequencies wall time :         1h : 9m :19s
--------------------
Overall wall time  : 3h :32m :16s
 
 CREST terminated normally.
