 
       ==============================================
       |                                            |
       |                 C R E S T                  |
       |                                            |
       |  Conformer-Rotamer Ensemble Sampling Tool  |
       |          based on the GFN methods          |
       |             P.Pracht, S.Grimme             |
       |          Universitaet Bonn, MCTC           |
       ==============================================
       Version 2.12,   Thu 19. Mai 16:32:32 CEST 2022
  Using the xTB program. Compatible with xTB version 6.4.0
 
   Cite work conducted with this code as

   • P.Pracht, F.Bohle, S.Grimme, PCCP, 2020, 22, 7169-7192.
   • S.Grimme, JCTC, 2019, 15, 2847-2862.

   and for works involving QCG as

   • S.Spicher, C.Plett, P.Pracht, A.Hansen, S.Grimme,
     JCTC, 2022, 18 (5), 3174-3189.
 
   with help from:
   C.Bannwarth, F.Bohle, S.Ehlert, S.Grimme,
   C.Plett, P.Pracht, S.Spicher
 
   This program is distributed in the hope that it will be useful,
   but WITHOUT ANY WARRANTY; without even the implied warranty of
   MERCHANTABILITY or FITNESS FOR A PARTICULAR PURPOSE.

 Command line input:
 > crest input.xyz --qcg water.xyz --chrg 0 --uhf 0 --nsolv 45 --T 25 --gsolv --nclus 20 --gbsa water --wscal 1.0

 Solute-file: input.xyz
 Solvent-file: water.xyz
  --chrg 0
  --uhf 0
  --T 25 (CPUs/Threads selected)
  --gbsa water : implicit solvation
 
  ========================================
  |           ----------------           |
  |                 Q C G                |
  |           ----------------           |
  |        Quantum Cluster Growth        |
  |       University of Bonn, MCTC       |
  ========================================
   S. Grimme, S. Spicher, C. Plett.
 
   Cite work conducted with this code as

   S. Spicher, C. Plett, P. Pracht, A. Hansen, S. Grimme, JCTC, 2022, 18, 3174-3189.
 
 
  =========================================
  |   quantum cluster growth: INPUT       |
  =========================================
 
  QCG: Calculation of delta G_solv
  Ensemble generated via CREST
 
  input parameters     
  solute                 : input.xyz
  charge                 : 0
  uhf                    : 0
  solvent                : water.xyz
  # of solvents to add   : 45
  # of cluster generated : 20
  # of CPUs used         : 25
  Solvation model        : water               
  xtb opt level          : normal
  System temperature [K] : 298.1
  RRHO scaling factor    : 0.75
 
 Solute geometry
  molecular radius (Bohr**1):    5.64
  molecular area   (Bohr**2):  459.94
  molecular volume (Bohr**3):  751.19
 Solvent geometry
  molecular radius (Bohr**1):    3.88
  molecular area   (Bohr**2):  194.99
  molecular volume (Bohr**3):  244.40
 
  radius of solute    :     9.09
  radius of solvent   :     6.25
 
  =========================================
  |            Preoptimization            |
  =========================================
 
 -------------------------
 xTB Geometry Optimization
 -------------------------
 Geometry successfully optimized.
 Generating LMOs for solute
  Total Energy of solute:     -14.8081977 Eh
 
 -------------------------
 xTB Geometry Optimization
 -------------------------
 Geometry successfully optimized.
 Generating LMOs for solvent
  Total energy of solvent:     -5.0705444 Eh
 
  ________________________________________________________________________
 
  __________________     Solute Cluster Generation   _____________________
 
  ________________________________________________________________________
 
 
  =========================================
  |   quantum cluster growth: GROW        |
  =========================================
 
  Constraining solute during Growth 
 Solute:
       unit ellipsoid axis a,b,c     :   0.454   0.275   0.270
 Solvent:
       unit ellipsoid axis a,b,c     :   0.386   0.322   0.292
 
  solvent anisotropy            :     1.133
  solute anisotropy             :     1.245
  roff inner wall               :     0.933
  solute max dist               :    14.199
  solvent max dist              :     7.283
  inner unit axis               :     0.581     0.214     0.206
  inner ellipsoid/Bohr          :    15.104     5.556     5.357
  scaling factor outer ellipsoid:     1.000
  outer ellipsoid/Bohr          :    14.794     8.973     8.811
 
  Size  E /Eh       De/kcal   Detot/kcal  Density   Efix         R   av/act. Surface   Opt
    1   -19.887501   -5.50      -5.50       0.946     -5.315      0.0   0.0     936.8   normal
    2   -24.965833   -4.89     -10.38       0.951     -6.055      6.3   7.5    1144.3   normal
    3   -30.056276  -12.49     -22.87       1.004     -6.721      6.8   7.0    1284.8   normal
    4   -35.142599   -9.90     -32.77       1.040     -7.328      6.9   5.8    1434.2   normal
    5   -40.222985   -6.18     -38.95       1.037     -7.888      6.7   6.5    1633.0   normal
    6   -45.307520   -8.78     -47.73       1.050     -8.413      6.6   6.0    1804.9   normal
    7   -50.390168   -7.60     -55.32       1.055     -8.908      6.5   7.6    1988.3   normal
    8   -55.479459  -11.76     -67.08       1.060     -9.378      6.9   7.5    2170.2   normal
    9   -60.562741   -7.99     -75.08       1.062     -9.825      7.0   9.4    2355.6   normal
   10   -65.659281  -16.31     -91.39       1.066    -10.254      7.8  10.5    2535.9   normal
   11   -70.746760  -10.63    -102.02       1.083    -10.665      7.9   6.0    2682.9   normal
   12   -75.839366  -13.84    -115.86       1.103    -11.062      7.8   6.9    2815.8   normal
   13   -80.927808  -11.23    -127.09       1.117    -11.445      7.7   7.5    2963.3   normal
   14   -86.015664  -10.86    -137.95       1.125    -11.815      7.7   7.8    3121.8   normal
   15   -91.102448  -10.19    -148.14       1.140    -12.174      7.6   7.7    3256.2   normal
   16   -96.196734  -14.90    -163.04       1.153    -12.524      7.7   9.4    3393.6   normal
   17  -101.280903   -8.55    -171.59       1.152    -12.863      7.8  12.9    3573.8   normal
   18  -106.371419  -12.53    -184.12       1.154    -13.194      8.1   7.8    3743.4   normal
   19  -111.463866  -13.74    -197.87       1.160    -13.517      8.1   6.6    3895.6   normal
   20  -116.551780  -10.90    -208.77       1.166    -13.832      8.0   7.1    4048.4   normal
   21  -121.638892  -10.40    -219.16       1.168    -14.140      8.0   9.2    4214.9   normal
   22  -126.723880   -9.06    -228.23       1.173    -14.442      8.1   7.0    4370.3   normal
   23  -131.804156   -6.11    -234.33       1.165    -14.736      8.0  12.4    4574.7   normal
   24  -136.900972  -16.49    -250.82       1.170    -15.027      8.3  11.9    4726.9   normal
   25  -141.991015  -12.24    -263.06       1.176    -15.311      8.4  10.3    4874.1   normal
   26  -147.079068  -10.99    -274.04       1.179    -15.590      8.5  14.0    5033.9   normal
   27  -152.164943   -9.62    -283.66       1.187    -15.864      8.6   7.4    5168.4   normal
   28  -157.255818  -12.76    -296.42       1.186    -16.134      8.6   9.6    5344.4   normal
   29  -162.348704  -14.02    -310.44       1.194    -16.400      8.7   7.2    5477.6   normal
   30  -167.438965  -12.37    -322.81       1.198    -16.661      8.6  11.1    5627.4   normal
   31  -172.529985  -12.85    -335.66       1.205    -16.918      8.6   8.9    5759.7   normal
   32  -177.618812  -11.47    -347.13       1.207    -17.171      8.7   9.3    5921.5   normal
   33  -182.707827  -11.59    -358.72       1.211    -17.421      8.7  13.0    6064.8   normal
   34  -187.796154  -11.16    -369.88       1.214    -17.666      8.8  10.2    6218.5   normal
   35  -192.885232  -11.63    -381.51       1.216    -17.909      8.8  14.5    6372.1   normal
   36  -197.974395  -11.68    -393.20       1.215    -18.148      9.0  14.2    6545.1   normal
   37  -203.063948  -11.93    -405.12       1.216    -18.385      9.2  11.9    6706.2   normal
   38  -208.147920   -8.43    -413.55       1.213    -18.617      9.3  15.1    6888.7   normal
   39  -213.236736  -11.47    -425.02       1.211    -18.848      9.4  15.4    7066.2   normal
   40  -218.334105  -16.83    -441.85       1.224    -19.076      9.6  11.8    7158.2   normal
   41  -223.423633  -11.91    -453.76       1.225    -19.301      9.6   9.7    7316.2   normal
   42  -228.516702  -14.13    -467.89       1.226    -19.524      9.6  12.3    7475.7   normal
   43  -233.601651   -9.04    -476.93       1.225    -19.743      9.7  11.0    7642.5   normal
   44  -238.689994  -11.17    -488.10       1.226    -19.960      9.7  11.5    7800.9   normal
   45  -243.779841  -12.11    -500.22       1.231    -20.175      9.8  10.2    7936.0   normal
 
  Growth finished after 45 solvents added
  Results can be found in grow directory
  Energy list in file <qcg_energy.dat>
  Interaction energy in file <qcg_conv.dat>
  Growing process in <qcg_grow.xyz>
  Final geometry after grow in <cluster.coord> and <cluster.xyz>
  Potentials and geometry written in <cluster_cavity.coord> and <twopot_cavity.coord>
 
  =========================================
  |   quantum cluster growth: ENSEMBLE    |
  =========================================
 
   Method for ensemble search:--gff               
 Starting ensemble cluster generation by CREST routine
 
------------------------------------------------
Generating MTD length from a flexibility measure
------------------------------------------------
 System flexiblity is set to 1.0 for NCI mode
 flexibility measure :   1.000
 t(MTD) / ps set by command line  :    10.0
 t(MTD) / ps    :    10.0
 Σ(t(MTD)) / ps :   120.0 (12 MTDs)
 
-------------------------------------
Starting a trial MTD to test settings
-------------------------------------
 Estimated runtime for one MTD (10.0 ps) on a single thread: 3 min 54 sec
 Estimated runtime for a batch of 12 MTDs on 25 threads: 1 min 57 sec
 
 list of Vbias parameters applied:
$metadyn    0.00125   1.000
$metadyn    0.00083   1.000
$metadyn    0.00056   1.000
$metadyn    0.00125   0.667
$metadyn    0.00083   0.667
$metadyn    0.00056   0.667
$metadyn    0.00125   0.444
$metadyn    0.00083   0.444
$metadyn    0.00056   0.444
$metadyn    0.00125   0.296
$metadyn    0.00083   0.296
$metadyn    0.00056   0.296
 
*******************************************************************************************
**                        N E W    I T E R A T I O N    C Y C L E                        **
*******************************************************************************************
 
========================================
            MTD Iteration  1
========================================
 
     ========================================
     |         Meta-MD (MTD) Sampling       |
     ========================================
 
Starting Meta-MD   2 with the settings:
     MD time /ps        :    10.0
     dt /fs             :     1.5
     dumpstep(trj) /fs  :     200
     dumpstep(Vbias)/ps :     1.0
     Vbias factor k /Eh :  0.1217
     Vbias exp α /bohr⁻²:    1.00
Starting Meta-MD   4 with the settings:
     MD time /ps        :    10.0
     dt /fs             :     1.5
     dumpstep(trj) /fs  :     200
     dumpstep(Vbias)/ps :     1.0
     Vbias factor k /Eh :  0.1825
     Vbias exp α /bohr⁻²:    0.67
Starting Meta-MD   3 with the settings:
     MD time /ps        :    10.0
     dt /fs             :     1.5
     dumpstep(trj) /fs  :     200
     dumpstep(Vbias)/ps :     1.0
     Vbias factor k /Eh :  0.0811
     Vbias exp α /bohr⁻²:    1.00
Starting Meta-MD   8 with the settings:
     MD time /ps        :    10.0
     dt /fs             :     1.5
     dumpstep(trj) /fs  :     200
     dumpstep(Vbias)/ps :     1.0
     Vbias factor k /Eh :  0.1217
     Vbias exp α /bohr⁻²:    0.44
Starting Meta-MD  12 with the settings:
     MD time /ps        :    10.0
     dt /fs             :     1.5
     dumpstep(trj) /fs  :     200
     dumpstep(Vbias)/ps :     1.0
     Vbias factor k /Eh :  0.0811
     Vbias exp α /bohr⁻²:    0.30
Starting Meta-MD   6 with the settings:
     MD time /ps        :    10.0
     dt /fs             :     1.5
     dumpstep(trj) /fs  :     200
     dumpstep(Vbias)/ps :     1.0
     Vbias factor k /Eh :  0.0811
     Vbias exp α /bohr⁻²:    0.67
Starting Meta-MD  10 with the settings:
     MD time /ps        :    10.0
     dt /fs             :     1.5
     dumpstep(trj) /fs  :     200
     dumpstep(Vbias)/ps :     1.0
     Vbias factor k /Eh :  0.1825
     Vbias exp α /bohr⁻²:    0.30
Starting Meta-MD  11 with the settings:
     MD time /ps        :    10.0
     dt /fs             :     1.5
     dumpstep(trj) /fs  :     200
     dumpstep(Vbias)/ps :     1.0
     Vbias factor k /Eh :  0.1217
     Vbias exp α /bohr⁻²:    0.30
Starting Meta-MD   9 with the settings:
     MD time /ps        :    10.0
     dt /fs             :     1.5
     dumpstep(trj) /fs  :     200
     dumpstep(Vbias)/ps :     1.0
     Vbias factor k /Eh :  0.0811
     Vbias exp α /bohr⁻²:    0.44
Starting Meta-MD   1 with the settings:
     MD time /ps        :    10.0
     dt /fs             :     1.5
     dumpstep(trj) /fs  :     200
     dumpstep(Vbias)/ps :     1.0
     Vbias factor k /Eh :  0.1825
     Vbias exp α /bohr⁻²:    1.00
Starting Meta-MD   5 with the settings:
     MD time /ps        :    10.0
     dt /fs             :     1.5
     dumpstep(trj) /fs  :     200
     dumpstep(Vbias)/ps :     1.0
     Vbias factor k /Eh :  0.1217
     Vbias exp α /bohr⁻²:    0.67
Starting Meta-MD   7 with the settings:
     MD time /ps        :    10.0
     dt /fs             :     1.5
     dumpstep(trj) /fs  :     200
     dumpstep(Vbias)/ps :     1.0
     Vbias factor k /Eh :  0.1825
     Vbias exp α /bohr⁻²:    0.44
*Meta-MTD 4 finished*
*Meta-MTD 9 finished*
*Meta-MTD 10 finished*
*Meta-MTD 1 finished*
*Meta-MTD 6 finished*
*Meta-MTD 2 finished*
*Meta-MTD 12 finished*
*Meta-MTD 8 finished*
*Meta-MTD 7 finished*
*Meta-MTD 11 finished*
*Meta-MTD 3 finished*
*Meta-MTD 5 finished*
 
-----------------------
Multilevel Optimization
-----------------------
 
 -------------------------
 1. crude pre-optimization
 -------------------------
 Optimizing all 600 structures from file "crest_rotamers_0.xyz" ...
 1 2 3 4 5 6 7 8 9 10 11 12 13 14 15 16 17 18 19 20 21 22 23 24 25 26 27 28 29 30 31 32 33 34 35 36 37 38 39 40 41 42 43 44 45 46 47 48 49 50 51 52 53 54 55 56 57 58 59 60 61 62 63 64 65 66 67 68 69 70 71 72 73 74 75 76 77 78 79 80 81 82 83 84 85 86 87 88 89 90 91 92 93 94 95 96 97 98 99 100 101 102 103 104 105 106 107 108 109 110 111 112 113 114 115 116 117 118 119 120 121 122 123 124 125 126 127 128 129 130 131 132 133 134 135 136 137 138 139 140 141 142 143 144 145 146 147 148 149 150 151 152 153 154 155 156 157 158 159 160 161 162 163 164 165 166 167 168 169 170 171 172 173 174 175 176 177 178 179 180 181 182 183 184 185 186 187 188 189 190 191 192 193 194 195 196 197 198 199 200 201 202 203 204 205 206 207 208 209 210 211 212 213 214 215 216 217 218 219 220 221 222 223 224 225 226 227 228 229 230 231 232 233 234 235 236 237 238 239 240 241 242 243 244 245 246 247 248 249 250 251 252 253 254 255 256 257 258 259 260 261 262 263 264 265 266 267 268 269 270 271 272 273 274 275 276 277 278 279 280 281 282 283 284 285 286 287 288 289 290 291 292 293 294 295 296 297 298 299 300 301 302 303 304 305 306 307 308 309 310 311 312 313 314 315 316 317 318 319 320 321 322 323 324 325 326 327 328 329 330 331 332 333 334 335 336 337 338 339 340 341 342 343 344 345 346 347 348 349 350 351 352 353 354 355 356 357 358 359 360 361 362 363 364 365 366 367 368 369 370 371 372 373 374 375 376 377 378 379 380 381 382 383 384 385 386 387 388 389 390 391 392 393 394 395 396 397 398 399 400 401 402 403 404 405 406 407 408 409 410 411 412 413 414 415 416 417 418 419 420 421 422 423 424 425 426 427 428 429 430 431 432 433 434 435 436 437 438 439 440 441 442 443 444 445 446 447 448 449 450 451 452 453 454 455 456 457 458 459 460 461 462 463 464 465 466 467 468 469 470 471 472 473 474 475 476 477 478 479 480 481 482 483 484 485 486 487 488 489 490 491 492 493 494 495 496 497 498 499 500 501 502 503 504 505 506 507 508 509 510 511 512 513 514 515 516 517 518 519 520 521 522 523 524 525 526 527 528 529 530 531 532 533 534 535 536 537 538 539 540 541 542 543 544 545 546 547 548 549 550 551 552 553 554 555 556 557 558 559 560 561 562 563 564 565 566 567 568 569 570 571 572 573 574 575 576 577 578 579 580 581 582 583 584 585 586 587 588 589 590 591 592 593 594 595 596 597 598 599 600
 done.
 input  file name : crest_rotamers_1.xyz
 output file name : crest_rotamers_2.xyz
 reference state Etot :  -17.0206329100000     
 600 structures remain within     6.00 kcal/mol window
 
 
========================================
            MTD Iteration  2
========================================
 
     ========================================
     |         Meta-MD (MTD) Sampling       |
     ========================================
 
Starting Meta-MD   1 with the settings:
     MD time /ps        :    10.0
     dt /fs             :     1.5
     dumpstep(trj) /fs  :     200
     dumpstep(Vbias)/ps :     1.0
     Vbias factor k /Eh :  0.1825
     Vbias exp α /bohr⁻²:    1.00
Starting Meta-MD   2 with the settings:
     MD time /ps        :    10.0
     dt /fs             :     1.5
     dumpstep(trj) /fs  :     200
     dumpstep(Vbias)/ps :     1.0
     Vbias factor k /Eh :  0.1217
     Vbias exp α /bohr⁻²:    1.00
Starting Meta-MD   3 with the settings:
     MD time /ps        :    10.0
     dt /fs             :     1.5
     dumpstep(trj) /fs  :     200
     dumpstep(Vbias)/ps :     1.0
     Vbias factor k /Eh :  0.0811
     Vbias exp α /bohr⁻²:    1.00
Starting Meta-MD  10 with the settings:
     MD time /ps        :    10.0
     dt /fs             :     1.5
     dumpstep(trj) /fs  :     200
     dumpstep(Vbias)/ps :     1.0
     Vbias factor k /Eh :  0.1825
     Vbias exp α /bohr⁻²:    0.30
Starting Meta-MD   4 with the settings:
     MD time /ps        :    10.0
     dt /fs             :     1.5
     dumpstep(trj) /fs  :     200
     dumpstep(Vbias)/ps :     1.0
     Vbias factor k /Eh :  0.1825
     Vbias exp α /bohr⁻²:    0.67
Starting Meta-MD   5 with the settings:
     MD time /ps        :    10.0
     dt /fs             :     1.5
     dumpstep(trj) /fs  :     200
     dumpstep(Vbias)/ps :     1.0
     Vbias factor k /Eh :  0.1217
     Vbias exp α /bohr⁻²:    0.67
Starting Meta-MD   6 with the settings:
     MD time /ps        :    10.0
     dt /fs             :     1.5
     dumpstep(trj) /fs  :     200
     dumpstep(Vbias)/ps :     1.0
     Vbias factor k /Eh :  0.0811
     Vbias exp α /bohr⁻²:    0.67
Starting Meta-MD   7 with the settings:
     MD time /ps        :    10.0
     dt /fs             :     1.5
     dumpstep(trj) /fs  :     200
     dumpstep(Vbias)/ps :     1.0
     Vbias factor k /Eh :  0.1825
     Vbias exp α /bohr⁻²:    0.44
Starting Meta-MD   8 with the settings:
     MD time /ps        :    10.0
     dt /fs             :     1.5
     dumpstep(trj) /fs  :     200
     dumpstep(Vbias)/ps :     1.0
     Vbias factor k /Eh :  0.1217
     Vbias exp α /bohr⁻²:    0.44
Starting Meta-MD   9 with the settings:
     MD time /ps        :    10.0
     dt /fs             :     1.5
     dumpstep(trj) /fs  :     200
     dumpstep(Vbias)/ps :     1.0
     Vbias factor k /Eh :  0.0811
     Vbias exp α /bohr⁻²:    0.44
*Meta-MTD 7 finished*
*Meta-MTD 3 finished*
*Meta-MTD 6 finished*
*Meta-MTD 2 finished*
*Meta-MTD 8 finished*
*Meta-MTD 10 finished*
*Meta-MTD 5 finished*
*Meta-MTD 9 finished*
*Meta-MTD 1 finished*
*Meta-MTD 4 finished*
 
-----------------------
Multilevel Optimization
-----------------------
 
 -------------------------
 1. crude pre-optimization
 -------------------------
 Optimizing all 500 structures from file "crest_rotamers_0.xyz" ...
 1 2 3 4 5 6 7 8 9 10 11 12 13 14 15 16 17 18 19 20 21 22 23 24 25 26 27 28 29 30 31 32 33 34 35 36 37 38 39 40 41 42 43 44 45 46 47 48 49 50 51 52 53 54 55 56 57 58 59 60 61 62 63 64 65 66 67 68 69 70 71 72 73 74 75 76 77 78 79 80 81 82 83 84 85 86 87 88 89 90 91 92 93 94 95 96 97 98 99 100 101 102 103 104 105 106 107 108 109 110 111 112 113 114 115 116 117 118 119 120 121 122 123 124 125 126 127 128 129 130 131 132 133 134 135 136 137 138 139 140 141 142 143 144 145 146 147 148 149 150 151 152 153 154 155 156 157 158 159 160 161 162 163 164 165 166 167 168 169 170 171 172 173 174 175 176 177 178 179 180 181 182 183 184 185 186 187 188 189 190 191 192 193 194 195 196 197 198 199 200 201 202 203 204 205 206 207 208 209 210 211 212 213 214 215 216 217 218 219 220 221 222 223 224 225 226 227 228 229 230 231 232 233 234 235 236 237 238 239 240 241 242 243 244 245 246 247 248 249 250 251 252 253 254 255 256 257 258 259 260 261 262 263 264 265 266 267 268 269 270 271 272 273 274 275 276 277 278 279 280 281 282 283 284 285 286 287 288 289 290 291 292 293 294 295 296 297 298 299 300 301 302 303 304 305 306 307 308 309 310 311 312 313 314 315 316 317 318 319 320 321 322 323 324 325 326 327 328 329 330 331 332 333 334 335 336 337 338 339 340 341 342 343 344 345 346 347 348 349 350 351 352 353 354 355 356 357 358 359 360 361 362 363 364 365 366 367 368 369 370 371 372 373 374 375 376 377 378 379 380 381 382 383 384 385 386 387 388 389 390 391 392 393 394 395 396 397 398 399 400 401 402 403 404 405 406 407 408 409 410 411 412 413 414 415 416 417 418 419 420 421 422 423 424 425 426 427 428 429 430 431 432 433 434 435 436 437 438 439 440 441 442 443 444 445 446 447 448 449 450 451 452 453 454 455 456 457 458 459 460 461 462 463 464 465 466 467 468 469 470 471 472 473 474 475 476 477 478 479 480 481 482 483 484 485 486 487 488 489 490 491 492 493 494 495 496 497 498 499 500
 done.
 input  file name : crest_rotamers_1.xyz
 output file name : crest_rotamers_2.xyz
 reference state Etot :  -17.0310229100000     
 500 structures remain within     6.00 kcal/mol window
 
 ...............................................
 A new lower conformer was found!
 Improved by    0.01039 Eh or    6.51982kcal/mol
 ...............................................
 
========================================
            MTD Iteration  3
========================================
 
     ========================================
     |         Meta-MD (MTD) Sampling       |
     ========================================
 
Starting Meta-MD   1 with the settings:
     MD time /ps        :    10.0
     dt /fs             :     1.5
     dumpstep(trj) /fs  :     200
     dumpstep(Vbias)/ps :     1.0
     Vbias factor k /Eh :  0.1825
     Vbias exp α /bohr⁻²:    1.00
Starting Meta-MD   2 with the settings:
     MD time /ps        :    10.0
     dt /fs             :     1.5
     dumpstep(trj) /fs  :     200
     dumpstep(Vbias)/ps :     1.0
     Vbias factor k /Eh :  0.1217
     Vbias exp α /bohr⁻²:    1.00
Starting Meta-MD   3 with the settings:
     MD time /ps        :    10.0
     dt /fs             :     1.5
     dumpstep(trj) /fs  :     200
     dumpstep(Vbias)/ps :     1.0
     Vbias factor k /Eh :  0.0811
     Vbias exp α /bohr⁻²:    1.00
Starting Meta-MD   4 with the settings:
     MD time /ps        :    10.0
     dt /fs             :     1.5
     dumpstep(trj) /fs  :     200
     dumpstep(Vbias)/ps :     1.0
     Vbias factor k /Eh :  0.1825
     Vbias exp α /bohr⁻²:    0.67
Starting Meta-MD   5 with the settings:
     MD time /ps        :    10.0
     dt /fs             :     1.5
     dumpstep(trj) /fs  :     200
     dumpstep(Vbias)/ps :     1.0
     Vbias factor k /Eh :  0.1217
     Vbias exp α /bohr⁻²:    0.67
Starting Meta-MD   6 with the settings:
     MD time /ps        :    10.0
     dt /fs             :     1.5
     dumpstep(trj) /fs  :     200
     dumpstep(Vbias)/ps :     1.0
     Vbias factor k /Eh :  0.0811
     Vbias exp α /bohr⁻²:    0.67
Starting Meta-MD   7 with the settings:
     MD time /ps        :    10.0
     dt /fs             :     1.5
     dumpstep(trj) /fs  :     200
     dumpstep(Vbias)/ps :     1.0
     Vbias factor k /Eh :  0.1825
     Vbias exp α /bohr⁻²:    0.44
Starting Meta-MD   8 with the settings:
     MD time /ps        :    10.0
     dt /fs             :     1.5
     dumpstep(trj) /fs  :     200
     dumpstep(Vbias)/ps :     1.0
     Vbias factor k /Eh :  0.1217
     Vbias exp α /bohr⁻²:    0.44
Starting Meta-MD  10 with the settings:
     MD time /ps        :    10.0
     dt /fs             :     1.5
     dumpstep(trj) /fs  :     200
     dumpstep(Vbias)/ps :     1.0
     Vbias factor k /Eh :  0.1825
     Vbias exp α /bohr⁻²:    0.30
Starting Meta-MD   9 with the settings:
     MD time /ps        :    10.0
     dt /fs             :     1.5
     dumpstep(trj) /fs  :     200
     dumpstep(Vbias)/ps :     1.0
     Vbias factor k /Eh :  0.0811
     Vbias exp α /bohr⁻²:    0.44
*Meta-MTD 7 finished*
*Meta-MTD 10 finished*
*Meta-MTD 4 finished*
*Meta-MTD 8 finished*
*Meta-MTD 2 finished*
*Meta-MTD 6 finished*
*Meta-MTD 1 finished*
*Meta-MTD 9 finished*
*Meta-MTD 3 finished*
*Meta-MTD 5 finished*
 
-----------------------
Multilevel Optimization
-----------------------
 
 -------------------------
 1. crude pre-optimization
 -------------------------
 Optimizing all 500 structures from file "crest_rotamers_0.xyz" ...
 1 2 3 4 5 6 7 8 9 10 11 12 13 14 15 16 17 18 19 20 21 22 23 24 25 26 27 28 29 30 31 32 33 34 35 36 37 38 39 40 41 42 43 44 45 46 47 48 49 50 51 52 53 54 55 56 57 58 59 60 61 62 63 64 65 66 67 68 69 70 71 72 73 74 75 76 77 78 79 80 81 82 83 84 85 86 87 88 89 90 91 92 93 94 95 96 97 98 99 100 101 102 103 104 105 106 107 108 109 110 111 112 113 114 115 116 117 118 119 120 121 122 123 124 125 126 127 128 129 130 131 132 133 134 135 136 137 138 139 140 141 142 143 144 145 146 147 148 149 150 151 152 153 154 155 156 157 158 159 160 161 162 163 164 165 166 167 168 169 170 171 172 173 174 175 176 177 178 179 180 181 182 183 184 185 186 187 188 189 190 191 192 193 194 195 196 197 198 199 200 201 202 203 204 205 206 207 208 209 210 211 212 213 214 215 216 217 218 219 220 221 222 223 224 225 226 227 228 229 230 231 232 233 234 235 236 237 238 239 240 241 242 243 244 245 246 247 248 249 250 251 252 253 254 255 256 257 258 259 260 261 262 263 264 265 266 267 268 269 270 271 272 273 274 275 276 277 278 279 280 281 282 283 284 285 286 287 288 289 290 291 292 293 294 295 296 297 298 299 300 301 302 303 304 305 306 307 308 309 310 311 312 313 314 315 316 317 318 319 320 321 322 323 324 325 326 327 328 329 330 331 332 333 334 335 336 337 338 339 340 341 342 343 344 345 346 347 348 349 350 351 352 353 354 355 356 357 358 359 360 361 362 363 364 365 366 367 368 369 370 371 372 373 374 375 376 377 378 379 380 381 382 383 384 385 386 387 388 389 390 391 392 393 394 395 396 397 398 399 400 401 402 403 404 405 406 407 408 409 410 411 412 413 414 415 416 417 418 419 420 421 422 423 424 425 426 427 428 429 430 431 432 433 434 435 436 437 438 439 440 441 442 443 444 445 446 447 448 449 450 451 452 453 454 455 456 457 458 459 460 461 462 463 464 465 466 467 468 469 470 471 472 473 474 475 476 477 478 479 480 481 482 483 484 485 486 487 488 489 490 491 492 493 494 495 496 497 498 499 500
 done.
 input  file name : crest_rotamers_1.xyz
 output file name : crest_rotamers_2.xyz
 reference state Etot :  -17.0338237000000     
 500 structures remain within     6.00 kcal/mol window
 
 ...............................................
 A new lower conformer was found!
 Improved by    0.00280 Eh or    1.75752kcal/mol
 ...............................................
 
========================================
            MTD Iteration  4
========================================
 
     ========================================
     |         Meta-MD (MTD) Sampling       |
     ========================================
 
Starting Meta-MD   1 with the settings:
     MD time /ps        :    10.0
     dt /fs             :     1.5
     dumpstep(trj) /fs  :     200
     dumpstep(Vbias)/ps :     1.0
     Vbias factor k /Eh :  0.1825
     Vbias exp α /bohr⁻²:    1.00
Starting Meta-MD   2 with the settings:
     MD time /ps        :    10.0
     dt /fs             :     1.5
     dumpstep(trj) /fs  :     200
     dumpstep(Vbias)/ps :     1.0
     Vbias factor k /Eh :  0.1217
     Vbias exp α /bohr⁻²:    1.00
Starting Meta-MD   3 with the settings:
     MD time /ps        :    10.0
     dt /fs             :     1.5
     dumpstep(trj) /fs  :     200
     dumpstep(Vbias)/ps :     1.0
     Vbias factor k /Eh :  0.0811
     Vbias exp α /bohr⁻²:    1.00
Starting Meta-MD   4 with the settings:
     MD time /ps        :    10.0
     dt /fs             :     1.5
     dumpstep(trj) /fs  :     200
     dumpstep(Vbias)/ps :     1.0
     Vbias factor k /Eh :  0.1825
     Vbias exp α /bohr⁻²:    0.67
Starting Meta-MD   5 with the settings:
     MD time /ps        :    10.0
     dt /fs             :     1.5
     dumpstep(trj) /fs  :     200
     dumpstep(Vbias)/ps :     1.0
     Vbias factor k /Eh :  0.1217
     Vbias exp α /bohr⁻²:    0.67
Starting Meta-MD   6 with the settings:
     MD time /ps        :    10.0
     dt /fs             :     1.5
     dumpstep(trj) /fs  :     200
     dumpstep(Vbias)/ps :     1.0
     Vbias factor k /Eh :  0.0811
     Vbias exp α /bohr⁻²:    0.67
Starting Meta-MD   7 with the settings:
     MD time /ps        :    10.0
     dt /fs             :     1.5
     dumpstep(trj) /fs  :     200
     dumpstep(Vbias)/ps :     1.0
     Vbias factor k /Eh :  0.1825
     Vbias exp α /bohr⁻²:    0.44
Starting Meta-MD   8 with the settings:
     MD time /ps        :    10.0
     dt /fs             :     1.5
     dumpstep(trj) /fs  :     200
     dumpstep(Vbias)/ps :     1.0
     Vbias factor k /Eh :  0.1217
     Vbias exp α /bohr⁻²:    0.44
Starting Meta-MD   9 with the settings:
     MD time /ps        :    10.0
     dt /fs             :     1.5
     dumpstep(trj) /fs  :     200
     dumpstep(Vbias)/ps :     1.0
     Vbias factor k /Eh :  0.0811
     Vbias exp α /bohr⁻²:    0.44
Starting Meta-MD  10 with the settings:
     MD time /ps        :    10.0
     dt /fs             :     1.5
     dumpstep(trj) /fs  :     200
     dumpstep(Vbias)/ps :     1.0
     Vbias factor k /Eh :  0.1825
     Vbias exp α /bohr⁻²:    0.30
*Meta-MTD 7 finished*
*Meta-MTD 4 finished*
*Meta-MTD 2 finished*
*Meta-MTD 1 finished*
*Meta-MTD 5 finished*
*Meta-MTD 6 finished*
*Meta-MTD 10 finished*
*Meta-MTD 3 finished*
*Meta-MTD 9 finished*
*Meta-MTD 8 finished*
 
-----------------------
Multilevel Optimization
-----------------------
 
 -------------------------
 1. crude pre-optimization
 -------------------------
 Optimizing all 500 structures from file "crest_rotamers_0.xyz" ...
 1 2 3 4 5 6 7 8 9 10 11 12 13 14 15 16 17 18 19 20 21 22 23 24 25 26 27 28 29 30 31 32 33 34 35 36 37 38 39 40 41 42 43 44 45 46 47 48 49 50 51 52 53 54 55 56 57 58 59 60 61 62 63 64 65 66 67 68 69 70 71 72 73 74 75 76 77 78 79 80 81 82 83 84 85 86 87 88 89 90 91 92 93 94 95 96 97 98 99 100 101 102 103 104 105 106 107 108 109 110 111 112 113 114 115 116 117 118 119 120 121 122 123 124 125 126 127 128 129 130 131 132 133 134 135 136 137 138 139 140 141 142 143 144 145 146 147 148 149 150 151 152 153 154 155 156 157 158 159 160 161 162 163 164 165 166 167 168 169 170 171 172 173 174 175 176 177 178 179 180 181 182 183 184 185 186 187 188 189 190 191 192 193 194 195 196 197 198 199 200 201 202 203 204 205 206 207 208 209 210 211 212 213 214 215 216 217 218 219 220 221 222 223 224 225 226 227 228 229 230 231 232 233 234 235 236 237 238 239 240 241 242 243 244 245 246 247 248 249 250 251 252 253 254 255 256 257 258 259 260 261 262 263 264 265 266 267 268 269 270 271 272 273 274 275 276 277 278 279 280 281 282 283 284 285 286 287 288 289 290 291 292 293 294 295 296 297 298 299 300 301 302 303 304 305 306 307 308 309 310 311 312 313 314 315 316 317 318 319 320 321 322 323 324 325 326 327 328 329 330 331 332 333 334 335 336 337 338 339 340 341 342 343 344 345 346 347 348 349 350 351 352 353 354 355 356 357 358 359 360 361 362 363 364 365 366 367 368 369 370 371 372 373 374 375 376 377 378 379 380 381 382 383 384 385 386 387 388 389 390 391 392 393 394 395 396 397 398 399 400 401 402 403 404 405 406 407 408 409 410 411 412 413 414 415 416 417 418 419 420 421 422 423 424 425 426 427 428 429 430 431 432 433 434 435 436 437 438 439 440 441 442 443 444 445 446 447 448 449 450 451 452 453 454 455 456 457 458 459 460 461 462 463 464 465 466 467 468 469 470 471 472 473 474 475 476 477 478 479 480 481 482 483 484 485 486 487 488 489 490 491 492 493 494 495 496 497 498 499 500
 done.
 input  file name : crest_rotamers_1.xyz
 output file name : crest_rotamers_2.xyz
 reference state Etot :  -17.0369581900000     
 500 structures remain within     6.00 kcal/mol window
 
 ...............................................
 A new lower conformer was found!
 Improved by    0.00313 Eh or    1.96692kcal/mol
 ...............................................
 
========================================
            MTD Iteration  5
========================================
 
     ========================================
     |         Meta-MD (MTD) Sampling       |
     ========================================
 
Starting Meta-MD   1 with the settings:
     MD time /ps        :    10.0
     dt /fs             :     1.5
     dumpstep(trj) /fs  :     200
     dumpstep(Vbias)/ps :     1.0
     Vbias factor k /Eh :  0.1825
     Vbias exp α /bohr⁻²:    1.00
Starting Meta-MD   2 with the settings:
     MD time /ps        :    10.0
     dt /fs             :     1.5
     dumpstep(trj) /fs  :     200
     dumpstep(Vbias)/ps :     1.0
     Vbias factor k /Eh :  0.1217
     Vbias exp α /bohr⁻²:    1.00
Starting Meta-MD   3 with the settings:
     MD time /ps        :    10.0
     dt /fs             :     1.5
     dumpstep(trj) /fs  :     200
     dumpstep(Vbias)/ps :     1.0
     Vbias factor k /Eh :  0.0811
     Vbias exp α /bohr⁻²:    1.00
Starting Meta-MD   4 with the settings:
     MD time /ps        :    10.0
     dt /fs             :     1.5
     dumpstep(trj) /fs  :     200
     dumpstep(Vbias)/ps :     1.0
     Vbias factor k /Eh :  0.1825
     Vbias exp α /bohr⁻²:    0.67
Starting Meta-MD   5 with the settings:
     MD time /ps        :    10.0
     dt /fs             :     1.5
     dumpstep(trj) /fs  :     200
     dumpstep(Vbias)/ps :     1.0
     Vbias factor k /Eh :  0.1217
     Vbias exp α /bohr⁻²:    0.67
Starting Meta-MD   6 with the settings:
     MD time /ps        :    10.0
     dt /fs             :     1.5
     dumpstep(trj) /fs  :     200
     dumpstep(Vbias)/ps :     1.0
     Vbias factor k /Eh :  0.0811
     Vbias exp α /bohr⁻²:    0.67
Starting Meta-MD   7 with the settings:
     MD time /ps        :    10.0
     dt /fs             :     1.5
     dumpstep(trj) /fs  :     200
     dumpstep(Vbias)/ps :     1.0
     Vbias factor k /Eh :  0.1825
     Vbias exp α /bohr⁻²:    0.44
Starting Meta-MD   8 with the settings:
     MD time /ps        :    10.0
     dt /fs             :     1.5
     dumpstep(trj) /fs  :     200
     dumpstep(Vbias)/ps :     1.0
     Vbias factor k /Eh :  0.1217
     Vbias exp α /bohr⁻²:    0.44
Starting Meta-MD  10 with the settings:
     MD time /ps        :    10.0
     dt /fs             :     1.5
     dumpstep(trj) /fs  :     200
     dumpstep(Vbias)/ps :     1.0
     Vbias factor k /Eh :  0.1825
     Vbias exp α /bohr⁻²:    0.30
Starting Meta-MD   9 with the settings:
     MD time /ps        :    10.0
     dt /fs             :     1.5
     dumpstep(trj) /fs  :     200
     dumpstep(Vbias)/ps :     1.0
     Vbias factor k /Eh :  0.0811
     Vbias exp α /bohr⁻²:    0.44
*Meta-MTD 4 finished*
*Meta-MTD 6 finished*
*Meta-MTD 5 finished*
*Meta-MTD 10 finished*
*Meta-MTD 7 finished*
*Meta-MTD 2 finished*
*Meta-MTD 1 finished*
*Meta-MTD 9 finished*
*Meta-MTD 8 finished*
*Meta-MTD 3 finished*
 
-----------------------
Multilevel Optimization
-----------------------
 
 -------------------------
 1. crude pre-optimization
 -------------------------
 Optimizing all 500 structures from file "crest_rotamers_0.xyz" ...
 1 2 3 4 5 6 7 8 9 10 11 12 13 14 15 16 17 18 19 20 21 22 23 24 25 26 27 28 29 30 31 32 33 34 35 36 37 38 39 40 41 42 43 44 45 46 47 48 49 50 51 52 53 54 55 56 57 58 59 60 61 62 63 64 65 66 67 68 69 70 71 72 73 74 75 76 77 78 79 80 81 82 83 84 85 86 87 88 89 90 91 92 93 94 95 96 97 98 99 100 101 102 103 104 105 106 107 108 109 110 111 112 113 114 115 116 117 118 119 120 121 122 123 124 125 126 127 128 129 130 131 132 133 134 135 136 137 138 139 140 141 142 143 144 145 146 147 148 149 150 151 152 153 154 155 156 157 158 159 160 161 162 163 164 165 166 167 168 169 170 171 172 173 174 175 176 177 178 179 180 181 182 183 184 185 186 187 188 189 190 191 192 193 194 195 196 197 198 199 200 201 202 203 204 205 206 207 208 209 210 211 212 213 214 215 216 217 218 219 220 221 222 223 224 225 226 227 228 229 230 231 232 233 234 235 236 237 238 239 240 241 242 243 244 245 246 247 248 249 250 251 252 253 254 255 256 257 258 259 260 261 262 263 264 265 266 267 268 269 270 271 272 273 274 275 276 277 278 279 280 281 282 283 284 285 286 287 288 289 290 291 292 293 294 295 296 297 298 299 300 301 302 303 304 305 306 307 308 309 310 311 312 313 314 315 316 317 318 319 320 321 322 323 324 325 326 327 328 329 330 331 332 333 334 335 336 337 338 339 340 341 342 343 344 345 346 347 348 349 350 351 352 353 354 355 356 357 358 359 360 361 362 363 364 365 366 367 368 369 370 371 372 373 374 375 376 377 378 379 380 381 382 383 384 385 386 387 388 389 390 391 392 393 394 395 396 397 398 399 400 401 402 403 404 405 406 407 408 409 410 411 412 413 414 415 416 417 418 419 420 421 422 423 424 425 426 427 428 429 430 431 432 433 434 435 436 437 438 439 440 441 442 443 444 445 446 447 448 449 450 451 452 453 454 455 456 457 458 459 460 461 462 463 464 465 466 467 468 469 470 471 472 473 474 475 476 477 478 479 480 481 482 483 484 485 486 487 488 489 490 491 492 493 494 495 496 497 498 499 500
 done.
 input  file name : crest_rotamers_1.xyz
 output file name : crest_rotamers_2.xyz
 reference state Etot :  -17.0399658000000     
 500 structures remain within     6.00 kcal/mol window
 
 ...............................................
 A new lower conformer was found!
 Improved by    0.00301 Eh or    1.88730kcal/mol
 ...............................................
========================================
            MTD Iterations done         
========================================
 Collecting ensmbles.
 running RMSDs...
 done.
 E lowest :   -17.03997
 2 structures remain within     3.00 kcal/mol window
 
-----------------------------------------------
Additional regular MDs on lowest 2 conformer(s)
-----------------------------------------------
Starting MD   1 with the settings:
     MD time /ps        :     5.0
     MD Temperature /K  :   400.0
     dt /fs             :     1.5
     dumpstep(trj) /fs  :     200
Starting MD   4 with the settings:
     MD time /ps        :     5.0
     MD Temperature /K  :   500.0
     dt /fs             :     1.5
     dumpstep(trj) /fs  :     200
Starting MD   3 with the settings:
     MD time /ps        :     5.0
     MD Temperature /K  :   400.0
     dt /fs             :     1.5
     dumpstep(trj) /fs  :     200
Starting MD   2 with the settings:
     MD time /ps        :     5.0
     MD Temperature /K  :   500.0
     dt /fs             :     1.5
     dumpstep(trj) /fs  :     200
*MD 4 finished*
*MD 2 finished*
*MD 1 finished*
*MD 3 finished*
 Appending file crest_rotamers_1.xyz with new structures
 
 --------------------------------------------
 Ensemble optimization with normal thresholds
 --------------------------------------------
 Optimizing all 102 structures from file "crest_rotamers_1.xyz" ...
 1 2 3 4 5 6 7 8 9 10 11 12 13 14 15 16 17 18 19 20 21 22 23 24 25 26 27 28 29 30 31 32 33 34 35 36 37 38 39 40 41 42 43 44 45 46 47 48 49 50 51 52 53 54 55 56 57 58 59 60 61 62 63 64 65 66 67 68 69 70 71 72 73 74 75 76 77 78 79 80 81 82 83 84 85 86 87 88 89 90 91 92 93 94 95 96 97 98 99 100 101 102
 done.
 input  file name : crest_rotamers_2.xyz
 output file name : crest_rotamers_3.xyz
 reference state Etot :  -17.0433064900000     
 102 structures remain within     3.00 kcal/mol window
 
 ...............................................
 A new lower conformer was found!
 Improved by    0.00334 Eh or    2.09631kcal/mol
 ...............................................
 
*******************************************************************************************
**                        N E W    I T E R A T I O N    C Y C L E                        **
*******************************************************************************************
 
========================================
            MTD Iteration  1
========================================
 
     ========================================
     |         Meta-MD (MTD) Sampling       |
     ========================================
 
Starting Meta-MD   1 with the settings:
     MD time /ps        :    10.0
     dt /fs             :     1.5
     dumpstep(trj) /fs  :     200
     dumpstep(Vbias)/ps :     1.0
     Vbias factor k /Eh :  0.1825
     Vbias exp α /bohr⁻²:    1.00
Starting Meta-MD  10 with the settings:
     MD time /ps        :    10.0
     dt /fs             :     1.5
     dumpstep(trj) /fs  :     200
     dumpstep(Vbias)/ps :     1.0
     Vbias factor k /Eh :  0.1825
     Vbias exp α /bohr⁻²:    0.30
Starting Meta-MD   2 with the settings:
     MD time /ps        :    10.0
     dt /fs             :     1.5
     dumpstep(trj) /fs  :     200
     dumpstep(Vbias)/ps :     1.0
     Vbias factor k /Eh :  0.1217
     Vbias exp α /bohr⁻²:    1.00
Starting Meta-MD   3 with the settings:
     MD time /ps        :    10.0
     dt /fs             :     1.5
     dumpstep(trj) /fs  :     200
     dumpstep(Vbias)/ps :     1.0
     Vbias factor k /Eh :  0.0811
     Vbias exp α /bohr⁻²:    1.00
Starting Meta-MD   4 with the settings:
     MD time /ps        :    10.0
     dt /fs             :     1.5
     dumpstep(trj) /fs  :     200
     dumpstep(Vbias)/ps :     1.0
     Vbias factor k /Eh :  0.1825
     Vbias exp α /bohr⁻²:    0.67
Starting Meta-MD   5 with the settings:
     MD time /ps        :    10.0
     dt /fs             :     1.5
     dumpstep(trj) /fs  :     200
     dumpstep(Vbias)/ps :     1.0
     Vbias factor k /Eh :  0.1217
     Vbias exp α /bohr⁻²:    0.67
Starting Meta-MD   6 with the settings:
     MD time /ps        :    10.0
     dt /fs             :     1.5
     dumpstep(trj) /fs  :     200
     dumpstep(Vbias)/ps :     1.0
     Vbias factor k /Eh :  0.0811
     Vbias exp α /bohr⁻²:    0.67
Starting Meta-MD   7 with the settings:
     MD time /ps        :    10.0
     dt /fs             :     1.5
     dumpstep(trj) /fs  :     200
     dumpstep(Vbias)/ps :     1.0
     Vbias factor k /Eh :  0.1825
     Vbias exp α /bohr⁻²:    0.44
Starting Meta-MD   8 with the settings:
     MD time /ps        :    10.0
     dt /fs             :     1.5
     dumpstep(trj) /fs  :     200
     dumpstep(Vbias)/ps :     1.0
     Vbias factor k /Eh :  0.1217
     Vbias exp α /bohr⁻²:    0.44
Starting Meta-MD   9 with the settings:
     MD time /ps        :    10.0
     dt /fs             :     1.5
     dumpstep(trj) /fs  :     200
     dumpstep(Vbias)/ps :     1.0
     Vbias factor k /Eh :  0.0811
     Vbias exp α /bohr⁻²:    0.44
*Meta-MTD 1 finished*
*Meta-MTD 10 finished*
*Meta-MTD 3 finished*
*Meta-MTD 8 finished*
*Meta-MTD 4 finished*
*Meta-MTD 2 finished*
*Meta-MTD 7 finished*
*Meta-MTD 6 finished*
*Meta-MTD 9 finished*
*Meta-MTD 5 finished*
 
-----------------------
Multilevel Optimization
-----------------------
 
 -------------------------
 1. crude pre-optimization
 -------------------------
 Optimizing all 500 structures from file "crest_rotamers_0.xyz" ...
 1 2 3 4 5 6 7 8 9 10 11 12 13 14 15 16 17 18 19 20 21 22 23 24 25 26 27 28 29 30 31 32 33 34 35 36 37 38 39 40 41 42 43 44 45 46 47 48 49 50 51 52 53 54 55 56 57 58 59 60 61 62 63 64 65 66 67 68 69 70 71 72 73 74 75 76 77 78 79 80 81 82 83 84 85 86 87 88 89 90 91 92 93 94 95 96 97 98 99 100 101 102 103 104 105 106 107 108 109 110 111 112 113 114 115 116 117 118 119 120 121 122 123 124 125 126 127 128 129 130 131 132 133 134 135 136 137 138 139 140 141 142 143 144 145 146 147 148 149 150 151 152 153 154 155 156 157 158 159 160 161 162 163 164 165 166 167 168 169 170 171 172 173 174 175 176 177 178 179 180 181 182 183 184 185 186 187 188 189 190 191 192 193 194 195 196 197 198 199 200 201 202 203 204 205 206 207 208 209 210 211 212 213 214 215 216 217 218 219 220 221 222 223 224 225 226 227 228 229 230 231 232 233 234 235 236 237 238 239 240 241 242 243 244 245 246 247 248 249 250 251 252 253 254 255 256 257 258 259 260 261 262 263 264 265 266 267 268 269 270 271 272 273 274 275 276 277 278 279 280 281 282 283 284 285 286 287 288 289 290 291 292 293 294 295 296 297 298 299 300 301 302 303 304 305 306 307 308 309 310 311 312 313 314 315 316 317 318 319 320 321 322 323 324 325 326 327 328 329 330 331 332 333 334 335 336 337 338 339 340 341 342 343 344 345 346 347 348 349 350 351 352 353 354 355 356 357 358 359 360 361 362 363 364 365 366 367 368 369 370 371 372 373 374 375 376 377 378 379 380 381 382 383 384 385 386 387 388 389 390 391 392 393 394 395 396 397 398 399 400 401 402 403 404 405 406 407 408 409 410 411 412 413 414 415 416 417 418 419 420 421 422 423 424 425 426 427 428 429 430 431 432 433 434 435 436 437 438 439 440 441 442 443 444 445 446 447 448 449 450 451 452 453 454 455 456 457 458 459 460 461 462 463 464 465 466 467 468 469 470 471 472 473 474 475 476 477 478 479 480 481 482 483 484 485 486 487 488 489 490 491 492 493 494 495 496 497 498 499 500
 done.
 input  file name : crest_rotamers_1.xyz
 output file name : crest_rotamers_2.xyz
 reference state Etot :  -17.0359124000000     
 500 structures remain within     6.00 kcal/mol window
 
========================================
            MTD Iterations done         
========================================
 Collecting ensmbles.
 running RMSDs...
 done.
 E lowest :   -17.03591
 2 structures remain within     3.00 kcal/mol window
 
-----------------------------------------------
Additional regular MDs on lowest 2 conformer(s)
-----------------------------------------------
Starting MD   4 with the settings:
     MD time /ps        :     5.0
     MD Temperature /K  :   500.0
     dt /fs             :     1.5
     dumpstep(trj) /fs  :     200
Starting MD   1 with the settings:
     MD time /ps        :     5.0
     MD Temperature /K  :   400.0
     dt /fs             :     1.5
     dumpstep(trj) /fs  :     200
Starting MD   2 with the settings:
     MD time /ps        :     5.0
     MD Temperature /K  :   500.0
     dt /fs             :     1.5
     dumpstep(trj) /fs  :     200
Starting MD   3 with the settings:
     MD time /ps        :     5.0
     MD Temperature /K  :   400.0
     dt /fs             :     1.5
     dumpstep(trj) /fs  :     200
*MD 4 finished*
*MD 2 finished*
*MD 1 finished*
*MD 3 finished*
 Appending file crest_rotamers_1.xyz with new structures
 
 --------------------------------------------
 Ensemble optimization with normal thresholds
 --------------------------------------------
 Optimizing all 102 structures from file "crest_rotamers_1.xyz" ...
 1 2 3 4 5 6 7 8 9 10 11 12 13 14 15 16 17 18 19 20 21 22 23 24 25 26 27 28 29 30 31 32 33 34 35 36 37 38 39 40 41 42 43 44 45 46 47 48 49 50 51 52 53 54 55 56 57 58 59 60 61 62 63 64 65 66 67 68 69 70 71 72 73 74 75 76 77 78 79 80 81 82 83 84 85 86 87 88 89 90 91 92 93 94 95 96 97 98 99 100 101 102
 done.
 input  file name : crest_rotamers_2.xyz
 output file name : crest_rotamers_3.xyz
 reference state Etot :  -17.0372607700000     
 102 structures remain within     3.00 kcal/mol window
 
 
 
   ================================================
   |           Final Geometry Optimization        |
   ================================================
 --------------------------------------------
 Ensemble optimization with normal thresholds
 --------------------------------------------
 Optimizing all 102 structures from file "crest_rotamers_3.xyz" ...
 1 2 3 4 5 6 7 8 9 10 11 12 13 14 15 16 17 18 19 20 21 22 23 24 25 26 27 28 29 30 31 32 33 34 35 36 37 38 39 40 41 42 43 44 45 46 47 48 49 50 51 52 53 54 55 56 57 58 59 60 61 62 63 64 65 66 67 68 69 70 71 72 73 74 75 76 77 78 79 80 81 82 83 84 85 86 87 88 89 90 91 92 93 94 95 96 97 98 99 100 101 102
 done.
 input  file name : crest_rotamers_4.xyz
 output file name : crest_rotamers_5.xyz
 reference state Etot :  -17.0372237600000     
 102 structures remain within     3.00 kcal/mol window
 
  GFN2-xTB optimization
 --------------------------------------------
 Ensemble optimization with normal thresholds
 --------------------------------------------
 Optimizing all 102 structures from file "crest_rotamers_5.xyz" ...
 1 2 3 4 5 6 7 8 9 10 11 12 13 14 15 16 17 18 19 20 21 22 23 24 25 26 27 28 29 30 31 32 33 34 35 36 37 38 39 40 41 42 43 44 45 46 47 48 49 50 51 52 53 54 55 56 57 58 59 60 61 62 63 64 65 66 67 68 69 70 71 72 73 74 75 76 77 78 79 80 81 82 83 84 85 86 87 88 89 90 91 92 93 94 95 96 97 98 99 100 101 102
 done.
 
 -------------------------------------------
 Ensemble optimization with tight thresholds
 -------------------------------------------
 Optimizing all 102 structures from file "crest_rotamers_6.xyz" ...
 1 2 3 4 5 6 7 8 9 10 11 12 13 14 15 16 17 18 19 20 21 22 23 24 25 26 27 28 29 30 31 32 33 34 35 36 37 38 39 40 41 42 43 44 45 46 47 48 49 50 51 52 53 54 55 56 57 58 59 60 61 62 63 64 65 66 67 68 69 70 71 72 73 74 75 76 77 78 79 80 81 82 83 84 85 86 87 88 89 90 91 92 93 94 95 96 97 98 99 100 101 102
 done.
 
 
  Single point computation with GBSA model
  102 jobs to do.
 
  done.
 
  Cluster   E /Eh        Density  Efix       R   av/act. Surface   Opt
    1      -243.927554   1.235    0.000    10.3  11.7     3099.6   tight
    2      -243.915422   1.233    0.000    10.4  11.5     3133.2   tight
    3      -243.914055   1.233    0.000    10.3  12.8     3087.6   tight
    4      -243.920860   1.244    0.000    10.1  12.2     2966.7   tight
    5      -243.917267   1.241    0.000     9.9  10.9     2973.8   tight
    6      -243.909028   1.229    0.000    10.4  12.5     3098.1   tight
    7      -243.900667   1.223    0.000    10.3  14.3     3198.5   tight
    8      -243.913317   1.227    0.000     9.7  11.4     3176.5   tight
    9      -243.903540   1.228    0.000    10.3  13.8     3122.4   tight
   10      -243.920023   1.240    0.000    10.3  12.0     2951.2   tight
   11      -243.906240   1.245    0.000    10.2  10.6     2920.2   tight
   12      -243.920408   1.250    0.000    10.1  12.1     2895.8   tight
   13      -243.916546   1.233    0.000    10.2  13.2     3015.0   tight
   14      -243.924547   1.229    0.000    10.3   9.0     3042.6   tight
   15      -243.900269   1.242    0.000     9.8  11.9     2898.9   tight
   16      -243.905330   1.244    0.000    10.0   7.9     2940.0   tight
   17      -243.907543   1.228    0.000    10.0   8.6     3123.5   tight
   18      -243.906634   1.242    0.000    10.9  12.4     2936.8   tight
   19      -243.906876   1.248    0.000    10.1  12.9     2871.8   tight
   20      -243.910397   1.239    0.000     9.8  11.6     2958.6   tight
   21      -243.907385   1.248    0.000    10.1  12.0     2845.6   tight
   22      -243.922034   1.239    0.000    10.4  12.6     3028.1   tight
   23      -243.910215   1.231    0.000    10.1  11.1     3067.9   tight
   24      -243.905860   1.244    0.000    10.0  10.8     2945.2   tight
   25      -243.915200   1.246    0.000     9.5  12.2     2993.5   tight
   26      -243.928254   1.232    0.000    10.0  12.5     3104.1   tight
   27      -243.895679   1.223    0.000    10.1  13.7     3165.4   tight
   28      -243.909990   1.237    0.000    10.2  12.7     2998.2   tight
   29      -243.920022   1.249    0.000    10.3  11.6     2984.2   tight
   30      -243.907157   1.227    0.000     9.9   8.2     3161.9   tight
   31      -243.909333   1.237    0.000    10.1  11.5     2998.1   tight
   32      -243.903119   1.224    0.000     9.9  12.0     3179.7   tight
   33      -243.915355   1.241    0.000     9.7  12.7     3007.9   tight
   34      -243.915985   1.231    0.000    10.4  11.2     3091.2   tight
   35      -243.918805   1.234    0.000    10.1  13.4     3096.8   tight
   36      -243.917103   1.254    0.000    10.0  13.5     2855.5   tight
   37      -243.903067   1.236    0.000    10.0  11.6     3009.8   tight
   38      -243.917191   1.244    0.000     9.9  11.5     3006.9   tight
   39      -243.915789   1.246    0.000     9.6  11.1     2932.7   tight
   40      -243.912626   1.221    0.000    10.3  13.3     3266.8   tight
   41      -243.893225   1.225    0.000    10.5  11.5     3113.3   tight
   42      -243.925836   1.239    0.000     9.8  10.8     3064.9   tight
   43      -243.902023   1.231    0.000    10.1   8.9     3084.1   tight
   44      -243.908824   1.240    0.000    10.8  13.4     3080.4   tight
   45      -243.926410   1.230    0.000    10.4  12.8     3147.7   tight
   46      -243.904282   1.253    0.000    10.3  11.7     2855.2   tight
   47      -243.913940   1.233    0.000     9.8  12.1     3104.6   tight
   48      -243.914544   1.236    0.000     9.6  11.2     3053.0   tight
   49      -243.907709   1.243    0.000    10.1  11.8     2907.1   tight
   50      -243.910923   1.228    0.000    10.2  11.5     3163.6   tight
   51      -243.904851   1.233    0.000     9.9  11.8     3073.7   tight
   52      -243.912485   1.220    0.000    10.0   8.3     3323.4   tight
   53      -243.931445   1.236    0.000     9.6   8.9     3127.3   tight
   54      -243.899178   1.237    0.000    10.5  13.6     2986.3   tight
   55      -243.890360   1.237    0.000    10.2  10.6     2942.5   tight
   56      -243.919479   1.248    0.000    10.2   7.3     2916.4   tight
   57      -243.917535   1.247    0.000     9.7  13.0     2987.0   tight
   58      -243.900212   1.228    0.000    10.0   9.1     3135.8   tight
   59      -243.902252   1.232    0.000    10.0  11.2     3061.3   tight
   60      -243.903116   1.245    0.000     9.5  11.8     2837.1   tight
   61      -243.902656   1.223    0.000    10.1  12.0     3182.4   tight
   62      -243.921697   1.252    0.000     9.9  11.8     2880.6   tight
   63      -243.907107   1.241    0.000    10.2  12.9     2946.8   tight
   64      -243.907674   1.245    0.000    10.8  11.3     2964.4   tight
   65      -243.918134   1.230    0.000    10.5   9.4     3133.0   tight
   66      -243.918468   1.256    0.000     9.9  12.5     2822.2   tight
   67      -243.910964   1.231    0.000    10.2   6.3     3110.0   tight
   68      -243.918451   1.241    0.000    10.1  12.9     2981.9   tight
   69      -243.902401   1.244    0.000    10.0   9.3     2871.0   tight
   70      -243.922177   1.229    0.000    11.6  12.1     3149.9   tight
   71      -243.901564   1.235    0.000     9.8  11.1     3041.8   tight
   72      -243.910903   1.223    0.000    10.7  13.2     3196.3   tight
   73      -243.915680   1.221    0.000     9.7   8.7     3228.6   tight
   74      -243.903245   1.239    0.000     9.8  13.4     3004.3   tight
   75      -243.894436   1.221    0.000    10.2   8.2     3139.2   tight
   76      -243.920655   1.249    0.000     9.9  13.2     2982.9   tight
   77      -243.910881   1.251    0.000    10.7  10.7     2861.4   tight
   78      -243.894272   1.226    0.000    10.4  11.1     3126.9   tight
   79      -243.911212   1.232    0.000     9.7  10.1     3072.6   tight
   80      -243.901592   1.237    0.000    10.4  15.9     3010.8   tight
   81      -243.914681   1.238    0.000     9.7   8.0     3057.5   tight
   82      -243.905251   1.243    0.000    10.4   7.6     2924.4   tight
   83      -243.893094   1.232    0.000    10.0  11.4     3058.0   tight
   84      -243.912129   1.236    0.000     9.6  11.4     3013.2   tight
   85      -243.899873   1.236    0.000    10.4   6.6     2966.2   tight
   86      -243.883583   1.233    0.000     9.6   9.1     3002.5   tight
   87      -243.897659   1.220    0.000     9.6  11.3     3195.3   tight
   88      -243.906426   1.235    0.000     9.9  11.5     3110.9   tight
   89      -243.913077   1.232    0.000    10.6  13.1     3072.0   tight
   90      -243.899346   1.231    0.000    10.7   8.8     3085.8   tight
   91      -243.898126   1.217    0.000    11.1  11.9     3236.8   tight
   92      -243.915175   1.251    0.000    11.2  12.2     2881.4   tight
   93      -243.891385   1.233    0.000    10.4  10.0     3061.0   tight
   94      -243.915841   1.235    0.000     9.9  12.0     3105.9   tight
   95      -243.910208   1.231    0.000    10.5  10.8     3108.6   tight
   96      -243.898094   1.223    0.000     9.7   8.8     3194.0   tight
   97      -243.909628   1.230    0.000    10.1  11.9     3125.3   tight
   98      -243.891754   1.224    0.000    11.0  13.1     3146.8   tight
   99      -243.919402   1.234    0.000    10.0  11.1     3099.7   tight
  100      -243.910881   1.240    0.000     9.7   8.3     2991.9   tight
  101      -243.922798   1.240    0.000    10.1  11.7     2999.2   tight
  102      -243.924972   1.227    0.000    10.4  12.2     3174.1   tight
 
Taking  20 structures
 
  ------------------------------------------------------------------------
  ------------------------------------------------------------------------
  Boltz. averaged energy of final cluster:
       G /Eh     : -243.93149938
       T*S /kcal :  -0.168
 
  Ensemble generation finished.
  Results can be found in ensemble directory
  Lowest energy conformer in file <crest_best.xyz>
  List of full ensemble in file <full_ensemble.xyz>
  List of used ensemble in file <final_ensemble.xyz>
  Thermodynamical data in file <thermo_data>
  Population of full ensemble in file <full_population.dat>
  Population in file <population.dat>
 
 
  ________________________________________________________________________
 
  _________________     Solvent Cluster Generation   _____________________
 
  ________________________________________________________________________
 
 Method for CFF: GFN2-xTB
 
  =========================================
  |   quantum cluster growth: CFF         |
  =========================================
 
  CUT-FREEZE-FILL Algorithm to generate reference solvent cluster
  now adding solvents to fill cluster...
  Size  Cluster   E /Eh        De/kcal   Detot/kcal  Opt
  ------------------------------------------------------------------------
  46       1   -234.167393    -23.03      -23.03    tight
  46       2   -234.152531    -13.01      -13.01    tight
  46       3   -234.160316    -20.44      -20.44    tight
  46       4   -234.151359    -15.75      -15.75    tight
  46       5   -234.157053    -18.11      -18.11    tight
  46       6   -234.152030    -16.37      -16.37    tight
  46       7   -234.150618    -16.62      -16.62    tight
  46       8   -234.154451    -16.18      -16.18    tight
  46       9   -234.156180    -16.40      -16.40    tight
  46      10   -234.165100    -23.95      -23.95    tight
  46      11   -234.153980    -19.87      -19.87    tight
  46      12   -234.157640    -24.71      -24.71    tight
  46      13   -234.157260    -21.90      -21.90    tight
  46      14   -234.146046    -17.13      -17.13    tight
  46      15   -234.157187    -21.76      -21.76    tight
  46      16   -234.160927    -22.73      -22.73    tight
  46      17   -234.156357    -20.06      -20.06    tight
  46      18   -234.153539    -16.05      -16.05    tight
  46      19   -234.148147    -15.86      -15.86    tight
  46      20   -234.150416    -18.30      -18.30    tight
  ------------------------------------------------------------------------
  47       1   -239.265633    -17.38      -40.41    tight
  47       2   -239.254784    -19.90      -32.91    tight
  47       3   -239.264853    -21.33      -41.77    tight
  47       4   -239.243320    -13.44      -29.19    tight
  47       5   -239.240907     -8.35      -26.46    tight
  47       6   -239.242296    -12.38      -28.74    tight
  47       7   -239.246273    -15.76      -32.38    tight
  47       8   -239.256523    -19.78      -35.96    tight
  47       9   -239.250072    -14.65      -31.06    tight
  47      10   -239.259953    -15.25      -39.21    tight
  47      11   -239.238240     -8.61      -28.48    tight
  47      12   -239.261485    -20.90      -45.60    tight
  47      13   -239.258848    -19.48      -41.38    tight
  47      14   -239.246154    -18.55      -35.68    tight
  47      15   -239.263939    -22.72      -44.48    tight
  47      16   -239.260547    -18.25      -40.97    tight
  47      17   -239.247954    -13.21      -33.27    tight
  47      18   -239.260831    -23.06      -39.11    tight
  47      19   -239.245230    -16.65      -32.52    tight
  47      20   -239.237177    -10.18      -28.48    tight
  ------------------------------------------------------------------------
  no more solvents can be placed inside cavity of cluster: 10
  previous cluster taken...
  no more solvents can be placed inside cavity of cluster: 12
  previous cluster taken...
  no more solvents can be placed inside cavity of cluster: 15
  previous cluster taken...
  48       1   -244.351714     -9.75      -50.16    tight
  48       2   -244.340104     -9.27      -42.18    tight
  48       3   -244.353727    -11.50      -53.28    tight
  48       4   -244.356480    -26.74      -55.93    tight
  48       5   -244.350573    -24.55      -51.01    tight
  48       6   -244.353126    -25.28      -54.02    tight
  48       7   -244.359814    -26.98      -59.36    tight
  48       8   -244.348519    -13.46      -49.42    tight
  48       9   -244.348896    -17.75      -48.80    tight
  48      11   -244.342099    -20.91      -49.38    tight
  48      13   -244.355793    -16.57      -57.95    tight
  48      14   -244.347027    -19.03      -54.71    tight
  48      16   -244.346753     -9.83      -50.80    tight
  48      17   -244.348597    -18.89      -52.15    tight
  48      18   -244.351281    -12.49      -51.60    tight
  48      19   -244.355128    -24.69      -57.21    tight
  48      20   -244.329367    -13.58      -42.06    tight
  ------------------------------------------------------------------------
  volume filled
  Starting optimizations + SP  of structures
  17 jobs to do.
 
  done.
 
  Cluster   E /Eh        Density  Efix       R   av/act. Surface   Opt
    1      -229.079732   1.217    0.000     3.3  14.9     3171.8   tight
    2      -229.068848   1.210    0.000     4.8  12.5     3175.7   tight
    3      -229.081619   1.215    0.000     4.7  17.4     3224.2   tight
    4      -229.084200   1.214    0.000     8.1   7.5     3190.8   tight
    5      -229.078662   1.214    0.000     9.1   4.7     3143.4   tight
    6      -229.081055   1.209    0.000     8.8   5.9     3216.3   tight
    7      -229.087502   1.223    0.000     5.0   6.6     2997.7   tight
    8      -229.076736   1.218    0.000     4.9  16.0     3074.8   tight
    9      -229.077090   1.220    0.000     8.5  10.7     3124.6   tight
   10      -229.078679   1.220    0.000     6.1   6.4     3093.8   tight
   11      -229.070779   1.225    0.000     7.6   4.8     2984.6   tight
   12      -229.080145   1.227    0.000     5.7   3.2     3033.1   tight
   13      -229.083556   1.226    0.000     4.3  16.7     3037.4   tight
   14      -229.075337   1.226    0.000    10.0   5.5     2974.4   tight
   15      -229.082495   1.222    0.000     7.2   2.6     3009.2   tight
   16      -229.075081   1.227    0.000     4.8  10.0     3027.3   tight
   17      -229.076810   1.226    0.000     7.7   6.6     2984.6   tight
   18      -229.079326   1.213    0.000     4.3  13.5     3145.7   tight
   19      -229.082932   1.218    0.000     8.3   4.3     3122.6   tight
   20      -229.058782   1.216    0.000    10.2  12.0     3030.8   tight
 
  ------------------------------------------------------------------------
  ------------------------------------------------------------------------
  Boltz. averaged energy of final cluster:
       G /Eh     : -229.08755963
       T*S /kcal :  -0.183
 
  Solvent cluster generation finished.
  Results can be found in solvent_cluster directory
  Structures in file <crest_ensemble.xyz>
  Energies in file <cluster_energy.dat>
  Population in file <population.dat>
 
  =========================================
  |   quantum cluster growth: ESOLV       |
  |                                       |
  |           -22.43 kcal/mol             |
  =========================================
 
  =========================================
  |          Frequency evaluation         |
  =========================================
 
   SOLUTE MOLECULE
  Starting reoptimizations + Frequency computation of ensemble
  1 jobs to do.
 
  done.
   SOLUTE CLUSTER
  Starting reoptimizations + Frequency computation of ensemble
  20 jobs to do.
 
  done.
   SOLVENT CLUSTER
  Starting reoptimizations + Frequency computation of ensemble
  20 jobs to do.
 
  done.
 
   Solute Gas properties
  #       H(T)       SVIB      SROT       STRA      G(T)
       [kcal/mol]    [      cal/mol/K        ]    [kcal/mol]
  --------------------------------------------------------
       63.39      9.83     24.16     38.23     41.85
 
   Solute cluster properties
  #       H(T)       SVIB      SROT       STRA      G(T)
       [kcal/mol]    [      cal/mol/K        ]    [kcal/mol]
  --------------------------------------------------------
  1      812.70    435.99     40.01     46.15    657.02
  2      813.37    446.72     40.07     46.15    654.47
  3      813.37    450.92     40.06     46.15    653.22
  4      813.13    446.23     40.11     46.15    654.37
  5      813.70    448.23     39.99     46.15    654.39
  6      813.60    443.50     40.07     46.15    655.67
  7      813.07    452.40     40.04     46.15    652.49
  8      813.52    447.86     40.04     46.15    654.29
  9      813.02    447.90     40.12     46.15    653.76
  10      813.30    448.86     40.02     46.15    653.78
  11      814.70    453.22     39.96     46.15    653.90
  12      813.68    449.93     40.00     46.15    653.85
  13      813.74    453.94     40.00     46.15    652.72
  14      813.40    447.94     39.95     46.15    654.18
  15      813.77    452.77     40.02     46.15    653.09
  16      813.12    450.42     40.02     46.15    653.14
  17      814.19    451.03     40.03     46.15    654.02
  18      813.68    455.78     40.09     46.15    652.08
  19      813.26    454.16     40.03     46.15    652.16
  20      813.38    450.28     39.98     46.15    653.44
 
   Solvent cluster properties
  #       H(T)       SVIB      SROT       STRA      G(T)
       [kcal/mol]    [      cal/mol/K        ]    [kcal/mol]
  --------------------------------------------------------
  1      747.90    426.54     39.83     45.94    595.15
  2      748.51    413.02     39.59     45.94    599.87
  3      748.41    416.48     39.74     45.94    598.69
  4      747.88    428.61     39.97     45.94    594.48
  5      748.50    415.53     39.73     45.94    599.07
  6      747.92    416.42     39.71     45.94    598.23
  7      748.87    421.57     39.53     45.94    597.69
  8      748.13    427.17     39.65     45.94    595.25
  9      748.19    420.81     39.78     45.94    597.17
  10      748.51    414.42     39.65     45.94    599.43
  11      749.07    420.59     39.56     45.94    598.18
  12      748.42    413.90     39.62     45.94    599.51
  13      748.29    419.37     39.76     45.94    597.71
  14      747.94    427.64     39.68     45.94    594.91
  15      748.59    422.70     39.66     45.94    597.05
  16      748.27    414.43     39.70     45.94    599.18
  17      748.65    416.22     39.73     45.94    599.01
  18      748.20    425.16     39.86     45.94    595.86
  19      748.00    423.87     39.57     45.94    596.13
  20      748.29    419.95     39.78     45.94    597.53
 
 
  ________________________________________________________________________
 
  _________________________     Evaluation    ____________________________
 
  ________________________________________________________________________
 
 
  -----------------------------------------------------
  Gsolv and Hsolv ref. state: [1 M gas/solution] 
  G_solv (incl.RRHO)      =   -4.03 kcal/mol
  H_solv (incl.RRHO)      =  -21.04 kcal/mol
  -----------------------------------------------------
 
  -----------------------------------------------------
  Gsolv and Hsolv ref. state: [1 M gas/solution] 
  G_solv (incl.RRHO)      =   -5.93 kcal/mol
  H_solv (incl.RRHO)      =  -22.94 kcal/mol
  -----------------------------------------------------
 
  -----------------------------------------------------
  Solvation free energies with scaled translational
  and rotational degrees of freedom: Gsolv (scaling)
          >>    -23.47 (0.05)    <<
          >>    -22.55 (0.10)    <<
          >>    -21.63 (0.15)    <<
          >>    -20.70 (0.20)    <<
          >>    -19.78 (0.25)    <<
          >>    -18.86 (0.30)    <<
          >>    -17.93 (0.35)    <<
          >>    -17.01 (0.40)    <<
          >>    -16.09 (0.45)    <<
          >>    -15.16 (0.50)    <<
          >>    -14.24 (0.55)    <<
          >>    -13.31 (0.60)    <<
          >>    -12.39 (0.65)    <<
          >>    -11.47 (0.70)    <<
          >>    -10.54 (0.75)    <<
          >>     -9.62 (0.80)    <<
          >>     -8.70 (0.85)    <<
          >>     -7.77 (0.90)    <<
          >>     -6.85 (0.95)    <<
          >>     -5.93 (1.00)    <<
  -----------------------------------------------------
 
  ==================================================
  |  Gsolv with SCALED RRHO contributions: 0.75    |
  |  [1 bar gas/ 1 M solution]                     |
  |                                                |
  |  G_solv (incl.RRHO)+dV(T)=  -10.54 kcal/mol    |
  ==================================================
 
 
 -----------------
 Wall Time Summary
 -----------------
             test MD wall time :         0h : 0m : 2s
                 MTD wall time :         0h : 4m :18s
      multilevel OPT wall time :         0h : 3m :58s
                  MD wall time :         0h : 1m :16s
                Grow wall time :         0h : 8m :55s
     Solute-Ensemble wall time :         0h :19m :56s
                 CFF wall time :         0h : 4m :56s
         Frequencies wall time :         0h :12m :46s
--------------------
Overall wall time  : 0h :56m :36s
 
 CREST terminated normally.
