 
       ==============================================
       |                                            |
       |                 C R E S T                  |
       |                                            |
       |  Conformer-Rotamer Ensemble Sampling Tool  |
       |          based on the GFN methods          |
       |             P.Pracht, S.Grimme             |
       |          Universitaet Bonn, MCTC           |
       ==============================================
       Version 2.12,   Thu 19. Mai 16:32:32 CEST 2022
  Using the xTB program. Compatible with xTB version 6.4.0
 
   Cite work conducted with this code as

   • P.Pracht, F.Bohle, S.Grimme, PCCP, 2020, 22, 7169-7192.
   • S.Grimme, JCTC, 2019, 15, 2847-2862.

   and for works involving QCG as

   • S.Spicher, C.Plett, P.Pracht, A.Hansen, S.Grimme,
     JCTC, 2022, 18 (5), 3174-3189.
 
   with help from:
   C.Bannwarth, F.Bohle, S.Ehlert, S.Grimme,
   C.Plett, P.Pracht, S.Spicher
 
   This program is distributed in the hope that it will be useful,
   but WITHOUT ANY WARRANTY; without even the implied warranty of
   MERCHANTABILITY or FITNESS FOR A PARTICULAR PURPOSE.

 Command line input:
 > crest input.xyz --qcg water.xyz --chrg 1 --uhf 0 --nsolv 200 --T 40 --gsolv --nclus 20 --gbsa water

 Solute-file: input.xyz
 Solvent-file: water.xyz
  --chrg 1
  --uhf 0
  --T 40 (CPUs/Threads selected)
  --gbsa water : implicit solvation
 
  ========================================
  |           ----------------           |
  |                 Q C G                |
  |           ----------------           |
  |        Quantum Cluster Growth        |
  |       University of Bonn, MCTC       |
  ========================================
   S. Grimme, S. Spicher, C. Plett.
 
   Cite work conducted with this code as

   S. Spicher, C. Plett, P. Pracht, A. Hansen, S. Grimme, JCTC, 2022, 18, 3174-3189.
 
 
  =========================================
  |   quantum cluster growth: INPUT       |
  =========================================
 
  QCG: Calculation of delta G_solv
  Ensemble generated via CREST
 
  input parameters     
  solute                 : input.xyz
  charge                 : 1
  uhf                    : 0
  solvent                : water.xyz
  # of solvents to add   : 200
  # of cluster generated : 20
  # of CPUs used         : 40
  Solvation model        : water               
  xtb opt level          : normal
  System temperature [K] : 298.1
  RRHO scaling factor    : 0.75
 
 Solute geometry
  molecular radius (Bohr**1):    3.06
  molecular area   (Bohr**2):  117.30
  molecular volume (Bohr**3):  119.46
 Solvent geometry
  molecular radius (Bohr**1):    3.88
  molecular area   (Bohr**2):  194.99
  molecular volume (Bohr**3):  244.40
 
  radius of solute    :     4.92
  radius of solvent   :     6.25
 
  =========================================
  |            Preoptimization            |
  =========================================
 
 -------------------------
 xTB Geometry Optimization
 -------------------------
 Geometry successfully optimized.
 Generating LMOs for solute
  Total Energy of solute:       0.2295522 Eh
 
 -------------------------
 xTB Geometry Optimization
 -------------------------
 Geometry successfully optimized.
 Generating LMOs for solvent
  Total energy of solvent:     -5.0705444 Eh
 
  ________________________________________________________________________
 
  __________________     Solute Cluster Generation   _____________________
 
  ________________________________________________________________________
 
 
  =========================================
  |   quantum cluster growth: GROW        |
  =========================================
 
 
  Water as solvent recognized, adjusting scaling factor for outer wall pot to 0.70
 
  Constraining solute during Growth 
 Solute:
       unit ellipsoid axis a,b,c     :   0.333   0.333   0.333
 Solvent:
       unit ellipsoid axis a,b,c     :   0.386   0.322   0.292
 
  solvent anisotropy            :     1.133
  solute anisotropy             :     1.000
  roff inner wall               :     0.119
  solute max dist               :     0.000
  solvent max dist              :     7.283
  inner unit axis               :     0.333     0.333     0.333
  inner ellipsoid/Bohr          :     3.175     3.175     3.175
  scaling factor outer ellipsoid:     0.700
  outer ellipsoid/Bohr          :     5.397     5.397     5.397
 
  Size  E /Eh       De/kcal   Detot/kcal  Density   Efix         R   av/act. Surface   Opt
    1    -5.088192 -155.12    -155.12       0.754     -2.544      0.0   0.0     282.9   normal
    2   -10.210102  -32.23    -187.35       0.883     -3.859      2.4   2.4     470.0   normal
    3   -15.304598  -15.03    -202.38       0.943     -4.840      2.5   4.6     654.2   normal
    4   -20.398494  -14.65    -217.04       0.981     -5.658      3.6   3.2     835.0   normal
    5   -25.488088  -11.95    -228.99       0.995     -6.372      3.6   4.1    1026.0   normal
    6   -30.580792  -13.91    -242.89       1.023     -7.016      4.0   4.1    1194.7   normal
    7   -35.670148  -11.80    -254.70       1.041     -7.605      4.1   4.6    1368.0   normal
   Wall Potential too small, increasing size by 5 %
   New scaling factor 0.73
   Wall Potential too small, increasing size by 5 %
   New scaling factor 0.77
    8   -40.770900  -18.96    -273.65       1.063     -8.154      4.4   4.9    1529.6   normal
   Wall Potential too small, increasing size by 5 %
   New scaling factor 0.81
    9   -45.866275  -15.58    -289.24       1.100     -8.668      4.5   5.5    1661.8   normal
   10   -50.961983  -15.79    -305.03       1.116     -9.153      4.8   5.4    1819.5   normal
   Wall Potential too small, increasing size by 5 %
   New scaling factor 0.85
   11   -56.049634  -10.73    -315.76       1.115     -9.612      4.9   6.2    2001.8   normal
   Wall Potential too small, increasing size by 5 %
   New scaling factor 0.89
   12   -61.143010  -14.33    -330.09       1.133    -10.052      5.1   6.2    2148.0   normal
   13   -66.234510  -13.15    -343.24       1.153    -10.473      5.2   7.3    2286.5   normal
   14   -71.323166  -11.37    -354.60       1.164    -10.877      5.4   6.4    2437.9   normal
   15   -76.412603  -11.86    -366.46       1.172    -11.266      5.5   7.5    2594.3   normal
   16   -81.502472  -12.13    -378.58       1.181    -11.643      5.6   6.1    2743.7   normal
   17   -86.592167  -12.02    -390.60       1.181    -12.008      5.8   6.5    2914.5   normal
   18   -91.678880  -10.15    -400.75       1.182    -12.362      5.9   6.9    3084.5   normal
   Wall Potential too small, increasing size by 5 %
   New scaling factor 0.94
   19   -96.771333  -13.75    -414.50       1.179    -12.707      6.0   8.4    3263.9   normal
   20  -101.860562  -11.73    -426.22       1.183    -13.042      6.1   8.3    3423.8   normal
   21  -106.955621  -15.38    -441.60       1.206    -13.369      6.2   7.7    3525.6   normal
   22  -112.046361  -12.67    -454.28       1.213    -13.689      6.3   7.6    3671.6   normal
   23  -117.135857  -11.89    -466.17       1.214    -14.000      6.4   8.6    3834.3   normal
   24  -122.223855  -10.95    -477.12       1.216    -14.305      6.5   8.9    3992.2   normal
   25  -127.314488  -12.61    -489.73       1.226    -14.604      6.6   8.6    4124.1   normal
   26  -132.399619   -9.15    -498.88       1.224    -14.896      6.7   8.4    4295.9   normal
   27  -137.490524  -12.78    -511.66       1.228    -15.183      6.8   8.7    4447.6   normal
   Wall Potential too small, increasing size by 5 %
   New scaling factor 0.98
   28  -142.587488  -16.58    -528.23       1.226    -15.466      7.0   9.5    4620.8   normal
   29  -147.677612  -12.29    -540.52       1.221    -15.742      7.1   8.6    4803.4   normal
   30  -152.765540  -10.91    -551.43       1.222    -16.014      7.2   8.6    4966.7   normal
   31  -157.858054  -13.79    -565.22       1.215    -16.282      7.3   9.4    5158.4   normal
   32  -162.945983  -10.91    -576.12       1.219    -16.545      7.4  10.0    5310.7   normal
   33  -168.038015  -13.48    -589.61       1.224    -16.804      7.5   8.1    5451.2   normal
   34  -173.132082  -14.76    -604.37       1.228    -17.059      7.5   9.5    5599.6   normal
   35  -178.226949  -15.26    -619.63       1.236    -17.311      7.6   9.5    5724.2   normal
   36  -183.312224   -9.24    -628.88       1.235    -17.558      7.6  10.2    5895.8   normal
   37  -188.404191  -13.44    -642.32       1.250    -17.803      7.7  10.3    5986.4   normal
   Wall Potential too small, increasing size by 5 %
   New scaling factor 1.00
   38  -193.498054  -14.63    -656.95       1.244    -18.044      7.8  10.7    6178.1   normal
   39  -198.584024   -9.68    -666.63       1.250    -18.281      7.9   9.9    6306.4   normal
   40  -203.679936  -15.92    -682.55       1.259    -18.516      7.9  10.4    6423.4   normal
   41  -208.772639  -13.90    -696.45       1.263    -18.748      8.0  10.0    6560.7   normal
   42  -213.857227   -8.81    -705.27       1.262    -18.977      8.0  10.7    6728.6   normal
   43  -218.946212  -11.57    -716.84       1.257    -19.203      8.1  11.1    6912.9   normal
   44  -224.039258  -14.12    -730.96       1.258    -19.427      8.2  11.4    7067.9   normal
   45  -229.134407  -15.44    -746.40       1.266    -19.648      8.3  10.4    7184.3   normal
   46  -234.225861  -13.12    -759.52       1.268    -19.867      8.3  11.2    7330.5   normal
   47  -239.320177  -14.92    -774.43       1.269    -20.083      8.4  11.4    7487.5   normal
   48  -244.413399  -14.23    -788.67       1.271    -20.297      8.4  11.0    7632.2   normal
   49  -249.503681  -12.39    -801.05       1.273    -20.509      8.5  10.6    7781.4   normal
   50  -254.589484   -9.57    -810.63       1.271    -20.718      8.6  11.1    7951.6   normal
   51  -259.686908  -16.87    -827.49       1.279    -20.926      8.6  11.6    8055.7   normal
   52  -264.777619  -12.66    -840.15       1.281    -21.132      8.7  10.9    8202.4   normal
   53  -269.863077   -9.36    -849.51       1.280    -21.335      8.7  12.0    8365.3   normal
   54  -274.960875  -17.10    -866.61       1.282    -21.537      8.8  11.3    8514.4   normal
   55  -280.058830  -17.20    -883.81       1.284    -21.737      8.9  10.8    8659.3   normal
   56  -285.148566  -12.04    -895.85       1.281    -21.935      8.9   9.8    8836.3   normal
   57  -290.237392  -11.47    -907.32       1.282    -22.130      9.0  11.6    8981.4   normal
   58  -295.336406  -17.87    -925.19       1.294    -22.325      9.0  10.5    9058.0   normal
   59  -300.427218  -12.72    -937.91       1.293    -22.518      9.0  11.5    9217.3   normal
   60  -305.520241  -14.11    -952.01       1.290    -22.709      9.1  11.7    9399.0   normal
   61  -310.621423  -19.23    -971.24       1.294    -22.899      9.2  10.6    9526.8   normal
   62  -315.716655  -15.49    -986.73       1.296    -23.087      9.2  12.5    9665.7   normal
   63  -320.803274  -10.09    -996.82       1.297    -23.274      9.3  11.2    9815.7   normal
   64  -325.899338  -16.01   -1012.83       1.299    -23.459      9.3  10.8    9958.5   normal
   65  -330.991541  -13.59   -1026.42       1.301    -23.642      9.3  12.5   10093.4   normal
   66  -336.086673  -15.43   -1041.85       1.303    -23.825      9.4  11.7   10234.9   normal
   67  -341.179741  -14.13   -1055.98       1.304    -24.005      9.4  11.3   10377.8   normal
   68  -346.266948  -10.46   -1066.44       1.303    -24.184      9.5  12.5   10540.8   normal
   69  -351.354131  -10.44   -1076.88       1.303    -24.362      9.5  13.0   10701.1   normal
   70  -356.441652  -10.65   -1087.53       1.305    -24.538      9.6  12.7   10840.4   normal
   71  -361.533204  -13.18   -1100.71       1.306    -24.714      9.6  12.9   10984.9   normal
   72  -366.625209  -13.47   -1114.18       1.310    -24.888      9.7  12.5   11100.2   normal
   73  -371.717342  -13.55   -1127.73       1.312    -25.061      9.7  12.4   11241.4   normal
   74  -376.807218  -12.13   -1139.86       1.313    -25.233      9.7  12.0   11389.9   normal
   75  -381.896515  -11.77   -1151.63       1.313    -25.403      9.8  12.7   11540.7   normal
   76  -387.005087  -23.86   -1175.49       1.315    -25.574      9.8  11.7   11680.2   normal
   77  -392.098464  -14.33   -1189.82       1.315    -25.743      9.9  12.6   11832.7   normal
   78  -397.191932  -14.38   -1204.20       1.317    -25.910      9.9  13.0   11965.6   normal
   79  -402.277423   -9.38   -1213.58       1.316    -26.076     10.0  12.7   12131.6   normal
   80  -407.376495  -17.90   -1231.48       1.320    -26.241     10.0  13.0   12240.4   normal
   81  -412.468625  -13.55   -1245.03       1.321    -26.406     10.0  13.1   12389.3   normal
   82  -417.561110  -13.77   -1258.79       1.320    -26.569     10.1  13.2   12551.8   normal
   83  -422.651672  -12.56   -1271.36       1.321    -26.731     10.1  12.0   12694.1   normal
   84  -427.739570  -10.89   -1282.25       1.322    -26.892     10.1  13.7   12837.6   normal
   85  -432.830839  -13.00   -1295.25       1.323    -27.052     10.2  13.8   12976.3   normal
   86  -437.930017  -17.97   -1313.22       1.327    -27.212     10.2  13.3   13096.4   normal
   87  -443.021619  -13.21   -1326.43       1.327    -27.370     10.3  12.2   13248.3   normal
   88  -448.121633  -18.49   -1344.92       1.329    -27.528     10.3  13.5   13377.0   normal
   89  -453.218048  -16.23   -1361.16       1.330    -27.685     10.3  13.9   13520.0   normal
   90  -458.316491  -17.51   -1378.67       1.331    -27.841     10.4  13.0   13654.5   normal
   91  -463.403534  -10.35   -1389.02       1.330    -27.995     10.4  13.3   13816.4   normal
   92  -468.495264  -13.29   -1402.31       1.333    -28.149     10.5  13.1   13944.7   normal
   93  -473.585171  -12.15   -1414.46       1.335    -28.302     10.5  13.7   14069.3   normal
   94  -478.672906  -10.79   -1425.25       1.336    -28.454     10.5  13.3   14210.3   normal
   95  -483.764884  -13.45   -1438.70       1.334    -28.606     10.6  13.6   14383.1   normal
   96  -488.855129  -12.36   -1451.06       1.336    -28.756     10.6  14.2   14518.2   normal
   97  -493.948272  -14.18   -1465.24       1.336    -28.906     10.7  13.8   14664.3   normal
   98  -499.041052  -13.95   -1479.20       1.337    -29.055     10.7  13.0   14805.1   normal
   99  -504.131301  -12.37   -1491.56       1.335    -29.204     10.7  13.7   14982.6   normal
  100  -509.240028  -23.96   -1515.52       1.339    -29.352     10.8  14.2   15088.8   normal
  101  -514.337666  -17.00   -1532.52       1.339    -29.499     10.8  12.8   15232.0   normal
  102  -519.429540  -13.38   -1545.91       1.341    -29.645     10.9  14.1   15360.4   normal
  103  -524.524248  -15.16   -1561.07       1.343    -29.791     10.9  14.0   15495.7   normal
  104  -529.618211  -14.70   -1575.76       1.347    -29.936     10.9  13.5   15597.6   normal
  105  -534.708973  -12.69   -1588.45       1.348    -30.080     10.9  14.0   15735.9   normal
  106  -539.802977  -14.72   -1603.17       1.350    -30.223     11.0  14.6   15855.7   normal
  107  -544.895044  -13.51   -1616.68       1.350    -30.366     11.0  14.4   16008.2   normal
  108  -549.985838  -12.71   -1629.39       1.351    -30.508     11.0  13.8   16145.6   normal
  109  -555.077140  -13.03   -1642.41       1.353    -30.649     11.1  14.9   16273.0   normal
  110  -560.168391  -12.99   -1655.40       1.353    -30.790     11.1  14.9   16421.8   normal
  111  -565.260966  -13.82   -1669.23       1.355    -30.930     11.1  15.0   16539.9   normal
  112  -570.351110  -12.30   -1681.53       1.356    -31.069     11.2  14.7   16678.9   normal
  113  -575.444836  -14.55   -1696.07       1.358    -31.208     11.2  14.3   16811.5   normal
  114  -580.532722  -10.88   -1706.96       1.357    -31.346     11.2  14.8   16964.8   normal
  115  -585.624148  -13.10   -1720.06       1.359    -31.483     11.3  14.7   17091.0   normal
  116  -590.720682  -16.31   -1736.37       1.362    -31.621     11.3  15.1   17207.4   normal
  117  -595.814883  -14.84   -1751.21       1.363    -31.757     11.3  14.5   17340.2   normal
  118  -600.914726  -18.39   -1769.60       1.363    -31.893     11.4  14.2   17488.0   normal
  119  -606.003736  -11.59   -1781.19       1.362    -32.028     11.4  15.0   17646.7   normal
  120  -611.099002  -15.51   -1796.70       1.365    -32.163     11.4  15.6   17753.3   normal
  121  -616.185712  -10.14   -1806.84       1.364    -32.297     11.5  14.5   17914.4   normal
  122  -621.277672  -13.44   -1820.28       1.366    -32.430     11.5  15.2   18038.8   normal
  123  -626.364548  -10.25   -1830.53       1.366    -32.563     11.5  15.6   18184.9   normal
  124  -631.465717  -19.22   -1849.75       1.368    -32.696     11.6  15.2   18309.2   normal
  125  -636.560161  -15.00   -1864.74       1.368    -32.828     11.6  14.8   18451.3   normal
  126  -641.652562  -13.72   -1878.46       1.369    -32.959     11.6  15.2   18582.6   normal
  127  -646.749243  -16.40   -1894.86       1.370    -33.091     11.7  15.1   18721.7   normal
  128  -651.842676  -14.36   -1909.22       1.370    -33.221     11.7  14.8   18875.3   normal
  129  -656.934816  -13.55   -1922.77       1.371    -33.351     11.7  14.3   19002.8   normal
  130  -662.030435  -15.73   -1938.51       1.375    -33.480     11.8  14.1   19093.5   normal
  131  -667.121053  -12.60   -1951.10       1.375    -33.609     11.8  14.7   19237.0   normal
  132  -672.213624  -13.82   -1964.93       1.375    -33.737     11.8  15.1   19388.0   normal
  133  -677.300774  -10.42   -1975.35       1.374    -33.865     11.8  15.4   19553.5   normal
  134  -682.404534  -20.84   -1996.19       1.379    -33.993     11.8  15.7   19630.0   normal
  135  -687.494386  -12.12   -2008.31       1.378    -34.120     11.9  15.7   19791.3   normal
  136  -692.593077  -17.66   -2025.97       1.375    -34.247     11.9  14.4   19969.9   normal
  137  -697.685575  -13.78   -2039.74       1.375    -34.373     11.9  15.4   20115.4   normal
  138  -702.778192  -13.85   -2053.59       1.378    -34.498     12.0  16.0   20231.6   normal
  139  -707.868543  -12.43   -2066.02       1.379    -34.623     12.0  15.2   20357.7   normal
  140  -712.963274  -15.18   -2081.20       1.377    -34.748     12.0  15.7   20529.6   normal
  141  -718.064222  -19.08   -2100.28       1.377    -34.872     12.1  15.9   20674.3   normal
  142  -723.158281  -14.76   -2115.03       1.379    -34.996     12.1  14.5   20802.3   normal
  143  -728.252566  -14.90   -2129.93       1.380    -35.119     12.1  15.9   20927.4   normal
  144  -733.344977  -13.72   -2143.65       1.380    -35.242     12.1  16.1   21075.5   normal
  145  -738.438076  -14.15   -2157.81       1.382    -35.365     12.2  15.1   21187.8   normal
  146  -743.532246  -14.83   -2172.63       1.383    -35.487     12.2  15.8   21323.3   normal
  147  -748.620838  -11.32   -2183.96       1.384    -35.608     12.2  16.0   21455.5   normal
  148  -753.712081  -12.99   -2196.95       1.382    -35.729     12.2  16.0   21624.4   normal
  149  -758.819701  -23.27   -2220.21       1.384    -35.851     12.3  14.6   21748.4   normal
  150  -763.914659  -15.32   -2235.53       1.385    -35.971     12.3  16.5   21866.6   normal
  151  -769.017396  -20.20   -2255.73       1.386    -36.092     12.3  15.4   21999.2   normal
  152  -774.105901  -11.27   -2267.00       1.385    -36.211     12.3  15.8   22167.5   normal
  153  -779.200739  -15.24   -2282.25       1.385    -36.330     12.4  15.5   22309.5   normal
  154  -784.293372  -13.86   -2296.11       1.387    -36.449     12.4  16.5   22429.5   normal
  155  -789.383327  -12.18   -2308.29       1.386    -36.567     12.4  15.9   22583.1   normal
  156  -794.472901  -11.94   -2320.23       1.385    -36.685     12.4  16.4   22745.7   normal
  157  -799.571587  -17.66   -2337.89       1.386    -36.803     12.5  15.0   22878.4   normal
  158  -804.666181  -15.09   -2352.98       1.385    -36.921     12.5  16.3   23032.9   normal
  159  -809.753797  -10.71   -2363.69       1.386    -37.037     12.5  16.1   23174.2   normal
  160  -814.849158  -15.57   -2379.26       1.386    -37.154     12.6  16.3   23310.4   normal
  161  -819.937396  -11.10   -2390.37       1.385    -37.270     12.6  15.8   23474.5   normal
  162  -825.039199  -19.62   -2409.98       1.388    -37.386     12.6  15.6   23573.3   normal
  163  -830.141378  -19.85   -2429.83       1.389    -37.502     12.6  16.6   23702.7   normal
  164  -835.238225  -16.51   -2446.34       1.389    -37.617     12.6  16.3   23841.0   normal
  165  -840.335138  -16.55   -2462.88       1.390    -37.732     12.7  16.0   23966.2   normal
  166  -845.434932  -18.35   -2481.24       1.393    -37.847     12.7  16.9   24072.5   normal
  167  -850.524217  -11.76   -2493.00       1.392    -37.961     12.7  16.6   24226.6   normal
  168  -855.627238  -20.38   -2513.38       1.394    -38.075     12.8  16.0   24339.0   normal
  169  -860.711684   -8.72   -2522.10       1.394    -38.188     12.8  17.1   24484.4   normal
  170  -865.804727  -14.12   -2536.22       1.395    -38.301     12.8  16.5   24617.5   normal
  171  -870.901276  -16.32   -2552.54       1.394    -38.414     12.8  17.1   24763.2   normal
  172  -875.986135   -8.98   -2561.52       1.395    -38.526     12.9  17.2   24897.2   normal
  173  -881.086126  -18.48   -2580.00       1.398    -38.638     12.9  17.4   24984.7   normal
  174  -886.175435  -11.78   -2591.77       1.397    -38.750     12.9  16.8   25149.0   normal
  175  -891.272847  -16.86   -2608.63       1.398    -38.861     12.9  16.6   25278.5   normal
  176  -896.370302  -16.89   -2625.52       1.401    -38.973     12.9  17.2   25368.6   normal
  177  -901.459643  -11.80   -2637.31       1.401    -39.083     12.9  17.2   25519.2   normal
  178  -906.552821  -14.20   -2651.52       1.401    -39.194     13.0  17.3   25649.4   normal
  179  -911.650216  -16.85   -2668.37       1.403    -39.304     13.0  17.4   25767.0   normal
  180  -916.742053  -13.36   -2681.73       1.404    -39.414     13.0  16.2   25886.3   normal
  181  -921.845243  -20.49   -2702.21       1.405    -39.524     13.1  15.2   26023.9   normal
  182  -926.940152  -15.29   -2717.50       1.405    -39.633     13.1  16.2   26167.0   normal
  183  -932.035278  -15.42   -2732.93       1.405    -39.742     13.1  17.2   26293.9   normal
  184  -937.128311  -14.11   -2747.04       1.406    -39.851     13.1  17.5   26425.0   normal
  185  -942.227839  -18.19   -2765.23       1.408    -39.959     13.1  17.5   26534.8   normal
  186  -947.315751  -10.90   -2776.12       1.409    -40.067     13.2  17.1   26657.0   normal
  187  -952.405728  -12.19   -2788.32       1.410    -40.175     13.2  17.6   26789.7   normal
  188  -957.500124  -14.97   -2803.29       1.410    -40.282     13.2  17.5   26925.8   normal
  189  -962.599210  -17.91   -2821.20       1.412    -40.390     13.2  16.7   27037.3   normal
  190  -967.687237  -10.97   -2832.17       1.411    -40.496     13.2  17.1   27190.5   normal
  191  -972.782548  -15.54   -2847.71       1.412    -40.603     13.3  16.8   27308.2   normal
  192  -977.875470  -14.04   -2861.75       1.413    -40.709     13.3  17.5   27445.8   normal
  193  -982.972027  -16.32   -2878.07       1.414    -40.816     13.3  17.2   27560.9   normal
  194  -988.064349  -13.67   -2891.74       1.413    -40.921     13.3  16.9   27716.9   normal
  195  -993.155931  -13.20   -2904.94       1.414    -41.027     13.3  17.9   27846.3   normal
  196  -998.250542  -15.10   -2920.04       1.415    -41.132     13.4  17.3   27973.9   normal
  197 -1003.341881  -13.05   -2933.09       1.415    -41.237     13.4  17.7   28119.1   normal
  198 -1008.432819  -12.80   -2945.89       1.416    -41.342     13.4  17.6   28241.7   normal
  199 -1013.537197  -21.23   -2967.12       1.417    -41.447     13.4  16.7   28352.9   normal
  200 -1018.627488  -12.39   -2979.51       1.417    -41.551     13.5  17.5   28505.0   normal
 
  Growth finished after 200 solvents added
  Results can be found in grow directory
  Energy list in file <qcg_energy.dat>
  Interaction energy in file <qcg_conv.dat>
  Growing process in <qcg_grow.xyz>
  Final geometry after grow in <cluster.coord> and <cluster.xyz>
  Potentials and geometry written in <cluster_cavity.coord> and <twopot_cavity.coord>
 
  =========================================
  |   quantum cluster growth: ENSEMBLE    |
  =========================================
 
   Method for ensemble search:--gff               
 Starting ensemble cluster generation by CREST routine
 
------------------------------------------------
Generating MTD length from a flexibility measure
------------------------------------------------
 System flexiblity is set to 1.0 for NCI mode
 flexibility measure :   1.000
 t(MTD) / ps set by command line  :    10.0
 t(MTD) / ps    :    10.0
 Σ(t(MTD)) / ps :   120.0 (12 MTDs)
 
-------------------------------------
Starting a trial MTD to test settings
-------------------------------------
 Estimated runtime for one MTD (10.0 ps) on a single thread: 1 h 2 min 39 sec
 Estimated runtime for a batch of 12 MTDs on 40 threads: 20 min 53 sec
 
 list of Vbias parameters applied:
$metadyn    0.00125   1.000
$metadyn    0.00083   1.000
$metadyn    0.00056   1.000
$metadyn    0.00125   0.667
$metadyn    0.00083   0.667
$metadyn    0.00056   0.667
$metadyn    0.00125   0.444
$metadyn    0.00083   0.444
$metadyn    0.00056   0.444
$metadyn    0.00125   0.296
$metadyn    0.00083   0.296
$metadyn    0.00056   0.296
 
*******************************************************************************************
**                        N E W    I T E R A T I O N    C Y C L E                        **
*******************************************************************************************
 
========================================
            MTD Iteration  1
========================================
 
     ========================================
     |         Meta-MD (MTD) Sampling       |
     ========================================
 
Starting Meta-MD   2 with the settings:
     MD time /ps        :    10.0
     dt /fs             :     1.5
     dumpstep(trj) /fs  :     200
     dumpstep(Vbias)/ps :     1.0
     Vbias factor k /Eh :  0.5008
     Vbias exp α /bohr⁻²:    1.00
Starting Meta-MD   5 with the settings:
     MD time /ps        :    10.0
     dt /fs             :     1.5
     dumpstep(trj) /fs  :     200
     dumpstep(Vbias)/ps :     1.0
     Vbias factor k /Eh :  0.5008
     Vbias exp α /bohr⁻²:    0.67
Starting Meta-MD  10 with the settings:
     MD time /ps        :    10.0
     dt /fs             :     1.5
     dumpstep(trj) /fs  :     200
     dumpstep(Vbias)/ps :     1.0
     Vbias factor k /Eh :  0.7512
     Vbias exp α /bohr⁻²:    0.30
Starting Meta-MD   4 with the settings:
     MD time /ps        :    10.0
     dt /fs             :     1.5
     dumpstep(trj) /fs  :     200
     dumpstep(Vbias)/ps :     1.0
     Vbias factor k /Eh :  0.7512
     Vbias exp α /bohr⁻²:    0.67
Starting Meta-MD   1 with the settings:
     MD time /ps        :    10.0
     dt /fs             :     1.5
     dumpstep(trj) /fs  :     200
     dumpstep(Vbias)/ps :     1.0
     Vbias factor k /Eh :  0.7512
     Vbias exp α /bohr⁻²:    1.00
Starting Meta-MD   7 with the settings:
     MD time /ps        :    10.0
     dt /fs             :     1.5
     dumpstep(trj) /fs  :     200
     dumpstep(Vbias)/ps :     1.0
     Vbias factor k /Eh :  0.7512
     Vbias exp α /bohr⁻²:    0.44
Starting Meta-MD   8 with the settings:
     MD time /ps        :    10.0
     dt /fs             :     1.5
     dumpstep(trj) /fs  :     200
     dumpstep(Vbias)/ps :     1.0
     Vbias factor k /Eh :  0.5008
     Vbias exp α /bohr⁻²:    0.44
Starting Meta-MD   6 with the settings:
     MD time /ps        :    10.0
     dt /fs             :     1.5
     dumpstep(trj) /fs  :     200
     dumpstep(Vbias)/ps :     1.0
     Vbias factor k /Eh :  0.3339
     Vbias exp α /bohr⁻²:    0.67
Starting Meta-MD   3 with the settings:
     MD time /ps        :    10.0
     dt /fs             :     1.5
     dumpstep(trj) /fs  :     200
     dumpstep(Vbias)/ps :     1.0
     Vbias factor k /Eh :  0.3339
     Vbias exp α /bohr⁻²:    1.00
Starting Meta-MD   9 with the settings:
     MD time /ps        :    10.0
     dt /fs             :     1.5
     dumpstep(trj) /fs  :     200
     dumpstep(Vbias)/ps :     1.0
     Vbias factor k /Eh :  0.3339
     Vbias exp α /bohr⁻²:    0.44
Starting Meta-MD  11 with the settings:
     MD time /ps        :    10.0
     dt /fs             :     1.5
     dumpstep(trj) /fs  :     200
     dumpstep(Vbias)/ps :     1.0
     Vbias factor k /Eh :  0.5008
     Vbias exp α /bohr⁻²:    0.30
Starting Meta-MD  12 with the settings:
     MD time /ps        :    10.0
     dt /fs             :     1.5
     dumpstep(trj) /fs  :     200
     dumpstep(Vbias)/ps :     1.0
     Vbias factor k /Eh :  0.3339
     Vbias exp α /bohr⁻²:    0.30
*Meta-MTD 10 finished*
*Meta-MTD 11 finished*
*Meta-MTD 1 finished*
*Meta-MTD 2 finished*
*Meta-MTD 7 finished*
*Meta-MTD 12 finished*
*Meta-MTD 3 finished*
*Meta-MTD 6 finished*
*Meta-MTD 5 finished*
*Meta-MTD 9 finished*
*Meta-MTD 4 finished*
*Meta-MTD 8 finished*
 
-----------------------
Multilevel Optimization
-----------------------
 
 -------------------------
 1. crude pre-optimization
 -------------------------
 Optimizing all 600 structures from file "crest_rotamers_0.xyz" ...
 1 2 3 4 5 6 7 8 9 10 11 12 13 14 15 16 17 18 19 20 21 22 23 24 25 26 27 28 29 30 31 32 33 34 35 36 37 38 39 40 41 42 43 44 45 46 47 48 49 50 51 52 53 54 55 56 57 58 59 60 61 62 63 64 65 66 67 68 69 70 71 72 73 74 75 76 77 78 79 80 81 82 83 84 85 86 87 88 89 90 91 92 93 94 95 96 97 98 99 100 101 102 103 104 105 106 107 108 109 110 111 112 113 114 115 116 117 118 119 120 121 122 123 124 125 126 127 128 129 130 131 132 133 134 135 136 137 138 139 140 141 142 143 144 145 146 147 148 149 150 151 152 153 154 155 156 157 158 159 160 161 162 163 164 165 166 167 168 169 170 171 172 173 174 175 176 177 178 179 180 181 182 183 184 185 186 187 188 189 190 191 192 193 194 195 196 197 198 199 200 201 202 203 204 205 206 207 208 209 210 211 212 213 214 215 216 217 218 219 220 221 222 223 224 225 226 227 228 229 230 231 232 233 234 235 236 237 238 239 240 241 242 243 244 245 246 247 248 249 250 251 252 253 254 255 256 257 258 259 260 261 262 263 264 265 266 267 268 269 270 271 272 273 274 275 276 277 278 279 280 281 282 283 284 285 286 287 288 289 290 291 292 293 294 295 296 297 298 299 300 301 302 303 304 305 306 307 308 309 310 311 312 313 314 315 316 317 318 319 320 321 322 323 324 325 326 327 328 329 330 331 332 333 334 335 336 337 338 339 340 341 342 343 344 345 346 347 348 349 350 351 352 353 354 355 356 357 358 359 360 361 362 363 364 365 366 367 368 369 370 371 372 373 374 375 376 377 378 379 380 381 382 383 384 385 386 387 388 389 390 391 392 393 394 395 396 397 398 399 400 401 402 403 404 405 406 407 408 409 410 411 412 413 414 415 416 417 418 419 420 421 422 423 424 425 426 427 428 429 430 431 432 433 434 435 436 437 438 439 440 441 442 443 444 445 446 447 448 449 450 451 452 453 454 455 456 457 458 459 460 461 462 463 464 465 466 467 468 469 470 471 472 473 474 475 476 477 478 479 480 481 482 483 484 485 486 487 488 489 490 491 492 493 494 495 496 497 498 499 500 501 502 503 504 505 506 507 508 509 510 511 512 513 514 515 516 517 518 519 520 521 522 523 524 525 526 527 528 529 530 531 532 533 534 535 536 537 538 539 540 541 542 543 544 545 546 547 548 549 550 551 552 553 554 555 556 557 558 559 560 561 562 563 564 565 566 567 568 569 570 571 572 573 574 575 576 577 578 579 580 581 582 583 584 585 586 587 588 589 590 591 592 593 594 595 596 597 598 599 600
 done.
 input  file name : crest_rotamers_1.xyz
 output file name : crest_rotamers_2.xyz
 reference state Etot :  -67.6819341800000     
 600 structures remain within     6.00 kcal/mol window
 
 
========================================
            MTD Iteration  2
========================================
 
     ========================================
     |         Meta-MD (MTD) Sampling       |
     ========================================
 
Starting Meta-MD   1 with the settings:
     MD time /ps        :    10.0
     dt /fs             :     1.5
     dumpstep(trj) /fs  :     200
     dumpstep(Vbias)/ps :     1.0
     Vbias factor k /Eh :  0.7512
     Vbias exp α /bohr⁻²:    1.00
Starting Meta-MD   2 with the settings:
     MD time /ps        :    10.0
     dt /fs             :     1.5
     dumpstep(trj) /fs  :     200
     dumpstep(Vbias)/ps :     1.0
     Vbias factor k /Eh :  0.5008
     Vbias exp α /bohr⁻²:    1.00
Starting Meta-MD   3 with the settings:
     MD time /ps        :    10.0
     dt /fs             :     1.5
     dumpstep(trj) /fs  :     200
     dumpstep(Vbias)/ps :     1.0
     Vbias factor k /Eh :  0.3339
     Vbias exp α /bohr⁻²:    1.00
Starting Meta-MD   4 with the settings:
     MD time /ps        :    10.0
     dt /fs             :     1.5
     dumpstep(trj) /fs  :     200
     dumpstep(Vbias)/ps :     1.0
     Vbias factor k /Eh :  0.7512
     Vbias exp α /bohr⁻²:    0.67
Starting Meta-MD   5 with the settings:
     MD time /ps        :    10.0
     dt /fs             :     1.5
     dumpstep(trj) /fs  :     200
     dumpstep(Vbias)/ps :     1.0
     Vbias factor k /Eh :  0.5008
     Vbias exp α /bohr⁻²:    0.67
Starting Meta-MD   6 with the settings:
     MD time /ps        :    10.0
     dt /fs             :     1.5
     dumpstep(trj) /fs  :     200
     dumpstep(Vbias)/ps :     1.0
     Vbias factor k /Eh :  0.3339
     Vbias exp α /bohr⁻²:    0.67
Starting Meta-MD   7 with the settings:
     MD time /ps        :    10.0
     dt /fs             :     1.5
     dumpstep(trj) /fs  :     200
     dumpstep(Vbias)/ps :     1.0
     Vbias factor k /Eh :  0.7512
     Vbias exp α /bohr⁻²:    0.44
Starting Meta-MD   8 with the settings:
     MD time /ps        :    10.0
     dt /fs             :     1.5
     dumpstep(trj) /fs  :     200
     dumpstep(Vbias)/ps :     1.0
     Vbias factor k /Eh :  0.5008
     Vbias exp α /bohr⁻²:    0.44
Starting Meta-MD  10 with the settings:
     MD time /ps        :    10.0
     dt /fs             :     1.5
     dumpstep(trj) /fs  :     200
     dumpstep(Vbias)/ps :     1.0
     Vbias factor k /Eh :  0.7512
     Vbias exp α /bohr⁻²:    0.30
Starting Meta-MD   9 with the settings:
     MD time /ps        :    10.0
     dt /fs             :     1.5
     dumpstep(trj) /fs  :     200
     dumpstep(Vbias)/ps :     1.0
     Vbias factor k /Eh :  0.3339
     Vbias exp α /bohr⁻²:    0.44
*Meta-MTD 5 finished*
*Meta-MTD 2 finished*
*Meta-MTD 4 finished*
*Meta-MTD 8 finished*
*Meta-MTD 6 finished*
*Meta-MTD 9 finished*
*Meta-MTD 7 finished*
*Meta-MTD 1 finished*
*Meta-MTD 3 finished*
*Meta-MTD 10 finished*
 
-----------------------
Multilevel Optimization
-----------------------
 
 -------------------------
 1. crude pre-optimization
 -------------------------
 Optimizing all 500 structures from file "crest_rotamers_0.xyz" ...
 1 2 3 4 5 6 7 8 9 10 11 12 13 14 15 16 17 18 19 20 21 22 23 24 25 26 27 28 29 30 31 32 33 34 35 36 37 38 39 40 41 42 43 44 45 46 47 48 49 50 51 52 53 54 55 56 57 58 59 60 61 62 63 64 65 66 67 68 69 70 71 72 73 74 75 76 77 78 79 80 81 82 83 84 85 86 87 88 89 90 91 92 93 94 95 96 97 98 99 100 101 102 103 104 105 106 107 108 109 110 111 112 113 114 115 116 117 118 119 120 121 122 123 124 125 126 127 128 129 130 131 132 133 134 135 136 137 138 139 140 141 142 143 144 145 146 147 148 149 150 151 152 153 154 155 156 157 158 159 160 161 162 163 164 165 166 167 168 169 170 171 172 173 174 175 176 177 178 179 180 181 182 183 184 185 186 187 188 189 190 191 192 193 194 195 196 197 198 199 200 201 202 203 204 205 206 207 208 209 210 211 212 213 214 215 216 217 218 219 220 221 222 223 224 225 226 227 228 229 230 231 232 233 234 235 236 237 238 239 240 241 242 243 244 245 246 247 248 249 250 251 252 253 254 255 256 257 258 259 260 261 262 263 264 265 266 267 268 269 270 271 272 273 274 275 276 277 278 279 280 281 282 283 284 285 286 287 288 289 290 291 292 293 294 295 296 297 298 299 300 301 302 303 304 305 306 307 308 309 310 311 312 313 314 315 316 317 318 319 320 321 322 323 324 325 326 327 328 329 330 331 332 333 334 335 336 337 338 339 340 341 342 343 344 345 346 347 348 349 350 351 352 353 354 355 356 357 358 359 360 361 362 363 364 365 366 367 368 369 370 371 372 373 374 375 376 377 378 379 380 381 382 383 384 385 386 387 388 389 390 391 392 393 394 395 396 397 398 399 400 401 402 403 404 405 406 407 408 409 410 411 412 413 414 415 416 417 418 419 420 421 422 423 424 425 426 427 428 429 430 431 432 433 434 435 436 437 438 439 440 441 442 443 444 445 446 447 448 449 450 451 452 453 454 455 456 457 458 459 460 461 462 463 464 465 466 467 468 469 470 471 472 473 474 475 476 477 478 479 480 481 482 483 484 485 486 487 488 489 490 491 492 493 494 495 496 497 498 499 500
 done.
 input  file name : crest_rotamers_1.xyz
 output file name : crest_rotamers_2.xyz
 reference state Etot :  -67.6913338900000     
 500 structures remain within     6.00 kcal/mol window
 
 ...............................................
 A new lower conformer was found!
 Improved by    0.00940 Eh or    5.89841kcal/mol
 ...............................................
 
========================================
            MTD Iteration  3
========================================
 
     ========================================
     |         Meta-MD (MTD) Sampling       |
     ========================================
 
Starting Meta-MD   1 with the settings:
     MD time /ps        :    10.0
     dt /fs             :     1.5
     dumpstep(trj) /fs  :     200
     dumpstep(Vbias)/ps :     1.0
     Vbias factor k /Eh :  0.7512
     Vbias exp α /bohr⁻²:    1.00
Starting Meta-MD  10 with the settings:
     MD time /ps        :    10.0
     dt /fs             :     1.5
     dumpstep(trj) /fs  :     200
     dumpstep(Vbias)/ps :     1.0
     Vbias factor k /Eh :  0.7512
     Vbias exp α /bohr⁻²:    0.30
Starting Meta-MD   2 with the settings:
     MD time /ps        :    10.0
     dt /fs             :     1.5
     dumpstep(trj) /fs  :     200
     dumpstep(Vbias)/ps :     1.0
     Vbias factor k /Eh :  0.5008
     Vbias exp α /bohr⁻²:    1.00
Starting Meta-MD   4 with the settings:
     MD time /ps        :    10.0
     dt /fs             :     1.5
     dumpstep(trj) /fs  :     200
     dumpstep(Vbias)/ps :     1.0
     Vbias factor k /Eh :  0.7512
     Vbias exp α /bohr⁻²:    0.67
Starting Meta-MD   5 with the settings:
     MD time /ps        :    10.0
     dt /fs             :     1.5
     dumpstep(trj) /fs  :     200
     dumpstep(Vbias)/ps :     1.0
     Vbias factor k /Eh :  0.5008
     Vbias exp α /bohr⁻²:    0.67
Starting Meta-MD   6 with the settings:
     MD time /ps        :    10.0
     dt /fs             :     1.5
     dumpstep(trj) /fs  :     200
     dumpstep(Vbias)/ps :     1.0
     Vbias factor k /Eh :  0.3339
     Vbias exp α /bohr⁻²:    0.67
Starting Meta-MD   8 with the settings:
     MD time /ps        :    10.0
     dt /fs             :     1.5
     dumpstep(trj) /fs  :     200
     dumpstep(Vbias)/ps :     1.0
     Vbias factor k /Eh :  0.5008
     Vbias exp α /bohr⁻²:    0.44
Starting Meta-MD   7 with the settings:
     MD time /ps        :    10.0
     dt /fs             :     1.5
     dumpstep(trj) /fs  :     200
     dumpstep(Vbias)/ps :     1.0
     Vbias factor k /Eh :  0.7512
     Vbias exp α /bohr⁻²:    0.44
Starting Meta-MD   3 with the settings:
     MD time /ps        :    10.0
     dt /fs             :     1.5
     dumpstep(trj) /fs  :     200
     dumpstep(Vbias)/ps :     1.0
     Vbias factor k /Eh :  0.3339
     Vbias exp α /bohr⁻²:    1.00
Starting Meta-MD   9 with the settings:
     MD time /ps        :    10.0
     dt /fs             :     1.5
     dumpstep(trj) /fs  :     200
     dumpstep(Vbias)/ps :     1.0
     Vbias factor k /Eh :  0.3339
     Vbias exp α /bohr⁻²:    0.44
*Meta-MTD 1 finished*
*Meta-MTD 2 finished*
*Meta-MTD 6 finished*
*Meta-MTD 8 finished*
*Meta-MTD 4 finished*
*Meta-MTD 5 finished*
*Meta-MTD 3 finished*
*Meta-MTD 9 finished*
*Meta-MTD 10 finished*
*Meta-MTD 7 finished*
 
-----------------------
Multilevel Optimization
-----------------------
 
 -------------------------
 1. crude pre-optimization
 -------------------------
 Optimizing all 500 structures from file "crest_rotamers_0.xyz" ...
 1 2 3 4 5 6 7 8 9 10 11 12 13 14 15 16 17 18 19 20 21 22 23 24 25 26 27 28 29 30 31 32 33 34 35 36 37 38 39 40 41 42 43 44 45 46 47 48 49 50 51 52 53 54 55 56 57 58 59 60 61 62 63 64 65 66 67 68 69 70 71 72 73 74 75 76 77 78 79 80 81 82 83 84 85 86 87 88 89 90 91 92 93 94 95 96 97 98 99 100 101 102 103 104 105 106 107 108 109 110 111 112 113 114 115 116 117 118 119 120 121 122 123 124 125 126 127 128 129 130 131 132 133 134 135 136 137 138 139 140 141 142 143 144 145 146 147 148 149 150 151 152 153 154 155 156 157 158 159 160 161 162 163 164 165 166 167 168 169 170 171 172 173 174 175 176 177 178 179 180 181 182 183 184 185 186 187 188 189 190 191 192 193 194 195 196 197 198 199 200 201 202 203 204 205 206 207 208 209 210 211 212 213 214 215 216 217 218 219 220 221 222 223 224 225 226 227 228 229 230 231 232 233 234 235 236 237 238 239 240 241 242 243 244 245 246 247 248 249 250 251 252 253 254 255 256 257 258 259 260 261 262 263 264 265 266 267 268 269 270 271 272 273 274 275 276 277 278 279 280 281 282 283 284 285 286 287 288 289 290 291 292 293 294 295 296 297 298 299 300 301 302 303 304 305 306 307 308 309 310 311 312 313 314 315 316 317 318 319 320 321 322 323 324 325 326 327 328 329 330 331 332 333 334 335 336 337 338 339 340 341 342 343 344 345 346 347 348 349 350 351 352 353 354 355 356 357 358 359 360 361 362 363 364 365 366 367 368 369 370 371 372 373 374 375 376 377 378 379 380 381 382 383 384 385 386 387 388 389 390 391 392 393 394 395 396 397 398 399 400 401 402 403 404 405 406 407 408 409 410 411 412 413 414 415 416 417 418 419 420 421 422 423 424 425 426 427 428 429 430 431 432 433 434 435 436 437 438 439 440 441 442 443 444 445 446 447 448 449 450 451 452 453 454 455 456 457 458 459 460 461 462 463 464 465 466 467 468 469 470 471 472 473 474 475 476 477 478 479 480 481 482 483 484 485 486 487 488 489 490 491 492 493 494 495 496 497 498 499 500
 done.
 input  file name : crest_rotamers_1.xyz
 output file name : crest_rotamers_2.xyz
 reference state Etot :  -67.7184492600000     
 500 structures remain within     6.00 kcal/mol window
 
 ...............................................
 A new lower conformer was found!
 Improved by    0.02712 Eh or   17.01515kcal/mol
 ...............................................
 
========================================
            MTD Iteration  4
========================================
 
     ========================================
     |         Meta-MD (MTD) Sampling       |
     ========================================
 
Starting Meta-MD  10 with the settings:
     MD time /ps        :    10.0
     dt /fs             :     1.5
     dumpstep(trj) /fs  :     200
     dumpstep(Vbias)/ps :     1.0
     Vbias factor k /Eh :  0.7512
     Vbias exp α /bohr⁻²:    0.30
Starting Meta-MD   1 with the settings:
     MD time /ps        :    10.0
     dt /fs             :     1.5
     dumpstep(trj) /fs  :     200
     dumpstep(Vbias)/ps :     1.0
     Vbias factor k /Eh :  0.7512
     Vbias exp α /bohr⁻²:    1.00
Starting Meta-MD   3 with the settings:
     MD time /ps        :    10.0
     dt /fs             :     1.5
     dumpstep(trj) /fs  :     200
     dumpstep(Vbias)/ps :     1.0
     Vbias factor k /Eh :  0.3339
     Vbias exp α /bohr⁻²:    1.00
Starting Meta-MD   4 with the settings:
     MD time /ps        :    10.0
     dt /fs             :     1.5
     dumpstep(trj) /fs  :     200
     dumpstep(Vbias)/ps :     1.0
     Vbias factor k /Eh :  0.7512
     Vbias exp α /bohr⁻²:    0.67
Starting Meta-MD   5 with the settings:
     MD time /ps        :    10.0
     dt /fs             :     1.5
     dumpstep(trj) /fs  :     200
     dumpstep(Vbias)/ps :     1.0
     Vbias factor k /Eh :  0.5008
     Vbias exp α /bohr⁻²:    0.67
Starting Meta-MD   2 with the settings:
     MD time /ps        :    10.0
     dt /fs             :     1.5
     dumpstep(trj) /fs  :     200
     dumpstep(Vbias)/ps :     1.0
     Vbias factor k /Eh :  0.5008
     Vbias exp α /bohr⁻²:    1.00
Starting Meta-MD   6 with the settings:
     MD time /ps        :    10.0
     dt /fs             :     1.5
     dumpstep(trj) /fs  :     200
     dumpstep(Vbias)/ps :     1.0
     Vbias factor k /Eh :  0.3339
     Vbias exp α /bohr⁻²:    0.67
Starting Meta-MD   7 with the settings:
     MD time /ps        :    10.0
     dt /fs             :     1.5
     dumpstep(trj) /fs  :     200
     dumpstep(Vbias)/ps :     1.0
     Vbias factor k /Eh :  0.7512
     Vbias exp α /bohr⁻²:    0.44
Starting Meta-MD   8 with the settings:
     MD time /ps        :    10.0
     dt /fs             :     1.5
     dumpstep(trj) /fs  :     200
     dumpstep(Vbias)/ps :     1.0
     Vbias factor k /Eh :  0.5008
     Vbias exp α /bohr⁻²:    0.44
Starting Meta-MD   9 with the settings:
     MD time /ps        :    10.0
     dt /fs             :     1.5
     dumpstep(trj) /fs  :     200
     dumpstep(Vbias)/ps :     1.0
     Vbias factor k /Eh :  0.3339
     Vbias exp α /bohr⁻²:    0.44
*Meta-MTD 1 finished*
*Meta-MTD 2 finished*
*Meta-MTD 8 finished*
*Meta-MTD 10 finished*
*Meta-MTD 7 finished*
*Meta-MTD 6 finished*
*Meta-MTD 9 finished*
*Meta-MTD 5 finished*
*Meta-MTD 3 finished*
*Meta-MTD 4 finished*
 
-----------------------
Multilevel Optimization
-----------------------
 
 -------------------------
 1. crude pre-optimization
 -------------------------
 Optimizing all 500 structures from file "crest_rotamers_0.xyz" ...
 1 2 3 4 5 6 7 8 9 10 11 12 13 14 15 16 17 18 19 20 21 22 23 24 25 26 27 28 29 30 31 32 33 34 35 36 37 38 39 40 41 42 43 44 45 46 47 48 49 50 51 52 53 54 55 56 57 58 59 60 61 62 63 64 65 66 67 68 69 70 71 72 73 74 75 76 77 78 79 80 81 82 83 84 85 86 87 88 89 90 91 92 93 94 95 96 97 98 99 100 101 102 103 104 105 106 107 108 109 110 111 112 113 114 115 116 117 118 119 120 121 122 123 124 125 126 127 128 129 130 131 132 133 134 135 136 137 138 139 140 141 142 143 144 145 146 147 148 149 150 151 152 153 154 155 156 157 158 159 160 161 162 163 164 165 166 167 168 169 170 171 172 173 174 175 176 177 178 179 180 181 182 183 184 185 186 187 188 189 190 191 192 193 194 195 196 197 198 199 200 201 202 203 204 205 206 207 208 209 210 211 212 213 214 215 216 217 218 219 220 221 222 223 224 225 226 227 228 229 230 231 232 233 234 235 236 237 238 239 240 241 242 243 244 245 246 247 248 249 250 251 252 253 254 255 256 257 258 259 260 261 262 263 264 265 266 267 268 269 270 271 272 273 274 275 276 277 278 279 280 281 282 283 284 285 286 287 288 289 290 291 292 293 294 295 296 297 298 299 300 301 302 303 304 305 306 307 308 309 310 311 312 313 314 315 316 317 318 319 320 321 322 323 324 325 326 327 328 329 330 331 332 333 334 335 336 337 338 339 340 341 342 343 344 345 346 347 348 349 350 351 352 353 354 355 356 357 358 359 360 361 362 363 364 365 366 367 368 369 370 371 372 373 374 375 376 377 378 379 380 381 382 383 384 385 386 387 388 389 390 391 392 393 394 395 396 397 398 399 400 401 402 403 404 405 406 407 408 409 410 411 412 413 414 415 416 417 418 419 420 421 422 423 424 425 426 427 428 429 430 431 432 433 434 435 436 437 438 439 440 441 442 443 444 445 446 447 448 449 450 451 452 453 454 455 456 457 458 459 460 461 462 463 464 465 466 467 468 469 470 471 472 473 474 475 476 477 478 479 480 481 482 483 484 485 486 487 488 489 490 491 492 493 494 495 496 497 498 499 500
 done.
 input  file name : crest_rotamers_1.xyz
 output file name : crest_rotamers_2.xyz
 reference state Etot :  -67.6866369600000     
 500 structures remain within     6.00 kcal/mol window
 
========================================
            MTD Iterations done         
========================================
 Collecting ensmbles.
 running RMSDs...
 done.
 E lowest :   -67.71845
 1 structures remain within     3.00 kcal/mol window
 
-----------------------------------------------
Additional regular MDs on lowest 1 conformer(s)
-----------------------------------------------
Starting MD   2 with the settings:
     MD time /ps        :     5.0
     MD Temperature /K  :   500.0
     dt /fs             :     1.5
     dumpstep(trj) /fs  :     200
Starting MD   1 with the settings:
     MD time /ps        :     5.0
     MD Temperature /K  :   400.0
     dt /fs             :     1.5
     dumpstep(trj) /fs  :     200
*MD 2 finished*
*MD 1 finished*
 Appending file crest_rotamers_1.xyz with new structures
 
 --------------------------------------------
 Ensemble optimization with normal thresholds
 --------------------------------------------
 Optimizing all 51 structures from file "crest_rotamers_1.xyz" ...
 1 2 3 4 5 6 7 8 9 10 11 12 13 14 15 16 17 18 19 20 21 22 23 24 25 26 27 28 29 30 31 32 33 34 35 36 37 38 39 40 41 42 43 44 45 46 47 48 49 50 51
 done.
 input  file name : crest_rotamers_2.xyz
 output file name : crest_rotamers_3.xyz
 reference state Etot :  -67.7304250200000     
 51 structures remain within     3.00 kcal/mol window
 
 ...............................................
 A new lower conformer was found!
 Improved by    0.01198 Eh or    7.51490kcal/mol
 ...............................................
 
*******************************************************************************************
**                        N E W    I T E R A T I O N    C Y C L E                        **
*******************************************************************************************
 
========================================
            MTD Iteration  1
========================================
 
     ========================================
     |         Meta-MD (MTD) Sampling       |
     ========================================
 
Starting Meta-MD   1 with the settings:
     MD time /ps        :    10.0
     dt /fs             :     1.5
     dumpstep(trj) /fs  :     200
     dumpstep(Vbias)/ps :     1.0
     Vbias factor k /Eh :  0.7512
     Vbias exp α /bohr⁻²:    1.00
Starting Meta-MD  10 with the settings:
     MD time /ps        :    10.0
     dt /fs             :     1.5
     dumpstep(trj) /fs  :     200
     dumpstep(Vbias)/ps :     1.0
     Vbias factor k /Eh :  0.7512
     Vbias exp α /bohr⁻²:    0.30
Starting Meta-MD   2 with the settings:
     MD time /ps        :    10.0
     dt /fs             :     1.5
     dumpstep(trj) /fs  :     200
     dumpstep(Vbias)/ps :     1.0
     Vbias factor k /Eh :  0.5008
     Vbias exp α /bohr⁻²:    1.00
Starting Meta-MD   3 with the settings:
     MD time /ps        :    10.0
     dt /fs             :     1.5
     dumpstep(trj) /fs  :     200
     dumpstep(Vbias)/ps :     1.0
     Vbias factor k /Eh :  0.3339
     Vbias exp α /bohr⁻²:    1.00
Starting Meta-MD   4 with the settings:
     MD time /ps        :    10.0
     dt /fs             :     1.5
     dumpstep(trj) /fs  :     200
     dumpstep(Vbias)/ps :     1.0
     Vbias factor k /Eh :  0.7512
     Vbias exp α /bohr⁻²:    0.67
Starting Meta-MD   5 with the settings:
     MD time /ps        :    10.0
     dt /fs             :     1.5
     dumpstep(trj) /fs  :     200
     dumpstep(Vbias)/ps :     1.0
     Vbias factor k /Eh :  0.5008
     Vbias exp α /bohr⁻²:    0.67
Starting Meta-MD   6 with the settings:
     MD time /ps        :    10.0
     dt /fs             :     1.5
     dumpstep(trj) /fs  :     200
     dumpstep(Vbias)/ps :     1.0
     Vbias factor k /Eh :  0.3339
     Vbias exp α /bohr⁻²:    0.67
Starting Meta-MD   7 with the settings:
     MD time /ps        :    10.0
     dt /fs             :     1.5
     dumpstep(trj) /fs  :     200
     dumpstep(Vbias)/ps :     1.0
     Vbias factor k /Eh :  0.7512
     Vbias exp α /bohr⁻²:    0.44
Starting Meta-MD   9 with the settings:
     MD time /ps        :    10.0
     dt /fs             :     1.5
     dumpstep(trj) /fs  :     200
     dumpstep(Vbias)/ps :     1.0
     Vbias factor k /Eh :  0.3339
     Vbias exp α /bohr⁻²:    0.44
Starting Meta-MD   8 with the settings:
     MD time /ps        :    10.0
     dt /fs             :     1.5
     dumpstep(trj) /fs  :     200
     dumpstep(Vbias)/ps :     1.0
     Vbias factor k /Eh :  0.5008
     Vbias exp α /bohr⁻²:    0.44
*Meta-MTD 10 finished*
*Meta-MTD 2 finished*
*Meta-MTD 9 finished*
*Meta-MTD 6 finished*
*Meta-MTD 4 finished*
*Meta-MTD 5 finished*
*Meta-MTD 3 finished*
*Meta-MTD 8 finished*
*Meta-MTD 7 finished*
*Meta-MTD 1 finished*
 
-----------------------
Multilevel Optimization
-----------------------
 
 -------------------------
 1. crude pre-optimization
 -------------------------
 Optimizing all 500 structures from file "crest_rotamers_0.xyz" ...
 1 2 3 4 5 6 7 8 9 10 11 12 13 14 15 16 17 18 19 20 21 22 23 24 25 26 27 28 29 30 31 32 33 34 35 36 37 38 39 40 41 42 43 44 45 46 47 48 49 50 51 52 53 54 55 56 57 58 59 60 61 62 63 64 65 66 67 68 69 70 71 72 73 74 75 76 77 78 79 80 81 82 83 84 85 86 87 88 89 90 91 92 93 94 95 96 97 98 99 100 101 102 103 104 105 106 107 108 109 110 111 112 113 114 115 116 117 118 119 120 121 122 123 124 125 126 127 128 129 130 131 132 133 134 135 136 137 138 139 140 141 142 143 144 145 146 147 148 149 150 151 152 153 154 155 156 157 158 159 160 161 162 163 164 165 166 167 168 169 170 171 172 173 174 175 176 177 178 179 180 181 182 183 184 185 186 187 188 189 190 191 192 193 194 195 196 197 198 199 200 201 202 203 204 205 206 207 208 209 210 211 212 213 214 215 216 217 218 219 220 221 222 223 224 225 226 227 228 229 230 231 232 233 234 235 236 237 238 239 240 241 242 243 244 245 246 247 248 249 250 251 252 253 254 255 256 257 258 259 260 261 262 263 264 265 266 267 268 269 270 271 272 273 274 275 276 277 278 279 280 281 282 283 284 285 286 287 288 289 290 291 292 293 294 295 296 297 298 299 300 301 302 303 304 305 306 307 308 309 310 311 312 313 314 315 316 317 318 319 320 321 322 323 324 325 326 327 328 329 330 331 332 333 334 335 336 337 338 339 340 341 342 343 344 345 346 347 348 349 350 351 352 353 354 355 356 357 358 359 360 361 362 363 364 365 366 367 368 369 370 371 372 373 374 375 376 377 378 379 380 381 382 383 384 385 386 387 388 389 390 391 392 393 394 395 396 397 398 399 400 401 402 403 404 405 406 407 408 409 410 411 412 413 414 415 416 417 418 419 420 421 422 423 424 425 426 427 428 429 430 431 432 433 434 435 436 437 438 439 440 441 442 443 444 445 446 447 448 449 450 451 452 453 454 455 456 457 458 459 460 461 462 463 464 465 466 467 468 469 470 471 472 473 474 475 476 477 478 479 480 481 482 483 484 485 486 487 488 489 490 491 492 493 494 495 496 497 498 499 500
 done.
 input  file name : crest_rotamers_1.xyz
 output file name : crest_rotamers_2.xyz
 reference state Etot :  -67.6918353800000     
 500 structures remain within     6.00 kcal/mol window
 
========================================
            MTD Iterations done         
========================================
 Collecting ensmbles.
 running RMSDs...
 done.
 E lowest :   -67.69184
 3 structures remain within     3.00 kcal/mol window
 
-----------------------------------------------
Additional regular MDs on lowest 1 conformer(s)
-----------------------------------------------
Starting MD   2 with the settings:
     MD time /ps        :     5.0
     MD Temperature /K  :   500.0
     dt /fs             :     1.5
     dumpstep(trj) /fs  :     200
Starting MD   1 with the settings:
     MD time /ps        :     5.0
     MD Temperature /K  :   400.0
     dt /fs             :     1.5
     dumpstep(trj) /fs  :     200
*MD 2 finished*
*MD 1 finished*
 Appending file crest_rotamers_1.xyz with new structures
 
 --------------------------------------------
 Ensemble optimization with normal thresholds
 --------------------------------------------
 Optimizing all 53 structures from file "crest_rotamers_1.xyz" ...
 1 2 3 4 5 6 7 8 9 10 11 12 13 14 15 16 17 18 19 20 21 22 23 24 25 26 27 28 29 30 31 32 33 34 35 36 37 38 39 40 41 42 43 44 45 46 47 48 49 50 51 52 53
 done.
 input  file name : crest_rotamers_2.xyz
 output file name : crest_rotamers_3.xyz
 reference state Etot :  -67.6988790300000     
 53 structures remain within     3.00 kcal/mol window
 
 
 
   ================================================
   |           Final Geometry Optimization        |
   ================================================
 --------------------------------------------
 Ensemble optimization with normal thresholds
 --------------------------------------------
 Optimizing all 53 structures from file "crest_rotamers_3.xyz" ...
 1 2 3 4 5 6 7 8 9 10 11 12 13 14 15 16 17 18 19 20 21 22 23 24 25 26 27 28 29 30 31 32 33 34 35 36 37 38 39 40 41 42 43 44 45 46 47 48 49 50 51 52 53
 done.
 input  file name : crest_rotamers_4.xyz
 output file name : crest_rotamers_5.xyz
 reference state Etot :  -67.7029143600000     
 53 structures remain within     3.00 kcal/mol window
 
  GFN2-xTB optimization
 --------------------------------------------
 Ensemble optimization with normal thresholds
 --------------------------------------------
 Optimizing all 53 structures from file "crest_rotamers_5.xyz" ...
 1 2 3 4 5 6 7 8 9 10 11 12 13 14 15 16 17 18 19 20 21 22 23 24 25 26 27 28 29 30 31 32 33 34 35 36 37 38 39 40 41 42 43 44 45 46 47 48 49 50 51 52 53
 done.
 
 -------------------------------------------
 Ensemble optimization with tight thresholds
 -------------------------------------------
 Optimizing all 53 structures from file "crest_rotamers_6.xyz" ...
 1 2 3 4 5 6 7 8 9 10 11 12 13 14 15 16 17 18 19 20 21 22 23 24 25 26 27 28 29 30 31 32 33 34 35 36 37 38 39 40 41 42 43 44 45 46 47 48 49 50 51 52 53
 done.
 
 
  Single point computation with GBSA model
  53 jobs to do.
 
  done.
 
  Cluster   E /Eh        Density  Efix       R   av/act. Surface   Opt
    1     -1018.921987   1.392    0.000    13.8  19.0     7187.6   tight
    2     -1018.931250   1.403    0.000    13.7  17.6     7052.0   tight
    3     -1018.964851   1.397    0.000    13.6  17.2     7276.0   tight
    4     -1018.929423   1.387    0.000    13.8  20.2     7381.7   tight
    5     -1018.931045   1.392    0.000    13.7  16.8     7295.2   tight
    6     -1018.900203   1.388    0.000    13.6  16.5     7260.4   tight
    7     -1018.902640   1.401    0.000    13.5  16.7     7020.1   tight
    8     -1018.927255   1.393    0.000    13.6  16.0     7197.4   tight
    9     -1018.907098   1.397    0.000    13.7  17.7     6966.2   tight
   10     -1018.892485   1.395    0.000    13.6  18.2     7072.4   tight
   11     -1018.936528   1.389    0.000    13.8  18.2     7350.9   tight
   12     -1018.938903   1.396    0.000    13.6  16.1     7234.7   tight
   13     -1018.865085   1.394    0.000    13.7  17.6     6967.0   tight
   14     -1018.926839   1.402    0.000    13.6  18.2     7047.3   tight
   15     -1018.915903   1.391    0.000    13.7  17.7     7274.5   tight
   16     -1018.888794   1.413    0.000    13.5  16.9     6737.7   tight
   17     -1018.883621   1.392    0.000    13.8  19.5     7133.5   tight
   18     -1018.926826   1.391    0.000    13.8  17.6     7246.4   tight
   19     -1018.911632   1.388    0.000    13.7  18.8     7501.1   tight
   20     -1018.894590   1.384    0.000    13.6  15.2     7595.0   tight
   21     -1018.931617   1.397    0.000    13.7  16.4     7169.3   tight
   22     -1018.918693   1.403    0.000    13.6  16.6     6928.0   tight
   23     -1018.953540   1.392    0.000    13.8  16.2     7379.2   tight
   24     -1018.898807   1.387    0.000    13.7  16.7     7392.7   tight
   25     -1018.922700   1.400    0.000    13.6  14.7     6925.6   tight
   26     -1018.920235   1.390    0.000    13.7  15.9     7236.9   tight
   27     -1018.915920   1.390    0.000    13.6  15.6     7386.9   tight
   28     -1018.912584   1.397    0.000    13.7  19.2     7190.9   tight
   29     -1018.900059   1.387    0.000    13.8  18.8     7351.0   tight
   30     -1018.919354   1.398    0.000    13.6  14.1     7130.9   tight
   31     -1018.917902   1.395    0.000    13.6  16.8     7112.1   tight
   32     -1018.902543   1.396    0.000    13.7  16.1     7146.9   tight
   33     -1018.919359   1.392    0.000    13.7  17.3     7321.7   tight
   34     -1018.923218   1.393    0.000    13.7  19.4     7157.5   tight
   35     -1018.928800   1.390    0.000    13.6  18.8     7300.9   tight
   36     -1018.894203   1.393    0.000    13.8  19.1     7121.0   tight
   37     -1018.931308   1.384    0.000    13.6  16.9     7717.8   tight
   38     -1018.917883   1.390    0.000    13.7  17.0     7240.3   tight
   39     -1018.901483   1.391    0.000    13.6  17.4     7292.7   tight
   40     -1018.916600   1.383    0.000    13.7  18.4     7474.3   tight
   41     -1018.855399   1.393    0.000    13.6  18.2     7049.7   tight
   42     -1018.904007   1.395    0.000    13.6  16.2     7134.5   tight
   43     -1018.908479   1.385    0.000    13.7  16.6     7442.6   tight
   44     -1018.916281   1.391    0.000    13.7  17.1     7244.4   tight
   45     -1018.874891   1.385    0.000    13.8  13.4     7328.9   tight
   46     -1018.918216   1.391    0.000    13.7  17.2     7341.1   tight
   47     -1018.912944   1.390    0.000    13.8  17.0     7291.4   tight
   48     -1018.930934   1.395    0.000    13.7  17.5     7177.4   tight
   49     -1018.904446   1.397    0.000    13.7  18.8     7016.5   tight
   50     -1018.925638   1.381    0.000    13.9  16.0     7494.6   tight
   51     -1018.933086   1.390    0.000    13.8  15.2     7412.3   tight
   52     -1018.929832   1.400    0.000    13.8  15.8     7025.9   tight
   53     -1018.954268   1.403    0.000    13.9  15.9     6980.9   tight
 
Taking  20 structures
 
  ------------------------------------------------------------------------
  ------------------------------------------------------------------------
  Boltz. averaged energy of final cluster:
       G /Eh     :-1018.96485135
       T*S /kcal :  -0.000
 
  Ensemble generation finished.
  Results can be found in ensemble directory
  Lowest energy conformer in file <crest_best.xyz>
  List of full ensemble in file <full_ensemble.xyz>
  List of used ensemble in file <final_ensemble.xyz>
  Thermodynamical data in file <thermo_data>
  Population of full ensemble in file <full_population.dat>
  Population in file <population.dat>
 
 
  ________________________________________________________________________
 
  _________________     Solvent Cluster Generation   _____________________
 
  ________________________________________________________________________
 
 Method for CFF: GFN2-xTB
  solute smaller than solvent, cff skipped
  Starting optimizations + SP  of structures
  20 jobs to do.
 
  done.
 
  Cluster   E /Eh        Density  Efix       R   av/act. Surface   Opt
    1     -1018.722176   1.397    0.000    13.6  15.9     7302.7   tight
    2     -1018.718272   1.399    0.000    13.6  13.7     7097.3   tight
    3     -1018.697126   1.396    0.000    13.6  13.9     7319.1   tight
    4     -1018.693332   1.397    0.000    13.5  16.3     7170.8   tight
    5     -1018.698472   1.389    0.000    13.6  15.7     7334.3   tight
    6     -1018.689418   1.390    0.000    13.6  15.2     7373.3   tight
    7     -1018.702975   1.397    0.000    13.5  15.3     7252.9   tight
    8     -1018.693452   1.385    0.000    13.7  16.9     7547.2   tight
    9     -1018.691709   1.403    0.000    13.5  15.4     7062.8   tight
   10     -1018.695670   1.391    0.000    13.6  16.4     7365.5   tight
   11     -1018.721342   1.388    0.000    13.6  17.1     7419.2   tight
   12     -1018.691330   1.398    0.000    13.6  15.9     7098.9   tight
   13     -1018.687693   1.391    0.000    13.6  18.9     7360.1   tight
   14     -1018.695790   1.389    0.000    13.6  18.5     7292.3   tight
   15     -1018.678101     NaN    0.000    13.6  14.7     7191.4   tight
   16     -1018.710928   1.398    0.000    13.6  16.6     7196.1   tight
   17     -1018.691433   1.392    0.000    13.6  17.2     7260.5   tight
   18     -1018.697947   1.382    0.000    13.7  15.1     7607.4   tight
   19     -1018.673171   1.393    0.000    13.6  17.9     7054.8   tight
   20     -1018.712310   1.398    0.000    13.6  14.6     7126.7   tight
 
  ------------------------------------------------------------------------
  ------------------------------------------------------------------------
  Boltz. averaged energy of final cluster:
       G /Eh     :-1018.72251313
       T*S /kcal :  -0.391
 
  Solvent cluster generation finished.
  Results can be found in solvent_cluster directory
  Structures in file <crest_ensemble.xyz>
  Energies in file <cluster_energy.dat>
  Population in file <population.dat>
 
  =========================================
  |   quantum cluster growth: ESOLV       |
  |                                       |
  |          -296.12 kcal/mol             |
  =========================================
 
  =========================================
  |          Frequency evaluation         |
  =========================================
 
   SOLUTE MOLECULE
  Starting reoptimizations + Frequency computation of ensemble
  1 jobs to do.
 
  done.
   SOLUTE CLUSTER
  Starting reoptimizations + Frequency computation of ensemble
  20 jobs to do.
 
  done.
   SOLVENT CLUSTER
  Starting reoptimizations + Frequency computation of ensemble
  20 jobs to do.
 
  done.
 
   Solute Gas properties
  #       H(T)       SVIB      SROT       STRA      G(T)
       [kcal/mol]    [      cal/mol/K        ]    [kcal/mol]
  --------------------------------------------------------
        1.48      0.00      0.00     26.00     -6.27
 
   Solute cluster properties
  #       H(T)       SVIB      SROT       STRA      G(T)
       [kcal/mol]    [      cal/mol/K        ]    [kcal/mol]
  --------------------------------------------------------
  1     3349.50   1816.20     46.75     50.38   2779.05
  2     3347.26   1820.13     46.74     50.38   2775.63
  3     3347.23   1820.01     46.77     50.38   2775.63
  4     3347.74   1837.35     46.74     50.38   2770.98
  5     3345.51   1829.98     46.77     50.38   2770.94
  6     3348.67   1822.24     46.78     50.38   2776.40
  7     3347.09   1836.76     46.74     50.38   2770.50
  8     3346.35   1824.78     46.79     50.38   2773.32
  9     3346.29   1830.77     46.74     50.38   2771.49
  10     3347.27   1831.80     46.76     50.38   2772.16
  11     3347.07   1825.35     46.76     50.38   2773.89
  12     3347.20   1822.53     46.76     50.38   2774.85
  13     3346.34   1830.38     46.79     50.38   2771.64
  14     3347.56   1832.82     46.77     50.38   2772.14
  15     3346.10   1834.18     46.76     50.38   2770.28
  16     3348.01   1835.78     46.74     50.38   2771.72
  17     3347.13   1833.04     46.77     50.38   2771.64
  18     3345.24   1838.01     46.81     50.38   2768.26
  19     3345.99   1840.88     46.76     50.38   2768.16
  20     3345.91   1844.56     46.74     50.38   2767.00
 
   Solvent cluster properties
  #       H(T)       SVIB      SROT       STRA      G(T)
       [kcal/mol]    [      cal/mol/K        ]    [kcal/mol]
  --------------------------------------------------------
  1     3342.82   1821.77     46.76     50.38   2770.70
  2     3341.02   1814.42     46.77     50.38   2771.08
  3     3342.83   1817.42     46.77     50.38   2772.00
  4     3342.35   1837.81     46.75     50.38   2765.45
  5     3340.82   1823.90     46.78     50.38   2768.06
  6     3342.31   1826.53     46.78     50.38   2768.76
  7     3341.97   1822.56     46.75     50.38   2769.62
  8     3340.18   1827.30     46.80     50.38   2766.39
  9     3341.01   1825.55     46.75     50.38   2767.76
  10     3342.00   1825.00     46.77     50.38   2768.91
  11     3341.26   1836.65     46.77     50.38   2764.70
  12     3341.24   1820.84     46.78     50.38   2769.39
  13     3340.58   1831.90     46.79     50.38   2765.43
  14     3341.56   1832.54     46.78     50.38   2766.22
  15     3339.89   1836.45     46.77     50.38   2763.38
  16     3342.54   1818.66     46.76     50.38   2771.34
  17     3341.26   1830.00     46.79     50.38   2766.67
  18     3340.82   1829.61     46.81     50.38   2766.34
  19     3340.24   1849.31     46.77     50.38   2759.91
  20     3342.24   1820.02     46.77     50.38   2770.64
 
 
  ________________________________________________________________________
 
  _________________________     Evaluation    ____________________________
 
  ________________________________________________________________________
 
 
  -----------------------------------------------------
  Gsolv and Hsolv ref. state: [1 M gas/solution] 
  G_solv (incl.RRHO)      = -281.51 kcal/mol
  H_solv (incl.RRHO)      = -289.98 kcal/mol
  -----------------------------------------------------
 
  -----------------------------------------------------
  Gsolv and Hsolv ref. state: [1 M gas/solution] 
  G_solv (incl.RRHO)      = -283.40 kcal/mol
  H_solv (incl.RRHO)      = -291.88 kcal/mol
  -----------------------------------------------------
 
  -----------------------------------------------------
  Solvation free energies with scaled translational
  and rotational degrees of freedom: Gsolv (scaling)
          >>   -290.77 (0.05)    <<
          >>   -290.38 (0.10)    <<
          >>   -290.00 (0.15)    <<
          >>   -289.61 (0.20)    <<
          >>   -289.22 (0.25)    <<
          >>   -288.83 (0.30)    <<
          >>   -288.45 (0.35)    <<
          >>   -288.06 (0.40)    <<
          >>   -287.67 (0.45)    <<
          >>   -287.28 (0.50)    <<
          >>   -286.89 (0.55)    <<
          >>   -286.51 (0.60)    <<
          >>   -286.12 (0.65)    <<
          >>   -285.73 (0.70)    <<
          >>   -285.34 (0.75)    <<
          >>   -284.96 (0.80)    <<
          >>   -284.57 (0.85)    <<
          >>   -284.18 (0.90)    <<
          >>   -283.79 (0.95)    <<
          >>   -283.40 (1.00)    <<
  -----------------------------------------------------
 
  ==================================================
  |  Gsolv with SCALED RRHO contributions: 0.75    |
  |  [1 bar gas/ 1 M solution]                     |
  |                                                |
  |  G_solv (incl.RRHO)+dV(T)= -285.34 kcal/mol    |
  ==================================================
 
 
 -----------------
 Wall Time Summary
 -----------------
             test MD wall time :         0h : 0m :47s
                 MTD wall time :         0h :52m :35s
      multilevel OPT wall time :         0h :33m :27s
                  MD wall time :         0h :13m : 2s
                Grow wall time :         3h :29m : 1s
     Solute-Ensemble wall time :         5h :36m :18s
                 CFF wall time :         0h :42m : 7s
         Frequencies wall time :        12h :30m : 4s
--------------------
Overall wall time  : 23h :59m :11s
 
 CREST terminated normally.
