 
       ==============================================
       |                                            |
       |                 C R E S T                  |
       |                                            |
       |  Conformer-Rotamer Ensemble Sampling Tool  |
       |          based on the GFN methods          |
       |             P.Pracht, S.Grimme             |
       |          Universitaet Bonn, MCTC           |
       ==============================================
       Version 2.12,   Thu 19. Mai 16:32:32 CEST 2022
  Using the xTB program. Compatible with xTB version 6.4.0
 
   Cite work conducted with this code as

   • P.Pracht, F.Bohle, S.Grimme, PCCP, 2020, 22, 7169-7192.
   • S.Grimme, JCTC, 2019, 15, 2847-2862.

   and for works involving QCG as

   • S.Spicher, C.Plett, P.Pracht, A.Hansen, S.Grimme,
     JCTC, 2022, 18 (5), 3174-3189.
 
   with help from:
   C.Bannwarth, F.Bohle, S.Ehlert, S.Grimme,
   C.Plett, P.Pracht, S.Spicher
 
   This program is distributed in the hope that it will be useful,
   but WITHOUT ANY WARRANTY; without even the implied warranty of
   MERCHANTABILITY or FITNESS FOR A PARTICULAR PURPOSE.

 Command line input:
 > crest input.xyz --qcg water.xyz --chrg 0 --uhf 0 --nsolv 100 --T 25 --gsolv --nclus 20 --gbsa water --wscal 1.0

 Solute-file: input.xyz
 Solvent-file: water.xyz
  --chrg 0
  --uhf 0
  --T 25 (CPUs/Threads selected)
  --gbsa water : implicit solvation
 
  ========================================
  |           ----------------           |
  |                 Q C G                |
  |           ----------------           |
  |        Quantum Cluster Growth        |
  |       University of Bonn, MCTC       |
  ========================================
   S. Grimme, S. Spicher, C. Plett.
 
   Cite work conducted with this code as

   S. Spicher, C. Plett, P. Pracht, A. Hansen, S. Grimme, JCTC, 2022, 18, 3174-3189.
 
 
  =========================================
  |   quantum cluster growth: INPUT       |
  =========================================
 
  QCG: Calculation of delta G_solv
  Ensemble generated via CREST
 
  input parameters     
  solute                 : input.xyz
  charge                 : 0
  uhf                    : 0
  solvent                : water.xyz
  # of solvents to add   : 100
  # of cluster generated : 20
  # of CPUs used         : 25
  Solvation model        : water               
  xtb opt level          : normal
  System temperature [K] : 298.1
  RRHO scaling factor    : 0.75
 
 Solute geometry
  molecular radius (Bohr**1):    5.64
  molecular area   (Bohr**2):  459.94
  molecular volume (Bohr**3):  751.19
 Solvent geometry
  molecular radius (Bohr**1):    3.88
  molecular area   (Bohr**2):  194.99
  molecular volume (Bohr**3):  244.40
 
  radius of solute    :     9.09
  radius of solvent   :     6.25
 
  =========================================
  |            Preoptimization            |
  =========================================
 
 -------------------------
 xTB Geometry Optimization
 -------------------------
 Geometry successfully optimized.
 Generating LMOs for solute
  Total Energy of solute:     -14.8081977 Eh
 
 -------------------------
 xTB Geometry Optimization
 -------------------------
 Geometry successfully optimized.
 Generating LMOs for solvent
  Total energy of solvent:     -5.0705444 Eh
 
  ________________________________________________________________________
 
  __________________     Solute Cluster Generation   _____________________
 
  ________________________________________________________________________
 
 
  =========================================
  |   quantum cluster growth: GROW        |
  =========================================
 
  Constraining solute during Growth 
 Solute:
       unit ellipsoid axis a,b,c     :   0.454   0.275   0.270
 Solvent:
       unit ellipsoid axis a,b,c     :   0.386   0.322   0.292
 
  solvent anisotropy            :     1.133
  solute anisotropy             :     1.245
  roff inner wall               :     0.933
  solute max dist               :    14.199
  solvent max dist              :     7.283
  inner unit axis               :     0.581     0.214     0.206
  inner ellipsoid/Bohr          :    15.104     5.556     5.357
  scaling factor outer ellipsoid:     1.000
  outer ellipsoid/Bohr          :    14.794     8.973     8.811
 
  Size  E /Eh       De/kcal   Detot/kcal  Density   Efix         R   av/act. Surface   Opt
    1   -19.887140   -5.27      -5.27       0.941     -5.315      0.0   0.0     942.4   normal
    2   -24.972006   -8.99     -14.26       0.965     -6.057      7.4   8.4    1128.1   normal
    3   -30.051689   -5.73     -19.99       0.978     -6.720      8.0   6.5    1319.3   normal
    4   -35.135553   -8.36     -28.35       1.001     -7.326      7.3   6.6    1490.9   normal
    5   -40.220940   -9.31     -37.66       1.016     -7.888      7.2   6.8    1666.9   normal
    6   -45.303111   -7.30     -44.96       1.021     -8.413      7.1   8.5    1856.2   normal
    7   -50.391961  -11.49     -56.45       1.033     -8.908      7.7  10.1    2030.3   normal
    8   -55.481860  -12.14     -68.59       1.066     -9.378      7.7   6.8    2156.3   normal
    9   -60.566029   -8.55     -77.14       1.073     -9.825      7.6   9.7    2331.7   normal
   10   -65.653663  -10.72     -87.86       1.080    -10.253      7.8   7.7    2501.9   normal
   11   -70.749600  -15.93    -103.80       1.111    -10.666      7.8   8.0    2615.2   normal
   12   -75.834761   -9.17    -112.97       1.116    -11.062      7.8   7.6    2784.0   normal
   13   -80.920086   -9.27    -122.25       1.122    -11.444      7.8   8.2    2949.3   normal
   14   -86.014835  -15.19    -137.43       1.122    -11.815      8.1  11.3    3129.6   normal
   15   -91.099016   -8.56    -145.99       1.129    -12.174      8.2   7.4    3288.3   normal
   16   -96.182253   -7.96    -153.96       1.132    -12.522      8.2   8.8    3457.1   normal
   17  -101.264360   -7.26    -161.21       1.131    -12.861      8.2   8.9    3639.8   normal
   18  -106.345595   -6.71    -167.92       1.126    -13.191      8.2   7.3    3835.5   normal
   19  -111.453892  -23.69    -191.61       1.150    -13.516      8.1   8.1    3932.0   normal
   20  -116.542623  -11.41    -203.02       1.148    -13.831      8.1   8.5    4113.9   normal
   21  -121.633041  -12.47    -215.49       1.156    -14.140      8.0   7.1    4259.5   normal
   22  -126.723625  -12.57    -228.07       1.168    -14.441      7.9   9.7    4387.1   normal
   23  -131.816623  -14.09    -242.16       1.186    -14.738      7.9   7.8    4490.9   normal
   24  -136.905505  -11.51    -253.67       1.196    -15.027      7.9   6.9    4624.4   normal
   25  -141.990118   -8.83    -262.49       1.198    -15.311      7.9  12.8    4783.1   normal
   26  -147.074502   -8.68    -271.18       1.201    -15.590      8.1  11.0    4941.2   normal
   27  -152.159377   -8.99    -280.17       1.199    -15.864      8.2  13.4    5116.6   normal
   28  -157.247593  -11.09    -291.26       1.197    -16.133      8.4  14.2    5295.3   normal
   29  -162.345117  -16.93    -308.19       1.209    -16.399      8.6  12.1    5408.6   normal
   30  -167.429692   -8.80    -316.99       1.206    -16.660      8.7  13.5    5588.1   normal
   31  -172.521963  -13.63    -330.63       1.206    -16.917      8.9   9.4    5755.1   normal
   32  -177.616702  -15.18    -345.81       1.205    -17.171      9.0  12.6    5929.5   normal
   33  -182.698351   -6.97    -352.78       1.201    -17.420      9.1  12.3    6115.6   normal
   34  -187.787993  -11.98    -364.76       1.199    -17.666      9.3  14.9    6294.1   normal
   35  -192.881706  -14.54    -379.30       1.211    -17.909      9.4   7.4    6402.0   normal
   36  -197.972649  -12.80    -392.10       1.212    -18.148      9.3  14.7    6560.2   normal
   37  -203.060771  -11.03    -403.13       1.219    -18.384      9.4  10.9    6689.8   normal
   38  -208.151208  -12.48    -415.61       1.221    -18.618      9.5  12.8    6840.9   normal
   39  -213.250277  -17.90    -433.51       1.233    -18.849      9.6  13.3    6940.0   normal
   40  -218.336845  -10.05    -443.57       1.235    -19.076      9.7   8.9    7093.6   normal
   41  -223.425851  -11.58    -455.15       1.237    -19.301      9.6   9.8    7243.4   normal
   42  -228.515147  -11.77    -466.92       1.240    -19.523      9.6  14.5    7388.6   normal
   43  -233.607423  -13.64    -480.56       1.237    -19.743      9.7  10.9    7570.2   normal
   44  -238.700822  -14.34    -494.90       1.242    -19.961      9.7  12.0    7703.6   normal
   45  -243.790880  -12.24    -507.14       1.250    -20.176      9.8  13.4    7817.0   normal
   46  -248.875918   -9.10    -516.24       1.251    -20.389      9.9   7.2    7970.7   normal
   47  -253.964488  -11.31    -527.55       1.249    -20.599      9.8  10.0    8145.5   normal
   48  -259.063185  -17.67    -545.21       1.243    -20.808      9.9  12.9    8349.2   normal
   49  -264.156830  -14.50    -559.71       1.246    -21.015      9.9  11.4    8491.2   normal
   50  -269.251857  -15.36    -575.07       1.249    -21.220     10.0   9.2    8628.2   normal
   51  -274.342420  -12.56    -587.63       1.253    -21.423     10.0  17.6    8761.2   normal
   52  -279.433007  -12.58    -600.21       1.253    -21.623     10.1  13.7    8927.5   normal
   53  -284.524332  -13.04    -613.25       1.254    -21.822     10.2  10.9    9077.4   normal
   54  -289.619053  -15.17    -628.42       1.256    -22.019     10.3   9.7    9224.7   normal
   55  -294.715890  -16.50    -644.92       1.258    -22.215     10.3   9.6    9370.8   normal
   56  -299.806592  -12.65    -657.57       1.256    -22.409     10.3  11.2    9546.3   normal
   57  -304.899806  -14.23    -671.80       1.264    -22.601     10.3  12.7    9643.1   normal
   58  -309.990200  -12.46    -684.25       1.263    -22.791     10.3  12.4    9809.5   normal
   59  -315.081463  -13.00    -697.25       1.266    -22.980     10.3  10.6    9948.3   normal
   60  -320.177839  -16.21    -713.46       1.270    -23.167     10.3  13.6   10076.2   normal
   61  -325.272375  -15.06    -728.52       1.276    -23.353     10.3  11.1   10190.8   normal
   62  -330.359141  -10.18    -738.70       1.275    -23.537     10.3  16.4   10353.1   normal
   63  -335.450126  -12.83    -751.52       1.278    -23.720     10.4  10.9   10486.1   normal
   64  -340.534409   -8.62    -760.14       1.278    -23.901     10.4   9.9   10642.5   normal
   65  -345.632477  -17.27    -777.42       1.279    -24.081     10.4  16.1   10792.5   normal
   66  -350.722800  -12.41    -789.83       1.280    -24.260     10.5  16.6   10944.8   normal
   67  -355.806360   -8.17    -797.99       1.278    -24.437     10.6  15.2   11114.9   normal
   68  -360.904427  -17.27    -815.26       1.282    -24.613     10.6  17.3   11239.4   normal
   69  -365.993565  -11.67    -826.93       1.282    -24.788     10.8  18.4   11402.8   normal
   70  -371.083965  -12.46    -839.39       1.284    -24.962     10.9  13.3   11538.3   normal
   71  -376.178175  -14.85    -854.24       1.286    -25.134     10.9  10.9   11680.6   normal
   72  -381.263375   -9.20    -863.44       1.285    -25.305     10.9  14.2   11847.8   normal
   73  -386.363757  -18.72    -882.16       1.285    -25.476     10.9  15.7   12002.3   normal
   74  -391.452079  -11.16    -893.32       1.284    -25.645     11.0  18.7   12169.0   normal
   75  -396.542061  -12.20    -905.51       1.286    -25.813     11.1  16.9   12309.1   normal
   76  -401.631485  -11.85    -917.36       1.285    -25.979     11.2  14.9   12476.7   normal
   77  -406.719930  -11.23    -928.59       1.285    -26.145     11.2  18.8   12631.1   normal
   78  -411.815205  -15.52    -944.11       1.288    -26.310     11.3  11.3   12756.1   normal
   79  -416.909167  -14.69    -958.81       1.292    -26.474     11.3  16.4   12869.6   normal
   80  -421.999056  -12.14    -970.95       1.292    -26.636     11.4  16.4   13031.0   normal
   81  -427.090443  -13.08    -984.03       1.292    -26.798     11.4  11.6   13187.2   normal
   82  -432.183434  -14.09    -998.11       1.294    -26.959     11.4  18.0   13325.2   normal
   83  -437.275598  -13.57   -1011.68       1.295    -27.119     11.5  12.5   13464.9   normal
   84  -442.378155  -20.09   -1031.77       1.296    -27.278     11.5  12.4   13617.1   normal
   85  -447.464721  -10.05   -1041.82       1.295    -27.436     11.5  11.8   13776.2   normal
   86  -452.569144  -21.26   -1063.08       1.301    -27.594     11.5  12.2   13870.3   normal
   87  -457.661184  -13.49   -1076.57       1.302    -27.750     11.5  14.7   14016.7   normal
   88  -462.763728  -20.08   -1096.65       1.304    -27.906     11.5  11.9   14153.2   normal
   89  -467.851963  -11.10   -1107.75       1.304    -28.060     11.5  11.7   14299.2   normal
   90  -472.938153   -9.82   -1117.57       1.304    -28.213     11.5  19.1   14455.4   normal
   91  -478.030541  -13.71   -1131.27       1.306    -28.366     11.6  17.3   14587.0   normal
   92  -483.126267  -15.80   -1147.07       1.309    -28.518     11.6  18.1   14713.7   normal
   93  -488.225814  -18.20   -1165.27       1.313    -28.670     11.6  13.9   14821.5   normal
   94  -493.319471  -14.50   -1179.78       1.314    -28.820     11.7  17.0   14968.2   normal
   95  -498.408502  -11.60   -1191.38       1.313    -28.969     11.7  20.2   15125.4   normal
   96  -503.497098  -11.33   -1202.71       1.314    -29.118     11.8  12.6   15272.9   normal
   97  -508.591556  -15.01   -1217.71       1.315    -29.266     11.8  18.5   15411.3   normal
   98  -513.685207  -14.50   -1232.21       1.316    -29.414     11.9  17.5   15558.2   normal
   99  -518.777183  -13.45   -1245.66       1.313    -29.560     12.0  19.3   15739.2   normal
  100  -523.865421  -11.10   -1256.76       1.313    -29.706     12.0  16.6   15890.6   normal
 
  Growth finished after 100 solvents added
  Results can be found in grow directory
  Energy list in file <qcg_energy.dat>
  Interaction energy in file <qcg_conv.dat>
  Growing process in <qcg_grow.xyz>
  Final geometry after grow in <cluster.coord> and <cluster.xyz>
  Potentials and geometry written in <cluster_cavity.coord> and <twopot_cavity.coord>
 
  =========================================
  |   quantum cluster growth: ENSEMBLE    |
  =========================================
 
   Method for ensemble search:--gff               
 Starting ensemble cluster generation by CREST routine
 
------------------------------------------------
Generating MTD length from a flexibility measure
------------------------------------------------
 System flexiblity is set to 1.0 for NCI mode
 flexibility measure :   1.000
 t(MTD) / ps set by command line  :    10.0
 t(MTD) / ps    :    10.0
 Σ(t(MTD)) / ps :   120.0 (12 MTDs)
 
-------------------------------------
Starting a trial MTD to test settings
-------------------------------------
 Estimated runtime for one MTD (10.0 ps) on a single thread: 14 min 50 sec
 Estimated runtime for a batch of 12 MTDs on 25 threads: 7 min 25 sec
 
 list of Vbias parameters applied:
$metadyn    0.00125   1.000
$metadyn    0.00083   1.000
$metadyn    0.00056   1.000
$metadyn    0.00125   0.667
$metadyn    0.00083   0.667
$metadyn    0.00056   0.667
$metadyn    0.00125   0.444
$metadyn    0.00083   0.444
$metadyn    0.00056   0.444
$metadyn    0.00125   0.296
$metadyn    0.00083   0.296
$metadyn    0.00056   0.296
 
*******************************************************************************************
**                        N E W    I T E R A T I O N    C Y C L E                        **
*******************************************************************************************
 
========================================
            MTD Iteration  1
========================================
 
     ========================================
     |         Meta-MD (MTD) Sampling       |
     ========================================
 
Starting Meta-MD   3 with the settings:
     MD time /ps        :    10.0
     dt /fs             :     1.5
     dumpstep(trj) /fs  :     200
     dumpstep(Vbias)/ps :     1.0
     Vbias factor k /Eh :  0.1728
     Vbias exp α /bohr⁻²:    1.00
Starting Meta-MD   4 with the settings:
     MD time /ps        :    10.0
     dt /fs             :     1.5
     dumpstep(trj) /fs  :     200
     dumpstep(Vbias)/ps :     1.0
     Vbias factor k /Eh :  0.3887
     Vbias exp α /bohr⁻²:    0.67
Starting Meta-MD   1 with the settings:
     MD time /ps        :    10.0
     dt /fs             :     1.5
     dumpstep(trj) /fs  :     200
     dumpstep(Vbias)/ps :     1.0
     Vbias factor k /Eh :  0.3887
     Vbias exp α /bohr⁻²:    1.00
Starting Meta-MD   8 with the settings:
     MD time /ps        :    10.0
     dt /fs             :     1.5
     dumpstep(trj) /fs  :     200
     dumpstep(Vbias)/ps :     1.0
     Vbias factor k /Eh :  0.2592
     Vbias exp α /bohr⁻²:    0.44
Starting Meta-MD  12 with the settings:
     MD time /ps        :    10.0
     dt /fs             :     1.5
     dumpstep(trj) /fs  :     200
     dumpstep(Vbias)/ps :     1.0
     Vbias factor k /Eh :  0.1728
     Vbias exp α /bohr⁻²:    0.30
Starting Meta-MD   7 with the settings:
     MD time /ps        :    10.0
     dt /fs             :     1.5
     dumpstep(trj) /fs  :     200
     dumpstep(Vbias)/ps :     1.0
     Vbias factor k /Eh :  0.3887
     Vbias exp α /bohr⁻²:    0.44
Starting Meta-MD  10 with the settings:
     MD time /ps        :    10.0
     dt /fs             :     1.5
     dumpstep(trj) /fs  :     200
     dumpstep(Vbias)/ps :     1.0
     Vbias factor k /Eh :  0.3887
     Vbias exp α /bohr⁻²:    0.30
Starting Meta-MD   5 with the settings:
     MD time /ps        :    10.0
     dt /fs             :     1.5
     dumpstep(trj) /fs  :     200
     dumpstep(Vbias)/ps :     1.0
     Vbias factor k /Eh :  0.2592
     Vbias exp α /bohr⁻²:    0.67
Starting Meta-MD   9 with the settings:
     MD time /ps        :    10.0
     dt /fs             :     1.5
     dumpstep(trj) /fs  :     200
     dumpstep(Vbias)/ps :     1.0
     Vbias factor k /Eh :  0.1728
     Vbias exp α /bohr⁻²:    0.44
Starting Meta-MD   2 with the settings:
     MD time /ps        :    10.0
     dt /fs             :     1.5
     dumpstep(trj) /fs  :     200
     dumpstep(Vbias)/ps :     1.0
     Vbias factor k /Eh :  0.2592
     Vbias exp α /bohr⁻²:    1.00
Starting Meta-MD   6 with the settings:
     MD time /ps        :    10.0
     dt /fs             :     1.5
     dumpstep(trj) /fs  :     200
     dumpstep(Vbias)/ps :     1.0
     Vbias factor k /Eh :  0.1728
     Vbias exp α /bohr⁻²:    0.67
Starting Meta-MD  11 with the settings:
     MD time /ps        :    10.0
     dt /fs             :     1.5
     dumpstep(trj) /fs  :     200
     dumpstep(Vbias)/ps :     1.0
     Vbias factor k /Eh :  0.2592
     Vbias exp α /bohr⁻²:    0.30
*Meta-MTD 4 finished*
*Meta-MTD 10 finished*
*Meta-MTD 11 finished*
*Meta-MTD 8 finished*
*Meta-MTD 9 finished*
*Meta-MTD 6 finished*
*Meta-MTD 12 finished*
*Meta-MTD 1 finished*
*Meta-MTD 5 finished*
*Meta-MTD 7 finished*
*Meta-MTD 3 finished*
*Meta-MTD 2 finished*
 
-----------------------
Multilevel Optimization
-----------------------
 
 -------------------------
 1. crude pre-optimization
 -------------------------
 Optimizing all 600 structures from file "crest_rotamers_0.xyz" ...
 1 2 3 4 5 6 7 8 9 10 11 12 13 14 15 16 17 18 19 20 21 22 23 24 25 26 27 28 29 30 31 32 33 34 35 36 37 38 39 40 41 42 43 44 45 46 47 48 49 50 51 52 53 54 55 56 57 58 59 60 61 62 63 64 65 66 67 68 69 70 71 72 73 74 75 76 77 78 79 80 81 82 83 84 85 86 87 88 89 90 91 92 93 94 95 96 97 98 99 100 101 102 103 104 105 106 107 108 109 110 111 112 113 114 115 116 117 118 119 120 121 122 123 124 125 126 127 128 129 130 131 132 133 134 135 136 137 138 139 140 141 142 143 144 145 146 147 148 149 150 151 152 153 154 155 156 157 158 159 160 161 162 163 164 165 166 167 168 169 170 171 172 173 174 175 176 177 178 179 180 181 182 183 184 185 186 187 188 189 190 191 192 193 194 195 196 197 198 199 200 201 202 203 204 205 206 207 208 209 210 211 212 213 214 215 216 217 218 219 220 221 222 223 224 225 226 227 228 229 230 231 232 233 234 235 236 237 238 239 240 241 242 243 244 245 246 247 248 249 250 251 252 253 254 255 256 257 258 259 260 261 262 263 264 265 266 267 268 269 270 271 272 273 274 275 276 277 278 279 280 281 282 283 284 285 286 287 288 289 290 291 292 293 294 295 296 297 298 299 300 301 302 303 304 305 306 307 308 309 310 311 312 313 314 315 316 317 318 319 320 321 322 323 324 325 326 327 328 329 330 331 332 333 334 335 336 337 338 339 340 341 342 343 344 345 346 347 348 349 350 351 352 353 354 355 356 357 358 359 360 361 362 363 364 365 366 367 368 369 370 371 372 373 374 375 376 377 378 379 380 381 382 383 384 385 386 387 388 389 390 391 392 393 394 395 396 397 398 399 400 401 402 403 404 405 406 407 408 409 410 411 412 413 414 415 416 417 418 419 420 421 422 423 424 425 426 427 428 429 430 431 432 433 434 435 436 437 438 439 440 441 442 443 444 445 446 447 448 449 450 451 452 453 454 455 456 457 458 459 460 461 462 463 464 465 466 467 468 469 470 471 472 473 474 475 476 477 478 479 480 481 482 483 484 485 486 487 488 489 490 491 492 493 494 495 496 497 498 499 500 501 502 503 504 505 506 507 508 509 510 511 512 513 514 515 516 517 518 519 520 521 522 523 524 525 526 527 528 529 530 531 532 533 534 535 536 537 538 539 540 541 542 543 544 545 546 547 548 549 550 551 552 553 554 555 556 557 558 559 560 561 562 563 564 565 566 567 568 569 570 571 572 573 574 575 576 577 578 579 580 581 582 583 584 585 586 587 588 589 590 591 592 593 594 595 596 597 598 599 600
 done.
 input  file name : crest_rotamers_1.xyz
 output file name : crest_rotamers_2.xyz
 reference state Etot :  -35.9889099900000     
 600 structures remain within     6.00 kcal/mol window
 
 
========================================
            MTD Iteration  2
========================================
 
     ========================================
     |         Meta-MD (MTD) Sampling       |
     ========================================
 
Starting Meta-MD   1 with the settings:
     MD time /ps        :    10.0
     dt /fs             :     1.5
     dumpstep(trj) /fs  :     200
     dumpstep(Vbias)/ps :     1.0
     Vbias factor k /Eh :  0.3887
     Vbias exp α /bohr⁻²:    1.00
Starting Meta-MD   2 with the settings:
     MD time /ps        :    10.0
     dt /fs             :     1.5
     dumpstep(trj) /fs  :     200
     dumpstep(Vbias)/ps :     1.0
     Vbias factor k /Eh :  0.2592
     Vbias exp α /bohr⁻²:    1.00
Starting Meta-MD   3 with the settings:
     MD time /ps        :    10.0
     dt /fs             :     1.5
     dumpstep(trj) /fs  :     200
     dumpstep(Vbias)/ps :     1.0
     Vbias factor k /Eh :  0.1728
     Vbias exp α /bohr⁻²:    1.00
Starting Meta-MD   4 with the settings:
     MD time /ps        :    10.0
     dt /fs             :     1.5
     dumpstep(trj) /fs  :     200
     dumpstep(Vbias)/ps :     1.0
     Vbias factor k /Eh :  0.3887
     Vbias exp α /bohr⁻²:    0.67
Starting Meta-MD  10 with the settings:
     MD time /ps        :    10.0
     dt /fs             :     1.5
     dumpstep(trj) /fs  :     200
     dumpstep(Vbias)/ps :     1.0
     Vbias factor k /Eh :  0.3887
     Vbias exp α /bohr⁻²:    0.30
Starting Meta-MD   5 with the settings:
     MD time /ps        :    10.0
     dt /fs             :     1.5
     dumpstep(trj) /fs  :     200
     dumpstep(Vbias)/ps :     1.0
     Vbias factor k /Eh :  0.2592
     Vbias exp α /bohr⁻²:    0.67
Starting Meta-MD   6 with the settings:
     MD time /ps        :    10.0
     dt /fs             :     1.5
     dumpstep(trj) /fs  :     200
     dumpstep(Vbias)/ps :     1.0
     Vbias factor k /Eh :  0.1728
     Vbias exp α /bohr⁻²:    0.67
Starting Meta-MD   7 with the settings:
     MD time /ps        :    10.0
     dt /fs             :     1.5
     dumpstep(trj) /fs  :     200
     dumpstep(Vbias)/ps :     1.0
     Vbias factor k /Eh :  0.3887
     Vbias exp α /bohr⁻²:    0.44
Starting Meta-MD   8 with the settings:
     MD time /ps        :    10.0
     dt /fs             :     1.5
     dumpstep(trj) /fs  :     200
     dumpstep(Vbias)/ps :     1.0
     Vbias factor k /Eh :  0.2592
     Vbias exp α /bohr⁻²:    0.44
Starting Meta-MD   9 with the settings:
     MD time /ps        :    10.0
     dt /fs             :     1.5
     dumpstep(trj) /fs  :     200
     dumpstep(Vbias)/ps :     1.0
     Vbias factor k /Eh :  0.1728
     Vbias exp α /bohr⁻²:    0.44
*Meta-MTD 9 finished*
*Meta-MTD 10 finished*
*Meta-MTD 6 finished*
*Meta-MTD 4 finished*
*Meta-MTD 7 finished*
*Meta-MTD 2 finished*
*Meta-MTD 8 finished*
*Meta-MTD 3 finished*
*Meta-MTD 5 finished*
*Meta-MTD 1 finished*
 
-----------------------
Multilevel Optimization
-----------------------
 
 -------------------------
 1. crude pre-optimization
 -------------------------
 Optimizing all 500 structures from file "crest_rotamers_0.xyz" ...
 1 2 3 4 5 6 7 8 9 10 11 12 13 14 15 16 17 18 19 20 21 22 23 24 25 26 27 28 29 30 31 32 33 34 35 36 37 38 39 40 41 42 43 44 45 46 47 48 49 50 51 52 53 54 55 56 57 58 59 60 61 62 63 64 65 66 67 68 69 70 71 72 73 74 75 76 77 78 79 80 81 82 83 84 85 86 87 88 89 90 91 92 93 94 95 96 97 98 99 100 101 102 103 104 105 106 107 108 109 110 111 112 113 114 115 116 117 118 119 120 121 122 123 124 125 126 127 128 129 130 131 132 133 134 135 136 137 138 139 140 141 142 143 144 145 146 147 148 149 150 151 152 153 154 155 156 157 158 159 160 161 162 163 164 165 166 167 168 169 170 171 172 173 174 175 176 177 178 179 180 181 182 183 184 185 186 187 188 189 190 191 192 193 194 195 196 197 198 199 200 201 202 203 204 205 206 207 208 209 210 211 212 213 214 215 216 217 218 219 220 221 222 223 224 225 226 227 228 229 230 231 232 233 234 235 236 237 238 239 240 241 242 243 244 245 246 247 248 249 250 251 252 253 254 255 256 257 258 259 260 261 262 263 264 265 266 267 268 269 270 271 272 273 274 275 276 277 278 279 280 281 282 283 284 285 286 287 288 289 290 291 292 293 294 295 296 297 298 299 300 301 302 303 304 305 306 307 308 309 310 311 312 313 314 315 316 317 318 319 320 321 322 323 324 325 326 327 328 329 330 331 332 333 334 335 336 337 338 339 340 341 342 343 344 345 346 347 348 349 350 351 352 353 354 355 356 357 358 359 360 361 362 363 364 365 366 367 368 369 370 371 372 373 374 375 376 377 378 379 380 381 382 383 384 385 386 387 388 389 390 391 392 393 394 395 396 397 398 399 400 401 402 403 404 405 406 407 408 409 410 411 412 413 414 415 416 417 418 419 420 421 422 423 424 425 426 427 428 429 430 431 432 433 434 435 436 437 438 439 440 441 442 443 444 445 446 447 448 449 450 451 452 453 454 455 456 457 458 459 460 461 462 463 464 465 466 467 468 469 470 471 472 473 474 475 476 477 478 479 480 481 482 483 484 485 486 487 488 489 490 491 492 493 494 495 496 497 498 499 500
 done.
 input  file name : crest_rotamers_1.xyz
 output file name : crest_rotamers_2.xyz
 reference state Etot :  -36.0037589900000     
 500 structures remain within     6.00 kcal/mol window
 
 ...............................................
 A new lower conformer was found!
 Improved by    0.01485 Eh or    9.31789kcal/mol
 ...............................................
 
========================================
            MTD Iteration  3
========================================
 
     ========================================
     |         Meta-MD (MTD) Sampling       |
     ========================================
 
Starting Meta-MD   1 with the settings:
     MD time /ps        :    10.0
     dt /fs             :     1.5
     dumpstep(trj) /fs  :     200
     dumpstep(Vbias)/ps :     1.0
     Vbias factor k /Eh :  0.3887
     Vbias exp α /bohr⁻²:    1.00
Starting Meta-MD   2 with the settings:
     MD time /ps        :    10.0
     dt /fs             :     1.5
     dumpstep(trj) /fs  :     200
     dumpstep(Vbias)/ps :     1.0
     Vbias factor k /Eh :  0.2592
     Vbias exp α /bohr⁻²:    1.00
Starting Meta-MD   3 with the settings:
     MD time /ps        :    10.0
     dt /fs             :     1.5
     dumpstep(trj) /fs  :     200
     dumpstep(Vbias)/ps :     1.0
     Vbias factor k /Eh :  0.1728
     Vbias exp α /bohr⁻²:    1.00
Starting Meta-MD   4 with the settings:
     MD time /ps        :    10.0
     dt /fs             :     1.5
     dumpstep(trj) /fs  :     200
     dumpstep(Vbias)/ps :     1.0
     Vbias factor k /Eh :  0.3887
     Vbias exp α /bohr⁻²:    0.67
Starting Meta-MD   5 with the settings:
     MD time /ps        :    10.0
     dt /fs             :     1.5
     dumpstep(trj) /fs  :     200
     dumpstep(Vbias)/ps :     1.0
     Vbias factor k /Eh :  0.2592
     Vbias exp α /bohr⁻²:    0.67
Starting Meta-MD   6 with the settings:
     MD time /ps        :    10.0
     dt /fs             :     1.5
     dumpstep(trj) /fs  :     200
     dumpstep(Vbias)/ps :     1.0
     Vbias factor k /Eh :  0.1728
     Vbias exp α /bohr⁻²:    0.67
Starting Meta-MD   7 with the settings:
     MD time /ps        :    10.0
     dt /fs             :     1.5
     dumpstep(trj) /fs  :     200
     dumpstep(Vbias)/ps :     1.0
     Vbias factor k /Eh :  0.3887
     Vbias exp α /bohr⁻²:    0.44
Starting Meta-MD  10 with the settings:
     MD time /ps        :    10.0
     dt /fs             :     1.5
     dumpstep(trj) /fs  :     200
     dumpstep(Vbias)/ps :     1.0
     Vbias factor k /Eh :  0.3887
     Vbias exp α /bohr⁻²:    0.30
Starting Meta-MD   8 with the settings:
     MD time /ps        :    10.0
     dt /fs             :     1.5
     dumpstep(trj) /fs  :     200
     dumpstep(Vbias)/ps :     1.0
     Vbias factor k /Eh :  0.2592
     Vbias exp α /bohr⁻²:    0.44
Starting Meta-MD   9 with the settings:
     MD time /ps        :    10.0
     dt /fs             :     1.5
     dumpstep(trj) /fs  :     200
     dumpstep(Vbias)/ps :     1.0
     Vbias factor k /Eh :  0.1728
     Vbias exp α /bohr⁻²:    0.44
*Meta-MTD 8 finished*
*Meta-MTD 9 finished*
*Meta-MTD 1 finished*
*Meta-MTD 2 finished*
*Meta-MTD 10 finished*
*Meta-MTD 4 finished*
*Meta-MTD 6 finished*
*Meta-MTD 7 finished*
*Meta-MTD 3 finished*
*Meta-MTD 5 finished*
 
-----------------------
Multilevel Optimization
-----------------------
 
 -------------------------
 1. crude pre-optimization
 -------------------------
 Optimizing all 500 structures from file "crest_rotamers_0.xyz" ...
 1 2 3 4 5 6 7 8 9 10 11 12 13 14 15 16 17 18 19 20 21 22 23 24 25 26 27 28 29 30 31 32 33 34 35 36 37 38 39 40 41 42 43 44 45 46 47 48 49 50 51 52 53 54 55 56 57 58 59 60 61 62 63 64 65 66 67 68 69 70 71 72 73 74 75 76 77 78 79 80 81 82 83 84 85 86 87 88 89 90 91 92 93 94 95 96 97 98 99 100 101 102 103 104 105 106 107 108 109 110 111 112 113 114 115 116 117 118 119 120 121 122 123 124 125 126 127 128 129 130 131 132 133 134 135 136 137 138 139 140 141 142 143 144 145 146 147 148 149 150 151 152 153 154 155 156 157 158 159 160 161 162 163 164 165 166 167 168 169 170 171 172 173 174 175 176 177 178 179 180 181 182 183 184 185 186 187 188 189 190 191 192 193 194 195 196 197 198 199 200 201 202 203 204 205 206 207 208 209 210 211 212 213 214 215 216 217 218 219 220 221 222 223 224 225 226 227 228 229 230 231 232 233 234 235 236 237 238 239 240 241 242 243 244 245 246 247 248 249 250 251 252 253 254 255 256 257 258 259 260 261 262 263 264 265 266 267 268 269 270 271 272 273 274 275 276 277 278 279 280 281 282 283 284 285 286 287 288 289 290 291 292 293 294 295 296 297 298 299 300 301 302 303 304 305 306 307 308 309 310 311 312 313 314 315 316 317 318 319 320 321 322 323 324 325 326 327 328 329 330 331 332 333 334 335 336 337 338 339 340 341 342 343 344 345 346 347 348 349 350 351 352 353 354 355 356 357 358 359 360 361 362 363 364 365 366 367 368 369 370 371 372 373 374 375 376 377 378 379 380 381 382 383 384 385 386 387 388 389 390 391 392 393 394 395 396 397 398 399 400 401 402 403 404 405 406 407 408 409 410 411 412 413 414 415 416 417 418 419 420 421 422 423 424 425 426 427 428 429 430 431 432 433 434 435 436 437 438 439 440 441 442 443 444 445 446 447 448 449 450 451 452 453 454 455 456 457 458 459 460 461 462 463 464 465 466 467 468 469 470 471 472 473 474 475 476 477 478 479 480 481 482 483 484 485 486 487 488 489 490 491 492 493 494 495 496 497 498 499 500
 done.
 input  file name : crest_rotamers_1.xyz
 output file name : crest_rotamers_2.xyz
 reference state Etot :  -36.0129254600000     
 500 structures remain within     6.00 kcal/mol window
 
 ...............................................
 A new lower conformer was found!
 Improved by    0.00917 Eh or    5.75205kcal/mol
 ...............................................
 
========================================
            MTD Iteration  4
========================================
 
     ========================================
     |         Meta-MD (MTD) Sampling       |
     ========================================
 
Starting Meta-MD   1 with the settings:
     MD time /ps        :    10.0
     dt /fs             :     1.5
     dumpstep(trj) /fs  :     200
     dumpstep(Vbias)/ps :     1.0
     Vbias factor k /Eh :  0.3887
     Vbias exp α /bohr⁻²:    1.00
Starting Meta-MD   2 with the settings:
     MD time /ps        :    10.0
     dt /fs             :     1.5
     dumpstep(trj) /fs  :     200
     dumpstep(Vbias)/ps :     1.0
     Vbias factor k /Eh :  0.2592
     Vbias exp α /bohr⁻²:    1.00
Starting Meta-MD   3 with the settings:
     MD time /ps        :    10.0
     dt /fs             :     1.5
     dumpstep(trj) /fs  :     200
     dumpstep(Vbias)/ps :     1.0
     Vbias factor k /Eh :  0.1728
     Vbias exp α /bohr⁻²:    1.00
Starting Meta-MD   4 with the settings:
     MD time /ps        :    10.0
     dt /fs             :     1.5
     dumpstep(trj) /fs  :     200
     dumpstep(Vbias)/ps :     1.0
     Vbias factor k /Eh :  0.3887
     Vbias exp α /bohr⁻²:    0.67
Starting Meta-MD   5 with the settings:
     MD time /ps        :    10.0
     dt /fs             :     1.5
     dumpstep(trj) /fs  :     200
     dumpstep(Vbias)/ps :     1.0
     Vbias factor k /Eh :  0.2592
     Vbias exp α /bohr⁻²:    0.67
Starting Meta-MD   6 with the settings:
     MD time /ps        :    10.0
     dt /fs             :     1.5
     dumpstep(trj) /fs  :     200
     dumpstep(Vbias)/ps :     1.0
     Vbias factor k /Eh :  0.1728
     Vbias exp α /bohr⁻²:    0.67
Starting Meta-MD   7 with the settings:
     MD time /ps        :    10.0
     dt /fs             :     1.5
     dumpstep(trj) /fs  :     200
     dumpstep(Vbias)/ps :     1.0
     Vbias factor k /Eh :  0.3887
     Vbias exp α /bohr⁻²:    0.44
Starting Meta-MD   8 with the settings:
     MD time /ps        :    10.0
     dt /fs             :     1.5
     dumpstep(trj) /fs  :     200
     dumpstep(Vbias)/ps :     1.0
     Vbias factor k /Eh :  0.2592
     Vbias exp α /bohr⁻²:    0.44
Starting Meta-MD  10 with the settings:
     MD time /ps        :    10.0
     dt /fs             :     1.5
     dumpstep(trj) /fs  :     200
     dumpstep(Vbias)/ps :     1.0
     Vbias factor k /Eh :  0.3887
     Vbias exp α /bohr⁻²:    0.30
Starting Meta-MD   9 with the settings:
     MD time /ps        :    10.0
     dt /fs             :     1.5
     dumpstep(trj) /fs  :     200
     dumpstep(Vbias)/ps :     1.0
     Vbias factor k /Eh :  0.1728
     Vbias exp α /bohr⁻²:    0.44
*Meta-MTD 6 finished*
*Meta-MTD 9 finished*
*Meta-MTD 4 finished*
*Meta-MTD 8 finished*
*Meta-MTD 7 finished*
*Meta-MTD 10 finished*
*Meta-MTD 2 finished*
*Meta-MTD 5 finished*
*Meta-MTD 1 finished*
*Meta-MTD 3 finished*
 
-----------------------
Multilevel Optimization
-----------------------
 
 -------------------------
 1. crude pre-optimization
 -------------------------
 Optimizing all 500 structures from file "crest_rotamers_0.xyz" ...
 1 2 3 4 5 6 7 8 9 10 11 12 13 14 15 16 17 18 19 20 21 22 23 24 25 26 27 28 29 30 31 32 33 34 35 36 37 38 39 40 41 42 43 44 45 46 47 48 49 50 51 52 53 54 55 56 57 58 59 60 61 62 63 64 65 66 67 68 69 70 71 72 73 74 75 76 77 78 79 80 81 82 83 84 85 86 87 88 89 90 91 92 93 94 95 96 97 98 99 100 101 102 103 104 105 106 107 108 109 110 111 112 113 114 115 116 117 118 119 120 121 122 123 124 125 126 127 128 129 130 131 132 133 134 135 136 137 138 139 140 141 142 143 144 145 146 147 148 149 150 151 152 153 154 155 156 157 158 159 160 161 162 163 164 165 166 167 168 169 170 171 172 173 174 175 176 177 178 179 180 181 182 183 184 185 186 187 188 189 190 191 192 193 194 195 196 197 198 199 200 201 202 203 204 205 206 207 208 209 210 211 212 213 214 215 216 217 218 219 220 221 222 223 224 225 226 227 228 229 230 231 232 233 234 235 236 237 238 239 240 241 242 243 244 245 246 247 248 249 250 251 252 253 254 255 256 257 258 259 260 261 262 263 264 265 266 267 268 269 270 271 272 273 274 275 276 277 278 279 280 281 282 283 284 285 286 287 288 289 290 291 292 293 294 295 296 297 298 299 300 301 302 303 304 305 306 307 308 309 310 311 312 313 314 315 316 317 318 319 320 321 322 323 324 325 326 327 328 329 330 331 332 333 334 335 336 337 338 339 340 341 342 343 344 345 346 347 348 349 350 351 352 353 354 355 356 357 358 359 360 361 362 363 364 365 366 367 368 369 370 371 372 373 374 375 376 377 378 379 380 381 382 383 384 385 386 387 388 389 390 391 392 393 394 395 396 397 398 399 400 401 402 403 404 405 406 407 408 409 410 411 412 413 414 415 416 417 418 419 420 421 422 423 424 425 426 427 428 429 430 431 432 433 434 435 436 437 438 439 440 441 442 443 444 445 446 447 448 449 450 451 452 453 454 455 456 457 458 459 460 461 462 463 464 465 466 467 468 469 470 471 472 473 474 475 476 477 478 479 480 481 482 483 484 485 486 487 488 489 490 491 492 493 494 495 496 497 498 499 500
 done.
 input  file name : crest_rotamers_1.xyz
 output file name : crest_rotamers_2.xyz
 reference state Etot :  -36.0208164800000     
 500 structures remain within     6.00 kcal/mol window
 
 ...............................................
 A new lower conformer was found!
 Improved by    0.00789 Eh or    4.95169kcal/mol
 ...............................................
 
========================================
            MTD Iteration  5
========================================
 
     ========================================
     |         Meta-MD (MTD) Sampling       |
     ========================================
 
Starting Meta-MD   1 with the settings:
     MD time /ps        :    10.0
     dt /fs             :     1.5
     dumpstep(trj) /fs  :     200
     dumpstep(Vbias)/ps :     1.0
     Vbias factor k /Eh :  0.3887
     Vbias exp α /bohr⁻²:    1.00
Starting Meta-MD   2 with the settings:
     MD time /ps        :    10.0
     dt /fs             :     1.5
     dumpstep(trj) /fs  :     200
     dumpstep(Vbias)/ps :     1.0
     Vbias factor k /Eh :  0.2592
     Vbias exp α /bohr⁻²:    1.00
Starting Meta-MD  10 with the settings:
     MD time /ps        :    10.0
     dt /fs             :     1.5
     dumpstep(trj) /fs  :     200
     dumpstep(Vbias)/ps :     1.0
     Vbias factor k /Eh :  0.3887
     Vbias exp α /bohr⁻²:    0.30
Starting Meta-MD   3 with the settings:
     MD time /ps        :    10.0
     dt /fs             :     1.5
     dumpstep(trj) /fs  :     200
     dumpstep(Vbias)/ps :     1.0
     Vbias factor k /Eh :  0.1728
     Vbias exp α /bohr⁻²:    1.00
Starting Meta-MD   4 with the settings:
     MD time /ps        :    10.0
     dt /fs             :     1.5
     dumpstep(trj) /fs  :     200
     dumpstep(Vbias)/ps :     1.0
     Vbias factor k /Eh :  0.3887
     Vbias exp α /bohr⁻²:    0.67
Starting Meta-MD   5 with the settings:
     MD time /ps        :    10.0
     dt /fs             :     1.5
     dumpstep(trj) /fs  :     200
     dumpstep(Vbias)/ps :     1.0
     Vbias factor k /Eh :  0.2592
     Vbias exp α /bohr⁻²:    0.67
Starting Meta-MD   6 with the settings:
     MD time /ps        :    10.0
     dt /fs             :     1.5
     dumpstep(trj) /fs  :     200
     dumpstep(Vbias)/ps :     1.0
     Vbias factor k /Eh :  0.1728
     Vbias exp α /bohr⁻²:    0.67
Starting Meta-MD   7 with the settings:
     MD time /ps        :    10.0
     dt /fs             :     1.5
     dumpstep(trj) /fs  :     200
     dumpstep(Vbias)/ps :     1.0
     Vbias factor k /Eh :  0.3887
     Vbias exp α /bohr⁻²:    0.44
Starting Meta-MD   8 with the settings:
     MD time /ps        :    10.0
     dt /fs             :     1.5
     dumpstep(trj) /fs  :     200
     dumpstep(Vbias)/ps :     1.0
     Vbias factor k /Eh :  0.2592
     Vbias exp α /bohr⁻²:    0.44
Starting Meta-MD   9 with the settings:
     MD time /ps        :    10.0
     dt /fs             :     1.5
     dumpstep(trj) /fs  :     200
     dumpstep(Vbias)/ps :     1.0
     Vbias factor k /Eh :  0.1728
     Vbias exp α /bohr⁻²:    0.44
*Meta-MTD 3 finished*
*Meta-MTD 9 finished*
*Meta-MTD 10 finished*
*Meta-MTD 8 finished*
*Meta-MTD 6 finished*
*Meta-MTD 5 finished*
*Meta-MTD 7 finished*
*Meta-MTD 1 finished*
*Meta-MTD 2 finished*
*Meta-MTD 4 finished*
 
-----------------------
Multilevel Optimization
-----------------------
 
 -------------------------
 1. crude pre-optimization
 -------------------------
 Optimizing all 500 structures from file "crest_rotamers_0.xyz" ...
 1 2 3 4 5 6 7 8 9 10 11 12 13 14 15 16 17 18 19 20 21 22 23 24 25 26 27 28 29 30 31 32 33 34 35 36 37 38 39 40 41 42 43 44 45 46 47 48 49 50 51 52 53 54 55 56 57 58 59 60 61 62 63 64 65 66 67 68 69 70 71 72 73 74 75 76 77 78 79 80 81 82 83 84 85 86 87 88 89 90 91 92 93 94 95 96 97 98 99 100 101 102 103 104 105 106 107 108 109 110 111 112 113 114 115 116 117 118 119 120 121 122 123 124 125 126 127 128 129 130 131 132 133 134 135 136 137 138 139 140 141 142 143 144 145 146 147 148 149 150 151 152 153 154 155 156 157 158 159 160 161 162 163 164 165 166 167 168 169 170 171 172 173 174 175 176 177 178 179 180 181 182 183 184 185 186 187 188 189 190 191 192 193 194 195 196 197 198 199 200 201 202 203 204 205 206 207 208 209 210 211 212 213 214 215 216 217 218 219 220 221 222 223 224 225 226 227 228 229 230 231 232 233 234 235 236 237 238 239 240 241 242 243 244 245 246 247 248 249 250 251 252 253 254 255 256 257 258 259 260 261 262 263 264 265 266 267 268 269 270 271 272 273 274 275 276 277 278 279 280 281 282 283 284 285 286 287 288 289 290 291 292 293 294 295 296 297 298 299 300 301 302 303 304 305 306 307 308 309 310 311 312 313 314 315 316 317 318 319 320 321 322 323 324 325 326 327 328 329 330 331 332 333 334 335 336 337 338 339 340 341 342 343 344 345 346 347 348 349 350 351 352 353 354 355 356 357 358 359 360 361 362 363 364 365 366 367 368 369 370 371 372 373 374 375 376 377 378 379 380 381 382 383 384 385 386 387 388 389 390 391 392 393 394 395 396 397 398 399 400 401 402 403 404 405 406 407 408 409 410 411 412 413 414 415 416 417 418 419 420 421 422 423 424 425 426 427 428 429 430 431 432 433 434 435 436 437 438 439 440 441 442 443 444 445 446 447 448 449 450 451 452 453 454 455 456 457 458 459 460 461 462 463 464 465 466 467 468 469 470 471 472 473 474 475 476 477 478 479 480 481 482 483 484 485 486 487 488 489 490 491 492 493 494 495 496 497 498 499 500
 done.
 input  file name : crest_rotamers_1.xyz
 output file name : crest_rotamers_2.xyz
 reference state Etot :  -36.0161709300000     
 500 structures remain within     6.00 kcal/mol window
 
========================================
            MTD Iterations done         
========================================
 Collecting ensmbles.
 running RMSDs...
 done.
 E lowest :   -36.02082
 2 structures remain within     3.00 kcal/mol window
 
-----------------------------------------------
Additional regular MDs on lowest 2 conformer(s)
-----------------------------------------------
Starting MD   1 with the settings:
     MD time /ps        :     5.0
     MD Temperature /K  :   400.0
     dt /fs             :     1.5
     dumpstep(trj) /fs  :     200
Starting MD   2 with the settings:
     MD time /ps        :     5.0
     MD Temperature /K  :   500.0
     dt /fs             :     1.5
     dumpstep(trj) /fs  :     200
Starting MD   4 with the settings:
     MD time /ps        :     5.0
     MD Temperature /K  :   500.0
     dt /fs             :     1.5
     dumpstep(trj) /fs  :     200
Starting MD   3 with the settings:
     MD time /ps        :     5.0
     MD Temperature /K  :   400.0
     dt /fs             :     1.5
     dumpstep(trj) /fs  :     200
*MD 1 finished*
*MD 2 finished*
*MD 3 finished*
*MD 4 finished*
 Appending file crest_rotamers_1.xyz with new structures
 
 --------------------------------------------
 Ensemble optimization with normal thresholds
 --------------------------------------------
 Optimizing all 102 structures from file "crest_rotamers_1.xyz" ...
 1 2 3 4 5 6 7 8 9 10 11 12 13 14 15 16 17 18 19 20 21 22 23 24 25 26 27 28 29 30 31 32 33 34 35 36 37 38 39 40 41 42 43 44 45 46 47 48 49 50 51 52 53 54 55 56 57 58 59 60 61 62 63 64 65 66 67 68 69 70 71 72 73 74 75 76 77 78 79 80 81 82 83 84 85 86 87 88 89 90 91 92 93 94 95 96 97 98 99 100 101 102
 done.
 input  file name : crest_rotamers_2.xyz
 output file name : crest_rotamers_3.xyz
 reference state Etot :  -36.0235216100000     
 102 structures remain within     3.00 kcal/mol window
 
 ...............................................
 A new lower conformer was found!
 Improved by    0.00271 Eh or    1.69749kcal/mol
 ...............................................
 
*******************************************************************************************
**                        N E W    I T E R A T I O N    C Y C L E                        **
*******************************************************************************************
 
========================================
            MTD Iteration  1
========================================
 
     ========================================
     |         Meta-MD (MTD) Sampling       |
     ========================================
 
Starting Meta-MD  10 with the settings:
     MD time /ps        :    10.0
     dt /fs             :     1.5
     dumpstep(trj) /fs  :     200
     dumpstep(Vbias)/ps :     1.0
     Vbias factor k /Eh :  0.3887
     Vbias exp α /bohr⁻²:    0.30
Starting Meta-MD   1 with the settings:
     MD time /ps        :    10.0
     dt /fs             :     1.5
     dumpstep(trj) /fs  :     200
     dumpstep(Vbias)/ps :     1.0
     Vbias factor k /Eh :  0.3887
     Vbias exp α /bohr⁻²:    1.00
Starting Meta-MD   2 with the settings:
     MD time /ps        :    10.0
     dt /fs             :     1.5
     dumpstep(trj) /fs  :     200
     dumpstep(Vbias)/ps :     1.0
     Vbias factor k /Eh :  0.2592
     Vbias exp α /bohr⁻²:    1.00
Starting Meta-MD   3 with the settings:
     MD time /ps        :    10.0
     dt /fs             :     1.5
     dumpstep(trj) /fs  :     200
     dumpstep(Vbias)/ps :     1.0
     Vbias factor k /Eh :  0.1728
     Vbias exp α /bohr⁻²:    1.00
Starting Meta-MD   4 with the settings:
     MD time /ps        :    10.0
     dt /fs             :     1.5
     dumpstep(trj) /fs  :     200
     dumpstep(Vbias)/ps :     1.0
     Vbias factor k /Eh :  0.3887
     Vbias exp α /bohr⁻²:    0.67
Starting Meta-MD   5 with the settings:
     MD time /ps        :    10.0
     dt /fs             :     1.5
     dumpstep(trj) /fs  :     200
     dumpstep(Vbias)/ps :     1.0
     Vbias factor k /Eh :  0.2592
     Vbias exp α /bohr⁻²:    0.67
Starting Meta-MD   6 with the settings:
     MD time /ps        :    10.0
     dt /fs             :     1.5
     dumpstep(trj) /fs  :     200
     dumpstep(Vbias)/ps :     1.0
     Vbias factor k /Eh :  0.1728
     Vbias exp α /bohr⁻²:    0.67
Starting Meta-MD   7 with the settings:
     MD time /ps        :    10.0
     dt /fs             :     1.5
     dumpstep(trj) /fs  :     200
     dumpstep(Vbias)/ps :     1.0
     Vbias factor k /Eh :  0.3887
     Vbias exp α /bohr⁻²:    0.44
Starting Meta-MD   8 with the settings:
     MD time /ps        :    10.0
     dt /fs             :     1.5
     dumpstep(trj) /fs  :     200
     dumpstep(Vbias)/ps :     1.0
     Vbias factor k /Eh :  0.2592
     Vbias exp α /bohr⁻²:    0.44
Starting Meta-MD   9 with the settings:
     MD time /ps        :    10.0
     dt /fs             :     1.5
     dumpstep(trj) /fs  :     200
     dumpstep(Vbias)/ps :     1.0
     Vbias factor k /Eh :  0.1728
     Vbias exp α /bohr⁻²:    0.44
*Meta-MTD 3 finished*
*Meta-MTD 9 finished*
*Meta-MTD 5 finished*
*Meta-MTD 8 finished*
*Meta-MTD 4 finished*
*Meta-MTD 10 finished*
*Meta-MTD 1 finished*
*Meta-MTD 2 finished*
*Meta-MTD 7 finished*
*Meta-MTD 6 finished*
 
-----------------------
Multilevel Optimization
-----------------------
 
 -------------------------
 1. crude pre-optimization
 -------------------------
 Optimizing all 500 structures from file "crest_rotamers_0.xyz" ...
 1 2 3 4 5 6 7 8 9 10 11 12 13 14 15 16 17 18 19 20 21 22 23 24 25 26 27 28 29 30 31 32 33 34 35 36 37 38 39 40 41 42 43 44 45 46 47 48 49 50 51 52 53 54 55 56 57 58 59 60 61 62 63 64 65 66 67 68 69 70 71 72 73 74 75 76 77 78 79 80 81 82 83 84 85 86 87 88 89 90 91 92 93 94 95 96 97 98 99 100 101 102 103 104 105 106 107 108 109 110 111 112 113 114 115 116 117 118 119 120 121 122 123 124 125 126 127 128 129 130 131 132 133 134 135 136 137 138 139 140 141 142 143 144 145 146 147 148 149 150 151 152 153 154 155 156 157 158 159 160 161 162 163 164 165 166 167 168 169 170 171 172 173 174 175 176 177 178 179 180 181 182 183 184 185 186 187 188 189 190 191 192 193 194 195 196 197 198 199 200 201 202 203 204 205 206 207 208 209 210 211 212 213 214 215 216 217 218 219 220 221 222 223 224 225 226 227 228 229 230 231 232 233 234 235 236 237 238 239 240 241 242 243 244 245 246 247 248 249 250 251 252 253 254 255 256 257 258 259 260 261 262 263 264 265 266 267 268 269 270 271 272 273 274 275 276 277 278 279 280 281 282 283 284 285 286 287 288 289 290 291 292 293 294 295 296 297 298 299 300 301 302 303 304 305 306 307 308 309 310 311 312 313 314 315 316 317 318 319 320 321 322 323 324 325 326 327 328 329 330 331 332 333 334 335 336 337 338 339 340 341 342 343 344 345 346 347 348 349 350 351 352 353 354 355 356 357 358 359 360 361 362 363 364 365 366 367 368 369 370 371 372 373 374 375 376 377 378 379 380 381 382 383 384 385 386 387 388 389 390 391 392 393 394 395 396 397 398 399 400 401 402 403 404 405 406 407 408 409 410 411 412 413 414 415 416 417 418 419 420 421 422 423 424 425 426 427 428 429 430 431 432 433 434 435 436 437 438 439 440 441 442 443 444 445 446 447 448 449 450 451 452 453 454 455 456 457 458 459 460 461 462 463 464 465 466 467 468 469 470 471 472 473 474 475 476 477 478 479 480 481 482 483 484 485 486 487 488 489 490 491 492 493 494 495 496 497 498 499 500
 done.
 input  file name : crest_rotamers_1.xyz
 output file name : crest_rotamers_2.xyz
 reference state Etot :  -36.0221298400000     
 500 structures remain within     6.00 kcal/mol window
 
========================================
            MTD Iterations done         
========================================
 Collecting ensmbles.
 running RMSDs...
 done.
 E lowest :   -36.02213
 1 structures remain within     3.00 kcal/mol window
 
-----------------------------------------------
Additional regular MDs on lowest 1 conformer(s)
-----------------------------------------------
Starting MD   1 with the settings:
     MD time /ps        :     5.0
     MD Temperature /K  :   400.0
     dt /fs             :     1.5
     dumpstep(trj) /fs  :     200
Starting MD   2 with the settings:
     MD time /ps        :     5.0
     MD Temperature /K  :   500.0
     dt /fs             :     1.5
     dumpstep(trj) /fs  :     200
*MD 1 finished*
*MD 2 finished*
 Appending file crest_rotamers_1.xyz with new structures
 
 --------------------------------------------
 Ensemble optimization with normal thresholds
 --------------------------------------------
 Optimizing all 51 structures from file "crest_rotamers_1.xyz" ...
 1 2 3 4 5 6 7 8 9 10 11 12 13 14 15 16 17 18 19 20 21 22 23 24 25 26 27 28 29 30 31 32 33 34 35 36 37 38 39 40 41 42 43 44 45 46 47 48 49 50 51
 done.
 input  file name : crest_rotamers_2.xyz
 output file name : crest_rotamers_3.xyz
 reference state Etot :  -36.0219864000000     
 51 structures remain within     3.00 kcal/mol window
 
 
 
   ================================================
   |           Final Geometry Optimization        |
   ================================================
 --------------------------------------------
 Ensemble optimization with normal thresholds
 --------------------------------------------
 Optimizing all 51 structures from file "crest_rotamers_3.xyz" ...
 1 2 3 4 5 6 7 8 9 10 11 12 13 14 15 16 17 18 19 20 21 22 23 24 25 26 27 28 29 30 31 32 33 34 35 36 37 38 39 40 41 42 43 44 45 46 47 48 49 50 51
 done.
 input  file name : crest_rotamers_4.xyz
 output file name : crest_rotamers_5.xyz
 reference state Etot :  -36.0218838200000     
 51 structures remain within     3.00 kcal/mol window
 
  GFN2-xTB optimization
 --------------------------------------------
 Ensemble optimization with normal thresholds
 --------------------------------------------
 Optimizing all 51 structures from file "crest_rotamers_5.xyz" ...
 1 2 3 4 5 6 7 8 9 10 11 12 13 14 15 16 17 18 19 20 21 22 23 24 25 26 27 28 29 30 31 32 33 34 35 36 37 38 39 40 41 42 43 44 45 46 47 48 49 50 51
 done.
 
 -------------------------------------------
 Ensemble optimization with tight thresholds
 -------------------------------------------
 Optimizing all 51 structures from file "crest_rotamers_6.xyz" ...
 1 2 3 4 5 6 7 8 9 10 11 12 13 14 15 16 17 18 19 20 21 22 23 24 25 26 27 28 29 30 31 32 33 34 35 36 37 38 39 40 41 42 43 44 45 46 47 48 49 50 51
 done.
 
 
  Single point computation with GBSA model
  51 jobs to do.
 
  done.
 
  Cluster   E /Eh        Density  Efix       R   av/act. Surface   Opt
    1      -524.027263   1.321    0.000    11.9  11.7     4869.8   tight
    2      -524.027239   1.317    0.000    11.7  14.7     4906.6   tight
    3      -524.021485   1.306    0.000    11.7  15.3     5065.1   tight
    4      -524.031540   1.311    0.000    11.7  15.8     5035.9   tight
    5      -524.026435   1.309    0.000    11.8  15.0     5074.7   tight
    6      -524.037612   1.309    0.000    11.9  18.3     5024.9   tight
    7      -524.027795   1.322    0.000    12.0  18.4     4701.9   tight
    8      -524.048529   1.322    0.000    11.8  17.1     4840.8   tight
    9      -524.024105   1.324    0.000    11.7  16.4     4779.7   tight
   10      -524.033793   1.321    0.000    11.9  19.0     4810.6   tight
   11      -524.030746   1.314    0.000    11.7  16.5     5047.1   tight
   12      -524.024072   1.318    0.000    11.7  15.8     4943.2   tight
   13      -524.052933   1.303    0.000    12.1  12.5     5315.7   tight
   14      -524.043774   1.305    0.000    12.1  13.6     5216.6   tight
   15      -524.018291   1.300    0.000    12.0  14.2     5138.6   tight
   16      -524.031554   1.306    0.000    12.1  13.2     5315.7   tight
   17      -523.998960   1.304    0.000    12.2  13.3     5128.6   tight
   18      -524.033784   1.302    0.000    12.2   9.8     5169.4   tight
   19      -524.030395   1.317    0.000    12.0  17.2     4862.1   tight
   20      -524.023765   1.300    0.000    11.9  12.5     5349.7   tight
   21      -524.000963   1.316    0.000    11.9  11.1     5013.7   tight
   22      -524.025079   1.317    0.000    11.8  14.0     4878.1   tight
   23      -524.025750   1.295    0.000    12.0  12.8     5328.2   tight
   24      -524.035273   1.309    0.000    12.0  14.2     5047.4   tight
   25      -524.036613   1.309    0.000    11.7  15.5     5050.9   tight
   26      -524.018273   1.319    0.000    11.6  15.5     4938.5   tight
   27      -524.048813   1.326    0.000    11.6  14.1     4756.9   tight
   28      -524.043902   1.316    0.000    11.9  11.9     4993.8   tight
   29      -524.019178   1.302    0.000    11.8  15.0     5195.1   tight
   30      -524.020172   1.305    0.000    12.2  11.8     5083.9   tight
   31      -524.024753   1.312    0.000    11.7  13.9     4993.2   tight
   32      -524.016710   1.310    0.000    11.9  14.6     4964.8   tight
   33      -524.033026   1.322    0.000    11.9  13.8     4808.0   tight
   34      -524.046417   1.310    0.000    12.4  14.7     5158.8   tight
   35      -524.050786   1.319    0.000    11.7  11.7     4847.1   tight
   36      -524.042309   1.310    0.000    12.0  15.7     5019.0   tight
   37      -524.028609   1.306    0.000    11.9  11.5     5168.3   tight
   38      -524.036074   1.317    0.000    12.0  12.7     4951.4   tight
   39      -524.062755   1.312    0.000    11.8  13.9     5095.3   tight
   40      -524.029690   1.305    0.000    11.9  17.8     5156.7   tight
   41      -524.033634   1.321    0.000    11.8  15.7     4963.5   tight
   42      -524.029069   1.310    0.000    11.7  15.4     4980.5   tight
   43      -524.019617   1.306    0.000    11.9  14.3     5140.9   tight
   44      -524.016128   1.304    0.000    12.0  12.8     5230.4   tight
   45      -524.025611   1.304    0.000    12.0  14.9     5225.7   tight
   46      -524.008541   1.304    0.000    12.1  14.0     5113.3   tight
   47      -523.989807   1.296    0.000    11.7  16.2     5269.1   tight
   48      -524.054331   1.312    0.000    11.7  15.0     4981.4   tight
   49      -524.037856   1.318    0.000    11.7  14.9     4869.2   tight
   50      -524.027177   1.311    0.000    11.8  12.7     5055.8   tight
   51      -524.030066   1.320    0.000    11.7  15.5     4925.9   tight
 
Taking  20 structures
 
  ------------------------------------------------------------------------
  ------------------------------------------------------------------------
  Boltz. averaged energy of final cluster:
       G /Eh     : -524.06275504
       T*S /kcal :  -0.001
 
  Ensemble generation finished.
  Results can be found in ensemble directory
  Lowest energy conformer in file <crest_best.xyz>
  List of full ensemble in file <full_ensemble.xyz>
  List of used ensemble in file <final_ensemble.xyz>
  Thermodynamical data in file <thermo_data>
  Population of full ensemble in file <full_population.dat>
  Population in file <population.dat>
 
 
  ________________________________________________________________________
 
  _________________     Solvent Cluster Generation   _____________________
 
  ________________________________________________________________________
 
 Method for CFF: GFN2-xTB
 
  =========================================
  |   quantum cluster growth: CFF         |
  =========================================
 
  CUT-FREEZE-FILL Algorithm to generate reference solvent cluster
  now adding solvents to fill cluster...
  Size  Cluster   E /Eh        De/kcal   Detot/kcal  Opt
  ------------------------------------------------------------------------
 101       1   -514.290149    -17.04      -17.04    tight
 101       2   -514.286537    -18.16      -18.16    tight
 101       3   -514.296027    -21.20      -21.20    tight
 101       4   -514.278616    -20.48      -20.48    tight
 101       5   -514.292183    -18.87      -18.87    tight
 101       6   -514.271256    -16.47      -16.47    tight
 101       7   -514.276074    -21.25      -21.25    tight
 101       8   -514.280694    -19.93      -19.93    tight
 101       9   -514.271654    -17.95      -17.95    tight
 101      10   -514.283236    -21.66      -21.66    tight
 101      11   -514.260134    -16.37      -16.37    tight
 101      12   -514.269988    -16.61      -16.61    tight
 101      13   -514.259601    -15.35      -15.35    tight
 101      14   -514.269295    -22.65      -22.65    tight
 101      15   -514.267910    -19.72      -19.72    tight
 101      16   -514.257118    -20.58      -20.58    tight
 101      17   -514.265058    -20.77      -20.77    tight
 101      18   -514.268123    -18.84      -18.84    tight
 101      19   -514.270307    -18.03      -18.03    tight
 101      20   -514.257876    -19.26      -19.26    tight
  ------------------------------------------------------------------------
 102       1   -519.385298    -15.44      -32.48    tight
 102       2   -519.392721    -22.36      -40.52    tight
 102       3   -519.399589    -20.72      -41.92    tight
 102       4   -519.386458    -23.40      -43.88    tight
 102       5   -519.400934    -23.97      -42.84    tight
 102       6   -519.385970    -27.72      -44.19    tight
 102       7   -519.377107    -19.13      -40.38    tight
 102       8   -519.385735    -21.65      -41.57    tight
 102       9   -519.370365    -17.67      -35.63    tight
 102      10   -519.384483    -19.27      -40.93    tight
 102      11   -519.375398    -28.06      -44.44    tight
 102      12   -519.373786    -20.87      -37.48    tight
 102      13   -519.362169    -20.10      -35.44    tight
 102      14   -519.374085    -21.49      -44.14    tight
 102      15   -519.373485    -21.98      -41.71    tight
 102      16   -519.361866    -21.46      -42.05    tight
 102      17   -519.367304    -19.89      -40.66    tight
 102      18   -519.374523    -22.50      -41.34    tight
 102      19   -519.372984    -20.16      -38.20    tight
 102      20   -519.369424    -25.73      -44.99    tight
  ------------------------------------------------------------------------
 103       1   -524.484160    -17.77      -50.25    tight
 103       2   -524.490109    -16.84      -57.37    tight
 103       3   -524.483136     -8.16      -50.08    tight
 103       4   -524.475178    -11.41      -55.29    tight
 103       5   -524.488992    -10.99      -53.83    tight
 103       6   -524.472497    -10.03      -54.22    tight
 103       7   -524.468961    -13.37      -53.75    tight
 103       8   -524.474572    -11.48      -53.05    tight
 103       9   -524.465503    -15.43      -51.06    tight
 103      10   -524.475084    -12.59      -53.51    tight
 103      11   -524.482884    -23.18      -67.62    tight
 103      12   -524.470386    -16.35      -53.83    tight
 103      13   -524.467062    -21.55      -57.00    tight
 103      14   -524.460378     -9.88      -54.03    tight
 103      15   -524.465676    -13.58      -55.29    tight
 103      16   -524.463770    -19.68      -61.73    tight
 103      17   -524.464320    -16.61      -57.27    tight
 103      18   -524.458926     -8.70      -50.04    tight
 103      19   -524.466274    -14.27      -52.47    tight
 103      20   -524.457468    -10.98      -55.97    tight
  ------------------------------------------------------------------------
  volume filled
  Starting optimizations + SP  of structures
  20 jobs to do.
 
  done.
 
  Cluster   E /Eh        Density  Efix       R   av/act. Surface   Opt
    1      -509.207922   1.299    0.000    10.1   2.5     5237.3   tight
    2      -509.213698   1.311    0.000     3.6   2.4     4927.1   tight
    3      -509.206928   1.289    0.000     4.0  12.8     5378.1   tight
    4      -509.199202   1.303    0.000     3.2  15.7     4970.0   tight
    5      -509.212614   1.313    0.000     3.3  17.1     4826.0   tight
    6      -509.196599   1.310    0.000     3.2  13.2     4896.1   tight
    7      -509.193166   1.299    0.000     4.8  14.0     5227.8   tight
    8      -509.198614   1.301    0.000     3.4  16.7     5067.6   tight
    9      -509.189808   1.305    0.000     4.2   3.1     5179.7   tight
   10      -509.199073   1.297    0.000     3.1  12.5     5090.1   tight
   11      -509.206683   1.314    0.000     3.5   2.5     4791.8   tight
   12      -509.194549   1.295    0.000     3.2  14.8     5149.9   tight
   13      -509.191322   1.310    0.000     3.2   4.9     5011.7   tight
   14      -509.184833   1.303    0.000     3.0  12.6     5020.5   tight
   15      -509.189977   1.296    0.000     3.8  19.5     5131.9   tight
   16      -509.188127   1.309    0.000     3.4  13.1     4879.1   tight
   17      -509.188660   1.288    0.000     3.5  14.8     5280.8   tight
   18      -509.183423   1.308    0.000     3.4  12.8     5078.5   tight
   19      -509.190557   1.303    0.000     3.9  20.2     4929.7   tight
   20      -509.182007   1.293    0.000     3.2  11.9     5395.0   tight
 
  ------------------------------------------------------------------------
  ------------------------------------------------------------------------
  Boltz. averaged energy of final cluster:
       G /Eh     : -509.21396037
       T*S /kcal :  -0.339
 
  Solvent cluster generation finished.
  Results can be found in solvent_cluster directory
  Structures in file <crest_ensemble.xyz>
  Energies in file <cluster_energy.dat>
  Population in file <population.dat>
 
  =========================================
  |   quantum cluster growth: ESOLV       |
  |                                       |
  |           -25.48 kcal/mol             |
  =========================================
 
  =========================================
  |          Frequency evaluation         |
  =========================================
 
   SOLUTE MOLECULE
  Starting reoptimizations + Frequency computation of ensemble
  1 jobs to do.
 
  done.
   SOLUTE CLUSTER
  Starting reoptimizations + Frequency computation of ensemble
  20 jobs to do.
 
  done.
   SOLVENT CLUSTER
  Starting reoptimizations + Frequency computation of ensemble
  20 jobs to do.
 
  done.
 
   Solute Gas properties
  #       H(T)       SVIB      SROT       STRA      G(T)
       [kcal/mol]    [      cal/mol/K        ]    [kcal/mol]
  --------------------------------------------------------
       63.39      9.83     24.16     38.23     41.85
 
   Solute cluster properties
  #       H(T)       SVIB      SROT       STRA      G(T)
       [kcal/mol]    [      cal/mol/K        ]    [kcal/mol]
  --------------------------------------------------------
  1     1732.50    941.66     43.76     48.41   1424.26
  2     1732.76    951.76     43.70     48.41   1421.54
  3     1733.19    960.07     43.77     48.41   1419.46
  4     1733.33    954.72     43.72     48.41   1421.21
  5     1733.30    959.66     43.68     48.41   1419.72
  6     1733.00    954.30     43.77     48.41   1420.99
  7     1733.04    951.87     43.88     48.41   1421.72
  8     1733.05    956.38     43.72     48.41   1420.43
  9     1732.16    956.03     43.77     48.41   1419.63
  10     1732.72    953.75     43.79     48.41   1420.86
  11     1732.70    959.50     43.72     48.41   1419.16
  12     1733.04    965.71     43.80     48.41   1417.62
  13     1733.33    960.03     43.73     48.41   1419.62
  14     1733.00    964.56     43.80     48.41   1417.92
  15     1732.65    966.33     43.77     48.41   1417.05
  16     1732.84    965.28     43.76     48.41   1417.56
  17     1732.67    959.76     43.82     48.41   1419.01
  18     1732.57    966.64     43.74     48.41   1416.89
  19     1732.38    971.39     43.69     48.41   1415.30
  20     1733.31    963.66     43.87     48.41   1418.47
 
   Solvent cluster properties
  #       H(T)       SVIB      SROT       STRA      G(T)
       [kcal/mol]    [      cal/mol/K        ]    [kcal/mol]
  --------------------------------------------------------
  1     1667.44    911.34     43.62     48.31   1368.32
  2     1666.76    922.55     43.57     48.31   1364.31
  3     1667.17    931.10     43.69     48.31   1362.13
  4     1667.85    931.26     43.60     48.31   1362.79
  5     1667.37    928.70     43.60     48.31   1363.08
  6     1667.95    927.30     43.62     48.31   1364.06
  7     1668.10    920.52     43.74     48.31   1366.20
  8     1667.09    933.15     43.60     48.31   1361.47
  9     1667.24    940.29     43.73     48.31   1359.44
  10     1666.85    924.43     43.69     48.31   1363.80
  11     1667.33    920.14     43.58     48.31   1365.59
  12     1667.60    928.98     43.69     48.31   1363.20
  13     1668.33    922.39     43.57     48.31   1365.93
  14     1667.07    932.26     43.70     48.31   1361.68
  15     1667.41    927.16     43.66     48.31   1363.55
  16     1667.80    946.19     43.62     48.31   1358.28
  17     1666.56    931.18     43.68     48.31   1361.50
  18     1666.94    936.05     43.66     48.31   1360.44
  19     1667.59    942.11     43.63     48.31   1359.29
  20     1668.02    937.98     43.77     48.31   1360.91
 
 
  ________________________________________________________________________
 
  _________________________     Evaluation    ____________________________
 
  ________________________________________________________________________
 
 
  -----------------------------------------------------
  Gsolv and Hsolv ref. state: [1 M gas/solution] 
  G_solv (incl.RRHO)      =   -8.12 kcal/mol
  H_solv (incl.RRHO)      =  -23.98 kcal/mol
  -----------------------------------------------------
 
  -----------------------------------------------------
  Gsolv and Hsolv ref. state: [1 M gas/solution] 
  G_solv (incl.RRHO)      =  -10.01 kcal/mol
  H_solv (incl.RRHO)      =  -25.88 kcal/mol
  -----------------------------------------------------
 
  -----------------------------------------------------
  Solvation free energies with scaled translational
  and rotational degrees of freedom: Gsolv (scaling)
          >>    -27.61 (0.05)    <<
          >>    -26.68 (0.10)    <<
          >>    -25.76 (0.15)    <<
          >>    -24.83 (0.20)    <<
          >>    -23.90 (0.25)    <<
          >>    -22.98 (0.30)    <<
          >>    -22.05 (0.35)    <<
          >>    -21.13 (0.40)    <<
          >>    -20.20 (0.45)    <<
          >>    -19.27 (0.50)    <<
          >>    -18.35 (0.55)    <<
          >>    -17.42 (0.60)    <<
          >>    -16.49 (0.65)    <<
          >>    -15.57 (0.70)    <<
          >>    -14.64 (0.75)    <<
          >>    -13.72 (0.80)    <<
          >>    -12.79 (0.85)    <<
          >>    -11.86 (0.90)    <<
          >>    -10.94 (0.95)    <<
          >>    -10.01 (1.00)    <<
  -----------------------------------------------------
 
  ==================================================
  |  Gsolv with SCALED RRHO contributions: 0.75    |
  |  [1 bar gas/ 1 M solution]                     |
  |                                                |
  |  G_solv (incl.RRHO)+dV(T)=  -14.64 kcal/mol    |
  ==================================================
 
 
 -----------------
 Wall Time Summary
 -----------------
             test MD wall time :         0h : 0m :11s
                 MTD wall time :         0h :18m :39s
      multilevel OPT wall time :         0h :21m :24s
                  MD wall time :         0h : 7m :10s
                Grow wall time :         0h :39m :24s
     Solute-Ensemble wall time :         1h :31m :25s
                 CFF wall time :         0h :16m : 7s
         Frequencies wall time :         2h :20m :30s
--------------------
Overall wall time  : 5h :36m :27s
 
 CREST terminated normally.
