 
       ==============================================
       |                                            |
       |                 C R E S T                  |
       |                                            |
       |  Conformer-Rotamer Ensemble Sampling Tool  |
       |          based on the GFN methods          |
       |             P.Pracht, S.Grimme             |
       |          Universitaet Bonn, MCTC           |
       ==============================================
       Version 2.12,   Thu 19. Mai 16:32:32 CEST 2022
  Using the xTB program. Compatible with xTB version 6.4.0
 
   Cite work conducted with this code as

   • P.Pracht, F.Bohle, S.Grimme, PCCP, 2020, 22, 7169-7192.
   • S.Grimme, JCTC, 2019, 15, 2847-2862.

   and for works involving QCG as

   • S.Spicher, C.Plett, P.Pracht, A.Hansen, S.Grimme,
     JCTC, 2022, 18 (5), 3174-3189.
 
   with help from:
   C.Bannwarth, F.Bohle, S.Ehlert, S.Grimme,
   C.Plett, P.Pracht, S.Spicher
 
   This program is distributed in the hope that it will be useful,
   but WITHOUT ANY WARRANTY; without even the implied warranty of
   MERCHANTABILITY or FITNESS FOR A PARTICULAR PURPOSE.

 Command line input:
 > crest input.xyz --qcg water.xyz --chrg 0 --uhf 0 --nsolv 250 --T 40 --gsolv --nclus 20 --gbsa water

 Solute-file: input.xyz
 Solvent-file: water.xyz
  --chrg 0
  --uhf 0
  --T 40 (CPUs/Threads selected)
  --gbsa water : implicit solvation
 
  ========================================
  |           ----------------           |
  |                 Q C G                |
  |           ----------------           |
  |        Quantum Cluster Growth        |
  |       University of Bonn, MCTC       |
  ========================================
   S. Grimme, S. Spicher, C. Plett.
 
   Cite work conducted with this code as

   S. Spicher, C. Plett, P. Pracht, A. Hansen, S. Grimme, JCTC, 2022, 18, 3174-3189.
 
 
  =========================================
  |   quantum cluster growth: INPUT       |
  =========================================
 
  QCG: Calculation of delta G_solv
  Ensemble generated via CREST
 
  input parameters     
  solute                 : input.xyz
  charge                 : 0
  uhf                    : 0
  solvent                : water.xyz
  # of solvents to add   : 250
  # of cluster generated : 20
  # of CPUs used         : 40
  Solvation model        : water               
  xtb opt level          : normal
  System temperature [K] : 298.1
  RRHO scaling factor    : 0.75
 
 Solute geometry
  molecular radius (Bohr**1):    5.64
  molecular area   (Bohr**2):  459.94
  molecular volume (Bohr**3):  751.19
 Solvent geometry
  molecular radius (Bohr**1):    3.88
  molecular area   (Bohr**2):  194.99
  molecular volume (Bohr**3):  244.40
 
  radius of solute    :     9.09
  radius of solvent   :     6.25
 
  =========================================
  |            Preoptimization            |
  =========================================
 
 -------------------------
 xTB Geometry Optimization
 -------------------------
 Geometry successfully optimized.
 Generating LMOs for solute
  Total Energy of solute:     -14.8081977 Eh
 
 -------------------------
 xTB Geometry Optimization
 -------------------------
 Geometry successfully optimized.
 Generating LMOs for solvent
  Total energy of solvent:     -5.0705444 Eh
 
  ________________________________________________________________________
 
  __________________     Solute Cluster Generation   _____________________
 
  ________________________________________________________________________
 
 
  =========================================
  |   quantum cluster growth: GROW        |
  =========================================
 
 
  Water as solvent recognized, adjusting scaling factor for outer wall pot to 0.70
 
  Constraining solute during Growth 
 Solute:
       unit ellipsoid axis a,b,c     :   0.454   0.275   0.270
 Solvent:
       unit ellipsoid axis a,b,c     :   0.386   0.322   0.292
 
  solvent anisotropy            :     1.133
  solute anisotropy             :     1.245
  roff inner wall               :     0.933
  solute max dist               :    14.199
  solvent max dist              :     7.283
  inner unit axis               :     0.581     0.214     0.206
  inner ellipsoid/Bohr          :    15.104     5.556     5.357
  scaling factor outer ellipsoid:     0.700
  outer ellipsoid/Bohr          :    10.356     6.281     6.168
 
  Size  E /Eh       De/kcal   Detot/kcal  Density   Efix         R   av/act. Surface   Opt
   Wall Potential too small, increasing size by 5 %
   New scaling factor 0.73
   Wall Potential too small, increasing size by 5 %
   New scaling factor 0.77
    1   -19.882672   -2.47      -2.47       0.939     -5.314      0.0   0.0     944.2   normal
    2   -24.963123   -6.22      -8.68       0.962     -6.054      8.5   5.8    1131.3   normal
    3   -30.042586   -5.60     -14.28       0.981     -6.718      7.1   6.0    1315.2   normal
    4   -35.125711   -7.89     -22.17       1.005     -7.324      6.9   8.4    1485.2   normal
   Wall Potential too small, increasing size by 5 %
   New scaling factor 0.81
    5   -40.214932  -11.72     -33.89       1.010     -7.887      8.0   8.6    1677.5   normal
    6   -45.300967   -9.72     -43.61       1.037     -8.412      8.2   7.7    1827.7   normal
    7   -50.385911   -9.04     -52.65       1.041     -8.907      8.3   7.0    2015.0   normal
    8   -55.477842  -13.42     -66.07       1.092     -9.377      7.6   6.4    2104.9   normal
    9   -60.568089  -12.36     -78.43       1.114     -9.825      7.5   6.7    2246.1   normal
   10   -65.650785   -7.63     -86.06       1.118    -10.253      7.4   6.1    2418.3   normal
   11   -70.741393  -12.59     -98.65       1.130    -10.665      7.5   7.3    2570.5   normal
   12   -75.821841   -6.21    -104.86       1.123    -11.060      7.5   6.3    2766.9   normal
   13   -80.906203   -8.67    -113.53       1.121    -11.442      7.4   6.7    2950.5   normal
   14   -86.002716  -16.30    -129.83       1.142    -11.813      7.5   7.4    3074.9   normal
   15   -91.083908   -6.68    -136.51       1.136    -12.172      7.5   6.9    3266.9   normal
   16   -96.170658  -10.17    -146.68       1.144    -12.520      7.5   6.7    3421.7   normal
   17  -101.264254  -14.47    -161.15       1.165    -12.861      7.4   7.3    3532.1   normal
   18  -106.357718  -14.38    -175.53       1.174    -13.192      7.6   6.9    3679.5   normal
   19  -111.441667   -8.41    -183.94       1.178    -13.514      7.5   6.8    3835.5   normal
   20  -116.525347   -8.24    -192.18       1.178    -13.829      7.4   8.2    4008.0   normal
   21  -121.610470   -9.15    -201.33       1.176    -14.137      7.5   9.8    4187.8   normal
   22  -126.708795  -17.43    -218.76       1.193    -14.440      7.6   7.4    4295.9   normal
   23  -131.799186  -12.45    -231.22       1.201    -14.736      7.6   8.3    4435.0   normal
   Wall Potential too small, increasing size by 5 %
   New scaling factor 0.85
   24  -136.895587  -16.23    -247.44       1.197    -15.026      7.7  11.0    4618.7   normal
   Wall Potential too small, increasing size by 5 %
   New scaling factor 0.89
   25  -141.986539  -12.81    -260.25       1.200    -15.311      7.9  12.6    4777.7   normal
   26  -147.071242   -8.89    -269.13       1.201    -15.590      8.0  13.1    4940.0   normal
   27  -152.159225  -10.94    -280.07       1.206    -15.864      8.2   7.5    5089.2   normal
   Wall Potential too small, increasing size by 5 %
   New scaling factor 0.94
   28  -157.256453  -16.74    -296.82       1.201    -16.134      8.3  12.5    5275.9   normal
   29  -162.345487  -11.60    -308.42       1.201    -16.399      8.4  13.5    5444.0   normal
   30  -167.434240  -11.43    -319.85       1.208    -16.660      8.6  11.2    5581.5   normal
   31  -172.523973  -12.04    -331.89       1.208    -16.917      8.7  10.5    5746.1   normal
   32  -177.617857  -14.65    -346.53       1.218    -17.171      8.7   7.2    5867.4   normal
   33  -182.706857  -11.58    -358.11       1.220    -17.420      8.7  10.5    6019.7   normal
   34  -187.796817  -12.18    -370.30       1.222    -17.666      8.7  12.6    6175.4   normal
   35  -192.887149  -12.42    -382.72       1.227    -17.909      8.8  12.8    6316.1   normal
   36  -197.976343  -11.70    -394.42       1.230    -18.148      9.0  13.0    6463.1   normal
   37  -203.063721  -10.56    -404.98       1.232    -18.385      9.1  13.3    6619.6   normal
   Wall Potential too small, increasing size by 5 %
   New scaling factor 0.98
   38  -208.160664  -16.56    -421.55       1.233    -18.618      9.2  11.4    6778.8   normal
   39  -213.251937  -13.01    -434.55       1.236    -18.849      9.3  12.5    6926.4   normal
   40  -218.341737  -12.08    -446.64       1.236    -19.077      9.4  15.0    7085.1   normal
   41  -223.429296  -10.68    -457.31       1.237    -19.301      9.5  12.9    7243.4   normal
   42  -228.517885  -11.32    -468.64       1.241    -19.524      9.6  13.9    7381.6   normal
   43  -233.603030   -9.16    -477.80       1.241    -19.743      9.7  12.1    7548.0   normal
   44  -238.695725  -13.90    -491.70       1.243    -19.961      9.7  11.0    7696.9   normal
   45  -243.784936  -11.71    -503.41       1.244    -20.176      9.8  11.4    7853.4   normal
   46  -248.877035  -13.53    -516.94       1.242    -20.389      9.8  12.2    8027.0   normal
   47  -253.972178  -15.44    -532.37       1.248    -20.600      9.9  11.3    8148.8   normal
   48  -259.064315  -13.55    -545.92       1.251    -20.809      9.9   9.9    8293.7   normal
   49  -264.157133  -13.98    -559.90       1.251    -21.015      9.9  10.9    8451.6   normal
   50  -269.246763  -11.98    -571.88       1.257    -21.220     10.0  12.8    8573.2   normal
   51  -274.336240  -11.88    -583.76       1.258    -21.422     10.0  15.4    8731.1   normal
   52  -279.426261  -12.22    -595.98       1.260    -21.623     10.1  16.3    8877.2   normal
   53  -284.517472  -12.97    -608.95       1.262    -21.821     10.3  11.6    9023.3   normal
   54  -289.611158  -14.52    -623.47       1.257    -22.019     10.3  11.2    9217.9   normal
   55  -294.710420  -18.02    -641.49       1.260    -22.215     10.4  11.0    9355.9   normal
   56  -299.799638  -11.72    -653.21       1.260    -22.408     10.4  11.1    9512.3   normal
   57  -304.888125  -11.26    -664.47       1.260    -22.600     10.5  13.8    9672.9   normal
   58  -309.985418  -16.78    -681.25       1.266    -22.791     10.5  15.2    9790.0   normal
   59  -315.076186  -12.69    -693.94       1.267    -22.979     10.6  10.8    9941.3   normal
   60  -320.163969  -10.82    -704.76       1.268    -23.166     10.6  10.8   10093.5   normal
   61  -325.257896  -14.67    -719.43       1.269    -23.352     10.6  10.2   10244.0   normal
   62  -330.352507  -15.10    -734.53       1.271    -23.537     10.6  11.1   10384.6   normal
   63  -335.440345  -10.85    -745.39       1.273    -23.719     10.6  15.2   10532.0   normal
   64  -340.531371  -12.85    -758.24       1.273    -23.901     10.7  11.6   10690.3   normal
   65  -345.621173  -12.08    -770.32       1.275    -24.081     10.7  11.2   10828.9   normal
   66  -350.712804  -13.23    -783.55       1.277    -24.259     10.7  10.0   10969.3   normal
   Wall Potential too small, increasing size by 5 %
   New scaling factor 1.00
   67  -355.806897  -14.78    -798.33       1.271    -24.437     10.8  13.3   11182.2   normal
   68  -360.899010  -13.53    -811.87       1.278    -24.613     10.8  15.8   11274.0   normal
   69  -365.992910  -14.66    -826.52       1.280    -24.788     10.9  10.4   11417.8   normal
   70  -371.083034  -12.29    -838.81       1.279    -24.962     10.9  17.4   11584.6   normal
   71  -376.172489  -11.87    -850.67       1.280    -25.134     11.0  18.7   11732.7   normal
   72  -381.265155  -13.88    -864.56       1.281    -25.305     11.1  10.6   11884.4   normal
   73  -386.353640  -11.26    -875.81       1.281    -25.475     11.1  11.8   12041.7   normal
   74  -391.448051  -14.98    -890.79       1.281    -25.645     11.1  12.1   12200.3   normal
   75  -396.542952  -15.28    -906.07       1.281    -25.813     11.1  18.0   12354.4   normal
   76  -401.633344  -12.45    -918.53       1.283    -25.980     11.2  15.8   12490.2   normal
   77  -406.727976  -15.12    -933.64       1.288    -26.145     11.3  12.5   12604.9   normal
   78  -411.815575  -10.70    -944.35       1.289    -26.310     11.3  19.3   12750.6   normal
   79  -416.910926  -15.57    -959.91       1.291    -26.474     11.3  11.8   12885.9   normal
   80  -422.003888  -14.07    -973.98       1.292    -26.637     11.3  17.5   13034.8   normal
   81  -427.090078   -9.82    -983.80       1.292    -26.798     11.4  11.1   13189.9   normal
   82  -432.173929   -8.35    -992.15       1.291    -26.958     11.4  16.2   13355.9   normal
   83  -437.284817  -25.32   -1017.46       1.299    -27.119     11.4  13.5   13424.8   normal
   84  -442.375944  -12.92   -1030.38       1.300    -27.278     11.4  11.6   13572.8   normal
   85  -447.461121   -9.18   -1039.56       1.301    -27.436     11.4  12.8   13715.5   normal
   86  -452.549927  -11.46   -1051.02       1.303    -27.592     11.4  11.1   13846.6   normal
   87  -457.646621  -16.41   -1067.43       1.307    -27.749     11.4  12.0   13959.4   normal
   88  -462.737949  -13.04   -1080.47       1.313    -27.904     11.4  17.6   14055.0   normal
   89  -467.826931  -11.57   -1092.04       1.313    -28.058     11.4  16.7   14210.3   normal
   90  -472.922866  -15.93   -1107.97       1.310    -28.212     11.5  13.9   14395.6   normal
   91  -478.013826  -12.81   -1120.78       1.312    -28.365     11.6  18.8   14527.5   normal
   92  -483.109184  -15.57   -1136.36       1.314    -28.517     11.6  14.7   14660.1   normal
   93  -488.207967  -17.72   -1154.08       1.318    -28.669     11.6  13.1   14765.3   normal
   94  -493.297704  -12.04   -1166.12       1.318    -28.819     11.6  18.3   14914.5   normal
   95  -498.391533  -14.61   -1180.73       1.319    -28.968     11.7  16.7   15054.5   normal
   96  -503.481645  -12.28   -1193.01       1.320    -29.117     11.7  20.5   15201.9   normal
   97  -508.589237  -23.25   -1216.26       1.323    -29.266     11.8  12.4   15324.0   normal
   98  -513.686795  -16.95   -1233.21       1.323    -29.414     11.8  12.4   15476.0   normal
   99  -518.770579   -8.31   -1241.52       1.322    -29.560     11.8  18.5   15641.3   normal
  100  -523.867649  -16.64   -1258.16       1.324    -29.706     11.9  16.3   15764.8   normal
  101  -528.956930  -11.76   -1269.92       1.327    -29.851     11.9  13.7   15885.9   normal
  102  -534.049207  -13.64   -1283.56       1.325    -29.995     12.0  16.9   16055.1   normal
  103  -539.140241  -12.86   -1296.41       1.324    -30.139     12.0  16.0   16227.4   normal
  104  -544.232245  -13.47   -1309.88       1.326    -30.282     12.0  18.9   16353.4   normal
  105  -549.323715  -13.13   -1323.01       1.326    -30.424     12.1  17.0   16499.9   normal
  106  -554.426512  -20.24   -1343.25       1.328    -30.567     12.1  19.7   16629.0   normal
  107  -559.512578   -9.74   -1352.99       1.326    -30.707     12.2  19.5   16805.9   normal
  108  -564.607635  -15.38   -1368.37       1.326    -30.848     12.3  13.0   16963.0   normal
  109  -569.703445  -15.85   -1384.22       1.327    -30.988     12.3  13.2   17099.1   normal
  110  -574.794892  -13.12   -1397.34       1.329    -31.127     12.3  18.5   17225.7   normal
  111  -579.887084  -13.58   -1410.93       1.332    -31.265     12.3  17.9   17330.6   normal
  112  -584.978934  -13.37   -1424.30       1.331    -31.403     12.3  14.2   17502.5   normal
  113  -590.068042  -11.65   -1435.94       1.330    -31.540     12.4  19.7   17669.2   normal
  114  -595.161594  -14.44   -1450.38       1.332    -31.677     12.4  16.4   17787.6   normal
  115  -600.254313  -13.92   -1464.30       1.333    -31.813     12.5  13.9   17930.3   normal
  116  -605.350718  -16.23   -1480.52       1.334    -31.949     12.5  15.8   18064.6   normal
  117  -610.441275  -12.56   -1493.08       1.333    -32.084     12.5  15.3   18230.6   normal
  118  -615.540404  -17.94   -1511.02       1.335    -32.219     12.6  16.1   18355.2   normal
  119  -620.630808  -12.46   -1523.48       1.335    -32.353     12.6  17.0   18501.4   normal
  120  -625.716191   -9.31   -1532.79       1.336    -32.486     12.6  11.7   18645.0   normal
  121  -630.814475  -17.41   -1550.20       1.337    -32.619     12.6  11.9   18780.6   normal
  122  -635.910209  -15.81   -1566.01       1.336    -32.751     12.7  18.2   18948.5   normal
  123  -641.007233  -16.62   -1582.62       1.338    -32.883     12.7  12.2   19067.4   normal
  124  -646.102956  -15.80   -1598.42       1.340    -33.014     12.7  19.8   19187.1   normal
  125  -651.197010  -14.75   -1613.17       1.341    -33.145     12.7  20.4   19327.3   normal
  126  -656.293064  -16.01   -1629.18       1.343    -33.275     12.8  21.4   19452.0   normal
  127  -661.386576  -14.41   -1643.59       1.345    -33.405     12.9  21.0   19574.6   normal
  128  -666.481424  -15.25   -1658.84       1.345    -33.534     13.0  13.4   19719.3   normal
  129  -671.565553   -8.52   -1667.37       1.345    -33.663     13.0  20.2   19875.8   normal
  130  -676.655582  -12.23   -1679.60       1.346    -33.791     13.0  14.9   20011.2   normal
  131  -681.754006  -17.49   -1697.09       1.345    -33.919     13.0  22.8   20175.1   normal
  132  -686.853484  -18.16   -1715.25       1.347    -34.046     13.1  22.0   20298.0   normal
  133  -691.941465  -10.94   -1726.19       1.347    -34.173     13.2  19.8   20437.5   normal
  134  -697.030576  -11.65   -1737.84       1.348    -34.299     13.2  15.9   20578.5   normal
  135  -702.120837  -12.37   -1750.21       1.347    -34.424     13.3  14.8   20746.6   normal
  136  -707.211006  -12.31   -1762.53       1.348    -34.550     13.3  15.5   20871.4   normal
  137  -712.299954  -11.55   -1774.07       1.349    -34.674     13.3  16.2   21007.4   normal
  138  -717.390235  -12.38   -1786.46       1.348    -34.799     13.3  17.6   21176.7   normal
  139  -722.485712  -15.65   -1802.10       1.349    -34.923     13.3  14.3   21301.0   normal
  140  -727.582434  -16.43   -1818.53       1.350    -35.046     13.3  14.4   21445.4   normal
  141  -732.678561  -16.05   -1834.58       1.350    -35.170     13.3  18.0   21594.5   normal
  142  -737.776316  -17.08   -1851.66       1.352    -35.293     13.3  22.4   21705.9   normal
  143  -742.869035  -13.91   -1865.57       1.353    -35.415     13.4  14.3   21850.5   normal
  144  -747.963962  -15.30   -1880.87       1.354    -35.537     13.4  18.4   21980.6   normal
  145  -753.062809  -17.76   -1898.63       1.356    -35.659     13.4  20.8   22090.0   normal
  146  -758.149775  -10.30   -1908.94       1.356    -35.779     13.5  22.6   22233.5   normal
  147  -763.242725  -14.06   -1923.00       1.357    -35.900     13.6  13.7   22380.5   normal
  148  -768.336487  -14.57   -1937.57       1.359    -36.020     13.6  18.0   22489.0   normal
  149  -773.427266  -12.70   -1950.27       1.357    -36.140     13.6  16.2   22668.0   normal
  150  -778.521100  -14.61   -1964.88       1.358    -36.259     13.6  13.9   22810.7   normal
  151  -783.610919  -12.09   -1976.97       1.356    -36.378     13.6  16.8   22982.1   normal
  152  -788.716868  -22.22   -1999.19       1.361    -36.497     13.6  14.1   23048.6   normal
  153  -793.814319  -16.88   -2016.08       1.362    -36.616     13.6  16.5   23179.1   normal
  154  -798.909426  -15.41   -2031.49       1.362    -36.734     13.7  16.8   23331.8   normal
  155  -804.005316  -15.90   -2047.39       1.362    -36.852     13.7  19.9   23479.8   normal
  156  -809.097187  -13.38   -2060.78       1.363    -36.969     13.7  22.9   23605.8   normal
  157  -814.192676  -15.65   -2076.43       1.364    -37.085     13.8  14.3   23734.7   normal
  158  -819.289577  -16.54   -2092.97       1.366    -37.202     13.8  16.3   23858.5   normal
  159  -824.378995  -11.84   -2104.81       1.366    -37.318     13.8  16.1   23993.3   normal
  160  -829.471829  -13.99   -2118.80       1.368    -37.434     13.8  14.9   24114.1   normal
  161  -834.565022  -14.21   -2133.01       1.368    -37.549     13.8  13.7   24259.0   normal
  162  -839.656564  -13.18   -2146.19       1.367    -37.664     13.8  14.1   24421.7   normal
  163  -844.749274  -13.91   -2160.10       1.369    -37.778     13.8  14.6   24542.7   normal
  164  -849.839003  -12.04   -2172.13       1.369    -37.892     13.8  18.2   24691.3   normal
  165  -854.936882  -17.15   -2189.29       1.369    -38.007     13.9  16.5   24822.5   normal
  166  -860.028247  -13.07   -2202.35       1.370    -38.120     13.9  14.5   24966.7   normal
  167  -865.120384  -13.55   -2215.90       1.370    -38.233     13.9  21.0   25103.1   normal
  168  -870.218978  -17.60   -2233.50       1.371    -38.346     13.9  16.3   25239.4   normal
  169  -875.307950  -11.56   -2245.07       1.372    -38.459     13.9  13.5   25364.2   normal
  170  -880.401476  -14.42   -2259.49       1.371    -38.571     13.9  20.0   25534.2   normal
  171  -885.489855  -11.19   -2270.68       1.370    -38.683     14.0  15.7   25693.8   normal
  172  -890.590310  -18.77   -2289.45       1.373    -38.795     14.0  17.0   25796.8   normal
  173  -895.681805  -13.15   -2302.59       1.372    -38.906     14.0  22.5   25951.2   normal
  174  -900.776585  -15.21   -2317.80       1.374    -39.017     14.0  20.4   26072.7   normal
  175  -905.871104  -15.04   -2332.85       1.374    -39.128     14.1  15.3   26218.1   normal
  176  -910.962899  -13.34   -2346.18       1.374    -39.238     14.1  22.1   26351.2   normal
  177  -916.052956  -12.24   -2358.43       1.375    -39.348     14.1  19.7   26482.6   normal
  178  -921.140669  -10.77   -2369.20       1.376    -39.457     14.2  18.3   26613.1   normal
  179  -926.238523  -17.14   -2386.34       1.376    -39.567     14.2  17.3   26764.4   normal
  180  -931.334152  -15.74   -2402.08       1.376    -39.676     14.2  16.0   26906.3   normal
  181  -936.431670  -16.93   -2419.00       1.377    -39.785     14.2  22.9   27036.5   normal
  182  -941.528581  -16.54   -2435.55       1.379    -39.894     14.3  20.5   27147.8   normal
  183  -946.623154  -15.08   -2450.63       1.380    -40.002     14.3  15.4   27269.7   normal
  184  -951.721977  -17.74   -2468.37       1.381    -40.110     14.3  14.8   27392.2   normal
  185  -956.821665  -18.29   -2486.66       1.382    -40.218     14.3  14.3   27523.2   normal
  186  -961.912726  -12.87   -2499.53       1.382    -40.325     14.3  22.2   27660.0   normal
  187  -967.006392  -14.51   -2514.04       1.382    -40.433     14.3  24.2   27804.3   normal
  188  -972.114447  -23.54   -2537.58       1.382    -40.540     14.4  18.0   27953.8   normal
  189  -977.206526  -13.51   -2551.09       1.383    -40.646     14.4  24.6   28087.9   normal
  190  -982.309169  -20.14   -2571.24       1.384    -40.753     14.4  15.3   28206.2   normal
  191  -987.402244  -14.14   -2585.37       1.384    -40.859     14.4  15.2   28352.4   normal
  192  -992.493991  -13.30   -2598.68       1.384    -40.965     14.5  24.0   28510.5   normal
  193  -997.588592  -15.10   -2613.78       1.385    -41.070     14.5  15.6   28623.6   normal
  194 -1002.680811  -13.60   -2627.38       1.386    -41.175     14.5  22.4   28743.9   normal
  195 -1007.783158  -19.96   -2647.33       1.386    -41.280     14.5  17.1   28889.8   normal
  196 -1012.879566  -16.23   -2663.56       1.387    -41.385     14.6  20.7   29022.3   normal
  197 -1017.972509  -14.06   -2677.62       1.388    -41.489     14.6  20.8   29138.7   normal
  198 -1023.065998  -14.40   -2692.02       1.389    -41.594     14.6  17.2   29267.7   normal
  199 -1028.155328  -11.79   -2703.80       1.389    -41.697     14.6  22.5   29420.8   normal
  200 -1033.249472  -14.81   -2718.61       1.391    -41.801     14.7  19.5   29519.3   normal
  201 -1038.343749  -14.89   -2733.51       1.391    -41.904     14.7  17.2   29661.4   normal
  202 -1043.446029  -19.91   -2753.42       1.392    -42.008     14.7  15.5   29783.3   normal
  203 -1048.540012  -14.71   -2768.13       1.393    -42.110     14.7  14.9   29916.0   normal
  204 -1053.632093  -13.51   -2781.64       1.395    -42.213     14.7  16.1   30019.6   normal
  205 -1058.729761  -17.02   -2798.66       1.395    -42.315     14.7  19.2   30150.3   normal
  206 -1063.823021  -14.25   -2812.92       1.396    -42.417     14.7  19.5   30286.0   normal
  207 -1068.912470  -11.86   -2824.78       1.397    -42.519     14.7  19.0   30413.2   normal
  208 -1074.001732  -11.75   -2836.52       1.397    -42.620     14.7  19.4   30556.9   normal
  209 -1079.101265  -18.19   -2854.72       1.398    -42.722     14.8  21.1   30673.1   normal
  210 -1084.192876  -13.22   -2867.93       1.398    -42.823     14.8  24.4   30806.2   normal
  211 -1089.288394  -15.67   -2883.61       1.400    -42.924     14.8  21.3   30920.8   normal
  212 -1094.382485  -14.78   -2898.38       1.400    -43.025     14.8  24.4   31059.5   normal
  213 -1099.476923  -14.99   -2913.38       1.402    -43.125     14.9  15.6   31169.4   normal
  214 -1104.573544  -16.36   -2929.74       1.402    -43.225     14.9  15.6   31312.2   normal
  215 -1109.668516  -15.33   -2945.07       1.403    -43.325     14.9  15.6   31432.7   normal
  216 -1114.757506  -11.57   -2956.64       1.402    -43.425     14.9  22.2   31594.9   normal
  217 -1119.848853  -13.05   -2969.70       1.403    -43.524     14.9  26.6   31715.3   normal
  218 -1124.940021  -12.94   -2982.64       1.403    -43.623     15.0  15.1   31860.1   normal
  219 -1130.041384  -19.34   -3001.98       1.404    -43.723     15.0  18.0   31972.1   normal
  220 -1135.133962  -13.83   -3015.80       1.405    -43.821     15.0  20.6   32100.9   normal
  221 -1140.227854  -14.65   -3030.45       1.404    -43.920     15.0  14.7   32253.2   normal
  222 -1145.321699  -14.62   -3045.07       1.406    -44.018     15.0  24.7   32369.9   normal
  223 -1150.417618  -15.92   -3061.00       1.407    -44.117     15.0  22.4   32488.3   normal
  224 -1155.507262  -11.99   -3072.98       1.407    -44.214     15.1  26.8   32626.9   normal
  225 -1160.597424  -12.31   -3085.29       1.408    -44.312     15.1  17.2   32756.1   normal
  226 -1165.692778  -15.57   -3100.86       1.407    -44.409     15.1  18.5   32910.7   normal
  227 -1170.787652  -15.27   -3116.13       1.408    -44.507     15.1  16.2   33031.2   normal
  228 -1175.881610  -14.69   -3130.82       1.409    -44.604     15.2  17.8   33158.4   normal
  229 -1180.979587  -17.21   -3148.03       1.410    -44.701     15.2  16.4   33269.8   normal
  230 -1186.075025  -15.62   -3163.65       1.411    -44.797     15.2  14.9   33388.8   normal
  231 -1191.174746  -18.31   -3181.96       1.412    -44.894     15.2  16.4   33505.2   normal
  232 -1196.273609  -17.77   -3199.73       1.410    -44.990     15.2  15.9   33692.9   normal
  233 -1201.366961  -14.31   -3214.05       1.410    -45.086     15.2  17.2   33839.5   normal
  234 -1206.459654  -13.90   -3227.94       1.411    -45.182     15.2  19.0   33961.1   normal
  235 -1211.555061  -15.60   -3243.55       1.411    -45.278     15.3  18.4   34108.0   normal
  236 -1216.654465  -18.11   -3261.66       1.409    -45.374     15.3  15.7   34294.6   normal
  237 -1221.747830  -14.32   -3275.98       1.411    -45.469     15.3  15.2   34401.1   normal
  238 -1226.845304  -16.90   -3292.87       1.409    -45.564     15.3  18.7   34580.7   normal
  239 -1231.947150  -19.64   -3312.52       1.409    -45.659     15.3  17.1   34723.6   normal
  240 -1237.047830  -18.91   -3331.43       1.410    -45.754     15.3  15.7   34843.4   normal
  241 -1242.141463  -14.49   -3345.91       1.410    -45.848     15.3  17.1   34986.3   normal
  242 -1247.240775  -18.05   -3363.97       1.411    -45.943     15.3  15.5   35114.5   normal
  243 -1252.333543  -13.95   -3377.91       1.410    -46.037     15.4  17.2   35268.7   normal
  244 -1257.429240  -15.78   -3393.69       1.410    -46.131     15.4  19.5   35410.0   normal
  245 -1262.528905  -18.27   -3411.97       1.411    -46.224     15.4  18.1   35538.1   normal
  246 -1267.623114  -14.85   -3426.82       1.412    -46.318     15.4  21.0   35653.0   normal
  247 -1272.713674  -12.56   -3439.38       1.412    -46.411     15.4  16.3   35792.1   normal
  248 -1277.816635  -20.34   -3459.72       1.412    -46.505     15.5  21.2   35946.3   normal
  249 -1282.911578  -15.31   -3475.03       1.414    -46.597     15.5  17.1   36035.3   normal
  250 -1288.005327  -14.56   -3489.59       1.415    -46.690     15.5  21.6   36150.3   normal
 
  Growth finished after 250 solvents added
  Results can be found in grow directory
  Energy list in file <qcg_energy.dat>
  Interaction energy in file <qcg_conv.dat>
  Growing process in <qcg_grow.xyz>
  Final geometry after grow in <cluster.coord> and <cluster.xyz>
  Potentials and geometry written in <cluster_cavity.coord> and <twopot_cavity.coord>
 
  =========================================
  |   quantum cluster growth: ENSEMBLE    |
  =========================================
 
   Method for ensemble search:--gff               
 Starting ensemble cluster generation by CREST routine
 
------------------------------------------------
Generating MTD length from a flexibility measure
------------------------------------------------
 System flexiblity is set to 1.0 for NCI mode
 flexibility measure :   1.000
 t(MTD) / ps set by command line  :    10.0
 t(MTD) / ps    :    10.0
 Σ(t(MTD)) / ps :   120.0 (12 MTDs)
 
-------------------------------------
Starting a trial MTD to test settings
-------------------------------------
 Estimated runtime for one MTD (10.0 ps) on a single thread: 1 h 37 min 35 sec
 Estimated runtime for a batch of 12 MTDs on 40 threads: 32 min 32 sec
 
 list of Vbias parameters applied:
$metadyn    0.00125   1.000
$metadyn    0.00083   1.000
$metadyn    0.00056   1.000
$metadyn    0.00125   0.667
$metadyn    0.00083   0.667
$metadyn    0.00056   0.667
$metadyn    0.00125   0.444
$metadyn    0.00083   0.444
$metadyn    0.00056   0.444
$metadyn    0.00125   0.296
$metadyn    0.00083   0.296
$metadyn    0.00056   0.296
 
*******************************************************************************************
**                        N E W    I T E R A T I O N    C Y C L E                        **
*******************************************************************************************
 
========================================
            MTD Iteration  1
========================================
 
     ========================================
     |         Meta-MD (MTD) Sampling       |
     ========================================
 
Starting Meta-MD   7 with the settings:
     MD time /ps        :    10.0
     dt /fs             :     1.5
     dumpstep(trj) /fs  :     200
     dumpstep(Vbias)/ps :     1.0
     Vbias factor k /Eh :  0.9513
     Vbias exp α /bohr⁻²:    0.44
Starting Meta-MD   1 with the settings:
     MD time /ps        :    10.0
     dt /fs             :     1.5
     dumpstep(trj) /fs  :     200
     dumpstep(Vbias)/ps :     1.0
     Vbias factor k /Eh :  0.9513
     Vbias exp α /bohr⁻²:    1.00
Starting Meta-MD   4 with the settings:
     MD time /ps        :    10.0
     dt /fs             :     1.5
     dumpstep(trj) /fs  :     200
     dumpstep(Vbias)/ps :     1.0
     Vbias factor k /Eh :  0.9513
     Vbias exp α /bohr⁻²:    0.67
Starting Meta-MD   5 with the settings:
     MD time /ps        :    10.0
     dt /fs             :     1.5
     dumpstep(trj) /fs  :     200
     dumpstep(Vbias)/ps :     1.0
     Vbias factor k /Eh :  0.6342
     Vbias exp α /bohr⁻²:    0.67
Starting Meta-MD   9 with the settings:
     MD time /ps        :    10.0
     dt /fs             :     1.5
     dumpstep(trj) /fs  :     200
     dumpstep(Vbias)/ps :     1.0
     Vbias factor k /Eh :  0.4228
     Vbias exp α /bohr⁻²:    0.44
Starting Meta-MD   6 with the settings:
     MD time /ps        :    10.0
     dt /fs             :     1.5
     dumpstep(trj) /fs  :     200
     dumpstep(Vbias)/ps :     1.0
     Vbias factor k /Eh :  0.4228
     Vbias exp α /bohr⁻²:    0.67
Starting Meta-MD   2 with the settings:
     MD time /ps        :    10.0
     dt /fs             :     1.5
     dumpstep(trj) /fs  :     200
     dumpstep(Vbias)/ps :     1.0
     Vbias factor k /Eh :  0.6342
     Vbias exp α /bohr⁻²:    1.00
Starting Meta-MD  10 with the settings:
     MD time /ps        :    10.0
     dt /fs             :     1.5
     dumpstep(trj) /fs  :     200
     dumpstep(Vbias)/ps :     1.0
     Vbias factor k /Eh :  0.9513
     Vbias exp α /bohr⁻²:    0.30
Starting Meta-MD  11 with the settings:
     MD time /ps        :    10.0
     dt /fs             :     1.5
     dumpstep(trj) /fs  :     200
     dumpstep(Vbias)/ps :     1.0
     Vbias factor k /Eh :  0.6342
     Vbias exp α /bohr⁻²:    0.30
Starting Meta-MD  12 with the settings:
     MD time /ps        :    10.0
     dt /fs             :     1.5
     dumpstep(trj) /fs  :     200
     dumpstep(Vbias)/ps :     1.0
     Vbias factor k /Eh :  0.4228
     Vbias exp α /bohr⁻²:    0.30
Starting Meta-MD   3 with the settings:
     MD time /ps        :    10.0
     dt /fs             :     1.5
     dumpstep(trj) /fs  :     200
     dumpstep(Vbias)/ps :     1.0
     Vbias factor k /Eh :  0.4228
     Vbias exp α /bohr⁻²:    1.00
Starting Meta-MD   8 with the settings:
     MD time /ps        :    10.0
     dt /fs             :     1.5
     dumpstep(trj) /fs  :     200
     dumpstep(Vbias)/ps :     1.0
     Vbias factor k /Eh :  0.6342
     Vbias exp α /bohr⁻²:    0.44
*Meta-MTD 7 finished*
*Meta-MTD 4 finished*
*Meta-MTD 5 finished*
*Meta-MTD 12 finished*
*Meta-MTD 9 finished*
*Meta-MTD 2 finished*
*Meta-MTD 11 finished*
*Meta-MTD 6 finished*
*Meta-MTD 3 finished*
*Meta-MTD 8 finished*
*Meta-MTD 10 finished*
*Meta-MTD 1 finished*
 
-----------------------
Multilevel Optimization
-----------------------
 
 -------------------------
 1. crude pre-optimization
 -------------------------
 Optimizing all 600 structures from file "crest_rotamers_0.xyz" ...
 1 2 3 4 5 6 7 8 9 10 11 12 13 14 15 16 17 18 19 20 21 22 23 24 25 26 27 28 29 30 31 32 33 34 35 36 37 38 39 40 41 42 43 44 45 46 47 48 49 50 51 52 53 54 55 56 57 58 59 60 61 62 63 64 65 66 67 68 69 70 71 72 73 74 75 76 77 78 79 80 81 82 83 84 85 86 87 88 89 90 91 92 93 94 95 96 97 98 99 100 101 102 103 104 105 106 107 108 109 110 111 112 113 114 115 116 117 118 119 120 121 122 123 124 125 126 127 128 129 130 131 132 133 134 135 136 137 138 139 140 141 142 143 144 145 146 147 148 149 150 151 152 153 154 155 156 157 158 159 160 161 162 163 164 165 166 167 168 169 170 171 172 173 174 175 176 177 178 179 180 181 182 183 184 185 186 187 188 189 190 191 192 193 194 195 196 197 198 199 200 201 202 203 204 205 206 207 208 209 210 211 212 213 214 215 216 217 218 219 220 221 222 223 224 225 226 227 228 229 230 231 232 233 234 235 236 237 238 239 240 241 242 243 244 245 246 247 248 249 250 251 252 253 254 255 256 257 258 259 260 261 262 263 264 265 266 267 268 269 270 271 272 273 274 275 276 277 278 279 280 281 282 283 284 285 286 287 288 289 290 291 292 293 294 295 296 297 298 299 300 301 302 303 304 305 306 307 308 309 310 311 312 313 314 315 316 317 318 319 320 321 322 323 324 325 326 327 328 329 330 331 332 333 334 335 336 337 338 339 340 341 342 343 344 345 346 347 348 349 350 351 352 353 354 355 356 357 358 359 360 361 362 363 364 365 366 367 368 369 370 371 372 373 374 375 376 377 378 379 380 381 382 383 384 385 386 387 388 389 390 391 392 393 394 395 396 397 398 399 400 401 402 403 404 405 406 407 408 409 410 411 412 413 414 415 416 417 418 419 420 421 422 423 424 425 426 427 428 429 430 431 432 433 434 435 436 437 438 439 440 441 442 443 444 445 446 447 448 449 450 451 452 453 454 455 456 457 458 459 460 461 462 463 464 465 466 467 468 469 470 471 472 473 474 475 476 477 478 479 480 481 482 483 484 485 486 487 488 489 490 491 492 493 494 495 496 497 498 499 500 501 502 503 504 505 506 507 508 509 510 511 512 513 514 515 516 517 518 519 520 521 522 523 524 525 526 527 528 529 530 531 532 533 534 535 536 537 538 539 540 541 542 543 544 545 546 547 548 549 550 551 552 553 554 555 556 557 558 559 560 561 562 563 564 565 566 567 568 569 570 571 572 573 574 575 576 577 578 579 580 581 582 583 584 585 586 587 588 589 590 591 592 593 594 595 596 597 598 599 600
 done.
 input  file name : crest_rotamers_1.xyz
 output file name : crest_rotamers_2.xyz
 reference state Etot :  -87.7764328700000     
 600 structures remain within     6.00 kcal/mol window
 
 
========================================
            MTD Iteration  2
========================================
 
     ========================================
     |         Meta-MD (MTD) Sampling       |
     ========================================
 
Starting Meta-MD   1 with the settings:
     MD time /ps        :    10.0
     dt /fs             :     1.5
     dumpstep(trj) /fs  :     200
     dumpstep(Vbias)/ps :     1.0
     Vbias factor k /Eh :  0.9513
     Vbias exp α /bohr⁻²:    1.00
Starting Meta-MD   2 with the settings:
     MD time /ps        :    10.0
     dt /fs             :     1.5
     dumpstep(trj) /fs  :     200
     dumpstep(Vbias)/ps :     1.0
     Vbias factor k /Eh :  0.6342
     Vbias exp α /bohr⁻²:    1.00
Starting Meta-MD   3 with the settings:
     MD time /ps        :    10.0
     dt /fs             :     1.5
     dumpstep(trj) /fs  :     200
     dumpstep(Vbias)/ps :     1.0
     Vbias factor k /Eh :  0.4228
     Vbias exp α /bohr⁻²:    1.00
Starting Meta-MD   4 with the settings:
     MD time /ps        :    10.0
     dt /fs             :     1.5
     dumpstep(trj) /fs  :     200
     dumpstep(Vbias)/ps :     1.0
     Vbias factor k /Eh :  0.9513
     Vbias exp α /bohr⁻²:    0.67
Starting Meta-MD   5 with the settings:
     MD time /ps        :    10.0
     dt /fs             :     1.5
     dumpstep(trj) /fs  :     200
     dumpstep(Vbias)/ps :     1.0
     Vbias factor k /Eh :  0.6342
     Vbias exp α /bohr⁻²:    0.67
Starting Meta-MD   6 with the settings:
     MD time /ps        :    10.0
     dt /fs             :     1.5
     dumpstep(trj) /fs  :     200
     dumpstep(Vbias)/ps :     1.0
     Vbias factor k /Eh :  0.4228
     Vbias exp α /bohr⁻²:    0.67
Starting Meta-MD   7 with the settings:
     MD time /ps        :    10.0
     dt /fs             :     1.5
     dumpstep(trj) /fs  :     200
     dumpstep(Vbias)/ps :     1.0
     Vbias factor k /Eh :  0.9513
     Vbias exp α /bohr⁻²:    0.44
Starting Meta-MD  10 with the settings:
     MD time /ps        :    10.0
     dt /fs             :     1.5
     dumpstep(trj) /fs  :     200
     dumpstep(Vbias)/ps :     1.0
     Vbias factor k /Eh :  0.9513
     Vbias exp α /bohr⁻²:    0.30
Starting Meta-MD   9 with the settings:
     MD time /ps        :    10.0
     dt /fs             :     1.5
     dumpstep(trj) /fs  :     200
     dumpstep(Vbias)/ps :     1.0
     Vbias factor k /Eh :  0.4228
     Vbias exp α /bohr⁻²:    0.44
Starting Meta-MD   8 with the settings:
     MD time /ps        :    10.0
     dt /fs             :     1.5
     dumpstep(trj) /fs  :     200
     dumpstep(Vbias)/ps :     1.0
     Vbias factor k /Eh :  0.6342
     Vbias exp α /bohr⁻²:    0.44
*Meta-MTD 2 finished*
*Meta-MTD 10 finished*
*Meta-MTD 6 finished*
*Meta-MTD 5 finished*
*Meta-MTD 3 finished*
*Meta-MTD 9 finished*
*Meta-MTD 8 finished*
*Meta-MTD 7 finished*
*Meta-MTD 4 finished*
*Meta-MTD 1 finished*
 
-----------------------
Multilevel Optimization
-----------------------
 
 -------------------------
 1. crude pre-optimization
 -------------------------
 Optimizing all 500 structures from file "crest_rotamers_0.xyz" ...
 1 2 3 4 5 6 7 8 9 10 11 12 13 14 15 16 17 18 19 20 21 22 23 24 25 26 27 28 29 30 31 32 33 34 35 36 37 38 39 40 41 42 43 44 45 46 47 48 49 50 51 52 53 54 55 56 57 58 59 60 61 62 63 64 65 66 67 68 69 70 71 72 73 74 75 76 77 78 79 80 81 82 83 84 85 86 87 88 89 90 91 92 93 94 95 96 97 98 99 100 101 102 103 104 105 106 107 108 109 110 111 112 113 114 115 116 117 118 119 120 121 122 123 124 125 126 127 128 129 130 131 132 133 134 135 136 137 138 139 140 141 142 143 144 145 146 147 148 149 150 151 152 153 154 155 156 157 158 159 160 161 162 163 164 165 166 167 168 169 170 171 172 173 174 175 176 177 178 179 180 181 182 183 184 185 186 187 188 189 190 191 192 193 194 195 196 197 198 199 200 201 202 203 204 205 206 207 208 209 210 211 212 213 214 215 216 217 218 219 220 221 222 223 224 225 226 227 228 229 230 231 232 233 234 235 236 237 238 239 240 241 242 243 244 245 246 247 248 249 250 251 252 253 254 255 256 257 258 259 260 261 262 263 264 265 266 267 268 269 270 271 272 273 274 275 276 277 278 279 280 281 282 283 284 285 286 287 288 289 290 291 292 293 294 295 296 297 298 299 300 301 302 303 304 305 306 307 308 309 310 311 312 313 314 315 316 317 318 319 320 321 322 323 324 325 326 327 328 329 330 331 332 333 334 335 336 337 338 339 340 341 342 343 344 345 346 347 348 349 350 351 352 353 354 355 356 357 358 359 360 361 362 363 364 365 366 367 368 369 370 371 372 373 374 375 376 377 378 379 380 381 382 383 384 385 386 387 388 389 390 391 392 393 394 395 396 397 398 399 400 401 402 403 404 405 406 407 408 409 410 411 412 413 414 415 416 417 418 419 420 421 422 423 424 425 426 427 428 429 430 431 432 433 434 435 436 437 438 439 440 441 442 443 444 445 446 447 448 449 450 451 452 453 454 455 456 457 458 459 460 461 462 463 464 465 466 467 468 469 470 471 472 473 474 475 476 477 478 479 480 481 482 483 484 485 486 487 488 489 490 491 492 493 494 495 496 497 498 499 500
 done.
 input  file name : crest_rotamers_1.xyz
 output file name : crest_rotamers_2.xyz
 reference state Etot :  -87.7888921500000     
 500 structures remain within     6.00 kcal/mol window
 
 ...............................................
 A new lower conformer was found!
 Improved by    0.01246 Eh or    7.81832kcal/mol
 ...............................................
 
========================================
            MTD Iteration  3
========================================
 
     ========================================
     |         Meta-MD (MTD) Sampling       |
     ========================================
 
Starting Meta-MD   1 with the settings:
     MD time /ps        :    10.0
     dt /fs             :     1.5
     dumpstep(trj) /fs  :     200
     dumpstep(Vbias)/ps :     1.0
     Vbias factor k /Eh :  0.9513
     Vbias exp α /bohr⁻²:    1.00
Starting Meta-MD  10 with the settings:
     MD time /ps        :    10.0
     dt /fs             :     1.5
     dumpstep(trj) /fs  :     200
     dumpstep(Vbias)/ps :     1.0
     Vbias factor k /Eh :  0.9513
     Vbias exp α /bohr⁻²:    0.30
Starting Meta-MD   2 with the settings:
     MD time /ps        :    10.0
     dt /fs             :     1.5
     dumpstep(trj) /fs  :     200
     dumpstep(Vbias)/ps :     1.0
     Vbias factor k /Eh :  0.6342
     Vbias exp α /bohr⁻²:    1.00
Starting Meta-MD   3 with the settings:
     MD time /ps        :    10.0
     dt /fs             :     1.5
     dumpstep(trj) /fs  :     200
     dumpstep(Vbias)/ps :     1.0
     Vbias factor k /Eh :  0.4228
     Vbias exp α /bohr⁻²:    1.00
Starting Meta-MD   4 with the settings:
     MD time /ps        :    10.0
     dt /fs             :     1.5
     dumpstep(trj) /fs  :     200
     dumpstep(Vbias)/ps :     1.0
     Vbias factor k /Eh :  0.9513
     Vbias exp α /bohr⁻²:    0.67
Starting Meta-MD   5 with the settings:
     MD time /ps        :    10.0
     dt /fs             :     1.5
     dumpstep(trj) /fs  :     200
     dumpstep(Vbias)/ps :     1.0
     Vbias factor k /Eh :  0.6342
     Vbias exp α /bohr⁻²:    0.67
Starting Meta-MD   6 with the settings:
     MD time /ps        :    10.0
     dt /fs             :     1.5
     dumpstep(trj) /fs  :     200
     dumpstep(Vbias)/ps :     1.0
     Vbias factor k /Eh :  0.4228
     Vbias exp α /bohr⁻²:    0.67
Starting Meta-MD   7 with the settings:
     MD time /ps        :    10.0
     dt /fs             :     1.5
     dumpstep(trj) /fs  :     200
     dumpstep(Vbias)/ps :     1.0
     Vbias factor k /Eh :  0.9513
     Vbias exp α /bohr⁻²:    0.44
Starting Meta-MD   8 with the settings:
     MD time /ps        :    10.0
     dt /fs             :     1.5
     dumpstep(trj) /fs  :     200
     dumpstep(Vbias)/ps :     1.0
     Vbias factor k /Eh :  0.6342
     Vbias exp α /bohr⁻²:    0.44
Starting Meta-MD   9 with the settings:
     MD time /ps        :    10.0
     dt /fs             :     1.5
     dumpstep(trj) /fs  :     200
     dumpstep(Vbias)/ps :     1.0
     Vbias factor k /Eh :  0.4228
     Vbias exp α /bohr⁻²:    0.44
*Meta-MTD 1 finished*
*Meta-MTD 2 finished*
*Meta-MTD 4 finished*
*Meta-MTD 5 finished*
*Meta-MTD 6 finished*
*Meta-MTD 9 finished*
*Meta-MTD 10 finished*
*Meta-MTD 7 finished*
*Meta-MTD 3 finished*
*Meta-MTD 8 finished*
 
-----------------------
Multilevel Optimization
-----------------------
 
 -------------------------
 1. crude pre-optimization
 -------------------------
 Optimizing all 500 structures from file "crest_rotamers_0.xyz" ...
 1 2 3 4 5 6 7 8 9 10 11 12 13 14 15 16 17 18 19 20 21 22 23 24 25 26 27 28 29 30 31 32 33 34 35 36 37 38 39 40 41 42 43 44 45 46 47 48 49 50 51 52 53 54 55 56 57 58 59 60 61 62 63 64 65 66 67 68 69 70 71 72 73 74 75 76 77 78 79 80 81 82 83 84 85 86 87 88 89 90 91 92 93 94 95 96 97 98 99 100 101 102 103 104 105 106 107 108 109 110 111 112 113 114 115 116 117 118 119 120 121 122 123 124 125 126 127 128 129 130 131 132 133 134 135 136 137 138 139 140 141 142 143 144 145 146 147 148 149 150 151 152 153 154 155 156 157 158 159 160 161 162 163 164 165 166 167 168 169 170 171 172 173 174 175 176 177 178 179 180 181 182 183 184 185 186 187 188 189 190 191 192 193 194 195 196 197 198 199 200 201 202 203 204 205 206 207 208 209 210 211 212 213 214 215 216 217 218 219 220 221 222 223 224 225 226 227 228 229 230 231 232 233 234 235 236 237 238 239 240 241 242 243 244 245 246 247 248 249 250 251 252 253 254 255 256 257 258 259 260 261 262 263 264 265 266 267 268 269 270 271 272 273 274 275 276 277 278 279 280 281 282 283 284 285 286 287 288 289 290 291 292 293 294 295 296 297 298 299 300 301 302 303 304 305 306 307 308 309 310 311 312 313 314 315 316 317 318 319 320 321 322 323 324 325 326 327 328 329 330 331 332 333 334 335 336 337 338 339 340 341 342 343 344 345 346 347 348 349 350 351 352 353 354 355 356 357 358 359 360 361 362 363 364 365 366 367 368 369 370 371 372 373 374 375 376 377 378 379 380 381 382 383 384 385 386 387 388 389 390 391 392 393 394 395 396 397 398 399 400 401 402 403 404 405 406 407 408 409 410 411 412 413 414 415 416 417 418 419 420 421 422 423 424 425 426 427 428 429 430 431 432 433 434 435 436 437 438 439 440 441 442 443 444 445 446 447 448 449 450 451 452 453 454 455 456 457 458 459 460 461 462 463 464 465 466 467 468 469 470 471 472 473 474 475 476 477 478 479 480 481 482 483 484 485 486 487 488 489 490 491 492 493 494 495 496 497 498 499 500
 done.
 input  file name : crest_rotamers_1.xyz
 output file name : crest_rotamers_2.xyz
 reference state Etot :  -87.8022488000000     
 500 structures remain within     6.00 kcal/mol window
 
 ...............................................
 A new lower conformer was found!
 Improved by    0.01336 Eh or    8.38143kcal/mol
 ...............................................
 
========================================
            MTD Iteration  4
========================================
 
     ========================================
     |         Meta-MD (MTD) Sampling       |
     ========================================
 
Starting Meta-MD   1 with the settings:
     MD time /ps        :    10.0
     dt /fs             :     1.5
     dumpstep(trj) /fs  :     200
     dumpstep(Vbias)/ps :     1.0
     Vbias factor k /Eh :  0.9513
     Vbias exp α /bohr⁻²:    1.00
Starting Meta-MD   2 with the settings:
     MD time /ps        :    10.0
     dt /fs             :     1.5
     dumpstep(trj) /fs  :     200
     dumpstep(Vbias)/ps :     1.0
     Vbias factor k /Eh :  0.6342
     Vbias exp α /bohr⁻²:    1.00
Starting Meta-MD   3 with the settings:
     MD time /ps        :    10.0
     dt /fs             :     1.5
     dumpstep(trj) /fs  :     200
     dumpstep(Vbias)/ps :     1.0
     Vbias factor k /Eh :  0.4228
     Vbias exp α /bohr⁻²:    1.00
Starting Meta-MD   4 with the settings:
     MD time /ps        :    10.0
     dt /fs             :     1.5
     dumpstep(trj) /fs  :     200
     dumpstep(Vbias)/ps :     1.0
     Vbias factor k /Eh :  0.9513
     Vbias exp α /bohr⁻²:    0.67
Starting Meta-MD   5 with the settings:
     MD time /ps        :    10.0
     dt /fs             :     1.5
     dumpstep(trj) /fs  :     200
     dumpstep(Vbias)/ps :     1.0
     Vbias factor k /Eh :  0.6342
     Vbias exp α /bohr⁻²:    0.67
Starting Meta-MD   6 with the settings:
     MD time /ps        :    10.0
     dt /fs             :     1.5
     dumpstep(trj) /fs  :     200
     dumpstep(Vbias)/ps :     1.0
     Vbias factor k /Eh :  0.4228
     Vbias exp α /bohr⁻²:    0.67
Starting Meta-MD   7 with the settings:
     MD time /ps        :    10.0
     dt /fs             :     1.5
     dumpstep(trj) /fs  :     200
     dumpstep(Vbias)/ps :     1.0
     Vbias factor k /Eh :  0.9513
     Vbias exp α /bohr⁻²:    0.44
Starting Meta-MD   8 with the settings:
     MD time /ps        :    10.0
     dt /fs             :     1.5
     dumpstep(trj) /fs  :     200
     dumpstep(Vbias)/ps :     1.0
     Vbias factor k /Eh :  0.6342
     Vbias exp α /bohr⁻²:    0.44
Starting Meta-MD  10 with the settings:
     MD time /ps        :    10.0
     dt /fs             :     1.5
     dumpstep(trj) /fs  :     200
     dumpstep(Vbias)/ps :     1.0
     Vbias factor k /Eh :  0.9513
     Vbias exp α /bohr⁻²:    0.30
Starting Meta-MD   9 with the settings:
     MD time /ps        :    10.0
     dt /fs             :     1.5
     dumpstep(trj) /fs  :     200
     dumpstep(Vbias)/ps :     1.0
     Vbias factor k /Eh :  0.4228
     Vbias exp α /bohr⁻²:    0.44
*Meta-MTD 2 finished*
*Meta-MTD 1 finished*
*Meta-MTD 4 finished*
*Meta-MTD 7 finished*
*Meta-MTD 3 finished*
*Meta-MTD 10 finished*
*Meta-MTD 6 finished*
*Meta-MTD 9 finished*
*Meta-MTD 5 finished*
*Meta-MTD 8 finished*
 
-----------------------
Multilevel Optimization
-----------------------
 
 -------------------------
 1. crude pre-optimization
 -------------------------
 Optimizing all 500 structures from file "crest_rotamers_0.xyz" ...
 1 2 3 4 5 6 7 8 9 10 11 12 13 14 15 16 17 18 19 20 21 22 23 24 25 26 27 28 29 30 31 32 33 34 35 36 37 38 39 40 41 42 43 44 45 46 47 48 49 50 51 52 53 54 55 56 57 58 59 60 61 62 63 64 65 66 67 68 69 70 71 72 73 74 75 76 77 78 79 80 81 82 83 84 85 86 87 88 89 90 91 92 93 94 95 96 97 98 99 100 101 102 103 104 105 106 107 108 109 110 111 112 113 114 115 116 117 118 119 120 121 122 123 124 125 126 127 128 129 130 131 132 133 134 135 136 137 138 139 140 141 142 143 144 145 146 147 148 149 150 151 152 153 154 155 156 157 158 159 160 161 162 163 164 165 166 167 168 169 170 171 172 173 174 175 176 177 178 179 180 181 182 183 184 185 186 187 188 189 190 191 192 193 194 195 196 197 198 199 200 201 202 203 204 205 206 207 208 209 210 211 212 213 214 215 216 217 218 219 220 221 222 223 224 225 226 227 228 229 230 231 232 233 234 235 236 237 238 239 240 241 242 243 244 245 246 247 248 249 250 251 252 253 254 255 256 257 258 259 260 261 262 263 264 265 266 267 268 269 270 271 272 273 274 275 276 277 278 279 280 281 282 283 284 285 286 287 288 289 290 291 292 293 294 295 296 297 298 299 300 301 302 303 304 305 306 307 308 309 310 311 312 313 314 315 316 317 318 319 320 321 322 323 324 325 326 327 328 329 330 331 332 333 334 335 336 337 338 339 340 341 342 343 344 345 346 347 348 349 350 351 352 353 354 355 356 357 358 359 360 361 362 363 364 365 366 367 368 369 370 371 372 373 374 375 376 377 378 379 380 381 382 383 384 385 386 387 388 389 390 391 392 393 394 395 396 397 398 399 400 401 402 403 404 405 406 407 408 409 410 411 412 413 414 415 416 417 418 419 420 421 422 423 424 425 426 427 428 429 430 431 432 433 434 435 436 437 438 439 440 441 442 443 444 445 446 447 448 449 450 451 452 453 454 455 456 457 458 459 460 461 462 463 464 465 466 467 468 469 470 471 472 473 474 475 476 477 478 479 480 481 482 483 484 485 486 487 488 489 490 491 492 493 494 495 496 497 498 499 500
 done.
 input  file name : crest_rotamers_1.xyz
 output file name : crest_rotamers_2.xyz
 reference state Etot :  -87.7929860700000     
 500 structures remain within     6.00 kcal/mol window
 
========================================
            MTD Iterations done         
========================================
 Collecting ensmbles.
 running RMSDs...
 done.
 E lowest :   -87.80225
 1 structures remain within     3.00 kcal/mol window
 
-----------------------------------------------
Additional regular MDs on lowest 1 conformer(s)
-----------------------------------------------
Starting MD   2 with the settings:
     MD time /ps        :     5.0
     MD Temperature /K  :   500.0
     dt /fs             :     1.5
     dumpstep(trj) /fs  :     200
Starting MD   1 with the settings:
     MD time /ps        :     5.0
     MD Temperature /K  :   400.0
     dt /fs             :     1.5
     dumpstep(trj) /fs  :     200
*MD 2 finished*
*MD 1 finished*
 Appending file crest_rotamers_1.xyz with new structures
 
 --------------------------------------------
 Ensemble optimization with normal thresholds
 --------------------------------------------
 Optimizing all 51 structures from file "crest_rotamers_1.xyz" ...
 1 2 3 4 5 6 7 8 9 10 11 12 13 14 15 16 17 18 19 20 21 22 23 24 25 26 27 28 29 30 31 32 33 34 35 36 37 38 39 40 41 42 43 44 45 46 47 48 49 50 51
 done.
 input  file name : crest_rotamers_2.xyz
 output file name : crest_rotamers_3.xyz
 reference state Etot :  -87.8147744100000     
 51 structures remain within     3.00 kcal/mol window
 
 ...............................................
 A new lower conformer was found!
 Improved by    0.01253 Eh or    7.85994kcal/mol
 ...............................................
 
*******************************************************************************************
**                        N E W    I T E R A T I O N    C Y C L E                        **
*******************************************************************************************
 
========================================
            MTD Iteration  1
========================================
 
     ========================================
     |         Meta-MD (MTD) Sampling       |
     ========================================
 
Starting Meta-MD  10 with the settings:
     MD time /ps        :    10.0
     dt /fs             :     1.5
     dumpstep(trj) /fs  :     200
     dumpstep(Vbias)/ps :     1.0
     Vbias factor k /Eh :  0.9513
     Vbias exp α /bohr⁻²:    0.30
Starting Meta-MD   1 with the settings:
     MD time /ps        :    10.0
     dt /fs             :     1.5
     dumpstep(trj) /fs  :     200
     dumpstep(Vbias)/ps :     1.0
     Vbias factor k /Eh :  0.9513
     Vbias exp α /bohr⁻²:    1.00
Starting Meta-MD   2 with the settings:
     MD time /ps        :    10.0
     dt /fs             :     1.5
     dumpstep(trj) /fs  :     200
     dumpstep(Vbias)/ps :     1.0
     Vbias factor k /Eh :  0.6342
     Vbias exp α /bohr⁻²:    1.00
Starting Meta-MD   3 with the settings:
     MD time /ps        :    10.0
     dt /fs             :     1.5
     dumpstep(trj) /fs  :     200
     dumpstep(Vbias)/ps :     1.0
     Vbias factor k /Eh :  0.4228
     Vbias exp α /bohr⁻²:    1.00
Starting Meta-MD   4 with the settings:
     MD time /ps        :    10.0
     dt /fs             :     1.5
     dumpstep(trj) /fs  :     200
     dumpstep(Vbias)/ps :     1.0
     Vbias factor k /Eh :  0.9513
     Vbias exp α /bohr⁻²:    0.67
Starting Meta-MD   5 with the settings:
     MD time /ps        :    10.0
     dt /fs             :     1.5
     dumpstep(trj) /fs  :     200
     dumpstep(Vbias)/ps :     1.0
     Vbias factor k /Eh :  0.6342
     Vbias exp α /bohr⁻²:    0.67
Starting Meta-MD   6 with the settings:
     MD time /ps        :    10.0
     dt /fs             :     1.5
     dumpstep(trj) /fs  :     200
     dumpstep(Vbias)/ps :     1.0
     Vbias factor k /Eh :  0.4228
     Vbias exp α /bohr⁻²:    0.67
Starting Meta-MD   7 with the settings:
     MD time /ps        :    10.0
     dt /fs             :     1.5
     dumpstep(trj) /fs  :     200
     dumpstep(Vbias)/ps :     1.0
     Vbias factor k /Eh :  0.9513
     Vbias exp α /bohr⁻²:    0.44
Starting Meta-MD   8 with the settings:
     MD time /ps        :    10.0
     dt /fs             :     1.5
     dumpstep(trj) /fs  :     200
     dumpstep(Vbias)/ps :     1.0
     Vbias factor k /Eh :  0.6342
     Vbias exp α /bohr⁻²:    0.44
Starting Meta-MD   9 with the settings:
     MD time /ps        :    10.0
     dt /fs             :     1.5
     dumpstep(trj) /fs  :     200
     dumpstep(Vbias)/ps :     1.0
     Vbias factor k /Eh :  0.4228
     Vbias exp α /bohr⁻²:    0.44
*Meta-MTD 8 finished*
*Meta-MTD 5 finished*
*Meta-MTD 1 finished*
*Meta-MTD 4 finished*
*Meta-MTD 3 finished*
*Meta-MTD 9 finished*
*Meta-MTD 7 finished*
*Meta-MTD 2 finished*
*Meta-MTD 6 finished*
*Meta-MTD 10 finished*
 
-----------------------
Multilevel Optimization
-----------------------
 
 -------------------------
 1. crude pre-optimization
 -------------------------
 Optimizing all 500 structures from file "crest_rotamers_0.xyz" ...
 1 2 3 4 5 6 7 8 9 10 11 12 13 14 15 16 17 18 19 20 21 22 23 24 25 26 27 28 29 30 31 32 33 34 35 36 37 38 39 40 41 42 43 44 45 46 47 48 49 50 51 52 53 54 55 56 57 58 59 60 61 62 63 64 65 66 67 68 69 70 71 72 73 74 75 76 77 78 79 80 81 82 83 84 85 86 87 88 89 90 91 92 93 94 95 96 97 98 99 100 101 102 103 104 105 106 107 108 109 110 111 112 113 114 115 116 117 118 119 120 121 122 123 124 125 126 127 128 129 130 131 132 133 134 135 136 137 138 139 140 141 142 143 144 145 146 147 148 149 150 151 152 153 154 155 156 157 158 159 160 161 162 163 164 165 166 167 168 169 170 171 172 173 174 175 176 177 178 179 180 181 182 183 184 185 186 187 188 189 190 191 192 193 194 195 196 197 198 199 200 201 202 203 204 205 206 207 208 209 210 211 212 213 214 215 216 217 218 219 220 221 222 223 224 225 226 227 228 229 230 231 232 233 234 235 236 237 238 239 240 241 242 243 244 245 246 247 248 249 250 251 252 253 254 255 256 257 258 259 260 261 262 263 264 265 266 267 268 269 270 271 272 273 274 275 276 277 278 279 280 281 282 283 284 285 286 287 288 289 290 291 292 293 294 295 296 297 298 299 300 301 302 303 304 305 306 307 308 309 310 311 312 313 314 315 316 317 318 319 320 321 322 323 324 325 326 327 328 329 330 331 332 333 334 335 336 337 338 339 340 341 342 343 344 345 346 347 348 349 350 351 352 353 354 355 356 357 358 359 360 361 362 363 364 365 366 367 368 369 370 371 372 373 374 375 376 377 378 379 380 381 382 383 384 385 386 387 388 389 390 391 392 393 394 395 396 397 398 399 400 401 402 403 404 405 406 407 408 409 410 411 412 413 414 415 416 417 418 419 420 421 422 423 424 425 426 427 428 429 430 431 432 433 434 435 436 437 438 439 440 441 442 443 444 445 446 447 448 449 450 451 452 453 454 455 456 457 458 459 460 461 462 463 464 465 466 467 468 469 470 471 472 473 474 475 476 477 478 479 480 481 482 483 484 485 486 487 488 489 490 491 492 493 494 495 496 497 498 499 500
 done.
 input  file name : crest_rotamers_1.xyz
 output file name : crest_rotamers_2.xyz
 reference state Etot :  -87.7933285800000     
 500 structures remain within     6.00 kcal/mol window
 
========================================
            MTD Iterations done         
========================================
 Collecting ensmbles.
 running RMSDs...
 done.
 E lowest :   -87.79333
 1 structures remain within     3.00 kcal/mol window
 
-----------------------------------------------
Additional regular MDs on lowest 1 conformer(s)
-----------------------------------------------
Starting MD   2 with the settings:
     MD time /ps        :     5.0
     MD Temperature /K  :   500.0
     dt /fs             :     1.5
     dumpstep(trj) /fs  :     200
Starting MD   1 with the settings:
     MD time /ps        :     5.0
     MD Temperature /K  :   400.0
     dt /fs             :     1.5
     dumpstep(trj) /fs  :     200
*MD 1 finished*
*MD 2 finished*
 Appending file crest_rotamers_1.xyz with new structures
 
 --------------------------------------------
 Ensemble optimization with normal thresholds
 --------------------------------------------
 Optimizing all 51 structures from file "crest_rotamers_1.xyz" ...
 1 2 3 4 5 6 7 8 9 10 11 12 13 14 15 16 17 18 19 20 21 22 23 24 25 26 27 28 29 30 31 32 33 34 35 36 37 38 39 40 41 42 43 44 45 46 47 48 49 50 51
 done.
 input  file name : crest_rotamers_2.xyz
 output file name : crest_rotamers_3.xyz
 reference state Etot :  -87.8014845900000     
 51 structures remain within     3.00 kcal/mol window
 
 
 
   ================================================
   |           Final Geometry Optimization        |
   ================================================
 --------------------------------------------
 Ensemble optimization with normal thresholds
 --------------------------------------------
 Optimizing all 51 structures from file "crest_rotamers_3.xyz" ...
 1 2 3 4 5 6 7 8 9 10 11 12 13 14 15 16 17 18 19 20 21 22 23 24 25 26 27 28 29 30 31 32 33 34 35 36 37 38 39 40 41 42 43 44 45 46 47 48 49 50 51
 done.
 input  file name : crest_rotamers_4.xyz
 output file name : crest_rotamers_5.xyz
 reference state Etot :  -87.8015431500000     
 51 structures remain within     3.00 kcal/mol window
 
  GFN2-xTB optimization
 --------------------------------------------
 Ensemble optimization with normal thresholds
 --------------------------------------------
 Optimizing all 51 structures from file "crest_rotamers_5.xyz" ...
 1 2 3 4 5 6 7 8 9 10 11 12 13 14 15 16 17 18 19 20 21 22 23 24 25 26 27 28 29 30 31 32 33 34 35 36 37 38 39 40 41 42 43 44 45 46 47 48 49 50 51
 done.
 
 -------------------------------------------
 Ensemble optimization with tight thresholds
 -------------------------------------------
 Optimizing all 51 structures from file "crest_rotamers_6.xyz" ...
 1 2 3 4 5 6 7 8 9 10 11 12 13 14 15 16 17 18 19 20 21 22 23 24 25 26 27 28 29 30 31 32 33 34 35 36 37 38 39 40 41 42 43 44 45 46 47 48 49 50 51
 done.
 
 
  Single point computation with GBSA model
  51 jobs to do.
 
  done.
 
  Cluster   E /Eh        Density  Efix       R   av/act. Surface   Opt
    1     -1288.236977   1.400    0.000    15.5  15.6     8817.9   tight
    2     -1288.259764   1.405    0.000    15.6  16.0     8716.4   tight
    3     -1288.292425   1.402    0.000    15.6  16.5     8763.1   tight
    4     -1288.307699   1.394    0.000    15.6  16.3     8982.7   tight
    5     -1288.241245   1.393    0.000    15.6  14.5     9111.3   tight
    6     -1288.294286   1.398    0.000    15.5  13.7     8921.0   tight
    7     -1288.252181   1.393    0.000    15.6  16.8     8927.0   tight
    8     -1288.268844   1.388    0.000    15.6  17.5     9223.3   tight
    9     -1288.268081   1.406    0.000    15.4  17.2     8472.1   tight
   10     -1288.268710   1.399    0.000    15.5  17.7     8733.8   tight
   11     -1288.264697   1.397    0.000    15.4  17.7     8905.9   tight
   12     -1288.261733   1.403    0.000    15.6  18.7     8675.2   tight
   13     -1288.256417   1.398    0.000    15.4  17.7     8790.8   tight
   14     -1288.260583   1.392    0.000    15.7  12.6     9073.0   tight
   15     -1288.252849   1.398    0.000    15.6  16.8     8945.4   tight
   16     -1288.265604   1.399    0.000    15.4  17.4     8657.0   tight
   17     -1288.251641   1.401    0.000    15.5  17.6     8647.0   tight
   18     -1288.226020   1.398    0.000    15.6  16.7     8642.7   tight
   19     -1288.256071   1.396    0.000    15.7  16.5     8893.0   tight
   20     -1288.244118   1.397    0.000    15.6  18.0     8912.3   tight
   21     -1288.281676   1.383    0.000    15.7  16.4     9459.7   tight
   22     -1288.237794   1.395    0.000    15.6  14.7     8856.9   tight
   23     -1288.217722   1.388    0.000    15.6  15.6     9287.1   tight
   24     -1288.255344   1.392    0.000    15.6  16.2     9037.9   tight
   25     -1288.213291   1.390    0.000    15.7  15.3     9045.3   tight
   26     -1288.244157   1.395    0.000    15.5  17.3     8863.0   tight
   27     -1288.257816   1.386    0.000    15.5  15.9     9351.1   tight
   28     -1288.227220   1.397    0.000    15.6  19.6     8963.7   tight
   29     -1288.256747   1.404    0.000    15.7  20.7     8628.9   tight
   30     -1288.236205   1.391    0.000    15.7  22.2     9037.4   tight
   31     -1288.223220   1.387    0.000    15.7  15.7     9231.1   tight
   32     -1288.227361   1.396    0.000    15.6  16.7     8911.6   tight
   33     -1288.229360   1.399    0.000    15.6  18.4     8911.3   tight
   34     -1288.232772   1.387    0.000    15.8  21.1     9192.6   tight
   35     -1288.257813   1.390    0.000    15.5  21.6     9174.0   tight
   36     -1288.219473   1.399    0.000    15.7  22.6     8731.3   tight
   37     -1288.243732   1.403    0.000    15.7  14.1     8638.7   tight
   38     -1288.222334   1.392    0.000    15.5  17.9     9112.4   tight
   39     -1288.247080   1.394    0.000    15.7  16.6     8973.6   tight
   40     -1288.240002   1.397    0.000    15.6  16.9     8835.6   tight
   41     -1288.223043   1.395    0.000    15.7  17.6     8967.3   tight
   42     -1288.207042   1.404    0.000    15.4  18.1     8503.2   tight
   43     -1288.225627   1.397    0.000    15.7  15.6     8894.1   tight
   44     -1288.275329   1.400    0.000    15.6  15.6     8866.4   tight
   45     -1288.191614   1.392    0.000    15.8  22.6     8959.8   tight
   46     -1288.238575   1.387    0.000    15.8  15.0     9248.3   tight
   47     -1288.218627   1.390    0.000    15.6  19.1     9117.7   tight
   48     -1288.272828   1.394    0.000    15.5  17.6     9075.7   tight
   49     -1288.213181   1.389    0.000    15.7  18.1     9032.9   tight
   50     -1288.238666   1.395    0.000    15.6  17.8     9008.4   tight
   51     -1288.268410   1.388    0.000    15.5  19.2     9248.1   tight
 
Taking  20 structures
 
  ------------------------------------------------------------------------
  ------------------------------------------------------------------------
  Boltz. averaged energy of final cluster:
       G /Eh     :-1288.30769944
       T*S /kcal :  -0.000
 
  Ensemble generation finished.
  Results can be found in ensemble directory
  Lowest energy conformer in file <crest_best.xyz>
  List of full ensemble in file <full_ensemble.xyz>
  List of used ensemble in file <final_ensemble.xyz>
  Thermodynamical data in file <thermo_data>
  Population of full ensemble in file <full_population.dat>
  Population in file <population.dat>
 
 
  ________________________________________________________________________
 
  _________________     Solvent Cluster Generation   _____________________
 
  ________________________________________________________________________
 
 Method for CFF: GFN2-xTB
 
  =========================================
  |   quantum cluster growth: CFF         |
  =========================================
 
  CUT-FREEZE-FILL Algorithm to generate reference solvent cluster
  now adding solvents to fill cluster...
  Size  Cluster   E /Eh        De/kcal   Detot/kcal  Opt
  ------------------------------------------------------------------------
 251       1  -1278.530317    -19.93      -19.93    tight
 251       2  -1278.527095    -22.38      -22.38    tight
 251       3  -1278.526081    -21.45      -21.45    tight
 251       4  -1278.518013    -19.63      -19.63    tight
 251       5  -1278.502384    -25.80      -25.80    tight
 251       6  -1278.500473    -20.01      -20.01    tight
 251       7  -1278.505452    -23.96      -23.96    tight
 251       8  -1278.497159    -20.55      -20.55    tight
 251       9  -1278.494660    -17.71      -17.71    tight
 251      10  -1278.503054    -23.14      -23.14    tight
 251      11  -1278.501328    -18.07      -18.07    tight
 251      12  -1278.504914    -21.57      -21.57    tight
 251      13  -1278.484629    -21.22      -21.22    tight
 251      14  -1278.494478    -22.68      -22.68    tight
 251      15  -1278.500123    -24.81      -24.81    tight
 251      16  -1278.491289    -22.80      -22.80    tight
 251      17  -1278.486091    -18.85      -18.85    tight
 251      18  -1278.487168    -23.27      -23.27    tight
 251      19  -1278.492933    -20.72      -20.72    tight
 251      20  -1278.489404    -22.67      -22.67    tight
  ------------------------------------------------------------------------
 252       1  -1283.644341    -27.28      -47.22    tight
 252       2  -1283.632840    -22.09      -44.47    tight
 252       3  -1283.639182    -26.70      -48.15    tight
 252       4  -1283.628719    -25.20      -44.83    tight
 252       5  -1283.613525    -25.47      -51.28    tight
 252       6  -1283.613390    -26.59      -46.60    tight
 252       7  -1283.620811    -28.12      -52.08    tight
 252       8  -1283.615311    -29.87      -50.42    tight
 252       9  -1283.606428    -25.87      -43.58    tight
 252      10  -1283.626185    -33.00      -56.14    tight
 252      11  -1283.605847    -21.32      -39.39    tight
 252      12  -1283.612133    -23.01      -44.59    tight
 252      13  -1283.602228    -29.53      -50.75    tight
 252      14  -1283.586786    -13.66      -36.34    tight
 252      15  -1283.604157    -21.02      -45.83    tight
 252      16  -1283.602956    -25.80      -48.61    tight
 252      17  -1283.595213    -24.21      -43.06    tight
 252      18  -1283.602459    -28.08      -51.35    tight
 252      19  -1283.606367    -26.91      -47.64    tight
 252      20  -1283.603299    -27.20      -49.87    tight
  ------------------------------------------------------------------------
 253       1  -1288.746106    -19.59      -66.81    tight
 253       2  -1288.723842    -12.84      -57.31    tight
 253       3  -1288.732692    -14.41      -62.56    tight
 253       4  -1288.715033     -9.90      -54.73    tight
 253       5  -1288.711856    -17.44      -68.71    tight
 253       6  -1288.701437    -10.98      -57.58    tight
 253       7  -1288.707533    -10.15      -62.24    tight
 253       8  -1288.716693    -19.35      -69.77    tight
 253       9  -1288.713320    -22.81      -66.39    tight
 253      10  -1288.723424    -16.75      -72.89    tight
 253      11  -1288.695273    -11.85      -51.24    tight
 253      12  -1288.704722    -13.83      -58.42    tight
 253      13  -1288.697348    -15.42      -66.17    tight
 253      14  -1288.693164    -22.49      -58.83    tight
 253      15  -1288.704105    -18.45      -64.28    tight
 253      16  -1288.698090    -15.43      -64.04    tight
 253      17  -1288.699395    -21.11      -64.17    tight
 253      18  -1288.694060    -13.21      -64.56    tight
 253      19  -1288.707066    -18.92      -66.56    tight
 253      20  -1288.705264    -19.72      -69.59    tight
  ------------------------------------------------------------------------
  volume filled
  Starting optimizations + SP  of structures
  20 jobs to do.
 
  done.
 
  Cluster   E /Eh        Density  Efix       R   av/act. Surface   Opt
    1     -1273.464564   1.392    0.000     3.3   4.0     8948.0   tight
    2     -1273.442555   1.392    0.000     3.0  16.8     8940.8   tight
    3     -1273.451274   1.396    0.000     4.1  20.5     8858.8   tight
    4     -1273.433823   1.377    0.000     4.4  18.2     9563.1   tight
    5     -1273.430686   1.399    0.000     4.2   1.5     8854.1   tight
    6     -1273.420389   1.392    0.000     3.4   2.2     9055.5   tight
    7     -1273.426430   1.386    0.000     4.0   2.6     9161.5   tight
    8     -1273.435465   1.398    0.000     3.3   3.3     8689.3   tight
    9     -1273.432139   1.387    0.000     3.2   3.8     9227.6   tight
   10     -1273.442121   1.404    0.000     3.2   3.0     8434.9   tight
   11     -1273.414364   1.398    0.000     3.2   3.9     8659.8   tight
   12     -1273.423639   1.395    0.000     2.9   4.1     8840.4   tight
   13     -1273.416436   1.401    0.000     3.4   3.1     8637.1   tight
   14     -1273.412218   1.387    0.000     9.3   5.2     9157.1   tight
   15     -1273.434296   1.404    0.000     2.9   3.8     8694.5   tight
   16     -1273.417079   1.385    0.000     2.6   3.8     9295.1   tight
   17     -1273.418382   1.389    0.000     3.1   5.1     9147.7   tight
   18     -1273.413701   1.397    0.000     3.1  21.3     8822.0   tight
   19     -1273.425955   1.397    0.000     3.7   4.0     8782.8   tight
   20     -1273.424174   1.394    0.000     4.9   2.0     8879.2   tight
 
  ------------------------------------------------------------------------
  ------------------------------------------------------------------------
  Boltz. averaged energy of final cluster:
       G /Eh     :-1273.46456408
       T*S /kcal :  -0.000
 
  Solvent cluster generation finished.
  Results can be found in solvent_cluster directory
  Structures in file <crest_ensemble.xyz>
  Energies in file <cluster_energy.dat>
  Population in file <population.dat>
 
  =========================================
  |   quantum cluster growth: ESOLV       |
  |                                       |
  |           -21.92 kcal/mol             |
  =========================================
 
  =========================================
  |          Frequency evaluation         |
  =========================================
 
   SOLUTE MOLECULE
  Starting reoptimizations + Frequency computation of ensemble
  1 jobs to do.
 
  done.
   SOLUTE CLUSTER
  Starting reoptimizations + Frequency computation of ensemble
  20 jobs to do.
 
  done.
   SOLVENT CLUSTER
  Starting reoptimizations + Frequency computation of ensemble
  20 jobs to do.
 
  done.
 
   Solute Gas properties
  #       H(T)       SVIB      SROT       STRA      G(T)
       [kcal/mol]    [      cal/mol/K        ]    [kcal/mol]
  --------------------------------------------------------
       63.39      9.83     24.16     38.23     41.85
 
   Solute cluster properties
  #       H(T)       SVIB      SROT       STRA      G(T)
       [kcal/mol]    [      cal/mol/K        ]    [kcal/mol]
  --------------------------------------------------------
  1     4244.71   2270.57     48.16     51.08   3538.15
  2     4244.59   2290.14     48.12     51.08   3532.21
  3     4244.62   2283.09     48.11     51.08   3534.34
  4     4243.78   2288.11     48.17     51.08   3531.98
  5     4243.44   2287.52     48.14     51.08   3531.83
  6     4243.93   2287.40     48.12     51.08   3532.36
  7     4244.47   2293.16     48.16     51.08   3531.18
  8     4243.77   2301.00     48.13     51.08   3528.14
  9     4242.17   2296.36     48.14     51.08   3527.93
  10     4245.43   2303.10     48.12     51.08   3529.19
  11     4242.86   2313.42     48.12     51.08   3523.53
  12     4243.86   2308.49     48.14     51.08   3526.01
  13     4244.49   2307.47     48.15     51.08   3526.94
  14     4244.07   2303.69     48.15     51.08   3527.64
  15     4246.01   2307.70     48.16     51.08   3528.39
  16     4243.90   2302.58     48.15     51.08   3527.80
  17     4244.08   2307.81     48.14     51.08   3526.42
  18     4244.57   2300.67     48.14     51.08   3529.05
  19     4245.10   2309.36     48.11     51.08   3526.99
  20     4243.68   2298.32     48.14     51.08   3528.86
 
   Solvent cluster properties
  #       H(T)       SVIB      SROT       STRA      G(T)
       [kcal/mol]    [      cal/mol/K        ]    [kcal/mol]
  --------------------------------------------------------
  1     4178.98   2248.82     48.12     51.04   3478.93
  2     4177.64   2274.28     48.09     51.04   3470.01
  3     4178.57   2259.04     48.06     51.04   3475.49
  4     4177.68   2262.88     48.13     51.04   3473.43
  5     4177.83   2244.11     48.08     51.04   3479.20
  6     4178.32   2257.63     48.07     51.04   3475.65
  7     4177.71   2269.87     48.12     51.04   3471.38
  8     4177.27   2270.01     48.10     51.04   3470.91
  9     4177.73   2254.09     48.03     51.04   3476.13
  10     4179.18   2256.59     48.06     51.04   3476.82
  11     4177.53   2265.85     48.07     51.04   3472.42
  12     4178.84   2252.42     48.07     51.04   3477.73
  13     4178.22   2275.20     48.10     51.04   3470.31
  14     4178.34   2273.11     48.09     51.04   3471.05
  15     4180.68   2270.25     48.10     51.04   3474.25
  16     4177.20   2274.22     48.10     51.04   3469.58
  17     4178.69   2278.74     48.07     51.04   3469.73
  18     4179.23   2257.82     48.09     51.04   3476.50
  19     4179.24   2283.22     48.05     51.04   3468.95
  20     4178.01   2262.73     48.10     51.04   3473.82
 
 
  ________________________________________________________________________
 
  _________________________     Evaluation    ____________________________
 
  ________________________________________________________________________
 
 
  -----------------------------------------------------
  Gsolv and Hsolv ref. state: [1 M gas/solution] 
  G_solv (incl.RRHO)      =   -3.80 kcal/mol
  H_solv (incl.RRHO)      =  -19.59 kcal/mol
  -----------------------------------------------------
 
  -----------------------------------------------------
  Gsolv and Hsolv ref. state: [1 M gas/solution] 
  G_solv (incl.RRHO)      =   -5.70 kcal/mol
  H_solv (incl.RRHO)      =  -21.48 kcal/mol
  -----------------------------------------------------
 
  -----------------------------------------------------
  Solvation free energies with scaled translational
  and rotational degrees of freedom: Gsolv (scaling)
          >>    -23.34 (0.05)    <<
          >>    -22.41 (0.10)    <<
          >>    -21.48 (0.15)    <<
          >>    -20.56 (0.20)    <<
          >>    -19.63 (0.25)    <<
          >>    -18.70 (0.30)    <<
          >>    -17.77 (0.35)    <<
          >>    -16.84 (0.40)    <<
          >>    -15.91 (0.45)    <<
          >>    -14.98 (0.50)    <<
          >>    -14.05 (0.55)    <<
          >>    -13.13 (0.60)    <<
          >>    -12.20 (0.65)    <<
          >>    -11.27 (0.70)    <<
          >>    -10.34 (0.75)    <<
          >>     -9.41 (0.80)    <<
          >>     -8.48 (0.85)    <<
          >>     -7.55 (0.90)    <<
          >>     -6.62 (0.95)    <<
          >>     -5.70 (1.00)    <<
  -----------------------------------------------------
 
  ==================================================
  |  Gsolv with SCALED RRHO contributions: 0.75    |
  |  [1 bar gas/ 1 M solution]                     |
  |                                                |
  |  G_solv (incl.RRHO)+dV(T)=  -10.34 kcal/mol    |
  ==================================================
 
 
 -----------------
 Wall Time Summary
 -----------------
             test MD wall time :         0h : 1m :13s
                 MTD wall time :         1h :21m :52s
      multilevel OPT wall time :         0h :57m :19s
                  MD wall time :         0h :25m :12s
                Grow wall time :         6h :44m :13s
     Solute-Ensemble wall time :        11h :15m :22s
                 CFF wall time :         1h :38m :30s
         Frequencies wall time :        28h :33m :32s
--------------------
Overall wall time  : 51h : 0m :44s
 
 CREST terminated normally.
