 
       ==============================================
       |                                            |
       |                 C R E S T                  |
       |                                            |
       |  Conformer-Rotamer Ensemble Sampling Tool  |
       |          based on the GFN methods          |
       |             P.Pracht, S.Grimme             |
       |          Universitaet Bonn, MCTC           |
       ==============================================
       Version 2.12,   Thu 19. Mai 16:32:32 CEST 2022
  Using the xTB program. Compatible with xTB version 6.4.0
 
   Cite work conducted with this code as

   • P.Pracht, F.Bohle, S.Grimme, PCCP, 2020, 22, 7169-7192.
   • S.Grimme, JCTC, 2019, 15, 2847-2862.

   and for works involving QCG as

   • S.Spicher, C.Plett, P.Pracht, A.Hansen, S.Grimme,
     JCTC, 2022, 18 (5), 3174-3189.
 
   with help from:
   C.Bannwarth, F.Bohle, S.Ehlert, S.Grimme,
   C.Plett, P.Pracht, S.Spicher
 
   This program is distributed in the hope that it will be useful,
   but WITHOUT ANY WARRANTY; without even the implied warranty of
   MERCHANTABILITY or FITNESS FOR A PARTICULAR PURPOSE.

 Command line input:
 > crest input.xyz --qcg water.xyz --chrg 1 --uhf 0 --nsolv 125 --T 40 --gsolv --nclus 20 --gbsa water

 Solute-file: input.xyz
 Solvent-file: water.xyz
  --chrg 1
  --uhf 0
  --T 40 (CPUs/Threads selected)
  --gbsa water : implicit solvation
 
  ========================================
  |           ----------------           |
  |                 Q C G                |
  |           ----------------           |
  |        Quantum Cluster Growth        |
  |       University of Bonn, MCTC       |
  ========================================
   S. Grimme, S. Spicher, C. Plett.
 
   Cite work conducted with this code as

   S. Spicher, C. Plett, P. Pracht, A. Hansen, S. Grimme, JCTC, 2022, 18, 3174-3189.
 
 
  =========================================
  |   quantum cluster growth: INPUT       |
  =========================================
 
  QCG: Calculation of delta G_solv
  Ensemble generated via CREST
 
  input parameters     
  solute                 : input.xyz
  charge                 : 1
  uhf                    : 0
  solvent                : water.xyz
  # of solvents to add   : 125
  # of cluster generated : 20
  # of CPUs used         : 40
  Solvation model        : water               
  xtb opt level          : normal
  System temperature [K] : 298.1
  RRHO scaling factor    : 0.75
 
 Solute geometry
  molecular radius (Bohr**1):    5.72
  molecular area   (Bohr**2):  476.48
  molecular volume (Bohr**3):  783.39
 Solvent geometry
  molecular radius (Bohr**1):    3.88
  molecular area   (Bohr**2):  194.99
  molecular volume (Bohr**3):  244.40
 
  radius of solute    :     9.22
  radius of solvent   :     6.25
 
  =========================================
  |            Preoptimization            |
  =========================================
 
 -------------------------
 xTB Geometry Optimization
 -------------------------
 Geometry successfully optimized.
 Generating LMOs for solute
  Total Energy of solute:     -14.8868705 Eh
 
 -------------------------
 xTB Geometry Optimization
 -------------------------
 Geometry successfully optimized.
 Generating LMOs for solvent
  Total energy of solvent:     -5.0705444 Eh
 
  ________________________________________________________________________
 
  __________________     Solute Cluster Generation   _____________________
 
  ________________________________________________________________________
 
 
  =========================================
  |   quantum cluster growth: GROW        |
  =========================================
 
 
  Water as solvent recognized, adjusting scaling factor for outer wall pot to 0.70
 
  Constraining solute during Growth 
 Solute:
       unit ellipsoid axis a,b,c     :   0.451   0.277   0.272
 Solvent:
       unit ellipsoid axis a,b,c     :   0.386   0.322   0.292
 
  solvent anisotropy            :     1.133
  solute anisotropy             :     1.240
  roff inner wall               :     0.970
  solute max dist               :    14.282
  solvent max dist              :     7.283
  inner unit axis               :     0.575     0.216     0.209
  inner ellipsoid/Bohr          :    15.166     5.698     5.501
  scaling factor outer ellipsoid:     0.700
  outer ellipsoid/Bohr          :    10.387     6.367     6.256
 
  Size  E /Eh       De/kcal   Detot/kcal  Density   Efix         R   av/act. Surface   Opt
    1   -19.957894   -0.30      -0.30       0.933     -5.153      0.0   0.0     961.7   normal
    2   -25.051899  -14.72     -15.02       0.978     -5.905      7.6   5.6    1124.6   normal
    3   -30.143597  -13.27     -28.30       1.012     -6.578      6.7   5.3    1286.3   normal
    4   -35.233644  -12.24     -40.53       1.009     -7.192      6.3   8.0    1489.6   normal
   Wall Potential too small, increasing size by 5 %
   New scaling factor 0.73
    5   -40.331764  -17.30     -57.84       1.008     -7.762      6.9   5.8    1691.7   normal
    6   -45.418018   -9.86     -67.70       1.019     -8.292      6.8   5.6    1870.8   normal
   Wall Potential too small, increasing size by 5 %
   New scaling factor 0.77
    7   -50.513156  -15.43     -83.13       1.032     -8.793      6.8   5.9    2043.3   normal
    8   -55.600460  -10.52     -93.65       1.034     -9.267      6.7   7.0    2235.3   normal
    9   -60.692458  -13.46    -107.11       1.064     -9.719      6.9   6.5    2361.4   normal
   Wall Potential too small, increasing size by 5 %
   New scaling factor 0.81
   10   -65.787112  -15.13    -122.24       1.073    -10.151      7.0   8.7    2529.8   normal
   11   -70.879035  -13.42    -135.65       1.090    -10.566      7.2   7.1    2675.9   normal
   12   -75.965900  -10.24    -145.89       1.100    -10.965      7.2   6.5    2835.3   normal
   13   -81.054701  -11.46    -157.35       1.118    -11.350      7.3   8.5    2968.7   normal
   14   -86.147402  -13.90    -171.25       1.134    -11.723      7.3   8.0    3106.5   normal
   15   -91.237971  -12.57    -183.82       1.141    -12.085      7.4   6.4    3263.3   normal
   16   -96.329974  -13.47    -197.28       1.143    -12.436      7.6   8.0    3435.5   normal
   17  -101.419621  -11.99    -209.27       1.153    -12.778      7.5   6.1    3579.5   normal
   18  -106.507868  -11.11    -220.38       1.159    -13.110      7.4   6.8    3736.0   normal
   19  -111.596115  -11.11    -231.49       1.166    -13.435      7.3   9.4    3884.8   normal
   Wall Potential too small, increasing size by 5 %
   New scaling factor 0.85
   20  -116.687504  -13.08    -244.57       1.160    -13.752      7.6   7.3    4078.8   normal
   21  -121.783245  -15.81    -260.38       1.176    -14.062      7.6   7.2    4197.7   normal
   22  -126.872695  -11.86    -272.24       1.179    -14.366      7.5  11.9    4357.4   normal
   Wall Potential too small, increasing size by 5 %
   New scaling factor 0.89
   23  -131.962161  -11.87    -284.12       1.174    -14.662      7.8  10.9    4547.0   normal
   24  -137.055277  -14.16    -298.28       1.183    -14.954      8.1   6.5    4681.9   normal
   25  -142.141530   -9.86    -308.14       1.189    -15.239      8.0   7.4    4829.8   normal
   26  -147.231430  -12.15    -320.28       1.191    -15.520      7.9  10.9    4992.7   normal
   Wall Potential too small, increasing size by 5 %
   New scaling factor 0.94
   27  -152.326256  -15.24    -335.52       1.195    -15.795      8.1  11.7    5144.7   normal
   28  -157.409418   -7.92    -343.44       1.194    -16.066      8.2  13.4    5318.1   normal
   29  -162.499647  -12.35    -355.79       1.200    -16.332      8.4  13.3    5456.9   normal
   30  -167.591424  -13.32    -369.11       1.209    -16.594      8.6   8.5    5584.1   normal
   31  -172.684247  -13.98    -383.09       1.210    -16.852      8.6  11.0    5747.9   normal
   32  -177.780194  -15.94    -399.03       1.213    -17.107      8.6  10.3    5899.1   normal
   33  -182.868605  -11.21    -410.25       1.216    -17.357      8.6  11.0    6050.2   normal
   34  -187.956421  -10.84    -421.08       1.219    -17.604      8.7  14.0    6204.0   normal
   35  -193.048507  -13.52    -434.60       1.223    -17.847      8.8  12.9    6346.0   normal
   36  -198.140258  -13.31    -447.91       1.230    -18.088      9.0  11.1    6473.3   normal
   37  -203.229721  -11.87    -459.78       1.225    -18.325      9.0  11.0    6663.7   normal
   38  -208.313408   -8.25    -468.03       1.225    -18.558      9.1  13.8    6830.3   normal
   Wall Potential too small, increasing size by 5 %
   New scaling factor 0.98
   39  -213.401063  -10.74    -478.76       1.218    -18.789      9.2  13.1    7034.0   normal
   40  -218.489755  -11.39    -490.15       1.220    -19.017      9.3  12.2    7189.0   normal
   41  -223.582192  -13.74    -503.89       1.223    -19.243      9.5   8.1    7337.5   normal
   42  -228.673392  -12.96    -516.85       1.230    -19.466      9.4  13.5    7461.7   normal
   43  -233.763225  -12.10    -528.95       1.232    -19.686      9.5  10.8    7608.6   normal
   44  -238.854970  -13.30    -542.26       1.236    -19.905      9.5  12.3    7748.1   normal
   45  -243.949680  -15.16    -557.42       1.237    -20.121      9.6  10.9    7908.2   normal
   46  -249.041978  -13.65    -571.07       1.238    -20.334      9.6  10.8    8061.7   normal
   47  -254.133350  -13.07    -584.14       1.238    -20.545      9.7  13.1    8229.1   normal
   48  -259.226607  -14.25    -598.40       1.235    -20.755      9.7  15.2    8411.7   normal
   49  -264.319945  -14.30    -612.70       1.239    -20.962      9.8  10.7    8544.7   normal
   50  -269.412103  -13.56    -626.26       1.242    -21.167      9.9   9.9    8685.3   normal
   51  -274.504123  -13.48    -639.74       1.244    -21.370      9.9  11.9    8834.8   normal
   52  -279.596919  -13.96    -653.70       1.247    -21.571      9.9  13.5    8976.8   normal
   53  -284.688970  -13.50    -667.20       1.250    -21.771      9.9  11.2    9119.8   normal
   54  -289.787847  -17.78    -684.97       1.254    -21.969     10.0  13.6    9249.7   normal
   55  -294.875287  -10.60    -695.58       1.255    -22.164     10.0  15.0    9403.9   normal
   56  -299.967047  -13.31    -708.89       1.258    -22.358     10.1  14.0    9538.2   normal
   57  -305.056130  -11.63    -720.52       1.260    -22.550     10.2   9.1    9686.5   normal
   Wall Potential too small, increasing size by 5 %
   New scaling factor 1.00
   58  -310.149110  -14.08    -734.60       1.258    -22.741     10.2  15.5    9862.0   normal
   59  -315.236006  -10.26    -744.86       1.263    -22.930     10.3  12.9    9982.9   normal
   60  -320.326957  -12.81    -757.67       1.262    -23.118     10.3  15.0   10146.6   normal
   61  -325.424041  -16.65    -774.32       1.268    -23.304     10.4  12.7   10264.5   normal
   62  -330.513044  -11.58    -785.90       1.265    -23.489     10.4  17.6   10445.0   normal
   63  -335.605897  -14.00    -799.90       1.268    -23.672     10.5  12.1   10576.8   normal
   64  -340.694924  -11.60    -811.50       1.267    -23.853     10.6  16.8   10748.3   normal
   65  -345.791823  -16.54    -828.04       1.270    -24.034     10.6  15.6   10883.6   normal
   66  -350.887810  -15.97    -844.00       1.272    -24.214     10.7  10.9   11019.1   normal
   67  -355.978203  -12.46    -856.46       1.275    -24.391     10.7  12.6   11153.7   normal
   68  -361.065795  -10.70    -867.16       1.275    -24.567     10.7  18.2   11309.6   normal
   69  -366.158824  -14.11    -881.27       1.276    -24.743     10.8  16.8   11464.5   normal
   70  -371.250337  -13.16    -894.42       1.279    -24.917     10.9  11.1   11595.7   normal
   71  -376.338415  -11.00    -905.43       1.278    -25.089     10.9  15.7   11756.5   normal
   72  -381.434113  -15.78    -921.21       1.281    -25.261     10.9  11.8   11891.7   normal
   73  -386.527095  -14.08    -935.29       1.283    -25.432     10.9  17.5   12028.1   normal
   74  -391.617440  -12.42    -947.72       1.284    -25.601     11.0  16.2   12173.6   normal
   75  -396.711931  -15.03    -962.74       1.286    -25.769     11.1  13.3   12318.9   normal
   76  -401.802015  -12.26    -975.00       1.288    -25.936     11.1  17.6   12451.1   normal
   77  -406.896526  -15.04    -990.04       1.291    -26.102     11.2  12.1   12577.8   normal
   78  -411.993956  -16.87   -1006.91       1.293    -26.268     11.2  10.2   12717.4   normal
   79  -417.082847  -11.51   -1018.43       1.296    -26.432     11.2  10.7   12846.7   normal
   80  -422.183230  -18.72   -1037.15       1.299    -26.595     11.2  11.0   12969.1   normal
   81  -427.277060  -14.61   -1051.76       1.301    -26.757     11.2  18.5   13101.3   normal
   82  -432.379617  -20.09   -1071.85       1.303    -26.919     11.3  11.7   13236.6   normal
   83  -437.467362  -10.79   -1082.64       1.302    -27.079     11.3  17.1   13399.2   normal
   84  -442.555100  -10.79   -1093.43       1.300    -27.237     11.4  12.3   13576.7   normal
   85  -447.656214  -19.18   -1112.62       1.305    -27.396     11.4  10.3   13678.2   normal
   86  -452.748321  -13.53   -1126.15       1.310    -27.553     11.4  14.7   13788.0   normal
   87  -457.844783  -16.26   -1142.41       1.313    -27.710     11.4  13.1   13908.9   normal
   88  -462.933313  -11.29   -1153.70       1.313    -27.865     11.4  11.4   14061.7   normal
   89  -468.022273  -11.56   -1165.25       1.314    -28.020     11.4  15.8   14204.5   normal
   90  -473.116270  -14.72   -1179.97       1.314    -28.174     11.4  15.0   14352.1   normal
   91  -478.211374  -15.41   -1195.38       1.315    -28.327     11.5  18.3   14495.7   normal
   92  -483.299711  -11.16   -1206.54       1.315    -28.479     11.5  18.3   14648.2   normal
   93  -488.389592  -12.13   -1218.68       1.316    -28.630     11.6  18.9   14796.8   normal
   94  -493.480062  -12.50   -1231.18       1.316    -28.780     11.6  20.4   14944.4   normal
   95  -498.566786  -10.15   -1241.33       1.315    -28.930     11.7  13.3   15110.1   normal
   96  -503.652853   -9.74   -1251.08       1.316    -29.078     11.7  12.2   15260.1   normal
   97  -508.747036  -14.83   -1265.91       1.319    -29.227     11.7  12.7   15368.6   normal
   98  -513.854642  -23.26   -1289.17       1.323    -29.375     11.7  12.4   15475.7   normal
   99  -518.946587  -13.43   -1302.59       1.325    -29.522     11.7  17.5   15612.1   normal
  100  -524.035784  -11.70   -1314.30       1.324    -29.668     11.8  14.4   15770.9   normal
  101  -529.127623  -13.36   -1327.66       1.324    -29.813     11.8  17.9   15925.1   normal
  102  -534.218436  -12.72   -1340.38       1.323    -29.957     11.9  13.6   16087.5   normal
  103  -539.310725  -13.64   -1354.02       1.326    -30.101     11.9  13.0   16208.3   normal
  104  -544.403264  -13.80   -1367.83       1.325    -30.245     11.9  17.0   16376.3   normal
  105  -549.498954  -15.78   -1383.61       1.327    -30.387     11.9  12.7   16493.3   normal
  106  -554.595433  -16.27   -1399.88       1.331    -30.529     11.9  16.4   16604.8   normal
  107  -559.689254  -14.61   -1414.49       1.331    -30.671     12.0  11.7   16754.0   normal
  108  -564.784910  -15.76   -1430.24       1.331    -30.812     12.0  12.5   16900.1   normal
  109  -569.874148  -11.73   -1441.97       1.329    -30.951     12.0  17.0   17076.1   normal
  110  -574.965189  -12.86   -1454.84       1.330    -31.091     12.0  20.2   17217.0   normal
  111  -580.056563  -13.07   -1467.91       1.330    -31.229     12.1  19.1   17375.2   normal
  112  -585.149264  -13.90   -1481.81       1.331    -31.367     12.2  18.4   17516.3   normal
  113  -590.235902  -10.10   -1491.91       1.332    -31.504     12.2  19.1   17652.9   normal
  114  -595.326778  -12.76   -1504.67       1.336    -31.641     12.3  13.2   17753.1   normal
  115  -600.433449  -22.67   -1527.34       1.333    -31.778     12.3  17.7   17935.3   normal
  116  -605.529590  -16.06   -1543.40       1.335    -31.914     12.4  12.2   18064.4   normal
  117  -610.620210  -12.60   -1556.00       1.336    -32.049     12.4  15.0   18195.6   normal
  118  -615.716979  -16.46   -1572.45       1.338    -32.184     12.4  15.3   18320.8   normal
  119  -620.807891  -12.78   -1585.23       1.340    -32.318     12.4  20.2   18446.1   normal
  120  -625.900157  -13.63   -1598.86       1.342    -32.451     12.4  18.5   18575.8   normal
  121  -630.994266  -14.79   -1613.65       1.343    -32.584     12.5  20.9   18701.2   normal
  122  -636.082590  -11.16   -1624.81       1.344    -32.717     12.5  20.1   18838.6   normal
  123  -641.169779  -10.44   -1635.25       1.342    -32.848     12.6  21.1   19026.4   normal
  124  -646.267000  -16.74   -1651.99       1.343    -32.980     12.7  13.9   19159.9   normal
  125  -651.358686  -13.27   -1665.26       1.344    -33.110     12.7  12.9   19300.0   normal
 
  Growth finished after 125 solvents added
  Results can be found in grow directory
  Energy list in file <qcg_energy.dat>
  Interaction energy in file <qcg_conv.dat>
  Growing process in <qcg_grow.xyz>
  Final geometry after grow in <cluster.coord> and <cluster.xyz>
  Potentials and geometry written in <cluster_cavity.coord> and <twopot_cavity.coord>
 
  =========================================
  |   quantum cluster growth: ENSEMBLE    |
  =========================================
 
   Method for ensemble search:--gff               
 Starting ensemble cluster generation by CREST routine
 
------------------------------------------------
Generating MTD length from a flexibility measure
------------------------------------------------
 System flexiblity is set to 1.0 for NCI mode
 flexibility measure :   1.000
 t(MTD) / ps set by command line  :    10.0
 t(MTD) / ps    :    10.0
 Σ(t(MTD)) / ps :   120.0 (12 MTDs)
 
-------------------------------------
Starting a trial MTD to test settings
-------------------------------------
 Estimated runtime for one MTD (10.0 ps) on a single thread: 23 min 10 sec
 Estimated runtime for a batch of 12 MTDs on 40 threads: 7 min 43 sec
 
 list of Vbias parameters applied:
$metadyn    0.00125   1.000
$metadyn    0.00083   1.000
$metadyn    0.00056   1.000
$metadyn    0.00125   0.667
$metadyn    0.00083   0.667
$metadyn    0.00056   0.667
$metadyn    0.00125   0.444
$metadyn    0.00083   0.444
$metadyn    0.00056   0.444
$metadyn    0.00125   0.296
$metadyn    0.00083   0.296
$metadyn    0.00056   0.296
 
*******************************************************************************************
**                        N E W    I T E R A T I O N    C Y C L E                        **
*******************************************************************************************
 
========================================
            MTD Iteration  1
========================================
 
     ========================================
     |         Meta-MD (MTD) Sampling       |
     ========================================
 
Starting Meta-MD   1 with the settings:
     MD time /ps        :    10.0
     dt /fs             :     1.5
     dumpstep(trj) /fs  :     200
     dumpstep(Vbias)/ps :     1.0
     Vbias factor k /Eh :  0.4838
     Vbias exp α /bohr⁻²:    1.00
Starting Meta-MD   4 with the settings:
     MD time /ps        :    10.0
     dt /fs             :     1.5
     dumpstep(trj) /fs  :     200
     dumpstep(Vbias)/ps :     1.0
     Vbias factor k /Eh :  0.4838
     Vbias exp α /bohr⁻²:    0.67
Starting Meta-MD   3 with the settings:
     MD time /ps        :    10.0
     dt /fs             :     1.5
     dumpstep(trj) /fs  :     200
     dumpstep(Vbias)/ps :     1.0
     Vbias factor k /Eh :  0.2150
     Vbias exp α /bohr⁻²:    1.00
Starting Meta-MD   6 with the settings:
     MD time /ps        :    10.0
     dt /fs             :     1.5
     dumpstep(trj) /fs  :     200
     dumpstep(Vbias)/ps :     1.0
     Vbias factor k /Eh :  0.2150
     Vbias exp α /bohr⁻²:    0.67
Starting Meta-MD   5 with the settings:
     MD time /ps        :    10.0
     dt /fs             :     1.5
     dumpstep(trj) /fs  :     200
     dumpstep(Vbias)/ps :     1.0
     Vbias factor k /Eh :  0.3225
     Vbias exp α /bohr⁻²:    0.67
Starting Meta-MD   7 with the settings:
     MD time /ps        :    10.0
     dt /fs             :     1.5
     dumpstep(trj) /fs  :     200
     dumpstep(Vbias)/ps :     1.0
     Vbias factor k /Eh :  0.4838
     Vbias exp α /bohr⁻²:    0.44
Starting Meta-MD   8 with the settings:
     MD time /ps        :    10.0
     dt /fs             :     1.5
     dumpstep(trj) /fs  :     200
     dumpstep(Vbias)/ps :     1.0
     Vbias factor k /Eh :  0.3225
     Vbias exp α /bohr⁻²:    0.44
Starting Meta-MD   9 with the settings:
     MD time /ps        :    10.0
     dt /fs             :     1.5
     dumpstep(trj) /fs  :     200
     dumpstep(Vbias)/ps :     1.0
     Vbias factor k /Eh :  0.2150
     Vbias exp α /bohr⁻²:    0.44
Starting Meta-MD  10 with the settings:
     MD time /ps        :    10.0
     dt /fs             :     1.5
     dumpstep(trj) /fs  :     200
     dumpstep(Vbias)/ps :     1.0
     Vbias factor k /Eh :  0.4838
     Vbias exp α /bohr⁻²:    0.30
Starting Meta-MD  11 with the settings:
     MD time /ps        :    10.0
     dt /fs             :     1.5
     dumpstep(trj) /fs  :     200
     dumpstep(Vbias)/ps :     1.0
     Vbias factor k /Eh :  0.3225
     Vbias exp α /bohr⁻²:    0.30
Starting Meta-MD  12 with the settings:
     MD time /ps        :    10.0
     dt /fs             :     1.5
     dumpstep(trj) /fs  :     200
     dumpstep(Vbias)/ps :     1.0
     Vbias factor k /Eh :  0.2150
     Vbias exp α /bohr⁻²:    0.30
Starting Meta-MD   2 with the settings:
     MD time /ps        :    10.0
     dt /fs             :     1.5
     dumpstep(trj) /fs  :     200
     dumpstep(Vbias)/ps :     1.0
     Vbias factor k /Eh :  0.3225
     Vbias exp α /bohr⁻²:    1.00
*Meta-MTD 4 finished*
*Meta-MTD 11 finished*
*Meta-MTD 9 finished*
*Meta-MTD 7 finished*
*Meta-MTD 1 finished*
*Meta-MTD 3 finished*
*Meta-MTD 5 finished*
*Meta-MTD 6 finished*
*Meta-MTD 2 finished*
*Meta-MTD 10 finished*
*Meta-MTD 8 finished*
*Meta-MTD 12 finished*
 
-----------------------
Multilevel Optimization
-----------------------
 
 -------------------------
 1. crude pre-optimization
 -------------------------
 Optimizing all 600 structures from file "crest_rotamers_0.xyz" ...
 1 2 3 4 5 6 7 8 9 10 11 12 13 14 15 16 17 18 19 20 21 22 23 24 25 26 27 28 29 30 31 32 33 34 35 36 37 38 39 40 41 42 43 44 45 46 47 48 49 50 51 52 53 54 55 56 57 58 59 60 61 62 63 64 65 66 67 68 69 70 71 72 73 74 75 76 77 78 79 80 81 82 83 84 85 86 87 88 89 90 91 92 93 94 95 96 97 98 99 100 101 102 103 104 105 106 107 108 109 110 111 112 113 114 115 116 117 118 119 120 121 122 123 124 125 126 127 128 129 130 131 132 133 134 135 136 137 138 139 140 141 142 143 144 145 146 147 148 149 150 151 152 153 154 155 156 157 158 159 160 161 162 163 164 165 166 167 168 169 170 171 172 173 174 175 176 177 178 179 180 181 182 183 184 185 186 187 188 189 190 191 192 193 194 195 196 197 198 199 200 201 202 203 204 205 206 207 208 209 210 211 212 213 214 215 216 217 218 219 220 221 222 223 224 225 226 227 228 229 230 231 232 233 234 235 236 237 238 239 240 241 242 243 244 245 246 247 248 249 250 251 252 253 254 255 256 257 258 259 260 261 262 263 264 265 266 267 268 269 270 271 272 273 274 275 276 277 278 279 280 281 282 283 284 285 286 287 288 289 290 291 292 293 294 295 296 297 298 299 300 301 302 303 304 305 306 307 308 309 310 311 312 313 314 315 316 317 318 319 320 321 322 323 324 325 326 327 328 329 330 331 332 333 334 335 336 337 338 339 340 341 342 343 344 345 346 347 348 349 350 351 352 353 354 355 356 357 358 359 360 361 362 363 364 365 366 367 368 369 370 371 372 373 374 375 376 377 378 379 380 381 382 383 384 385 386 387 388 389 390 391 392 393 394 395 396 397 398 399 400 401 402 403 404 405 406 407 408 409 410 411 412 413 414 415 416 417 418 419 420 421 422 423 424 425 426 427 428 429 430 431 432 433 434 435 436 437 438 439 440 441 442 443 444 445 446 447 448 449 450 451 452 453 454 455 456 457 458 459 460 461 462 463 464 465 466 467 468 469 470 471 472 473 474 475 476 477 478 479 480 481 482 483 484 485 486 487 488 489 490 491 492 493 494 495 496 497 498 499 500 501 502 503 504 505 506 507 508 509 510 511 512 513 514 515 516 517 518 519 520 521 522 523 524 525 526 527 528 529 530 531 532 533 534 535 536 537 538 539 540 541 542 543 544 545 546 547 548 549 550 551 552 553 554 555 556 557 558 559 560 561 562 563 564 565 566 567 568 569 570 571 572 573 574 575 576 577 578 579 580 581 582 583 584 585 586 587 588 589 590 591 592 593 594 595 596 597 598 599 600
 done.
 input  file name : crest_rotamers_1.xyz
 output file name : crest_rotamers_2.xyz
 reference state Etot :  -43.4739427400000     
 600 structures remain within     6.00 kcal/mol window
 
 
========================================
            MTD Iteration  2
========================================
 
     ========================================
     |         Meta-MD (MTD) Sampling       |
     ========================================
 
Starting Meta-MD   1 with the settings:
     MD time /ps        :    10.0
     dt /fs             :     1.5
     dumpstep(trj) /fs  :     200
     dumpstep(Vbias)/ps :     1.0
     Vbias factor k /Eh :  0.4838
     Vbias exp α /bohr⁻²:    1.00
Starting Meta-MD   2 with the settings:
     MD time /ps        :    10.0
     dt /fs             :     1.5
     dumpstep(trj) /fs  :     200
     dumpstep(Vbias)/ps :     1.0
     Vbias factor k /Eh :  0.3225
     Vbias exp α /bohr⁻²:    1.00
Starting Meta-MD   3 with the settings:
     MD time /ps        :    10.0
     dt /fs             :     1.5
     dumpstep(trj) /fs  :     200
     dumpstep(Vbias)/ps :     1.0
     Vbias factor k /Eh :  0.2150
     Vbias exp α /bohr⁻²:    1.00
Starting Meta-MD   4 with the settings:
     MD time /ps        :    10.0
     dt /fs             :     1.5
     dumpstep(trj) /fs  :     200
     dumpstep(Vbias)/ps :     1.0
     Vbias factor k /Eh :  0.4838
     Vbias exp α /bohr⁻²:    0.67
Starting Meta-MD   5 with the settings:
     MD time /ps        :    10.0
     dt /fs             :     1.5
     dumpstep(trj) /fs  :     200
     dumpstep(Vbias)/ps :     1.0
     Vbias factor k /Eh :  0.3225
     Vbias exp α /bohr⁻²:    0.67
Starting Meta-MD   6 with the settings:
     MD time /ps        :    10.0
     dt /fs             :     1.5
     dumpstep(trj) /fs  :     200
     dumpstep(Vbias)/ps :     1.0
     Vbias factor k /Eh :  0.2150
     Vbias exp α /bohr⁻²:    0.67
Starting Meta-MD   7 with the settings:
     MD time /ps        :    10.0
     dt /fs             :     1.5
     dumpstep(trj) /fs  :     200
     dumpstep(Vbias)/ps :     1.0
     Vbias factor k /Eh :  0.4838
     Vbias exp α /bohr⁻²:    0.44
Starting Meta-MD   8 with the settings:
     MD time /ps        :    10.0
     dt /fs             :     1.5
     dumpstep(trj) /fs  :     200
     dumpstep(Vbias)/ps :     1.0
     Vbias factor k /Eh :  0.3225
     Vbias exp α /bohr⁻²:    0.44
Starting Meta-MD  10 with the settings:
     MD time /ps        :    10.0
     dt /fs             :     1.5
     dumpstep(trj) /fs  :     200
     dumpstep(Vbias)/ps :     1.0
     Vbias factor k /Eh :  0.4838
     Vbias exp α /bohr⁻²:    0.30
Starting Meta-MD   9 with the settings:
     MD time /ps        :    10.0
     dt /fs             :     1.5
     dumpstep(trj) /fs  :     200
     dumpstep(Vbias)/ps :     1.0
     Vbias factor k /Eh :  0.2150
     Vbias exp α /bohr⁻²:    0.44
*Meta-MTD 4 finished*
*Meta-MTD 9 finished*
*Meta-MTD 5 finished*
*Meta-MTD 10 finished*
*Meta-MTD 2 finished*
*Meta-MTD 1 finished*
*Meta-MTD 7 finished*
*Meta-MTD 6 finished*
*Meta-MTD 8 finished*
*Meta-MTD 3 finished*
 
-----------------------
Multilevel Optimization
-----------------------
 
 -------------------------
 1. crude pre-optimization
 -------------------------
 Optimizing all 500 structures from file "crest_rotamers_0.xyz" ...
 1 2 3 4 5 6 7 8 9 10 11 12 13 14 15 16 17 18 19 20 21 22 23 24 25 26 27 28 29 30 31 32 33 34 35 36 37 38 39 40 41 42 43 44 45 46 47 48 49 50 51 52 53 54 55 56 57 58 59 60 61 62 63 64 65 66 67 68 69 70 71 72 73 74 75 76 77 78 79 80 81 82 83 84 85 86 87 88 89 90 91 92 93 94 95 96 97 98 99 100 101 102 103 104 105 106 107 108 109 110 111 112 113 114 115 116 117 118 119 120 121 122 123 124 125 126 127 128 129 130 131 132 133 134 135 136 137 138 139 140 141 142 143 144 145 146 147 148 149 150 151 152 153 154 155 156 157 158 159 160 161 162 163 164 165 166 167 168 169 170 171 172 173 174 175 176 177 178 179 180 181 182 183 184 185 186 187 188 189 190 191 192 193 194 195 196 197 198 199 200 201 202 203 204 205 206 207 208 209 210 211 212 213 214 215 216 217 218 219 220 221 222 223 224 225 226 227 228 229 230 231 232 233 234 235 236 237 238 239 240 241 242 243 244 245 246 247 248 249 250 251 252 253 254 255 256 257 258 259 260 261 262 263 264 265 266 267 268 269 270 271 272 273 274 275 276 277 278 279 280 281 282 283 284 285 286 287 288 289 290 291 292 293 294 295 296 297 298 299 300 301 302 303 304 305 306 307 308 309 310 311 312 313 314 315 316 317 318 319 320 321 322 323 324 325 326 327 328 329 330 331 332 333 334 335 336 337 338 339 340 341 342 343 344 345 346 347 348 349 350 351 352 353 354 355 356 357 358 359 360 361 362 363 364 365 366 367 368 369 370 371 372 373 374 375 376 377 378 379 380 381 382 383 384 385 386 387 388 389 390 391 392 393 394 395 396 397 398 399 400 401 402 403 404 405 406 407 408 409 410 411 412 413 414 415 416 417 418 419 420 421 422 423 424 425 426 427 428 429 430 431 432 433 434 435 436 437 438 439 440 441 442 443 444 445 446 447 448 449 450 451 452 453 454 455 456 457 458 459 460 461 462 463 464 465 466 467 468 469 470 471 472 473 474 475 476 477 478 479 480 481 482 483 484 485 486 487 488 489 490 491 492 493 494 495 496 497 498 499 500
 done.
 input  file name : crest_rotamers_1.xyz
 output file name : crest_rotamers_2.xyz
 reference state Etot :  -43.4927273200000     
 500 structures remain within     6.00 kcal/mol window
 
 ...............................................
 A new lower conformer was found!
 Improved by    0.01878 Eh or   11.78750kcal/mol
 ...............................................
 
========================================
            MTD Iteration  3
========================================
 
     ========================================
     |         Meta-MD (MTD) Sampling       |
     ========================================
 
Starting Meta-MD   2 with the settings:
     MD time /ps        :    10.0
     dt /fs             :     1.5
     dumpstep(trj) /fs  :     200
     dumpstep(Vbias)/ps :     1.0
     Vbias factor k /Eh :  0.3225
     Vbias exp α /bohr⁻²:    1.00
Starting Meta-MD  10 with the settings:
     MD time /ps        :    10.0
     dt /fs             :     1.5
     dumpstep(trj) /fs  :     200
     dumpstep(Vbias)/ps :     1.0
     Vbias factor k /Eh :  0.4838
     Vbias exp α /bohr⁻²:    0.30
Starting Meta-MD   1 with the settings:
     MD time /ps        :    10.0
     dt /fs             :     1.5
     dumpstep(trj) /fs  :     200
     dumpstep(Vbias)/ps :     1.0
     Vbias factor k /Eh :  0.4838
     Vbias exp α /bohr⁻²:    1.00
Starting Meta-MD   3 with the settings:
     MD time /ps        :    10.0
     dt /fs             :     1.5
     dumpstep(trj) /fs  :     200
     dumpstep(Vbias)/ps :     1.0
     Vbias factor k /Eh :  0.2150
     Vbias exp α /bohr⁻²:    1.00
Starting Meta-MD   4 with the settings:
     MD time /ps        :    10.0
     dt /fs             :     1.5
     dumpstep(trj) /fs  :     200
     dumpstep(Vbias)/ps :     1.0
     Vbias factor k /Eh :  0.4838
     Vbias exp α /bohr⁻²:    0.67
Starting Meta-MD   6 with the settings:
     MD time /ps        :    10.0
     dt /fs             :     1.5
     dumpstep(trj) /fs  :     200
     dumpstep(Vbias)/ps :     1.0
     Vbias factor k /Eh :  0.2150
     Vbias exp α /bohr⁻²:    0.67
Starting Meta-MD   5 with the settings:
     MD time /ps        :    10.0
     dt /fs             :     1.5
     dumpstep(trj) /fs  :     200
     dumpstep(Vbias)/ps :     1.0
     Vbias factor k /Eh :  0.3225
     Vbias exp α /bohr⁻²:    0.67
Starting Meta-MD   7 with the settings:
     MD time /ps        :    10.0
     dt /fs             :     1.5
     dumpstep(trj) /fs  :     200
     dumpstep(Vbias)/ps :     1.0
     Vbias factor k /Eh :  0.4838
     Vbias exp α /bohr⁻²:    0.44
Starting Meta-MD   8 with the settings:
     MD time /ps        :    10.0
     dt /fs             :     1.5
     dumpstep(trj) /fs  :     200
     dumpstep(Vbias)/ps :     1.0
     Vbias factor k /Eh :  0.3225
     Vbias exp α /bohr⁻²:    0.44
Starting Meta-MD   9 with the settings:
     MD time /ps        :    10.0
     dt /fs             :     1.5
     dumpstep(trj) /fs  :     200
     dumpstep(Vbias)/ps :     1.0
     Vbias factor k /Eh :  0.2150
     Vbias exp α /bohr⁻²:    0.44
*Meta-MTD 4 finished*
*Meta-MTD 10 finished*
*Meta-MTD 7 finished*
*Meta-MTD 6 finished*
*Meta-MTD 1 finished*
*Meta-MTD 5 finished*
*Meta-MTD 2 finished*
*Meta-MTD 8 finished*
*Meta-MTD 9 finished*
*Meta-MTD 3 finished*
 
-----------------------
Multilevel Optimization
-----------------------
 
 -------------------------
 1. crude pre-optimization
 -------------------------
 Optimizing all 500 structures from file "crest_rotamers_0.xyz" ...
 1 2 3 4 5 6 7 8 9 10 11 12 13 14 15 16 17 18 19 20 21 22 23 24 25 26 27 28 29 30 31 32 33 34 35 36 37 38 39 40 41 42 43 44 45 46 47 48 49 50 51 52 53 54 55 56 57 58 59 60 61 62 63 64 65 66 67 68 69 70 71 72 73 74 75 76 77 78 79 80 81 82 83 84 85 86 87 88 89 90 91 92 93 94 95 96 97 98 99 100 101 102 103 104 105 106 107 108 109 110 111 112 113 114 115 116 117 118 119 120 121 122 123 124 125 126 127 128 129 130 131 132 133 134 135 136 137 138 139 140 141 142 143 144 145 146 147 148 149 150 151 152 153 154 155 156 157 158 159 160 161 162 163 164 165 166 167 168 169 170 171 172 173 174 175 176 177 178 179 180 181 182 183 184 185 186 187 188 189 190 191 192 193 194 195 196 197 198 199 200 201 202 203 204 205 206 207 208 209 210 211 212 213 214 215 216 217 218 219 220 221 222 223 224 225 226 227 228 229 230 231 232 233 234 235 236 237 238 239 240 241 242 243 244 245 246 247 248 249 250 251 252 253 254 255 256 257 258 259 260 261 262 263 264 265 266 267 268 269 270 271 272 273 274 275 276 277 278 279 280 281 282 283 284 285 286 287 288 289 290 291 292 293 294 295 296 297 298 299 300 301 302 303 304 305 306 307 308 309 310 311 312 313 314 315 316 317 318 319 320 321 322 323 324 325 326 327 328 329 330 331 332 333 334 335 336 337 338 339 340 341 342 343 344 345 346 347 348 349 350 351 352 353 354 355 356 357 358 359 360 361 362 363 364 365 366 367 368 369 370 371 372 373 374 375 376 377 378 379 380 381 382 383 384 385 386 387 388 389 390 391 392 393 394 395 396 397 398 399 400 401 402 403 404 405 406 407 408 409 410 411 412 413 414 415 416 417 418 419 420 421 422 423 424 425 426 427 428 429 430 431 432 433 434 435 436 437 438 439 440 441 442 443 444 445 446 447 448 449 450 451 452 453 454 455 456 457 458 459 460 461 462 463 464 465 466 467 468 469 470 471 472 473 474 475 476 477 478 479 480 481 482 483 484 485 486 487 488 489 490 491 492 493 494 495 496 497 498 499 500
 done.
 input  file name : crest_rotamers_1.xyz
 output file name : crest_rotamers_2.xyz
 reference state Etot :  -43.4950347400000     
 500 structures remain within     6.00 kcal/mol window
 
 ...............................................
 A new lower conformer was found!
 Improved by    0.00231 Eh or    1.44793kcal/mol
 ...............................................
 
========================================
            MTD Iteration  4
========================================
 
     ========================================
     |         Meta-MD (MTD) Sampling       |
     ========================================
 
Starting Meta-MD   1 with the settings:
     MD time /ps        :    10.0
     dt /fs             :     1.5
     dumpstep(trj) /fs  :     200
     dumpstep(Vbias)/ps :     1.0
     Vbias factor k /Eh :  0.4838
     Vbias exp α /bohr⁻²:    1.00
Starting Meta-MD  10 with the settings:
     MD time /ps        :    10.0
     dt /fs             :     1.5
     dumpstep(trj) /fs  :     200
     dumpstep(Vbias)/ps :     1.0
     Vbias factor k /Eh :  0.4838
     Vbias exp α /bohr⁻²:    0.30
Starting Meta-MD   2 with the settings:
     MD time /ps        :    10.0
     dt /fs             :     1.5
     dumpstep(trj) /fs  :     200
     dumpstep(Vbias)/ps :     1.0
     Vbias factor k /Eh :  0.3225
     Vbias exp α /bohr⁻²:    1.00
Starting Meta-MD   3 with the settings:
     MD time /ps        :    10.0
     dt /fs             :     1.5
     dumpstep(trj) /fs  :     200
     dumpstep(Vbias)/ps :     1.0
     Vbias factor k /Eh :  0.2150
     Vbias exp α /bohr⁻²:    1.00
Starting Meta-MD   4 with the settings:
     MD time /ps        :    10.0
     dt /fs             :     1.5
     dumpstep(trj) /fs  :     200
     dumpstep(Vbias)/ps :     1.0
     Vbias factor k /Eh :  0.4838
     Vbias exp α /bohr⁻²:    0.67
Starting Meta-MD   5 with the settings:
     MD time /ps        :    10.0
     dt /fs             :     1.5
     dumpstep(trj) /fs  :     200
     dumpstep(Vbias)/ps :     1.0
     Vbias factor k /Eh :  0.3225
     Vbias exp α /bohr⁻²:    0.67
Starting Meta-MD   6 with the settings:
     MD time /ps        :    10.0
     dt /fs             :     1.5
     dumpstep(trj) /fs  :     200
     dumpstep(Vbias)/ps :     1.0
     Vbias factor k /Eh :  0.2150
     Vbias exp α /bohr⁻²:    0.67
Starting Meta-MD   7 with the settings:
     MD time /ps        :    10.0
     dt /fs             :     1.5
     dumpstep(trj) /fs  :     200
     dumpstep(Vbias)/ps :     1.0
     Vbias factor k /Eh :  0.4838
     Vbias exp α /bohr⁻²:    0.44
Starting Meta-MD   8 with the settings:
     MD time /ps        :    10.0
     dt /fs             :     1.5
     dumpstep(trj) /fs  :     200
     dumpstep(Vbias)/ps :     1.0
     Vbias factor k /Eh :  0.3225
     Vbias exp α /bohr⁻²:    0.44
Starting Meta-MD   9 with the settings:
     MD time /ps        :    10.0
     dt /fs             :     1.5
     dumpstep(trj) /fs  :     200
     dumpstep(Vbias)/ps :     1.0
     Vbias factor k /Eh :  0.2150
     Vbias exp α /bohr⁻²:    0.44
*Meta-MTD 6 finished*
*Meta-MTD 1 finished*
*Meta-MTD 8 finished*
*Meta-MTD 5 finished*
*Meta-MTD 3 finished*
*Meta-MTD 2 finished*
*Meta-MTD 10 finished*
*Meta-MTD 7 finished*
*Meta-MTD 4 finished*
*Meta-MTD 9 finished*
 
-----------------------
Multilevel Optimization
-----------------------
 
 -------------------------
 1. crude pre-optimization
 -------------------------
 Optimizing all 500 structures from file "crest_rotamers_0.xyz" ...
 1 2 3 4 5 6 7 8 9 10 11 12 13 14 15 16 17 18 19 20 21 22 23 24 25 26 27 28 29 30 31 32 33 34 35 36 37 38 39 40 41 42 43 44 45 46 47 48 49 50 51 52 53 54 55 56 57 58 59 60 61 62 63 64 65 66 67 68 69 70 71 72 73 74 75 76 77 78 79 80 81 82 83 84 85 86 87 88 89 90 91 92 93 94 95 96 97 98 99 100 101 102 103 104 105 106 107 108 109 110 111 112 113 114 115 116 117 118 119 120 121 122 123 124 125 126 127 128 129 130 131 132 133 134 135 136 137 138 139 140 141 142 143 144 145 146 147 148 149 150 151 152 153 154 155 156 157 158 159 160 161 162 163 164 165 166 167 168 169 170 171 172 173 174 175 176 177 178 179 180 181 182 183 184 185 186 187 188 189 190 191 192 193 194 195 196 197 198 199 200 201 202 203 204 205 206 207 208 209 210 211 212 213 214 215 216 217 218 219 220 221 222 223 224 225 226 227 228 229 230 231 232 233 234 235 236 237 238 239 240 241 242 243 244 245 246 247 248 249 250 251 252 253 254 255 256 257 258 259 260 261 262 263 264 265 266 267 268 269 270 271 272 273 274 275 276 277 278 279 280 281 282 283 284 285 286 287 288 289 290 291 292 293 294 295 296 297 298 299 300 301 302 303 304 305 306 307 308 309 310 311 312 313 314 315 316 317 318 319 320 321 322 323 324 325 326 327 328 329 330 331 332 333 334 335 336 337 338 339 340 341 342 343 344 345 346 347 348 349 350 351 352 353 354 355 356 357 358 359 360 361 362 363 364 365 366 367 368 369 370 371 372 373 374 375 376 377 378 379 380 381 382 383 384 385 386 387 388 389 390 391 392 393 394 395 396 397 398 399 400 401 402 403 404 405 406 407 408 409 410 411 412 413 414 415 416 417 418 419 420 421 422 423 424 425 426 427 428 429 430 431 432 433 434 435 436 437 438 439 440 441 442 443 444 445 446 447 448 449 450 451 452 453 454 455 456 457 458 459 460 461 462 463 464 465 466 467 468 469 470 471 472 473 474 475 476 477 478 479 480 481 482 483 484 485 486 487 488 489 490 491 492 493 494 495 496 497 498 499 500
 done.
 input  file name : crest_rotamers_1.xyz
 output file name : crest_rotamers_2.xyz
 reference state Etot :  -43.5139182900000     
 500 structures remain within     6.00 kcal/mol window
 
 ...............................................
 A new lower conformer was found!
 Improved by    0.01888 Eh or   11.84961kcal/mol
 ...............................................
 
========================================
            MTD Iteration  5
========================================
 
     ========================================
     |         Meta-MD (MTD) Sampling       |
     ========================================
 
Starting Meta-MD  10 with the settings:
     MD time /ps        :    10.0
     dt /fs             :     1.5
     dumpstep(trj) /fs  :     200
     dumpstep(Vbias)/ps :     1.0
     Vbias factor k /Eh :  0.4838
     Vbias exp α /bohr⁻²:    0.30
Starting Meta-MD   1 with the settings:
     MD time /ps        :    10.0
     dt /fs             :     1.5
     dumpstep(trj) /fs  :     200
     dumpstep(Vbias)/ps :     1.0
     Vbias factor k /Eh :  0.4838
     Vbias exp α /bohr⁻²:    1.00
Starting Meta-MD   2 with the settings:
     MD time /ps        :    10.0
     dt /fs             :     1.5
     dumpstep(trj) /fs  :     200
     dumpstep(Vbias)/ps :     1.0
     Vbias factor k /Eh :  0.3225
     Vbias exp α /bohr⁻²:    1.00
Starting Meta-MD   3 with the settings:
     MD time /ps        :    10.0
     dt /fs             :     1.5
     dumpstep(trj) /fs  :     200
     dumpstep(Vbias)/ps :     1.0
     Vbias factor k /Eh :  0.2150
     Vbias exp α /bohr⁻²:    1.00
Starting Meta-MD   4 with the settings:
     MD time /ps        :    10.0
     dt /fs             :     1.5
     dumpstep(trj) /fs  :     200
     dumpstep(Vbias)/ps :     1.0
     Vbias factor k /Eh :  0.4838
     Vbias exp α /bohr⁻²:    0.67
Starting Meta-MD   5 with the settings:
     MD time /ps        :    10.0
     dt /fs             :     1.5
     dumpstep(trj) /fs  :     200
     dumpstep(Vbias)/ps :     1.0
     Vbias factor k /Eh :  0.3225
     Vbias exp α /bohr⁻²:    0.67
Starting Meta-MD   6 with the settings:
     MD time /ps        :    10.0
     dt /fs             :     1.5
     dumpstep(trj) /fs  :     200
     dumpstep(Vbias)/ps :     1.0
     Vbias factor k /Eh :  0.2150
     Vbias exp α /bohr⁻²:    0.67
Starting Meta-MD   7 with the settings:
     MD time /ps        :    10.0
     dt /fs             :     1.5
     dumpstep(trj) /fs  :     200
     dumpstep(Vbias)/ps :     1.0
     Vbias factor k /Eh :  0.4838
     Vbias exp α /bohr⁻²:    0.44
Starting Meta-MD   8 with the settings:
     MD time /ps        :    10.0
     dt /fs             :     1.5
     dumpstep(trj) /fs  :     200
     dumpstep(Vbias)/ps :     1.0
     Vbias factor k /Eh :  0.3225
     Vbias exp α /bohr⁻²:    0.44
Starting Meta-MD   9 with the settings:
     MD time /ps        :    10.0
     dt /fs             :     1.5
     dumpstep(trj) /fs  :     200
     dumpstep(Vbias)/ps :     1.0
     Vbias factor k /Eh :  0.2150
     Vbias exp α /bohr⁻²:    0.44
*Meta-MTD 4 finished*
*Meta-MTD 9 finished*
*Meta-MTD 5 finished*
*Meta-MTD 6 finished*
*Meta-MTD 8 finished*
*Meta-MTD 3 finished*
*Meta-MTD 10 finished*
*Meta-MTD 2 finished*
*Meta-MTD 7 finished*
*Meta-MTD 1 finished*
 
-----------------------
Multilevel Optimization
-----------------------
 
 -------------------------
 1. crude pre-optimization
 -------------------------
 Optimizing all 500 structures from file "crest_rotamers_0.xyz" ...
 1 2 3 4 5 6 7 8 9 10 11 12 13 14 15 16 17 18 19 20 21 22 23 24 25 26 27 28 29 30 31 32 33 34 35 36 37 38 39 40 41 42 43 44 45 46 47 48 49 50 51 52 53 54 55 56 57 58 59 60 61 62 63 64 65 66 67 68 69 70 71 72 73 74 75 76 77 78 79 80 81 82 83 84 85 86 87 88 89 90 91 92 93 94 95 96 97 98 99 100 101 102 103 104 105 106 107 108 109 110 111 112 113 114 115 116 117 118 119 120 121 122 123 124 125 126 127 128 129 130 131 132 133 134 135 136 137 138 139 140 141 142 143 144 145 146 147 148 149 150 151 152 153 154 155 156 157 158 159 160 161 162 163 164 165 166 167 168 169 170 171 172 173 174 175 176 177 178 179 180 181 182 183 184 185 186 187 188 189 190 191 192 193 194 195 196 197 198 199 200 201 202 203 204 205 206 207 208 209 210 211 212 213 214 215 216 217 218 219 220 221 222 223 224 225 226 227 228 229 230 231 232 233 234 235 236 237 238 239 240 241 242 243 244 245 246 247 248 249 250 251 252 253 254 255 256 257 258 259 260 261 262 263 264 265 266 267 268 269 270 271 272 273 274 275 276 277 278 279 280 281 282 283 284 285 286 287 288 289 290 291 292 293 294 295 296 297 298 299 300 301 302 303 304 305 306 307 308 309 310 311 312 313 314 315 316 317 318 319 320 321 322 323 324 325 326 327 328 329 330 331 332 333 334 335 336 337 338 339 340 341 342 343 344 345 346 347 348 349 350 351 352 353 354 355 356 357 358 359 360 361 362 363 364 365 366 367 368 369 370 371 372 373 374 375 376 377 378 379 380 381 382 383 384 385 386 387 388 389 390 391 392 393 394 395 396 397 398 399 400 401 402 403 404 405 406 407 408 409 410 411 412 413 414 415 416 417 418 419 420 421 422 423 424 425 426 427 428 429 430 431 432 433 434 435 436 437 438 439 440 441 442 443 444 445 446 447 448 449 450 451 452 453 454 455 456 457 458 459 460 461 462 463 464 465 466 467 468 469 470 471 472 473 474 475 476 477 478 479 480 481 482 483 484 485 486 487 488 489 490 491 492 493 494 495 496 497 498 499 500
 done.
 input  file name : crest_rotamers_1.xyz
 output file name : crest_rotamers_2.xyz
 reference state Etot :  -43.4954184000000     
 500 structures remain within     6.00 kcal/mol window
 
========================================
            MTD Iterations done         
========================================
 Collecting ensmbles.
 running RMSDs...
 done.
 E lowest :   -43.51392
 2 structures remain within     3.00 kcal/mol window
 
-----------------------------------------------
Additional regular MDs on lowest 2 conformer(s)
-----------------------------------------------
Starting MD   4 with the settings:
     MD time /ps        :     5.0
     MD Temperature /K  :   500.0
     dt /fs             :     1.5
     dumpstep(trj) /fs  :     200
Starting MD   2 with the settings:
     MD time /ps        :     5.0
     MD Temperature /K  :   500.0
     dt /fs             :     1.5
     dumpstep(trj) /fs  :     200
Starting MD   3 with the settings:
     MD time /ps        :     5.0
     MD Temperature /K  :   400.0
     dt /fs             :     1.5
     dumpstep(trj) /fs  :     200
Starting MD   1 with the settings:
     MD time /ps        :     5.0
     MD Temperature /K  :   400.0
     dt /fs             :     1.5
     dumpstep(trj) /fs  :     200
*MD 1 finished*
*MD 2 finished*
*MD 4 finished*
*MD 3 finished*
 Appending file crest_rotamers_1.xyz with new structures
 
 --------------------------------------------
 Ensemble optimization with normal thresholds
 --------------------------------------------
 Optimizing all 102 structures from file "crest_rotamers_1.xyz" ...
 1 2 3 4 5 6 7 8 9 10 11 12 13 14 15 16 17 18 19 20 21 22 23 24 25 26 27 28 29 30 31 32 33 34 35 36 37 38 39 40 41 42 43 44 45 46 47 48 49 50 51 52 53 54 55 56 57 58 59 60 61 62 63 64 65 66 67 68 69 70 71 72 73 74 75 76 77 78 79 80 81 82 83 84 85 86 87 88 89 90 91 92 93 94 95 96 97 98 99 100 101 102
 done.
 input  file name : crest_rotamers_2.xyz
 output file name : crest_rotamers_3.xyz
 reference state Etot :  -43.5169577800000     
 102 structures remain within     3.00 kcal/mol window
 
 ...............................................
 A new lower conformer was found!
 Improved by    0.00304 Eh or    1.90731kcal/mol
 ...............................................
 
*******************************************************************************************
**                        N E W    I T E R A T I O N    C Y C L E                        **
*******************************************************************************************
 
========================================
            MTD Iteration  1
========================================
 
     ========================================
     |         Meta-MD (MTD) Sampling       |
     ========================================
 
Starting Meta-MD   1 with the settings:
     MD time /ps        :    10.0
     dt /fs             :     1.5
     dumpstep(trj) /fs  :     200
     dumpstep(Vbias)/ps :     1.0
     Vbias factor k /Eh :  0.4838
     Vbias exp α /bohr⁻²:    1.00
Starting Meta-MD  10 with the settings:
     MD time /ps        :    10.0
     dt /fs             :     1.5
     dumpstep(trj) /fs  :     200
     dumpstep(Vbias)/ps :     1.0
     Vbias factor k /Eh :  0.4838
     Vbias exp α /bohr⁻²:    0.30
Starting Meta-MD   2 with the settings:
     MD time /ps        :    10.0
     dt /fs             :     1.5
     dumpstep(trj) /fs  :     200
     dumpstep(Vbias)/ps :     1.0
     Vbias factor k /Eh :  0.3225
     Vbias exp α /bohr⁻²:    1.00
Starting Meta-MD   5 with the settings:
     MD time /ps        :    10.0
     dt /fs             :     1.5
     dumpstep(trj) /fs  :     200
     dumpstep(Vbias)/ps :     1.0
     Vbias factor k /Eh :  0.3225
     Vbias exp α /bohr⁻²:    0.67
Starting Meta-MD   3 with the settings:
     MD time /ps        :    10.0
     dt /fs             :     1.5
     dumpstep(trj) /fs  :     200
     dumpstep(Vbias)/ps :     1.0
     Vbias factor k /Eh :  0.2150
     Vbias exp α /bohr⁻²:    1.00
Starting Meta-MD   4 with the settings:
     MD time /ps        :    10.0
     dt /fs             :     1.5
     dumpstep(trj) /fs  :     200
     dumpstep(Vbias)/ps :     1.0
     Vbias factor k /Eh :  0.4838
     Vbias exp α /bohr⁻²:    0.67
Starting Meta-MD   6 with the settings:
     MD time /ps        :    10.0
     dt /fs             :     1.5
     dumpstep(trj) /fs  :     200
     dumpstep(Vbias)/ps :     1.0
     Vbias factor k /Eh :  0.2150
     Vbias exp α /bohr⁻²:    0.67
Starting Meta-MD   7 with the settings:
     MD time /ps        :    10.0
     dt /fs             :     1.5
     dumpstep(trj) /fs  :     200
     dumpstep(Vbias)/ps :     1.0
     Vbias factor k /Eh :  0.4838
     Vbias exp α /bohr⁻²:    0.44
Starting Meta-MD   8 with the settings:
     MD time /ps        :    10.0
     dt /fs             :     1.5
     dumpstep(trj) /fs  :     200
     dumpstep(Vbias)/ps :     1.0
     Vbias factor k /Eh :  0.3225
     Vbias exp α /bohr⁻²:    0.44
Starting Meta-MD   9 with the settings:
     MD time /ps        :    10.0
     dt /fs             :     1.5
     dumpstep(trj) /fs  :     200
     dumpstep(Vbias)/ps :     1.0
     Vbias factor k /Eh :  0.2150
     Vbias exp α /bohr⁻²:    0.44
*Meta-MTD 9 finished*
*Meta-MTD 6 finished*
*Meta-MTD 10 finished*
*Meta-MTD 4 finished*
*Meta-MTD 1 finished*
*Meta-MTD 2 finished*
*Meta-MTD 7 finished*
*Meta-MTD 8 finished*
*Meta-MTD 3 finished*
*Meta-MTD 5 finished*
 
-----------------------
Multilevel Optimization
-----------------------
 
 -------------------------
 1. crude pre-optimization
 -------------------------
 Optimizing all 500 structures from file "crest_rotamers_0.xyz" ...
 1 2 3 4 5 6 7 8 9 10 11 12 13 14 15 16 17 18 19 20 21 22 23 24 25 26 27 28 29 30 31 32 33 34 35 36 37 38 39 40 41 42 43 44 45 46 47 48 49 50 51 52 53 54 55 56 57 58 59 60 61 62 63 64 65 66 67 68 69 70 71 72 73 74 75 76 77 78 79 80 81 82 83 84 85 86 87 88 89 90 91 92 93 94 95 96 97 98 99 100 101 102 103 104 105 106 107 108 109 110 111 112 113 114 115 116 117 118 119 120 121 122 123 124 125 126 127 128 129 130 131 132 133 134 135 136 137 138 139 140 141 142 143 144 145 146 147 148 149 150 151 152 153 154 155 156 157 158 159 160 161 162 163 164 165 166 167 168 169 170 171 172 173 174 175 176 177 178 179 180 181 182 183 184 185 186 187 188 189 190 191 192 193 194 195 196 197 198 199 200 201 202 203 204 205 206 207 208 209 210 211 212 213 214 215 216 217 218 219 220 221 222 223 224 225 226 227 228 229 230 231 232 233 234 235 236 237 238 239 240 241 242 243 244 245 246 247 248 249 250 251 252 253 254 255 256 257 258 259 260 261 262 263 264 265 266 267 268 269 270 271 272 273 274 275 276 277 278 279 280 281 282 283 284 285 286 287 288 289 290 291 292 293 294 295 296 297 298 299 300 301 302 303 304 305 306 307 308 309 310 311 312 313 314 315 316 317 318 319 320 321 322 323 324 325 326 327 328 329 330 331 332 333 334 335 336 337 338 339 340 341 342 343 344 345 346 347 348 349 350 351 352 353 354 355 356 357 358 359 360 361 362 363 364 365 366 367 368 369 370 371 372 373 374 375 376 377 378 379 380 381 382 383 384 385 386 387 388 389 390 391 392 393 394 395 396 397 398 399 400 401 402 403 404 405 406 407 408 409 410 411 412 413 414 415 416 417 418 419 420 421 422 423 424 425 426 427 428 429 430 431 432 433 434 435 436 437 438 439 440 441 442 443 444 445 446 447 448 449 450 451 452 453 454 455 456 457 458 459 460 461 462 463 464 465 466 467 468 469 470 471 472 473 474 475 476 477 478 479 480 481 482 483 484 485 486 487 488 489 490 491 492 493 494 495 496 497 498 499 500
 done.
 input  file name : crest_rotamers_1.xyz
 output file name : crest_rotamers_2.xyz
 reference state Etot :  -43.5141327300000     
 500 structures remain within     6.00 kcal/mol window
 
========================================
            MTD Iterations done         
========================================
 Collecting ensmbles.
 running RMSDs...
 done.
 E lowest :   -43.51413
 1 structures remain within     3.00 kcal/mol window
 
-----------------------------------------------
Additional regular MDs on lowest 1 conformer(s)
-----------------------------------------------
Starting MD   2 with the settings:
     MD time /ps        :     5.0
     MD Temperature /K  :   500.0
     dt /fs             :     1.5
     dumpstep(trj) /fs  :     200
Starting MD   1 with the settings:
     MD time /ps        :     5.0
     MD Temperature /K  :   400.0
     dt /fs             :     1.5
     dumpstep(trj) /fs  :     200
*MD 1 finished*
*MD 2 finished*
 Appending file crest_rotamers_1.xyz with new structures
 
 --------------------------------------------
 Ensemble optimization with normal thresholds
 --------------------------------------------
 Optimizing all 51 structures from file "crest_rotamers_1.xyz" ...
 1 2 3 4 5 6 7 8 9 10 11 12 13 14 15 16 17 18 19 20 21 22 23 24 25 26 27 28 29 30 31 32 33 34 35 36 37 38 39 40 41 42 43 44 45 46 47 48 49 50 51
 done.
 input  file name : crest_rotamers_2.xyz
 output file name : crest_rotamers_3.xyz
 reference state Etot :  -43.5153037400000     
 51 structures remain within     3.00 kcal/mol window
 
 
 
   ================================================
   |           Final Geometry Optimization        |
   ================================================
 --------------------------------------------
 Ensemble optimization with normal thresholds
 --------------------------------------------
 Optimizing all 51 structures from file "crest_rotamers_3.xyz" ...
 1 2 3 4 5 6 7 8 9 10 11 12 13 14 15 16 17 18 19 20 21 22 23 24 25 26 27 28 29 30 31 32 33 34 35 36 37 38 39 40 41 42 43 44 45 46 47 48 49 50 51
 done.
 input  file name : crest_rotamers_4.xyz
 output file name : crest_rotamers_5.xyz
 reference state Etot :  -43.5153311600000     
 51 structures remain within     3.00 kcal/mol window
 
  GFN2-xTB optimization
 --------------------------------------------
 Ensemble optimization with normal thresholds
 --------------------------------------------
 Optimizing all 51 structures from file "crest_rotamers_5.xyz" ...
 1 2 3 4 5 6 7 8 9 10 11 12 13 14 15 16 17 18 19 20 21 22 23 24 25 26 27 28 29 30 31 32 33 34 35 36 37 38 39 40 41 42 43 44 45 46 47 48 49 50 51
 done.
 
 -------------------------------------------
 Ensemble optimization with tight thresholds
 -------------------------------------------
 Optimizing all 51 structures from file "crest_rotamers_6.xyz" ...
 1 2 3 4 5 6 7 8 9 10 11 12 13 14 15 16 17 18 19 20 21 22 23 24 25 26 27 28 29 30 31 32 33 34 35 36 37 38 39 40 41 42 43 44 45 46 47 48 49 50 51
 done.
 
 
  Single point computation with GBSA model
  51 jobs to do.
 
  done.
 
  Cluster   E /Eh        Density  Efix       R   av/act. Surface   Opt
    1      -651.630569   1.341    0.000    12.4  11.4     5663.3   tight
    2      -651.635591   1.333    0.000    12.4  13.5     5679.8   tight
    3      -651.615187   1.332    0.000    12.6  10.9     5802.0   tight
    4      -651.644912   1.338    0.000    12.5  12.1     5683.1   tight
    5      -651.610731   1.325    0.000    12.5  12.4     5978.4   tight
    6      -651.611073   1.322    0.000    12.6  11.2     5877.2   tight
    7      -651.607096   1.333    0.000    12.6  10.5     5800.8   tight
    8      -651.620243   1.335    0.000    12.6  11.6     5703.9   tight
    9      -651.633592   1.328    0.000    12.6  10.8     5919.6   tight
   10      -651.621809   1.328    0.000    12.6  11.4     5876.2   tight
   11      -651.608540   1.330    0.000    12.6  11.6     5714.3   tight
   12      -651.600479   1.328    0.000    12.5  11.4     5841.0   tight
   13      -651.604620   1.337    0.000    12.5  13.3     5609.8   tight
   14      -651.618024   1.333    0.000    12.5  11.1     5784.9   tight
   15      -651.622276   1.341    0.000    12.5  10.7     5532.5   tight
   16      -651.604837   1.335    0.000    12.8  15.8     5758.5   tight
   17      -651.605305   1.325    0.000    12.8  14.2     5914.7   tight
   18      -651.613025   1.316    0.000    12.7  12.2     6217.2   tight
   19      -651.631291   1.334    0.000    12.6  11.5     5821.2   tight
   20      -651.647070   1.339    0.000    12.6  12.0     5722.3   tight
   21      -651.653130   1.339    0.000    12.5  13.1     5754.3   tight
   22      -651.614232   1.326    0.000    12.8  12.1     5926.6   tight
   23      -651.633219   1.339    0.000    12.6  11.8     5620.4   tight
   24      -651.623658   1.339    0.000    12.6  13.6     5610.7   tight
   25      -651.617615   1.326    0.000    12.8  13.3     5882.0   tight
   26      -651.612725   1.346    0.000    12.4  11.3     5483.7   tight
   27      -651.620323   1.330    0.000    12.8  12.5     5909.2   tight
   28      -651.606883   1.336    0.000    12.5  12.5     5744.8   tight
   29      -651.602740   1.331    0.000    12.6  11.9     5791.8   tight
   30      -651.634681   1.331    0.000    12.6  14.4     5875.8   tight
   31      -651.637376   1.325    0.000    12.6  13.8     5988.9   tight
   32      -651.581537   1.325    0.000    12.6  12.3     5882.0   tight
   33      -651.610008   1.329    0.000    12.8  13.4     5879.7   tight
   34      -651.631167   1.324    0.000    12.7  13.1     6055.5   tight
   35      -651.599298   1.324    0.000    12.7  13.2     5941.5   tight
   36      -651.606392   1.336    0.000    12.7  15.2     5851.8   tight
   37      -651.614290   1.328    0.000    12.7  15.4     5906.8   tight
   38      -651.603278   1.333    0.000    12.8  11.7     5797.8   tight
   39      -651.637576   1.324    0.000    12.9  13.2     5989.5   tight
   40      -651.623155   1.326    0.000    12.6  13.1     5938.0   tight
   41      -651.624042   1.340    0.000    12.7  11.6     5596.1   tight
   42      -651.602644   1.340    0.000    12.8  13.4     5665.9   tight
   43      -651.638939   1.333    0.000    12.5  12.4     5835.6   tight
   44      -651.613636   1.321    0.000    12.7  11.7     6100.1   tight
   45      -651.620457   1.340    0.000    12.3  12.5     5530.4   tight
   46      -651.641066   1.338    0.000    12.5  11.3     5752.8   tight
   47      -651.634607   1.329    0.000    12.6  11.9     5800.3   tight
   48      -651.625183   1.328    0.000    12.6  13.7     5847.5   tight
   49      -651.621965   1.326    0.000    12.5  12.3     6006.1   tight
   50      -651.598995   1.339    0.000    12.8  11.1     5583.5   tight
   51      -651.612609   1.339    0.000    12.4  12.4     5551.7   tight
 
Taking  20 structures
 
  ------------------------------------------------------------------------
  ------------------------------------------------------------------------
  Boltz. averaged energy of final cluster:
       G /Eh     : -651.65313192
       T*S /kcal :  -0.008
 
  Ensemble generation finished.
  Results can be found in ensemble directory
  Lowest energy conformer in file <crest_best.xyz>
  List of full ensemble in file <full_ensemble.xyz>
  List of used ensemble in file <final_ensemble.xyz>
  Thermodynamical data in file <thermo_data>
  Population of full ensemble in file <full_population.dat>
  Population in file <population.dat>
 
 
  ________________________________________________________________________
 
  _________________     Solvent Cluster Generation   _____________________
 
  ________________________________________________________________________
 
 Method for CFF: GFN2-xTB
 
  =========================================
  |   quantum cluster growth: CFF         |
  =========================================
 
  CUT-FREEZE-FILL Algorithm to generate reference solvent cluster
  now adding solvents to fill cluster...
  Size  Cluster   E /Eh        De/kcal   Detot/kcal  Opt
  ------------------------------------------------------------------------
 126       1   -641.597643    -16.95      -16.95    tight
 126       2   -641.579077    -17.57      -17.57    tight
 126       3   -641.593899    -18.20      -18.20    tight
 126       4   -641.580819    -24.31      -24.31    tight
 126       5   -641.582485    -17.63      -17.63    tight
 126       6   -641.572714    -22.14      -22.14    tight
 126       7   -641.570866    -25.63      -25.63    tight
 126       8   -641.574469    -17.56      -17.56    tight
 126       9   -641.574946    -25.76      -25.76    tight
 126      10   -641.569448    -16.16      -16.16    tight
 126      11   -641.570448    -19.73      -19.73    tight
 126      12   -641.572004    -17.95      -17.95    tight
 126      13   -641.575411    -17.47      -17.47    tight
 126      14   -641.569026    -14.91      -14.91    tight
 126      15   -641.564099    -13.53      -13.53    tight
 126      16   -641.562657    -16.26      -16.26    tight
 126      17   -641.575418    -25.32      -25.32    tight
 126      18   -641.559184    -17.98      -17.98    tight
 126      19   -641.565895    -19.35      -19.35    tight
 126      20   -641.566764    -19.24      -19.24    tight
  ------------------------------------------------------------------------
 127       1   -646.696862    -17.99      -34.94    tight
 127       2   -646.668663    -11.95      -29.52    tight
 127       3   -646.684422    -12.54      -30.74    tight
 127       4   -646.683948    -20.45      -44.75    tight
 127       5   -646.674191    -13.28      -30.91    tight
 127       6   -646.672405    -18.29      -40.43    tight
 127       7   -646.676216    -21.84      -47.47    tight
 127       8   -646.678874    -21.25      -38.81    tight
 127       9   -646.676378    -19.38      -45.15    tight
 127      10   -646.675222    -22.11      -38.27    tight
 127      11   -646.666944    -16.29      -36.02    tight
 127      12   -646.667449    -15.63      -33.57    tight
 127      13   -646.681448    -22.27      -39.74    tight
 127      14   -646.673357    -21.20      -36.11    tight
 127      15   -646.663020    -17.81      -31.33    tight
 127      16   -646.669471    -22.76      -39.02    tight
 127      17   -646.678378    -20.34      -45.66    tight
 127      18   -646.663825    -21.40      -39.38    tight
 127      19   -646.672601    -22.69      -42.04    tight
 127      20   -646.668431    -19.53      -38.77    tight
  ------------------------------------------------------------------------
 128       1   -651.795503    -17.63      -52.57    tight
 128       2   -651.771929    -20.53      -50.06    tight
 128       3   -651.787421    -20.37      -51.10    tight
 128       4   -651.772573    -11.35      -56.10    tight
 128       5   -651.760719    -10.03      -40.94    tight
 128       6   -651.771505    -17.92      -58.35    tight
 128       7   -651.764236    -10.97      -58.44    tight
 128       8   -651.770276    -13.09      -51.90    tight
 128       9   -651.765921    -11.92      -57.07    tight
 128      10   -651.761925    -10.14      -48.41    tight
 128      11   -651.768659    -19.56      -55.58    tight
 128      12   -651.771073    -20.76      -54.33    tight
 128      13   -651.781452    -18.49      -58.23    tight
 128      14   -651.773238    -18.41      -54.52    tight
 128      15   -651.750042    -10.34      -41.67    tight
 128      16   -651.758899    -11.85      -50.87    tight
 128      17   -651.766303    -10.91      -56.57    tight
 128      18   -651.755080    -13.00      -52.38    tight
 128      19   -651.765288    -13.89      -55.94    tight
 128      20   -651.759297    -12.75      -51.53    tight
  ------------------------------------------------------------------------
  volume filled
  Starting optimizations + SP  of structures
  20 jobs to do.
 
  done.
 
  Cluster   E /Eh        Density  Efix       R   av/act. Surface   Opt
    1      -636.519046   1.329    0.000     8.6   2.3     5790.6   tight
    2      -636.496316   1.327    0.000    11.4   2.3     5827.7   tight
    3      -636.511153   1.327    0.000    12.3   1.2     5769.9   tight
    4      -636.496654   1.325    0.000     3.0  19.2     5855.3   tight
    5      -636.485077   1.315    0.000    11.0  18.2     6102.4   tight
    6      -636.495610   1.315    0.000     2.8  13.6     6055.1   tight
    7      -636.488512   1.314    0.000     2.8  21.2     6098.1   tight
    8      -636.494410   1.321    0.000     2.6  15.8     5759.5   tight
    9      -636.490158   1.317    0.000     2.6  18.8     5942.4   tight
   10      -636.486255   1.317    0.000     2.5  20.0     5877.6   tight
   11      -636.492831   1.317    0.000     8.3   2.5     5987.7   tight
   12      -636.495189   1.326    0.000    12.3   3.2     5791.0   tight
   13      -636.505324   1.326    0.000     3.7  15.0     5887.7   tight
   14      -636.497318   1.314    0.000    13.0   0.9     6154.6   tight
   15      -636.474650   1.322    0.000    11.4  15.6     5889.9   tight
   16      -636.483300   1.318    0.000     2.7  14.6     5949.4   tight
   17      -636.490530   1.328    0.000     3.0  15.8     5674.8   tight
   18      -636.479570   1.325    0.000     3.4  20.8     5753.5   tight
   19      -636.489539   1.315    0.000     2.6  13.1     6008.9   tight
   20      -636.483689   1.329    0.000     2.6  15.0     5630.7   tight
 
  ------------------------------------------------------------------------
  ------------------------------------------------------------------------
  Boltz. averaged energy of final cluster:
       G /Eh     : -636.51904583
       T*S /kcal :  -0.001
 
  Solvent cluster generation finished.
  Results can be found in solvent_cluster directory
  Structures in file <crest_ensemble.xyz>
  Energies in file <cluster_energy.dat>
  Population in file <population.dat>
 
  =========================================
  |   quantum cluster growth: ESOLV       |
  |                                       |
  |          -155.13 kcal/mol             |
  =========================================
 
  =========================================
  |          Frequency evaluation         |
  =========================================
 
   SOLUTE MOLECULE
  Starting reoptimizations + Frequency computation of ensemble
  1 jobs to do.
 
  done.
   SOLUTE CLUSTER
  Starting reoptimizations + Frequency computation of ensemble
  20 jobs to do.
 
  done.
   SOLVENT CLUSTER
  Starting reoptimizations + Frequency computation of ensemble
  20 jobs to do.
 
  done.
 
   Solute Gas properties
  #       H(T)       SVIB      SROT       STRA      G(T)
       [kcal/mol]    [      cal/mol/K        ]    [kcal/mol]
  --------------------------------------------------------
       71.00     11.05     24.33     38.28     49.04
 
   Solute cluster properties
  #       H(T)       SVIB      SROT       STRA      G(T)
       [kcal/mol]    [      cal/mol/K        ]    [kcal/mol]
  --------------------------------------------------------
  1     2159.25   1179.74     44.78     49.06   1779.53
  2     2158.60   1182.96     44.78     49.06   1777.92
  3     2158.16   1182.80     44.77     49.06   1777.53
  4     2159.17   1185.63     44.74     49.06   1777.70
  5     2158.62   1187.23     44.77     49.06   1776.67
  6     2157.79   1190.16     44.90     49.06   1774.93
  7     2157.02   1190.06     44.82     49.06   1774.21
  8     2158.29   1197.61     44.75     49.06   1773.26
  9     2157.65   1190.11     44.82     49.06   1774.83
  10     2158.12   1192.36     44.82     49.06   1774.63
  11     2158.33   1193.29     44.80     49.06   1774.56
  12     2158.95   1192.75     44.76     49.06   1775.36
  13     2158.43   1193.02     44.78     49.06   1774.75
  14     2157.62   1186.06     44.84     49.06   1776.00
  15     2159.25   1194.61     44.73     49.06   1775.12
  16     2157.77   1195.35     44.80     49.06   1773.39
  17     2159.18   1197.89     44.82     49.06   1774.04
  18     2159.03   1194.29     44.78     49.06   1774.97
  19     2157.32   1191.02     44.84     49.06   1774.23
  20     2157.64   1193.69     44.78     49.06   1773.76
 
   Solvent cluster properties
  #       H(T)       SVIB      SROT       STRA      G(T)
       [kcal/mol]    [      cal/mol/K        ]    [kcal/mol]
  --------------------------------------------------------
  1     2085.40   1148.79     44.69     48.98   1714.96
  2     2085.28   1167.40     44.71     48.98   1709.29
  3     2085.23   1159.94     44.72     48.98   1711.45
  4     2086.17   1154.22     44.63     48.98   1714.14
  5     2085.50   1151.79     44.66     48.98   1714.17
  6     2085.25   1155.97     44.80     48.98   1712.63
  7     2085.16   1147.70     44.67     48.98   1715.05
  8     2084.68   1162.50     44.69     48.98   1710.15
  9     2085.60   1152.73     44.66     48.98   1714.00
  10     2084.36   1167.21     44.77     48.98   1708.40
  11     2085.10   1161.30     44.71     48.98   1710.93
  12     2085.56   1150.51     44.68     48.98   1714.61
  13     2086.27   1167.01     44.73     48.98   1710.38
  14     2084.59   1151.22     44.77     48.98   1713.40
  15     2085.91   1166.60     44.65     48.98   1710.18
  16     2085.69   1155.84     44.68     48.98   1713.15
  17     2085.25   1154.94     44.68     48.98   1712.98
  18     2085.99   1142.85     44.63     48.98   1717.34
  19     2084.38   1154.02     44.74     48.98   1712.37
  20     2085.24   1162.03     44.69     48.98   1710.85
 
 
  ________________________________________________________________________
 
  _________________________     Evaluation    ____________________________
 
  ________________________________________________________________________
 
 
  -----------------------------------------------------
  Gsolv and Hsolv ref. state: [1 M gas/solution] 
  G_solv (incl.RRHO)      = -138.74 kcal/mol
  H_solv (incl.RRHO)      = -152.27 kcal/mol
  -----------------------------------------------------
 
  -----------------------------------------------------
  Gsolv and Hsolv ref. state: [1 M gas/solution] 
  G_solv (incl.RRHO)      = -140.64 kcal/mol
  H_solv (incl.RRHO)      = -154.16 kcal/mol
  -----------------------------------------------------
 
  -----------------------------------------------------
  Solvation free energies with scaled translational
  and rotational degrees of freedom: Gsolv (scaling)
          >>   -158.33 (0.05)    <<
          >>   -157.40 (0.10)    <<
          >>   -156.47 (0.15)    <<
          >>   -155.54 (0.20)    <<
          >>   -154.60 (0.25)    <<
          >>   -153.67 (0.30)    <<
          >>   -152.74 (0.35)    <<
          >>   -151.81 (0.40)    <<
          >>   -150.88 (0.45)    <<
          >>   -149.95 (0.50)    <<
          >>   -149.02 (0.55)    <<
          >>   -148.09 (0.60)    <<
          >>   -147.16 (0.65)    <<
          >>   -146.23 (0.70)    <<
          >>   -145.29 (0.75)    <<
          >>   -144.36 (0.80)    <<
          >>   -143.43 (0.85)    <<
          >>   -142.50 (0.90)    <<
          >>   -141.57 (0.95)    <<
          >>   -140.64 (1.00)    <<
  -----------------------------------------------------
 
  ==================================================
  |  Gsolv with SCALED RRHO contributions: 0.75    |
  |  [1 bar gas/ 1 M solution]                     |
  |                                                |
  |  G_solv (incl.RRHO)+dV(T)= -145.29 kcal/mol    |
  ==================================================
 
 
 -----------------
 Wall Time Summary
 -----------------
             test MD wall time :         0h : 0m :17s
                 MTD wall time :         0h :23m :33s
      multilevel OPT wall time :         0h :25m :18s
                  MD wall time :         0h :10m :53s
                Grow wall time :         1h : 5m :53s
     Solute-Ensemble wall time :         2h :20m :59s
                 CFF wall time :         0h :14m :36s
         Frequencies wall time :         2h :37m :34s
--------------------
Overall wall time  : 7h :22m :15s
 
 CREST terminated normally.
