 
       ==============================================
       |                                            |
       |                 C R E S T                  |
       |                                            |
       |  Conformer-Rotamer Ensemble Sampling Tool  |
       |          based on the GFN methods          |
       |             P.Pracht, S.Grimme             |
       |          Universitaet Bonn, MCTC           |
       ==============================================
       Version 2.12,   Thu 19. Mai 16:32:32 CEST 2022
  Using the xTB program. Compatible with xTB version 6.4.0
 
   Cite work conducted with this code as

   • P.Pracht, F.Bohle, S.Grimme, PCCP, 2020, 22, 7169-7192.
   • S.Grimme, JCTC, 2019, 15, 2847-2862.

   and for works involving QCG as

   • S.Spicher, C.Plett, P.Pracht, A.Hansen, S.Grimme,
     JCTC, 2022, 18 (5), 3174-3189.
 
   with help from:
   C.Bannwarth, F.Bohle, S.Ehlert, S.Grimme,
   C.Plett, P.Pracht, S.Spicher
 
   This program is distributed in the hope that it will be useful,
   but WITHOUT ANY WARRANTY; without even the implied warranty of
   MERCHANTABILITY or FITNESS FOR A PARTICULAR PURPOSE.

 Command line input:
 > crest input.xyz --qcg water.xyz --chrg 0 --uhf 0 --nsolv 45 --T 40 --gsolv --nclus 20 --gbsa water

 Solute-file: input.xyz
 Solvent-file: water.xyz
  --chrg 0
  --uhf 0
  --T 40 (CPUs/Threads selected)
  --gbsa water : implicit solvation
 
  ========================================
  |           ----------------           |
  |                 Q C G                |
  |           ----------------           |
  |        Quantum Cluster Growth        |
  |       University of Bonn, MCTC       |
  ========================================
   S. Grimme, S. Spicher, C. Plett.
 
   Cite work conducted with this code as

   S. Spicher, C. Plett, P. Pracht, A. Hansen, S. Grimme, JCTC, 2022, 18, 3174-3189.
 
 
  =========================================
  |   quantum cluster growth: INPUT       |
  =========================================
 
  QCG: Calculation of delta G_solv
  Ensemble generated via CREST
 
  input parameters     
  solute                 : input.xyz
  charge                 : 0
  uhf                    : 0
  solvent                : water.xyz
  # of solvents to add   : 45
  # of cluster generated : 20
  # of CPUs used         : 40
  Solvation model        : water               
  xtb opt level          : normal
  System temperature [K] : 298.1
  RRHO scaling factor    : 0.75
 
 Solute geometry
  molecular radius (Bohr**1):    5.64
  molecular area   (Bohr**2):  459.94
  molecular volume (Bohr**3):  751.19
 Solvent geometry
  molecular radius (Bohr**1):    3.88
  molecular area   (Bohr**2):  194.99
  molecular volume (Bohr**3):  244.40
 
  radius of solute    :     9.09
  radius of solvent   :     6.25
 
  =========================================
  |            Preoptimization            |
  =========================================
 
 -------------------------
 xTB Geometry Optimization
 -------------------------
 Geometry successfully optimized.
 Generating LMOs for solute
  Total Energy of solute:     -14.8081977 Eh
 
 -------------------------
 xTB Geometry Optimization
 -------------------------
 Geometry successfully optimized.
 Generating LMOs for solvent
  Total energy of solvent:     -5.0705444 Eh
 
  ________________________________________________________________________
 
  __________________     Solute Cluster Generation   _____________________
 
  ________________________________________________________________________
 
 
  =========================================
  |   quantum cluster growth: GROW        |
  =========================================
 
 
  Water as solvent recognized, adjusting scaling factor for outer wall pot to 0.70
 
  Constraining solute during Growth 
 Solute:
       unit ellipsoid axis a,b,c     :   0.454   0.275   0.270
 Solvent:
       unit ellipsoid axis a,b,c     :   0.386   0.322   0.292
 
  solvent anisotropy            :     1.133
  solute anisotropy             :     1.245
  roff inner wall               :     0.933
  solute max dist               :    14.199
  solvent max dist              :     7.283
  inner unit axis               :     0.581     0.214     0.206
  inner ellipsoid/Bohr          :    15.104     5.556     5.357
  scaling factor outer ellipsoid:     0.700
  outer ellipsoid/Bohr          :    10.356     6.281     6.168
 
  Size  E /Eh       De/kcal   Detot/kcal  Density   Efix         R   av/act. Surface   Opt
   Wall Potential too small, increasing size by 5 %
   New scaling factor 0.73
   Wall Potential too small, increasing size by 5 %
   New scaling factor 0.77
    1   -19.880562   -1.14      -1.14       0.975     -5.313      0.0   0.0     909.2   normal
    2   -24.962458   -7.12      -8.27       0.979     -6.054      5.7   5.8    1111.7   normal
    3   -30.043513   -6.60     -14.86       0.983     -6.718      5.9   8.3    1312.1   normal
    4   -35.123215   -5.75     -20.61       1.003     -7.324      6.7   6.0    1487.2   normal
    5   -40.204177   -6.54     -27.14       1.010     -7.885      6.9   8.8    1677.6   normal
    6   -45.289875   -9.51     -36.65       1.051     -8.410      7.3   6.8    1804.0   normal
   Wall Potential too small, increasing size by 5 %
   New scaling factor 0.81
    7   -50.386361  -16.28     -52.93       1.084     -8.907      7.0   6.3    1934.9   normal
    8   -55.470844   -8.75     -61.68       1.100     -9.376      7.0   7.2    2090.8   normal
    9   -60.554982   -8.53     -70.21       1.107     -9.823      7.1   8.8    2259.4   normal
   10   -65.649702  -15.17     -85.38       1.117    -10.253      7.4   7.7    2420.0   normal
   11   -70.733052   -8.04     -93.41       1.115    -10.663      7.5   8.9    2606.3   normal
   12   -75.821006  -10.92    -104.34       1.118    -11.060      7.7   7.4    2778.2   normal
   13   -80.905785   -8.93    -113.27       1.121    -11.442      7.6   6.1    2951.2   normal
   14   -86.001864  -16.02    -129.29       1.153    -11.813      7.3   7.8    3044.2   normal
   15   -91.090226  -11.18    -140.48       1.160    -12.172      7.4   9.5    3200.2   normal
   16   -96.179364  -11.67    -152.14       1.173    -12.521      7.5   6.1    3337.3   normal
   17  -101.262671   -8.01    -160.15       1.168    -12.860      7.4   7.2    3522.8   normal
   18  -106.355360  -13.90    -174.05       1.180    -13.192      7.4   7.2    3660.3   normal
   19  -111.442994  -10.72    -184.77       1.175    -13.514      7.6   7.7    3848.1   normal
   20  -116.534278  -13.01    -197.79       1.191    -13.830      7.5   7.2    3964.6   normal
   21  -121.631994  -17.05    -214.84       1.213    -14.139      7.4   7.5    4060.1   normal
   22  -126.720994  -11.58    -226.42       1.211    -14.441      7.4   9.5    4232.7   normal
   Wall Potential too small, increasing size by 5 %
   New scaling factor 0.85
   23  -131.813276  -13.64    -240.06       1.210    -14.737      7.5   8.4    4403.4   normal
   24  -136.901285  -10.96    -251.02       1.217    -15.027      7.6   8.9    4543.5   normal
   25  -141.991494  -12.34    -263.36       1.217    -15.311      7.7  12.7    4707.6   normal
   26  -147.075963   -8.74    -272.09       1.222    -15.590      7.9  10.8    4855.4   normal
   Wall Potential too small, increasing size by 5 %
   New scaling factor 0.89
   27  -152.175306  -18.07    -290.17       1.218    -15.865      8.1  11.6    5037.3   normal
   Wall Potential too small, increasing size by 5 %
   New scaling factor 0.94
   28  -157.261162   -9.61    -299.77       1.217    -16.135      8.2  11.5    5207.3   normal
   29  -162.350935  -12.07    -311.84       1.219    -16.400      8.3  13.8    5363.0   normal
   30  -167.433707   -7.67    -319.51       1.218    -16.660      8.5  14.0    5534.3   normal
   31  -172.519181   -9.37    -328.88       1.220    -16.917      8.7  10.1    5689.3   normal
   32  -177.607495  -11.15    -340.03       1.224    -17.170      8.7  13.7    5839.2   normal
   33  -182.693801   -9.89    -349.92       1.227    -17.419      8.9  11.3    5988.6   normal
   34  -187.792365  -17.58    -367.50       1.236    -17.666      8.9  11.3    6105.6   normal
   Wall Potential too small, increasing size by 5 %
   New scaling factor 0.98
   35  -192.879891  -10.66    -378.16       1.233    -17.908      9.0  11.5    6287.3   normal
   36  -197.974884  -15.34    -393.50       1.235    -18.148      9.0  13.3    6441.4   normal
   37  -203.062325  -10.60    -404.11       1.235    -18.384      9.2  12.8    6604.1   normal
   38  -208.148643   -9.90    -414.00       1.235    -18.617      9.3  15.6    6768.3   normal
   39  -213.236800  -11.05    -425.06       1.236    -18.848      9.4  13.8    6920.9   normal
   40  -218.326518  -12.03    -437.09       1.240    -19.075      9.5  15.3    7064.8   normal
   41  -223.417676  -12.94    -450.02       1.235    -19.300      9.7  10.0    7253.7   normal
   42  -228.514966  -16.78    -466.81       1.246    -19.523      9.7  13.0    7351.7   normal
   43  -233.600934   -9.68    -476.48       1.248    -19.743      9.8  10.2    7506.1   normal
   44  -238.694314  -14.33    -490.81       1.252    -19.961      9.8  11.6    7644.2   normal
   45  -243.787068  -13.94    -504.75       1.244    -20.176      9.9   8.3    7851.8   normal
 
  Growth finished after 45 solvents added
  Results can be found in grow directory
  Energy list in file <qcg_energy.dat>
  Interaction energy in file <qcg_conv.dat>
  Growing process in <qcg_grow.xyz>
  Final geometry after grow in <cluster.coord> and <cluster.xyz>
  Potentials and geometry written in <cluster_cavity.coord> and <twopot_cavity.coord>
 
  =========================================
  |   quantum cluster growth: ENSEMBLE    |
  =========================================
 
   Method for ensemble search:--gff               
 Starting ensemble cluster generation by CREST routine
 
------------------------------------------------
Generating MTD length from a flexibility measure
------------------------------------------------
 System flexiblity is set to 1.0 for NCI mode
 flexibility measure :   1.000
 t(MTD) / ps set by command line  :    10.0
 t(MTD) / ps    :    10.0
 Σ(t(MTD)) / ps :   120.0 (12 MTDs)
 
-------------------------------------
Starting a trial MTD to test settings
-------------------------------------
 Estimated runtime for one MTD (10.0 ps) on a single thread: 3 min 32 sec
 Estimated runtime for a batch of 12 MTDs on 40 threads: 1 min 11 sec
 
 list of Vbias parameters applied:
$metadyn    0.00125   1.000
$metadyn    0.00083   1.000
$metadyn    0.00056   1.000
$metadyn    0.00125   0.667
$metadyn    0.00083   0.667
$metadyn    0.00056   0.667
$metadyn    0.00125   0.444
$metadyn    0.00083   0.444
$metadyn    0.00056   0.444
$metadyn    0.00125   0.296
$metadyn    0.00083   0.296
$metadyn    0.00056   0.296
 
*******************************************************************************************
**                        N E W    I T E R A T I O N    C Y C L E                        **
*******************************************************************************************
 
========================================
            MTD Iteration  1
========================================
 
     ========================================
     |         Meta-MD (MTD) Sampling       |
     ========================================
 
Starting Meta-MD   2 with the settings:
     MD time /ps        :    10.0
     dt /fs             :     1.5
     dumpstep(trj) /fs  :     200
     dumpstep(Vbias)/ps :     1.0
     Vbias factor k /Eh :  0.1217
     Vbias exp α /bohr⁻²:    1.00
Starting Meta-MD   1 with the settings:
     MD time /ps        :    10.0
     dt /fs             :     1.5
     dumpstep(trj) /fs  :     200
     dumpstep(Vbias)/ps :     1.0
     Vbias factor k /Eh :  0.1825
     Vbias exp α /bohr⁻²:    1.00
Starting Meta-MD   4 with the settings:
     MD time /ps        :    10.0
     dt /fs             :     1.5
     dumpstep(trj) /fs  :     200
     dumpstep(Vbias)/ps :     1.0
     Vbias factor k /Eh :  0.1825
     Vbias exp α /bohr⁻²:    0.67
Starting Meta-MD   5 with the settings:
     MD time /ps        :    10.0
     dt /fs             :     1.5
     dumpstep(trj) /fs  :     200
     dumpstep(Vbias)/ps :     1.0
     Vbias factor k /Eh :  0.1217
     Vbias exp α /bohr⁻²:    0.67
Starting Meta-MD   3 with the settings:
     MD time /ps        :    10.0
     dt /fs             :     1.5
     dumpstep(trj) /fs  :     200
     dumpstep(Vbias)/ps :     1.0
     Vbias factor k /Eh :  0.0811
     Vbias exp α /bohr⁻²:    1.00
Starting Meta-MD   6 with the settings:
     MD time /ps        :    10.0
     dt /fs             :     1.5
     dumpstep(trj) /fs  :     200
     dumpstep(Vbias)/ps :     1.0
     Vbias factor k /Eh :  0.0811
     Vbias exp α /bohr⁻²:    0.67
Starting Meta-MD   7 with the settings:
     MD time /ps        :    10.0
     dt /fs             :     1.5
     dumpstep(trj) /fs  :     200
     dumpstep(Vbias)/ps :     1.0
     Vbias factor k /Eh :  0.1825
     Vbias exp α /bohr⁻²:    0.44
Starting Meta-MD   9 with the settings:
     MD time /ps        :    10.0
     dt /fs             :     1.5
     dumpstep(trj) /fs  :     200
     dumpstep(Vbias)/ps :     1.0
     Vbias factor k /Eh :  0.0811
     Vbias exp α /bohr⁻²:    0.44
Starting Meta-MD   8 with the settings:
     MD time /ps        :    10.0
     dt /fs             :     1.5
     dumpstep(trj) /fs  :     200
     dumpstep(Vbias)/ps :     1.0
     Vbias factor k /Eh :  0.1217
     Vbias exp α /bohr⁻²:    0.44
Starting Meta-MD  10 with the settings:
     MD time /ps        :    10.0
     dt /fs             :     1.5
     dumpstep(trj) /fs  :     200
     dumpstep(Vbias)/ps :     1.0
     Vbias factor k /Eh :  0.1825
     Vbias exp α /bohr⁻²:    0.30
Starting Meta-MD  11 with the settings:
     MD time /ps        :    10.0
     dt /fs             :     1.5
     dumpstep(trj) /fs  :     200
     dumpstep(Vbias)/ps :     1.0
     Vbias factor k /Eh :  0.1217
     Vbias exp α /bohr⁻²:    0.30
Starting Meta-MD  12 with the settings:
     MD time /ps        :    10.0
     dt /fs             :     1.5
     dumpstep(trj) /fs  :     200
     dumpstep(Vbias)/ps :     1.0
     Vbias factor k /Eh :  0.0811
     Vbias exp α /bohr⁻²:    0.30
*Meta-MTD 2 finished*
*Meta-MTD 6 finished*
*Meta-MTD 9 finished*
*Meta-MTD 5 finished*
*Meta-MTD 12 finished*
*Meta-MTD 1 finished*
*Meta-MTD 4 finished*
*Meta-MTD 3 finished*
*Meta-MTD 7 finished*
*Meta-MTD 11 finished*
*Meta-MTD 8 finished*
*Meta-MTD 10 finished*
 
-----------------------
Multilevel Optimization
-----------------------
 
 -------------------------
 1. crude pre-optimization
 -------------------------
 Optimizing all 600 structures from file "crest_rotamers_0.xyz" ...
 1 2 3 4 5 6 7 8 9 10 11 12 13 14 15 16 17 18 19 20 21 22 23 24 25 26 27 28 29 30 31 32 33 34 35 36 37 38 39 40 41 42 43 44 45 46 47 48 49 50 51 52 53 54 55 56 57 58 59 60 61 62 63 64 65 66 67 68 69 70 71 72 73 74 75 76 77 78 79 80 81 82 83 84 85 86 87 88 89 90 91 92 93 94 95 96 97 98 99 100 101 102 103 104 105 106 107 108 109 110 111 112 113 114 115 116 117 118 119 120 121 122 123 124 125 126 127 128 129 130 131 132 133 134 135 136 137 138 139 140 141 142 143 144 145 146 147 148 149 150 151 152 153 154 155 156 157 158 159 160 161 162 163 164 165 166 167 168 169 170 171 172 173 174 175 176 177 178 179 180 181 182 183 184 185 186 187 188 189 190 191 192 193 194 195 196 197 198 199 200 201 202 203 204 205 206 207 208 209 210 211 212 213 214 215 216 217 218 219 220 221 222 223 224 225 226 227 228 229 230 231 232 233 234 235 236 237 238 239 240 241 242 243 244 245 246 247 248 249 250 251 252 253 254 255 256 257 258 259 260 261 262 263 264 265 266 267 268 269 270 271 272 273 274 275 276 277 278 279 280 281 282 283 284 285 286 287 288 289 290 291 292 293 294 295 296 297 298 299 300 301 302 303 304 305 306 307 308 309 310 311 312 313 314 315 316 317 318 319 320 321 322 323 324 325 326 327 328 329 330 331 332 333 334 335 336 337 338 339 340 341 342 343 344 345 346 347 348 349 350 351 352 353 354 355 356 357 358 359 360 361 362 363 364 365 366 367 368 369 370 371 372 373 374 375 376 377 378 379 380 381 382 383 384 385 386 387 388 389 390 391 392 393 394 395 396 397 398 399 400 401 402 403 404 405 406 407 408 409 410 411 412 413 414 415 416 417 418 419 420 421 422 423 424 425 426 427 428 429 430 431 432 433 434 435 436 437 438 439 440 441 442 443 444 445 446 447 448 449 450 451 452 453 454 455 456 457 458 459 460 461 462 463 464 465 466 467 468 469 470 471 472 473 474 475 476 477 478 479 480 481 482 483 484 485 486 487 488 489 490 491 492 493 494 495 496 497 498 499 500 501 502 503 504 505 506 507 508 509 510 511 512 513 514 515 516 517 518 519 520 521 522 523 524 525 526 527 528 529 530 531 532 533 534 535 536 537 538 539 540 541 542 543 544 545 546 547 548 549 550 551 552 553 554 555 556 557 558 559 560 561 562 563 564 565 566 567 568 569 570 571 572 573 574 575 576 577 578 579 580 581 582 583 584 585 586 587 588 589 590 591 592 593 594 595 596 597 598 599 600
 done.
 input  file name : crest_rotamers_1.xyz
 output file name : crest_rotamers_2.xyz
 reference state Etot :  -17.0193480900000     
 600 structures remain within     6.00 kcal/mol window
 
 
========================================
            MTD Iteration  2
========================================
 
     ========================================
     |         Meta-MD (MTD) Sampling       |
     ========================================
 
Starting Meta-MD   1 with the settings:
     MD time /ps        :    10.0
     dt /fs             :     1.5
     dumpstep(trj) /fs  :     200
     dumpstep(Vbias)/ps :     1.0
     Vbias factor k /Eh :  0.1825
     Vbias exp α /bohr⁻²:    1.00
Starting Meta-MD   2 with the settings:
     MD time /ps        :    10.0
     dt /fs             :     1.5
     dumpstep(trj) /fs  :     200
     dumpstep(Vbias)/ps :     1.0
     Vbias factor k /Eh :  0.1217
     Vbias exp α /bohr⁻²:    1.00
Starting Meta-MD   3 with the settings:
     MD time /ps        :    10.0
     dt /fs             :     1.5
     dumpstep(trj) /fs  :     200
     dumpstep(Vbias)/ps :     1.0
     Vbias factor k /Eh :  0.0811
     Vbias exp α /bohr⁻²:    1.00
Starting Meta-MD   4 with the settings:
     MD time /ps        :    10.0
     dt /fs             :     1.5
     dumpstep(trj) /fs  :     200
     dumpstep(Vbias)/ps :     1.0
     Vbias factor k /Eh :  0.1825
     Vbias exp α /bohr⁻²:    0.67
Starting Meta-MD   5 with the settings:
     MD time /ps        :    10.0
     dt /fs             :     1.5
     dumpstep(trj) /fs  :     200
     dumpstep(Vbias)/ps :     1.0
     Vbias factor k /Eh :  0.1217
     Vbias exp α /bohr⁻²:    0.67
Starting Meta-MD   6 with the settings:
     MD time /ps        :    10.0
     dt /fs             :     1.5
     dumpstep(trj) /fs  :     200
     dumpstep(Vbias)/ps :     1.0
     Vbias factor k /Eh :  0.0811
     Vbias exp α /bohr⁻²:    0.67
Starting Meta-MD  10 with the settings:
     MD time /ps        :    10.0
     dt /fs             :     1.5
     dumpstep(trj) /fs  :     200
     dumpstep(Vbias)/ps :     1.0
     Vbias factor k /Eh :  0.1825
     Vbias exp α /bohr⁻²:    0.30
Starting Meta-MD   7 with the settings:
     MD time /ps        :    10.0
     dt /fs             :     1.5
     dumpstep(trj) /fs  :     200
     dumpstep(Vbias)/ps :     1.0
     Vbias factor k /Eh :  0.1825
     Vbias exp α /bohr⁻²:    0.44
Starting Meta-MD   9 with the settings:
     MD time /ps        :    10.0
     dt /fs             :     1.5
     dumpstep(trj) /fs  :     200
     dumpstep(Vbias)/ps :     1.0
     Vbias factor k /Eh :  0.0811
     Vbias exp α /bohr⁻²:    0.44
Starting Meta-MD   8 with the settings:
     MD time /ps        :    10.0
     dt /fs             :     1.5
     dumpstep(trj) /fs  :     200
     dumpstep(Vbias)/ps :     1.0
     Vbias factor k /Eh :  0.1217
     Vbias exp α /bohr⁻²:    0.44
*Meta-MTD 10 finished*
*Meta-MTD 9 finished*
*Meta-MTD 3 finished*
*Meta-MTD 2 finished*
*Meta-MTD 5 finished*
*Meta-MTD 6 finished*
*Meta-MTD 4 finished*
*Meta-MTD 7 finished*
*Meta-MTD 8 finished*
*Meta-MTD 1 finished*
 
-----------------------
Multilevel Optimization
-----------------------
 
 -------------------------
 1. crude pre-optimization
 -------------------------
 Optimizing all 500 structures from file "crest_rotamers_0.xyz" ...
 1 2 3 4 5 6 7 8 9 10 11 12 13 14 15 16 17 18 19 20 21 22 23 24 25 26 27 28 29 30 31 32 33 34 35 36 37 38 39 40 41 42 43 44 45 46 47 48 49 50 51 52 53 54 55 56 57 58 59 60 61 62 63 64 65 66 67 68 69 70 71 72 73 74 75 76 77 78 79 80 81 82 83 84 85 86 87 88 89 90 91 92 93 94 95 96 97 98 99 100 101 102 103 104 105 106 107 108 109 110 111 112 113 114 115 116 117 118 119 120 121 122 123 124 125 126 127 128 129 130 131 132 133 134 135 136 137 138 139 140 141 142 143 144 145 146 147 148 149 150 151 152 153 154 155 156 157 158 159 160 161 162 163 164 165 166 167 168 169 170 171 172 173 174 175 176 177 178 179 180 181 182 183 184 185 186 187 188 189 190 191 192 193 194 195 196 197 198 199 200 201 202 203 204 205 206 207 208 209 210 211 212 213 214 215 216 217 218 219 220 221 222 223 224 225 226 227 228 229 230 231 232 233 234 235 236 237 238 239 240 241 242 243 244 245 246 247 248 249 250 251 252 253 254 255 256 257 258 259 260 261 262 263 264 265 266 267 268 269 270 271 272 273 274 275 276 277 278 279 280 281 282 283 284 285 286 287 288 289 290 291 292 293 294 295 296 297 298 299 300 301 302 303 304 305 306 307 308 309 310 311 312 313 314 315 316 317 318 319 320 321 322 323 324 325 326 327 328 329 330 331 332 333 334 335 336 337 338 339 340 341 342 343 344 345 346 347 348 349 350 351 352 353 354 355 356 357 358 359 360 361 362 363 364 365 366 367 368 369 370 371 372 373 374 375 376 377 378 379 380 381 382 383 384 385 386 387 388 389 390 391 392 393 394 395 396 397 398 399 400 401 402 403 404 405 406 407 408 409 410 411 412 413 414 415 416 417 418 419 420 421 422 423 424 425 426 427 428 429 430 431 432 433 434 435 436 437 438 439 440 441 442 443 444 445 446 447 448 449 450 451 452 453 454 455 456 457 458 459 460 461 462 463 464 465 466 467 468 469 470 471 472 473 474 475 476 477 478 479 480 481 482 483 484 485 486 487 488 489 490 491 492 493 494 495 496 497 498 499 500
 done.
 input  file name : crest_rotamers_1.xyz
 output file name : crest_rotamers_2.xyz
 reference state Etot :  -17.0247189200000     
 500 structures remain within     6.00 kcal/mol window
 
 ...............................................
 A new lower conformer was found!
 Improved by    0.00537 Eh or    3.37025kcal/mol
 ...............................................
 
========================================
            MTD Iteration  3
========================================
 
     ========================================
     |         Meta-MD (MTD) Sampling       |
     ========================================
 
Starting Meta-MD   1 with the settings:
     MD time /ps        :    10.0
     dt /fs             :     1.5
     dumpstep(trj) /fs  :     200
     dumpstep(Vbias)/ps :     1.0
     Vbias factor k /Eh :  0.1825
     Vbias exp α /bohr⁻²:    1.00
Starting Meta-MD   2 with the settings:
     MD time /ps        :    10.0
     dt /fs             :     1.5
     dumpstep(trj) /fs  :     200
     dumpstep(Vbias)/ps :     1.0
     Vbias factor k /Eh :  0.1217
     Vbias exp α /bohr⁻²:    1.00
Starting Meta-MD  10 with the settings:
     MD time /ps        :    10.0
     dt /fs             :     1.5
     dumpstep(trj) /fs  :     200
     dumpstep(Vbias)/ps :     1.0
     Vbias factor k /Eh :  0.1825
     Vbias exp α /bohr⁻²:    0.30
Starting Meta-MD   3 with the settings:
     MD time /ps        :    10.0
     dt /fs             :     1.5
     dumpstep(trj) /fs  :     200
     dumpstep(Vbias)/ps :     1.0
     Vbias factor k /Eh :  0.0811
     Vbias exp α /bohr⁻²:    1.00
Starting Meta-MD   4 with the settings:
     MD time /ps        :    10.0
     dt /fs             :     1.5
     dumpstep(trj) /fs  :     200
     dumpstep(Vbias)/ps :     1.0
     Vbias factor k /Eh :  0.1825
     Vbias exp α /bohr⁻²:    0.67
Starting Meta-MD   5 with the settings:
     MD time /ps        :    10.0
     dt /fs             :     1.5
     dumpstep(trj) /fs  :     200
     dumpstep(Vbias)/ps :     1.0
     Vbias factor k /Eh :  0.1217
     Vbias exp α /bohr⁻²:    0.67
Starting Meta-MD   6 with the settings:
     MD time /ps        :    10.0
     dt /fs             :     1.5
     dumpstep(trj) /fs  :     200
     dumpstep(Vbias)/ps :     1.0
     Vbias factor k /Eh :  0.0811
     Vbias exp α /bohr⁻²:    0.67
Starting Meta-MD   7 with the settings:
     MD time /ps        :    10.0
     dt /fs             :     1.5
     dumpstep(trj) /fs  :     200
     dumpstep(Vbias)/ps :     1.0
     Vbias factor k /Eh :  0.1825
     Vbias exp α /bohr⁻²:    0.44
Starting Meta-MD   8 with the settings:
     MD time /ps        :    10.0
     dt /fs             :     1.5
     dumpstep(trj) /fs  :     200
     dumpstep(Vbias)/ps :     1.0
     Vbias factor k /Eh :  0.1217
     Vbias exp α /bohr⁻²:    0.44
Starting Meta-MD   9 with the settings:
     MD time /ps        :    10.0
     dt /fs             :     1.5
     dumpstep(trj) /fs  :     200
     dumpstep(Vbias)/ps :     1.0
     Vbias factor k /Eh :  0.0811
     Vbias exp α /bohr⁻²:    0.44
*Meta-MTD 6 finished*
*Meta-MTD 7 finished*
*Meta-MTD 8 finished*
*Meta-MTD 2 finished*
*Meta-MTD 1 finished*
*Meta-MTD 4 finished*
*Meta-MTD 9 finished*
*Meta-MTD 3 finished*
*Meta-MTD 10 finished*
*Meta-MTD 5 finished*
 
-----------------------
Multilevel Optimization
-----------------------
 
 -------------------------
 1. crude pre-optimization
 -------------------------
 Optimizing all 500 structures from file "crest_rotamers_0.xyz" ...
 1 2 3 4 5 6 7 8 9 10 11 12 13 14 15 16 17 18 19 20 21 22 23 24 25 26 27 28 29 30 31 32 33 34 35 36 37 38 39 40 41 42 43 44 45 46 47 48 49 50 51 52 53 54 55 56 57 58 59 60 61 62 63 64 65 66 67 68 69 70 71 72 73 74 75 76 77 78 79 80 81 82 83 84 85 86 87 88 89 90 91 92 93 94 95 96 97 98 99 100 101 102 103 104 105 106 107 108 109 110 111 112 113 114 115 116 117 118 119 120 121 122 123 124 125 126 127 128 129 130 131 132 133 134 135 136 137 138 139 140 141 142 143 144 145 146 147 148 149 150 151 152 153 154 155 156 157 158 159 160 161 162 163 164 165 166 167 168 169 170 171 172 173 174 175 176 177 178 179 180 181 182 183 184 185 186 187 188 189 190 191 192 193 194 195 196 197 198 199 200 201 202 203 204 205 206 207 208 209 210 211 212 213 214 215 216 217 218 219 220 221 222 223 224 225 226 227 228 229 230 231 232 233 234 235 236 237 238 239 240 241 242 243 244 245 246 247 248 249 250 251 252 253 254 255 256 257 258 259 260 261 262 263 264 265 266 267 268 269 270 271 272 273 274 275 276 277 278 279 280 281 282 283 284 285 286 287 288 289 290 291 292 293 294 295 296 297 298 299 300 301 302 303 304 305 306 307 308 309 310 311 312 313 314 315 316 317 318 319 320 321 322 323 324 325 326 327 328 329 330 331 332 333 334 335 336 337 338 339 340 341 342 343 344 345 346 347 348 349 350 351 352 353 354 355 356 357 358 359 360 361 362 363 364 365 366 367 368 369 370 371 372 373 374 375 376 377 378 379 380 381 382 383 384 385 386 387 388 389 390 391 392 393 394 395 396 397 398 399 400 401 402 403 404 405 406 407 408 409 410 411 412 413 414 415 416 417 418 419 420 421 422 423 424 425 426 427 428 429 430 431 432 433 434 435 436 437 438 439 440 441 442 443 444 445 446 447 448 449 450 451 452 453 454 455 456 457 458 459 460 461 462 463 464 465 466 467 468 469 470 471 472 473 474 475 476 477 478 479 480 481 482 483 484 485 486 487 488 489 490 491 492 493 494 495 496 497 498 499 500
 done.
 input  file name : crest_rotamers_1.xyz
 output file name : crest_rotamers_2.xyz
 reference state Etot :  -17.0231855700000     
 500 structures remain within     6.00 kcal/mol window
 
========================================
            MTD Iterations done         
========================================
 Collecting ensmbles.
 running RMSDs...
 done.
 E lowest :   -17.02472
 9 structures remain within     3.00 kcal/mol window
 
-----------------------------------------------
Additional regular MDs on lowest 3 conformer(s)
-----------------------------------------------
Starting MD   1 with the settings:
     MD time /ps        :     5.0
     MD Temperature /K  :   400.0
     dt /fs             :     1.5
     dumpstep(trj) /fs  :     200
Starting MD   6 with the settings:
     MD time /ps        :     5.0
     MD Temperature /K  :   500.0
     dt /fs             :     1.5
     dumpstep(trj) /fs  :     200
Starting MD   2 with the settings:
     MD time /ps        :     5.0
     MD Temperature /K  :   500.0
     dt /fs             :     1.5
     dumpstep(trj) /fs  :     200
Starting MD   3 with the settings:
     MD time /ps        :     5.0
     MD Temperature /K  :   400.0
     dt /fs             :     1.5
     dumpstep(trj) /fs  :     200
Starting MD   4 with the settings:
     MD time /ps        :     5.0
     MD Temperature /K  :   500.0
     dt /fs             :     1.5
     dumpstep(trj) /fs  :     200
Starting MD   5 with the settings:
     MD time /ps        :     5.0
     MD Temperature /K  :   400.0
     dt /fs             :     1.5
     dumpstep(trj) /fs  :     200
*MD 1 finished*
*MD 4 finished*
*MD 2 finished*
*MD 6 finished*
*MD 5 finished*
*MD 3 finished*
 Appending file crest_rotamers_1.xyz with new structures
 
 --------------------------------------------
 Ensemble optimization with normal thresholds
 --------------------------------------------
 Optimizing all 159 structures from file "crest_rotamers_1.xyz" ...
 1 2 3 4 5 6 7 8 9 10 11 12 13 14 15 16 17 18 19 20 21 22 23 24 25 26 27 28 29 30 31 32 33 34 35 36 37 38 39 40 41 42 43 44 45 46 47 48 49 50 51 52 53 54 55 56 57 58 59 60 61 62 63 64 65 66 67 68 69 70 71 72 73 74 75 76 77 78 79 80 81 82 83 84 85 86 87 88 89 90 91 92 93 94 95 96 97 98 99 100 101 102 103 104 105 106 107 108 109 110 111 112 113 114 115 116 117 118 119 120 121 122 123 124 125 126 127 128 129 130 131 132 133 134 135 136 137 138 139 140 141 142 143 144 145 146 147 148 149 150 151 152 153 154 155 156 157 158 159
 done.
 input  file name : crest_rotamers_2.xyz
 output file name : crest_rotamers_3.xyz
 reference state Etot :  -17.0294445000000     
 159 structures remain within     3.00 kcal/mol window
 
 ...............................................
 A new lower conformer was found!
 Improved by    0.00473 Eh or    2.96535kcal/mol
 ...............................................
 
*******************************************************************************************
**                        N E W    I T E R A T I O N    C Y C L E                        **
*******************************************************************************************
 
========================================
            MTD Iteration  1
========================================
 
     ========================================
     |         Meta-MD (MTD) Sampling       |
     ========================================
 
Starting Meta-MD   1 with the settings:
     MD time /ps        :    10.0
     dt /fs             :     1.5
     dumpstep(trj) /fs  :     200
     dumpstep(Vbias)/ps :     1.0
     Vbias factor k /Eh :  0.1825
     Vbias exp α /bohr⁻²:    1.00
Starting Meta-MD   2 with the settings:
     MD time /ps        :    10.0
     dt /fs             :     1.5
     dumpstep(trj) /fs  :     200
     dumpstep(Vbias)/ps :     1.0
     Vbias factor k /Eh :  0.1217
     Vbias exp α /bohr⁻²:    1.00
Starting Meta-MD   3 with the settings:
     MD time /ps        :    10.0
     dt /fs             :     1.5
     dumpstep(trj) /fs  :     200
     dumpstep(Vbias)/ps :     1.0
     Vbias factor k /Eh :  0.0811
     Vbias exp α /bohr⁻²:    1.00
Starting Meta-MD   4 with the settings:
     MD time /ps        :    10.0
     dt /fs             :     1.5
     dumpstep(trj) /fs  :     200
     dumpstep(Vbias)/ps :     1.0
     Vbias factor k /Eh :  0.1825
     Vbias exp α /bohr⁻²:    0.67
Starting Meta-MD   5 with the settings:
     MD time /ps        :    10.0
     dt /fs             :     1.5
     dumpstep(trj) /fs  :     200
     dumpstep(Vbias)/ps :     1.0
     Vbias factor k /Eh :  0.1217
     Vbias exp α /bohr⁻²:    0.67
Starting Meta-MD   6 with the settings:
     MD time /ps        :    10.0
     dt /fs             :     1.5
     dumpstep(trj) /fs  :     200
     dumpstep(Vbias)/ps :     1.0
     Vbias factor k /Eh :  0.0811
     Vbias exp α /bohr⁻²:    0.67
Starting Meta-MD   7 with the settings:
     MD time /ps        :    10.0
     dt /fs             :     1.5
     dumpstep(trj) /fs  :     200
     dumpstep(Vbias)/ps :     1.0
     Vbias factor k /Eh :  0.1825
     Vbias exp α /bohr⁻²:    0.44
Starting Meta-MD   8 with the settings:
     MD time /ps        :    10.0
     dt /fs             :     1.5
     dumpstep(trj) /fs  :     200
     dumpstep(Vbias)/ps :     1.0
     Vbias factor k /Eh :  0.1217
     Vbias exp α /bohr⁻²:    0.44
Starting Meta-MD  10 with the settings:
     MD time /ps        :    10.0
     dt /fs             :     1.5
     dumpstep(trj) /fs  :     200
     dumpstep(Vbias)/ps :     1.0
     Vbias factor k /Eh :  0.1825
     Vbias exp α /bohr⁻²:    0.30
Starting Meta-MD   9 with the settings:
     MD time /ps        :    10.0
     dt /fs             :     1.5
     dumpstep(trj) /fs  :     200
     dumpstep(Vbias)/ps :     1.0
     Vbias factor k /Eh :  0.0811
     Vbias exp α /bohr⁻²:    0.44
*Meta-MTD 2 finished*
*Meta-MTD 7 finished*
*Meta-MTD 3 finished*
*Meta-MTD 1 finished*
*Meta-MTD 9 finished*
*Meta-MTD 5 finished*
*Meta-MTD 10 finished*
*Meta-MTD 6 finished*
*Meta-MTD 8 finished*
*Meta-MTD 4 finished*
 
-----------------------
Multilevel Optimization
-----------------------
 
 -------------------------
 1. crude pre-optimization
 -------------------------
 Optimizing all 500 structures from file "crest_rotamers_0.xyz" ...
 1 2 3 4 5 6 7 8 9 10 11 12 13 14 15 16 17 18 19 20 21 22 23 24 25 26 27 28 29 30 31 32 33 34 35 36 37 38 39 40 41 42 43 44 45 46 47 48 49 50 51 52 53 54 55 56 57 58 59 60 61 62 63 64 65 66 67 68 69 70 71 72 73 74 75 76 77 78 79 80 81 82 83 84 85 86 87 88 89 90 91 92 93 94 95 96 97 98 99 100 101 102 103 104 105 106 107 108 109 110 111 112 113 114 115 116 117 118 119 120 121 122 123 124 125 126 127 128 129 130 131 132 133 134 135 136 137 138 139 140 141 142 143 144 145 146 147 148 149 150 151 152 153 154 155 156 157 158 159 160 161 162 163 164 165 166 167 168 169 170 171 172 173 174 175 176 177 178 179 180 181 182 183 184 185 186 187 188 189 190 191 192 193 194 195 196 197 198 199 200 201 202 203 204 205 206 207 208 209 210 211 212 213 214 215 216 217 218 219 220 221 222 223 224 225 226 227 228 229 230 231 232 233 234 235 236 237 238 239 240 241 242 243 244 245 246 247 248 249 250 251 252 253 254 255 256 257 258 259 260 261 262 263 264 265 266 267 268 269 270 271 272 273 274 275 276 277 278 279 280 281 282 283 284 285 286 287 288 289 290 291 292 293 294 295 296 297 298 299 300 301 302 303 304 305 306 307 308 309 310 311 312 313 314 315 316 317 318 319 320 321 322 323 324 325 326 327 328 329 330 331 332 333 334 335 336 337 338 339 340 341 342 343 344 345 346 347 348 349 350 351 352 353 354 355 356 357 358 359 360 361 362 363 364 365 366 367 368 369 370 371 372 373 374 375 376 377 378 379 380 381 382 383 384 385 386 387 388 389 390 391 392 393 394 395 396 397 398 399 400 401 402 403 404 405 406 407 408 409 410 411 412 413 414 415 416 417 418 419 420 421 422 423 424 425 426 427 428 429 430 431 432 433 434 435 436 437 438 439 440 441 442 443 444 445 446 447 448 449 450 451 452 453 454 455 456 457 458 459 460 461 462 463 464 465 466 467 468 469 470 471 472 473 474 475 476 477 478 479 480 481 482 483 484 485 486 487 488 489 490 491 492 493 494 495 496 497 498 499 500
 done.
 input  file name : crest_rotamers_1.xyz
 output file name : crest_rotamers_2.xyz
 reference state Etot :  -17.0282993200000     
 500 structures remain within     6.00 kcal/mol window
 
========================================
            MTD Iterations done         
========================================
 Collecting ensmbles.
 running RMSDs...
 done.
 E lowest :   -17.02830
 4 structures remain within     3.00 kcal/mol window
 
-----------------------------------------------
Additional regular MDs on lowest 3 conformer(s)
-----------------------------------------------
Starting MD   6 with the settings:
     MD time /ps        :     5.0
     MD Temperature /K  :   500.0
     dt /fs             :     1.5
     dumpstep(trj) /fs  :     200
Starting MD   1 with the settings:
     MD time /ps        :     5.0
     MD Temperature /K  :   400.0
     dt /fs             :     1.5
     dumpstep(trj) /fs  :     200
Starting MD   2 with the settings:
     MD time /ps        :     5.0
     MD Temperature /K  :   500.0
     dt /fs             :     1.5
     dumpstep(trj) /fs  :     200
Starting MD   3 with the settings:
     MD time /ps        :     5.0
     MD Temperature /K  :   400.0
     dt /fs             :     1.5
     dumpstep(trj) /fs  :     200
Starting MD   4 with the settings:
     MD time /ps        :     5.0
     MD Temperature /K  :   500.0
     dt /fs             :     1.5
     dumpstep(trj) /fs  :     200
Starting MD   5 with the settings:
     MD time /ps        :     5.0
     MD Temperature /K  :   400.0
     dt /fs             :     1.5
     dumpstep(trj) /fs  :     200
*MD 6 finished*
*MD 2 finished*
*MD 1 finished*
*MD 3 finished*
*MD 4 finished*
*MD 5 finished*
 Appending file crest_rotamers_1.xyz with new structures
 
 --------------------------------------------
 Ensemble optimization with normal thresholds
 --------------------------------------------
 Optimizing all 154 structures from file "crest_rotamers_1.xyz" ...
 1 2 3 4 5 6 7 8 9 10 11 12 13 14 15 16 17 18 19 20 21 22 23 24 25 26 27 28 29 30 31 32 33 34 35 36 37 38 39 40 41 42 43 44 45 46 47 48 49 50 51 52 53 54 55 56 57 58 59 60 61 62 63 64 65 66 67 68 69 70 71 72 73 74 75 76 77 78 79 80 81 82 83 84 85 86 87 88 89 90 91 92 93 94 95 96 97 98 99 100 101 102 103 104 105 106 107 108 109 110 111 112 113 114 115 116 117 118 119 120 121 122 123 124 125 126 127 128 129 130 131 132 133 134 135 136 137 138 139 140 141 142 143 144 145 146 147 148 149 150 151 152 153 154
 done.
 input  file name : crest_rotamers_2.xyz
 output file name : crest_rotamers_3.xyz
 reference state Etot :  -17.0325854900000     
 154 structures remain within     3.00 kcal/mol window
 
 ...............................................
 A new lower conformer was found!
 Improved by    0.00314 Eh or    1.97100kcal/mol
 ...............................................
 
*******************************************************************************************
**                        N E W    I T E R A T I O N    C Y C L E                        **
*******************************************************************************************
 
========================================
            MTD Iteration  1
========================================
 
     ========================================
     |         Meta-MD (MTD) Sampling       |
     ========================================
 
Starting Meta-MD  10 with the settings:
     MD time /ps        :    10.0
     dt /fs             :     1.5
     dumpstep(trj) /fs  :     200
     dumpstep(Vbias)/ps :     1.0
     Vbias factor k /Eh :  0.1825
     Vbias exp α /bohr⁻²:    0.30
Starting Meta-MD   1 with the settings:
     MD time /ps        :    10.0
     dt /fs             :     1.5
     dumpstep(trj) /fs  :     200
     dumpstep(Vbias)/ps :     1.0
     Vbias factor k /Eh :  0.1825
     Vbias exp α /bohr⁻²:    1.00
Starting Meta-MD   2 with the settings:
     MD time /ps        :    10.0
     dt /fs             :     1.5
     dumpstep(trj) /fs  :     200
     dumpstep(Vbias)/ps :     1.0
     Vbias factor k /Eh :  0.1217
     Vbias exp α /bohr⁻²:    1.00
Starting Meta-MD   3 with the settings:
     MD time /ps        :    10.0
     dt /fs             :     1.5
     dumpstep(trj) /fs  :     200
     dumpstep(Vbias)/ps :     1.0
     Vbias factor k /Eh :  0.0811
     Vbias exp α /bohr⁻²:    1.00
Starting Meta-MD   4 with the settings:
     MD time /ps        :    10.0
     dt /fs             :     1.5
     dumpstep(trj) /fs  :     200
     dumpstep(Vbias)/ps :     1.0
     Vbias factor k /Eh :  0.1825
     Vbias exp α /bohr⁻²:    0.67
Starting Meta-MD   5 with the settings:
     MD time /ps        :    10.0
     dt /fs             :     1.5
     dumpstep(trj) /fs  :     200
     dumpstep(Vbias)/ps :     1.0
     Vbias factor k /Eh :  0.1217
     Vbias exp α /bohr⁻²:    0.67
Starting Meta-MD   6 with the settings:
     MD time /ps        :    10.0
     dt /fs             :     1.5
     dumpstep(trj) /fs  :     200
     dumpstep(Vbias)/ps :     1.0
     Vbias factor k /Eh :  0.0811
     Vbias exp α /bohr⁻²:    0.67
Starting Meta-MD   7 with the settings:
     MD time /ps        :    10.0
     dt /fs             :     1.5
     dumpstep(trj) /fs  :     200
     dumpstep(Vbias)/ps :     1.0
     Vbias factor k /Eh :  0.1825
     Vbias exp α /bohr⁻²:    0.44
Starting Meta-MD   8 with the settings:
     MD time /ps        :    10.0
     dt /fs             :     1.5
     dumpstep(trj) /fs  :     200
     dumpstep(Vbias)/ps :     1.0
     Vbias factor k /Eh :  0.1217
     Vbias exp α /bohr⁻²:    0.44
Starting Meta-MD   9 with the settings:
     MD time /ps        :    10.0
     dt /fs             :     1.5
     dumpstep(trj) /fs  :     200
     dumpstep(Vbias)/ps :     1.0
     Vbias factor k /Eh :  0.0811
     Vbias exp α /bohr⁻²:    0.44
*Meta-MTD 9 finished*
*Meta-MTD 8 finished*
*Meta-MTD 6 finished*
*Meta-MTD 1 finished*
*Meta-MTD 10 finished*
*Meta-MTD 4 finished*
*Meta-MTD 2 finished*
*Meta-MTD 3 finished*
*Meta-MTD 7 finished*
*Meta-MTD 5 finished*
 
-----------------------
Multilevel Optimization
-----------------------
 
 -------------------------
 1. crude pre-optimization
 -------------------------
 Optimizing all 500 structures from file "crest_rotamers_0.xyz" ...
 1 2 3 4 5 6 7 8 9 10 11 12 13 14 15 16 17 18 19 20 21 22 23 24 25 26 27 28 29 30 31 32 33 34 35 36 37 38 39 40 41 42 43 44 45 46 47 48 49 50 51 52 53 54 55 56 57 58 59 60 61 62 63 64 65 66 67 68 69 70 71 72 73 74 75 76 77 78 79 80 81 82 83 84 85 86 87 88 89 90 91 92 93 94 95 96 97 98 99 100 101 102 103 104 105 106 107 108 109 110 111 112 113 114 115 116 117 118 119 120 121 122 123 124 125 126 127 128 129 130 131 132 133 134 135 136 137 138 139 140 141 142 143 144 145 146 147 148 149 150 151 152 153 154 155 156 157 158 159 160 161 162 163 164 165 166 167 168 169 170 171 172 173 174 175 176 177 178 179 180 181 182 183 184 185 186 187 188 189 190 191 192 193 194 195 196 197 198 199 200 201 202 203 204 205 206 207 208 209 210 211 212 213 214 215 216 217 218 219 220 221 222 223 224 225 226 227 228 229 230 231 232 233 234 235 236 237 238 239 240 241 242 243 244 245 246 247 248 249 250 251 252 253 254 255 256 257 258 259 260 261 262 263 264 265 266 267 268 269 270 271 272 273 274 275 276 277 278 279 280 281 282 283 284 285 286 287 288 289 290 291 292 293 294 295 296 297 298 299 300 301 302 303 304 305 306 307 308 309 310 311 312 313 314 315 316 317 318 319 320 321 322 323 324 325 326 327 328 329 330 331 332 333 334 335 336 337 338 339 340 341 342 343 344 345 346 347 348 349 350 351 352 353 354 355 356 357 358 359 360 361 362 363 364 365 366 367 368 369 370 371 372 373 374 375 376 377 378 379 380 381 382 383 384 385 386 387 388 389 390 391 392 393 394 395 396 397 398 399 400 401 402 403 404 405 406 407 408 409 410 411 412 413 414 415 416 417 418 419 420 421 422 423 424 425 426 427 428 429 430 431 432 433 434 435 436 437 438 439 440 441 442 443 444 445 446 447 448 449 450 451 452 453 454 455 456 457 458 459 460 461 462 463 464 465 466 467 468 469 470 471 472 473 474 475 476 477 478 479 480 481 482 483 484 485 486 487 488 489 490 491 492 493 494 495 496 497 498 499 500
 done.
 input  file name : crest_rotamers_1.xyz
 output file name : crest_rotamers_2.xyz
 reference state Etot :  -17.0290219000000     
 500 structures remain within     6.00 kcal/mol window
 
========================================
            MTD Iterations done         
========================================
 Collecting ensmbles.
 running RMSDs...
 done.
 E lowest :   -17.02902
 5 structures remain within     3.00 kcal/mol window
 
-----------------------------------------------
Additional regular MDs on lowest 3 conformer(s)
-----------------------------------------------
Starting MD   6 with the settings:
     MD time /ps        :     5.0
     MD Temperature /K  :   500.0
     dt /fs             :     1.5
     dumpstep(trj) /fs  :     200
Starting MD   1 with the settings:
     MD time /ps        :     5.0
     MD Temperature /K  :   400.0
     dt /fs             :     1.5
     dumpstep(trj) /fs  :     200
Starting MD   2 with the settings:
     MD time /ps        :     5.0
     MD Temperature /K  :   500.0
     dt /fs             :     1.5
     dumpstep(trj) /fs  :     200
Starting MD   3 with the settings:
     MD time /ps        :     5.0
     MD Temperature /K  :   400.0
     dt /fs             :     1.5
     dumpstep(trj) /fs  :     200
Starting MD   4 with the settings:
     MD time /ps        :     5.0
     MD Temperature /K  :   500.0
     dt /fs             :     1.5
     dumpstep(trj) /fs  :     200
Starting MD   5 with the settings:
     MD time /ps        :     5.0
     MD Temperature /K  :   400.0
     dt /fs             :     1.5
     dumpstep(trj) /fs  :     200
*MD 6 finished*
*MD 4 finished*
*MD 1 finished*
*MD 2 finished*
*MD 5 finished*
*MD 3 finished*
 Appending file crest_rotamers_1.xyz with new structures
 
 --------------------------------------------
 Ensemble optimization with normal thresholds
 --------------------------------------------
 Optimizing all 155 structures from file "crest_rotamers_1.xyz" ...
 1 2 3 4 5 6 7 8 9 10 11 12 13 14 15 16 17 18 19 20 21 22 23 24 25 26 27 28 29 30 31 32 33 34 35 36 37 38 39 40 41 42 43 44 45 46 47 48 49 50 51 52 53 54 55 56 57 58 59 60 61 62 63 64 65 66 67 68 69 70 71 72 73 74 75 76 77 78 79 80 81 82 83 84 85 86 87 88 89 90 91 92 93 94 95 96 97 98 99 100 101 102 103 104 105 106 107 108 109 110 111 112 113 114 115 116 117 118 119 120 121 122 123 124 125 126 127 128 129 130 131 132 133 134 135 136 137 138 139 140 141 142 143 144 145 146 147 148 149 150 151 152 153 154 155
 done.
 input  file name : crest_rotamers_2.xyz
 output file name : crest_rotamers_3.xyz
 reference state Etot :  -17.0308122500000     
 155 structures remain within     3.00 kcal/mol window
 
 
 
   ================================================
   |           Final Geometry Optimization        |
   ================================================
 --------------------------------------------
 Ensemble optimization with normal thresholds
 --------------------------------------------
 Optimizing all 155 structures from file "crest_rotamers_3.xyz" ...
 1 2 3 4 5 6 7 8 9 10 11 12 13 14 15 16 17 18 19 20 21 22 23 24 25 26 27 28 29 30 31 32 33 34 35 36 37 38 39 40 41 42 43 44 45 46 47 48 49 50 51 52 53 54 55 56 57 58 59 60 61 62 63 64 65 66 67 68 69 70 71 72 73 74 75 76 77 78 79 80 81 82 83 84 85 86 87 88 89 90 91 92 93 94 95 96 97 98 99 100 101 102 103 104 105 106 107 108 109 110 111 112 113 114 115 116 117 118 119 120 121 122 123 124 125 126 127 128 129 130 131 132 133 134 135 136 137 138 139 140 141 142 143 144 145 146 147 148 149 150 151 152 153 154 155
 done.
 input  file name : crest_rotamers_4.xyz
 output file name : crest_rotamers_5.xyz
 reference state Etot :  -17.0308719800000     
 155 structures remain within     3.00 kcal/mol window
 
  GFN2-xTB optimization
 --------------------------------------------
 Ensemble optimization with normal thresholds
 --------------------------------------------
 Optimizing all 155 structures from file "crest_rotamers_5.xyz" ...
 1 2 3 4 5 6 7 8 9 10 11 12 13 14 15 16 17 18 19 20 21 22 23 24 25 26 27 28 29 30 31 32 33 34 35 36 37 38 39 40 41 42 43 44 45 46 47 48 49 50 51 52 53 54 55 56 57 58 59 60 61 62 63 64 65 66 67 68 69 70 71 72 73 74 75 76 77 78 79 80 81 82 83 84 85 86 87 88 89 90 91 92 93 94 95 96 97 98 99 100 101 102 103 104 105 106 107 108 109 110 111 112 113 114 115 116 117 118 119 120 121 122 123 124 125 126 127 128 129 130 131 132 133 134 135 136 137 138 139 140 141 142 143 144 145 146 147 148 149 150 151 152 153 154 155
 done.
 
 -------------------------------------------
 Ensemble optimization with tight thresholds
 -------------------------------------------
 Optimizing all 155 structures from file "crest_rotamers_6.xyz" ...
 1 2 3 4 5 6 7 8 9 10 11 12 13 14 15 16 17 18 19 20 21 22 23 24 25 26 27 28 29 30 31 32 33 34 35 36 37 38 39 40 41 42 43 44 45 46 47 48 49 50 51 52 53 54 55 56 57 58 59 60 61 62 63 64 65 66 67 68 69 70 71 72 73 74 75 76 77 78 79 80 81 82 83 84 85 86 87 88 89 90 91 92 93 94 95 96 97 98 99 100 101 102 103 104 105 106 107 108 109 110 111 112 113 114 115 116 117 118 119 120 121 122 123 124 125 126 127 128 129 130 131 132 133 134 135 136 137 138 139 140 141 142 143 144 145 146 147 148 149 150 151 152 153 154 155
 done.
 
 
  Single point computation with GBSA model
  155 jobs to do.
 
  done.
 
  Cluster   E /Eh        Density  Efix       R   av/act. Surface   Opt
    1      -243.914972   1.218    0.000    10.6   8.4     3313.3   tight
    2      -243.912648   1.222    0.000    10.2   7.0     3196.7   tight
    3      -243.912933   1.222    0.000    10.5   8.0     3210.6   tight
    4      -243.908532   1.236    0.000    10.7   7.1     3130.2   tight
    5      -243.910137   1.236    0.000    10.6   9.6     3020.1   tight
    6      -243.905053   1.240    0.000    10.1   8.4     2972.6   tight
    7      -243.921514   1.220    0.000    10.0   7.0     3254.2   tight
    8      -243.918717   1.225    0.000    10.4   9.0     3212.1   tight
    9      -243.911799   1.241    0.000     9.8   9.6     2960.3   tight
   10      -243.908461   1.242    0.000    10.4   5.5     2945.2   tight
   11      -243.915427   1.247    0.000     9.6   6.6     2931.1   tight
   12      -243.914284   1.220    0.000    10.1   7.9     3290.7   tight
   13      -243.920975   1.239    0.000    10.2   8.4     3048.5   tight
   14      -243.912882   1.241    0.000     9.8   7.4     3027.7   tight
   15      -243.905356   1.229    0.000     9.9  10.9     3082.3   tight
   16      -243.916446   1.236    0.000     9.7  10.4     3061.3   tight
   17      -243.893472   1.230    0.000    10.3   6.1     3049.1   tight
   18      -243.903354   1.236    0.000    10.4   5.5     3043.2   tight
   19      -243.916522   1.240    0.000    10.4   7.5     3033.4   tight
   20      -243.917567   1.219    0.000    10.5   8.0     3288.9   tight
   21      -243.907045   1.231    0.000    10.1   8.7     3132.2   tight
   22      -243.901765   1.223    0.000    10.0   7.9     3163.0   tight
   23      -243.916348   1.238    0.000     9.8   8.8     3042.0   tight
   24      -243.913969   1.243    0.000    10.3   5.9     2942.3   tight
   25      -243.917192   1.240    0.000     9.9   6.7     3015.2   tight
   26      -243.917401   1.234    0.000    10.0  10.2     3120.7   tight
   27      -243.908625   1.243    0.000    10.0   8.7     2905.4   tight
   28      -243.898156   1.229    0.000    10.4   8.3     3063.7   tight
   29      -243.902695   1.238    0.000    10.1   8.1     2934.0   tight
   30      -243.916131   1.223    0.000    10.3   7.4     3229.6   tight
   31      -243.914140   1.243    0.000    10.0   8.3     2922.2   tight
   32      -243.904800   1.231    0.000     9.8   9.0     3087.0   tight
   33      -243.905060   1.248    0.000    10.2   7.2     2843.8   tight
   34      -243.913147   1.242    0.000    10.1   9.8     2971.3   tight
   35      -243.896203   1.246    0.000    10.2   9.2     2904.4   tight
   36      -243.902531   1.234    0.000     9.8   7.1     3014.0   tight
   37      -243.901424   1.224    0.000    10.0   6.8     3122.6   tight
   38      -243.904771   1.237    0.000     9.7   9.2     3005.9   tight
   39      -243.903865   1.238    0.000    10.1   7.3     2945.3   tight
   40      -243.901864   1.243    0.000    10.5   8.0     2910.4   tight
   41      -243.902531   1.230    0.000    10.3   8.0     3123.8   tight
   42      -243.922074   1.232    0.000    10.7   7.4     3146.1   tight
   43      -243.905352   1.239    0.000     9.7   8.2     3020.6   tight
   44      -243.920279   1.236    0.000     9.5  10.3     3062.6   tight
   45      -243.924495   1.233    0.000    10.2   7.4     3083.7   tight
   46      -243.914256   1.244    0.000     9.6  11.0     2945.2   tight
   47      -243.912596   1.239    0.000    10.2   9.1     3004.8   tight
   48      -243.920121   1.220    0.000    10.3   9.0     3208.9   tight
   49      -243.898086   1.240    0.000    10.2   7.7     2930.6   tight
   50      -243.917009   1.257    0.000    10.3   9.8     2829.5   tight
   51      -243.909601   1.233    0.000    10.1   7.9     3049.7   tight
   52      -243.907518   1.218    0.000    10.2   7.3     3274.4   tight
   53      -243.905555   1.235    0.000    10.0   7.4     2963.8   tight
   54      -243.900993   1.244    0.000     9.9   8.0     2874.2   tight
   55      -243.918358   1.233    0.000    10.2  13.3     3109.8   tight
   56      -243.916586   1.239    0.000     9.8  10.0     2945.6   tight
   57      -243.911368   1.242    0.000     9.8   8.5     2982.9   tight
   58      -243.916287   1.238    0.000    10.2   8.2     2986.4   tight
   59      -243.900012   1.253    0.000     9.6   7.9     2795.5   tight
   60      -243.905112   1.238    0.000    10.0   9.6     2984.4   tight
   61      -243.918278   1.248    0.000     9.9  10.6     2964.5   tight
   62      -243.903713   1.228    0.000     9.6  10.8     3075.3   tight
   63      -243.910222   1.242    0.000     9.6   7.6     2990.2   tight
   64      -243.919983   1.236    0.000    10.2  11.9     3051.0   tight
   65      -243.912711   1.225    0.000     9.8  10.7     3092.9   tight
   66      -243.909717   1.240    0.000     9.8   6.9     2981.7   tight
   67      -243.922527   1.244    0.000    10.5   6.7     3009.4   tight
   68      -243.918247   1.248    0.000     9.8  10.0     2932.5   tight
   69      -243.913334   1.223    0.000    10.1   6.9     3208.2   tight
   70      -243.912554   1.232    0.000    10.4   9.5     3099.8   tight
   71      -243.914196   1.221    0.000    10.0   7.3     3214.5   tight
   72      -243.917359   1.218    0.000    10.1   7.4     3267.6   tight
   73      -243.912016   1.228    0.000     9.9   7.6     3113.1   tight
   74      -243.901076   1.244    0.000     9.9  12.3     2928.9   tight
   75      -243.913583   1.232    0.000    10.1   7.3     3055.8   tight
   76      -243.900786   1.235    0.000     9.8   9.6     3071.5   tight
   77      -243.905724   1.224    0.000     9.9   8.0     3218.4   tight
   78      -243.911936   1.252    0.000     9.9  13.1     2865.9   tight
   79      -243.911336   1.249    0.000    10.0  10.1     2882.4   tight
   80      -243.897386   1.238    0.000     9.9   7.3     2962.1   tight
   81      -243.908872   1.242    0.000     9.6  12.3     2893.1   tight
   82      -243.915486   1.238    0.000     9.8   7.5     3026.3   tight
   83      -243.915806   1.241    0.000    10.1   7.4     2974.9   tight
   84      -243.918058   1.225    0.000     9.9   8.8     3192.0   tight
   85      -243.903251   1.242    0.000    10.1   8.9     2921.2   tight
   86      -243.907394   1.221    0.000    10.0   9.1     3187.5   tight
   87      -243.901393   1.231    0.000    10.4  11.7     3149.6   tight
   88      -243.911389   1.244    0.000     9.5   7.4     2928.4   tight
   89      -243.920969   1.221    0.000    10.5   8.7     3202.8   tight
   90      -243.897871   1.236    0.000     9.8   8.6     3070.5   tight
   91      -243.907923   1.235    0.000    10.2  10.2     3026.9   tight
   92      -243.909370   1.244    0.000     9.8   9.3     2984.7   tight
   93      -243.909982   1.237    0.000     9.9   8.3     3027.0   tight
   94      -243.911205   1.236    0.000     9.8   8.9     3063.0   tight
   95      -243.915164   1.245    0.000    10.1   7.6     2942.4   tight
   96      -243.906653   1.239    0.000    10.2   7.6     2956.4   tight
   97      -243.919317   1.233    0.000    10.0  11.7     3066.6   tight
   98      -243.916111   1.250    0.000     9.7   7.2     2840.3   tight
   99      -243.905676   1.234    0.000     9.9   7.6     3028.8   tight
  100      -243.915221   1.226    0.000    10.1   7.8     3149.9   tight
  101      -243.902163   1.237    0.000    10.6   9.6     3040.8   tight
  102      -243.902968   1.227    0.000    10.0   7.7     3036.6   tight
  103      -243.914715   1.246    0.000     9.7  12.9     2954.4   tight
  104      -243.897664   1.241    0.000    10.3  10.9     2886.5   tight
  105      -243.902326   1.227    0.000    10.7  10.7     3129.1   tight
  106      -243.919947   1.240    0.000     9.6   8.2     3031.2   tight
  107      -243.907515   1.244    0.000     9.8  11.9     2863.5   tight
  108      -243.913192   1.240    0.000     9.7   9.0     2988.8   tight
  109      -243.898209   1.249    0.000    10.1   7.2     2871.1   tight
  110      -243.920461   1.234    0.000    10.3   9.5     3090.6   tight
  111      -243.908740   1.226    0.000    10.3   8.8     3181.5   tight
  112      -243.912771   1.240    0.000    10.0   9.1     2973.1   tight
  113      -243.913121   1.233    0.000     9.6   9.6     3080.5   tight
  114      -243.915597   1.224    0.000    10.5   6.6     3215.0   tight
  115      -243.900104   1.233    0.000    10.2  11.1     3031.3   tight
  116      -243.902794   1.238    0.000     9.9   9.0     3008.3   tight
  117      -243.908733   1.233    0.000     9.8   9.9     3059.1   tight
  118      -243.905338   1.232    0.000    10.4   7.4     3060.4   tight
  119      -243.917065   1.242    0.000    10.0  11.0     3006.3   tight
  120      -243.912387   1.223    0.000     9.6   7.5     3212.0   tight
  121      -243.908800   1.244    0.000     9.8   7.9     2883.2   tight
  122      -243.905248   1.240    0.000    10.1   9.6     2987.7   tight
  123      -243.898750   1.244    0.000    10.7   8.3     2933.0   tight
  124      -243.914096   1.237    0.000    10.7  11.5     2950.6   tight
  125      -243.907564   1.239    0.000    10.2   8.4     2974.3   tight
  126      -243.911464   1.223    0.000    10.4   7.4     3235.5   tight
  127      -243.905300   1.240    0.000     9.7   9.0     2995.4   tight
  128      -243.906806   1.237    0.000    10.1   7.9     2997.1   tight
  129      -243.905377   1.235    0.000     9.9   7.4     3064.0   tight
  130      -243.921036   1.253    0.000     9.8   8.4     2891.4   tight
  131      -243.902630   1.231    0.000    10.2   8.7     3102.6   tight
  132      -243.914765   1.233    0.000     9.9   7.8     3093.3   tight
  133      -243.896014   1.238    0.000     9.7   7.8     2912.3   tight
  134      -243.903060   1.246    0.000     9.9   8.2     2915.3   tight
  135      -243.894733   1.232    0.000    10.1   8.5     3075.6   tight
  136      -243.910301   1.237    0.000    10.1   9.7     3063.8   tight
  137      -243.900408   1.227    0.000    10.0   8.4     3123.3   tight
  138      -243.903795   1.236    0.000     9.7   8.0     3031.3   tight
  139      -243.899903   1.236    0.000     9.8   7.7     2936.4   tight
  140      -243.914757   1.240    0.000     9.7   7.5     2968.4   tight
  141      -243.900822   1.223    0.000     9.9   7.6     3213.4   tight
  142      -243.898514   1.215    0.000    10.2   8.2     3215.4   tight
  143      -243.896532   1.229    0.000     9.9   8.0     3020.8   tight
  144      -243.908288   1.233    0.000    10.4   6.9     3104.9   tight
  145      -243.918520   1.247    0.000    10.2   7.9     2974.3   tight
  146      -243.914830   1.242    0.000    10.2   9.1     3015.5   tight
  147      -243.917175   1.231    0.000    10.1   7.7     3093.3   tight
  148      -243.908554   1.243    0.000     9.9   6.4     2955.0   tight
  149      -243.905722   1.241    0.000    10.0   9.0     2936.8   tight
  150      -243.927351   1.247    0.000    10.1  10.8     2934.7   tight
  151      -243.914658   1.236    0.000    10.1  10.0     3005.9   tight
  152      -243.910533   1.245    0.000    10.5  11.3     2950.7   tight
  153      -243.907444   1.235    0.000    10.2  13.2     3060.3   tight
  154      -243.906422   1.245    0.000     9.9   8.4     2917.6   tight
  155      -243.900590   1.229    0.000    10.2   7.1     3091.2   tight
 
Taking  20 structures
 
  ------------------------------------------------------------------------
  ------------------------------------------------------------------------
  Boltz. averaged energy of final cluster:
       G /Eh     : -243.92741264
       T*S /kcal :  -0.183
 
  Ensemble generation finished.
  Results can be found in ensemble directory
  Lowest energy conformer in file <crest_best.xyz>
  List of full ensemble in file <full_ensemble.xyz>
  List of used ensemble in file <final_ensemble.xyz>
  Thermodynamical data in file <thermo_data>
  Population of full ensemble in file <full_population.dat>
  Population in file <population.dat>
 
 
  ________________________________________________________________________
 
  _________________     Solvent Cluster Generation   _____________________
 
  ________________________________________________________________________
 
 Method for CFF: GFN2-xTB
 
  =========================================
  |   quantum cluster growth: CFF         |
  =========================================
 
  CUT-FREEZE-FILL Algorithm to generate reference solvent cluster
  now adding solvents to fill cluster...
  Size  Cluster   E /Eh        De/kcal   Detot/kcal  Opt
  ------------------------------------------------------------------------
  46       1   -234.155229    -14.37      -14.37    tight
  46       2   -234.159444    -19.98      -19.98    tight
  46       3   -234.162098    -19.94      -19.94    tight
  46       4   -234.159870    -20.35      -20.35    tight
  46       5   -234.146347    -13.23      -13.23    tight
  46       6   -234.155141    -19.11      -19.11    tight
  46       7   -234.154154    -20.00      -20.00    tight
  46       8   -234.150938    -16.79      -16.79    tight
  46       9   -234.172609    -24.37      -24.37    tight
  46      10   -234.145382    -17.80      -17.80    tight
  46      11   -234.155860    -23.06      -23.06    tight
  46      12   -234.146516    -17.75      -17.75    tight
  46      13   -234.149632    -17.53      -17.53    tight
  46      14   -234.149141    -10.27      -10.27    tight
  46      15   -234.157332    -20.42      -20.42    tight
  46      16   -234.154895    -13.82      -13.82    tight
  46      17   -234.154761    -20.10      -20.10    tight
  46      18   -234.145062    -16.36      -16.36    tight
  46      19   -234.148836    -17.93      -17.93    tight
  46      20   -234.146925    -17.50      -17.50    tight
  ------------------------------------------------------------------------
  47       1   -239.243170    -10.92      -25.29    tight
  47       2   -239.265794    -22.47      -42.45    tight
  47       3   -239.263751    -19.52      -39.46    tight
  47       4   -239.259868    -18.48      -38.83    tight
  47       5   -239.254228    -23.43      -36.66    tight
  47       6   -239.242259    -10.40      -29.51    tight
  47       7   -239.258611    -21.28      -41.28    tight
  47       8   -239.257703    -22.73      -39.52    tight
  47       9   -239.266066    -14.38      -38.75    tight
  47      10   -239.256743    -25.61      -43.41    tight
  47      11   -239.254750    -17.79      -40.85    tight
  47      12   -239.243676    -16.70      -34.45    tight
  47      13   -239.260172    -25.10      -42.63    tight
  47      14   -239.236783    -10.73      -21.00    tight
  47      15   -239.257006    -18.28      -38.70    tight
  47      16   -239.258412    -20.69      -34.51    tight
  47      17   -239.256451    -19.54      -39.64    tight
  47      18   -239.259733    -27.69      -44.05    tight
  47      19   -239.257113    -23.68      -41.61    tight
  47      20   -239.257934    -25.39      -42.90    tight
  ------------------------------------------------------------------------
  no more solvents can be placed inside cavity of cluster: 7
  previous cluster taken...
  no more solvents can be placed inside cavity of cluster: 15
  previous cluster taken...
  no more solvents can be placed inside cavity of cluster: 18
  previous cluster taken...
  no more solvents can be placed inside cavity of cluster: 19
  previous cluster taken...
  no more solvents can be placed inside cavity of cluster: 20
  previous cluster taken...
  48       1   -244.348275    -21.69      -46.97    tight
  48       2   -244.358009    -13.60      -56.05    tight
  48       3   -244.356488    -13.93      -53.39    tight
  48       4   -244.348134    -11.12      -49.95    tight
  48       5   -244.343312    -11.63      -48.29    tight
  48       6   -244.347960    -22.06      -51.58    tight
  48       8   -244.343309     -9.45      -48.97    tight
  48       9   -244.351435     -9.30      -48.05    tight
  48      10   -244.347027    -12.39      -55.80    tight
  48      11   -244.340713     -9.68      -50.53    tight
  48      12   -244.343676    -18.48      -52.93    tight
  48      13   -244.349048    -11.50      -54.14    tight
  48      14   -244.338578    -19.61      -40.61    tight
  48      16   -244.344381     -9.68      -44.19    tight
  48      17   -244.339905     -8.10      -47.74    tight
  ------------------------------------------------------------------------
  volume filled
  Starting optimizations + SP  of structures
  15 jobs to do.
 
  done.
 
  Cluster   E /Eh        Density  Efix       R   av/act. Surface   Opt
    1      -229.076507   1.227    0.000     6.9   4.7     2971.8   tight
    2      -229.085634   1.228    0.000     5.2   5.0     2998.6   tight
    3      -229.084207   1.222    0.000     5.5  11.7     3062.5   tight
    4      -229.076376   1.218    0.000     5.3   9.1     3096.0   tight
    5      -229.071855   1.198    0.000     4.1  11.8     3287.8   tight
    6      -229.076212   1.234    0.000     7.7   5.0     2953.3   tight
    7      -229.077394   1.218    0.000     3.7   6.5     3088.8   tight
    8      -229.071852   1.204    0.000     5.0   9.6     3208.9   tight
    9      -229.079470   1.213    0.000     5.0   9.7     3154.8   tight
   10      -229.075338   1.209    0.000     3.6  11.9     3159.4   tight
   11      -229.069418   1.201    0.000     5.1  13.4     3272.5   tight
   12      -229.072197   1.211    0.000     9.1   6.2     3120.2   tight
   13      -229.077233   1.224    0.000     3.0  10.4     3048.2   tight
   14      -229.067417   1.216    0.000     9.6   3.4     3075.9   tight
   15      -229.075891   1.209    0.000     7.3   2.4     3273.8   tight
   16      -229.072857   1.218    0.000     5.1  13.0     3061.7   tight
   17      -229.068661   1.214    0.000     5.0   9.6     3153.9   tight
   18      -229.078512   1.226    0.000     6.2   1.4     3045.9   tight
   19      -229.075959   1.231    0.000     1.6   6.9     2992.1   tight
   20      -229.076779   1.209    0.000     1.0   5.5     3253.6   tight
 
  ------------------------------------------------------------------------
  ------------------------------------------------------------------------
  Boltz. averaged energy of final cluster:
       G /Eh     : -229.08582403
       T*S /kcal :  -0.290
 
  Solvent cluster generation finished.
  Results can be found in solvent_cluster directory
  Structures in file <crest_ensemble.xyz>
  Energies in file <cluster_energy.dat>
  Population in file <population.dat>
 
  =========================================
  |   quantum cluster growth: ESOLV       |
  |                                       |
  |           -20.95 kcal/mol             |
  =========================================
 
  =========================================
  |          Frequency evaluation         |
  =========================================
 
   SOLUTE MOLECULE
  Starting reoptimizations + Frequency computation of ensemble
  1 jobs to do.
 
  done.
   SOLUTE CLUSTER
  Starting reoptimizations + Frequency computation of ensemble
  20 jobs to do.
 
  done.
   SOLVENT CLUSTER
  Starting reoptimizations + Frequency computation of ensemble
  20 jobs to do.
 
  done.
 
   Solute Gas properties
  #       H(T)       SVIB      SROT       STRA      G(T)
       [kcal/mol]    [      cal/mol/K        ]    [kcal/mol]
  --------------------------------------------------------
       63.39      9.83     24.16     38.23     41.85
 
   Solute cluster properties
  #       H(T)       SVIB      SROT       STRA      G(T)
       [kcal/mol]    [      cal/mol/K        ]    [kcal/mol]
  --------------------------------------------------------
  1      813.34    444.85     39.97     46.15    655.03
  2      813.18    450.59     40.03     46.15    653.14
  3      813.70    449.78     40.03     46.15    653.90
  4      813.01    454.59     40.17     46.15    651.74
  5      812.95    451.98     40.12     46.15    652.47
  6      813.69    448.06     39.96     46.15    654.42
  7      813.48    449.43     40.04     46.15    653.78
  8      813.39    455.56     40.21     46.15    651.82
  9      813.70    451.29     40.11     46.15    653.43
  10      813.89    450.53     40.02     46.15    653.86
  11      813.16    453.73     40.13     46.15    652.16
  12      813.75    453.25     40.09     46.15    652.90
  13      813.54    449.40     40.03     46.15    653.86
  14      813.24    454.11     39.96     46.15    652.17
  15      813.42    447.99     40.21     46.15    654.10
  16      813.98    452.31     40.10     46.15    653.41
  17      813.97    455.15     40.14     46.15    652.55
  18      813.31    448.07     40.00     46.15    654.03
  19      814.04    451.98     39.98     46.15    653.60
  20      813.21    454.80     40.10     46.15    651.90
 
   Solvent cluster properties
  #       H(T)       SVIB      SROT       STRA      G(T)
       [kcal/mol]    [      cal/mol/K        ]    [kcal/mol]
  --------------------------------------------------------
  1      748.24    413.04     39.57     45.94    599.60
  2      747.95    420.84     39.81     45.94    596.91
  3      748.09    423.03     39.77     45.94    596.41
  4      748.51    418.09     39.77     45.94    598.31
  5      747.85    427.16     39.76     45.94    594.95
  6      748.34    414.06     39.67     45.94    599.36
  7      748.09    416.92     39.73     45.94    598.24
  8      748.96    412.46     39.80     45.94    600.42
  9      748.22    420.20     39.85     45.94    597.36
  10      748.76    421.85     39.66     45.94    597.47
  11      748.58    419.21     39.54     45.94    598.11
  12      748.09    423.91     39.69     45.94    596.17
  13      748.47    423.68     39.74     45.94    596.60
  14      748.32    413.54     39.61     45.94    599.52
  15      748.86    417.20     39.80     45.94    598.91
  16      748.60    418.25     39.69     45.94    598.37
  17      748.76    426.30     39.90     45.94    596.07
  18      747.97    418.65     39.65     45.94    597.64
  19      748.52    427.10     39.76     45.94    595.63
  20      748.14    423.25     39.75     45.94    596.40
 
 
  ________________________________________________________________________
 
  _________________________     Evaluation    ____________________________
 
  ________________________________________________________________________
 
 
  -----------------------------------------------------
  Gsolv and Hsolv ref. state: [1 M gas/solution] 
  G_solv (incl.RRHO)      =   -6.41 kcal/mol
  H_solv (incl.RRHO)      =  -19.34 kcal/mol
  -----------------------------------------------------
 
  -----------------------------------------------------
  Gsolv and Hsolv ref. state: [1 M gas/solution] 
  G_solv (incl.RRHO)      =   -8.30 kcal/mol
  H_solv (incl.RRHO)      =  -21.23 kcal/mol
  -----------------------------------------------------
 
  -----------------------------------------------------
  Solvation free energies with scaled translational
  and rotational degrees of freedom: Gsolv (scaling)
          >>    -25.84 (0.05)    <<
          >>    -24.91 (0.10)    <<
          >>    -23.99 (0.15)    <<
          >>    -23.07 (0.20)    <<
          >>    -22.14 (0.25)    <<
          >>    -21.22 (0.30)    <<
          >>    -20.30 (0.35)    <<
          >>    -19.37 (0.40)    <<
          >>    -18.45 (0.45)    <<
          >>    -17.53 (0.50)    <<
          >>    -16.61 (0.55)    <<
          >>    -15.68 (0.60)    <<
          >>    -14.76 (0.65)    <<
          >>    -13.84 (0.70)    <<
          >>    -12.91 (0.75)    <<
          >>    -11.99 (0.80)    <<
          >>    -11.07 (0.85)    <<
          >>    -10.15 (0.90)    <<
          >>     -9.22 (0.95)    <<
          >>     -8.30 (1.00)    <<
  -----------------------------------------------------
 
  ==================================================
  |  Gsolv with SCALED RRHO contributions: 0.75    |
  |  [1 bar gas/ 1 M solution]                     |
  |                                                |
  |  G_solv (incl.RRHO)+dV(T)=  -12.91 kcal/mol    |
  ==================================================
 
 
 -----------------
 Wall Time Summary
 -----------------
             test MD wall time :         0h : 0m : 2s
                 MTD wall time :         0h : 2m :58s
      multilevel OPT wall time :         0h : 2m :26s
                  MD wall time :         0h : 1m :53s
                Grow wall time :         0h :10m :20s
     Solute-Ensemble wall time :         0h :17m :22s
                 CFF wall time :         0h : 3m :25s
         Frequencies wall time :         0h : 7m :21s
--------------------
Overall wall time  : 0h :46m :12s
 
 CREST terminated normally.
