 
       ==============================================
       |                                            |
       |                 C R E S T                  |
       |                                            |
       |  Conformer-Rotamer Ensemble Sampling Tool  |
       |          based on the GFN methods          |
       |             P.Pracht, S.Grimme             |
       |          Universitaet Bonn, MCTC           |
       ==============================================
       Version 2.12,   Thu 19. Mai 16:32:32 CEST 2022
  Using the xTB program. Compatible with xTB version 6.4.0
 
   Cite work conducted with this code as

   • P.Pracht, F.Bohle, S.Grimme, PCCP, 2020, 22, 7169-7192.
   • S.Grimme, JCTC, 2019, 15, 2847-2862.

   and for works involving QCG as

   • S.Spicher, C.Plett, P.Pracht, A.Hansen, S.Grimme,
     JCTC, 2022, 18 (5), 3174-3189.
 
   with help from:
   C.Bannwarth, F.Bohle, S.Ehlert, S.Grimme,
   C.Plett, P.Pracht, S.Spicher
 
   This program is distributed in the hope that it will be useful,
   but WITHOUT ANY WARRANTY; without even the implied warranty of
   MERCHANTABILITY or FITNESS FOR A PARTICULAR PURPOSE.

 Command line input:
 > crest input.xyz --qcg water.xyz --chrg 1 --uhf 0 --nsolv 250 --T 40 --gsolv --nclus 20 --gbsa water --wscal 1.0

 Solute-file: input.xyz
 Solvent-file: water.xyz
  --chrg 1
  --uhf 0
  --T 40 (CPUs/Threads selected)
  --gbsa water : implicit solvation
 
  ========================================
  |           ----------------           |
  |                 Q C G                |
  |           ----------------           |
  |        Quantum Cluster Growth        |
  |       University of Bonn, MCTC       |
  ========================================
   S. Grimme, S. Spicher, C. Plett.
 
   Cite work conducted with this code as

   S. Spicher, C. Plett, P. Pracht, A. Hansen, S. Grimme, JCTC, 2022, 18, 3174-3189.
 
 
  =========================================
  |   quantum cluster growth: INPUT       |
  =========================================
 
  QCG: Calculation of delta G_solv
  Ensemble generated via CREST
 
  input parameters     
  solute                 : input.xyz
  charge                 : 1
  uhf                    : 0
  solvent                : water.xyz
  # of solvents to add   : 250
  # of cluster generated : 20
  # of CPUs used         : 40
  Solvation model        : water               
  xtb opt level          : normal
  System temperature [K] : 298.1
  RRHO scaling factor    : 0.75
 
 Solute geometry
  molecular radius (Bohr**1):    5.72
  molecular area   (Bohr**2):  476.48
  molecular volume (Bohr**3):  783.39
 Solvent geometry
  molecular radius (Bohr**1):    3.88
  molecular area   (Bohr**2):  194.99
  molecular volume (Bohr**3):  244.40
 
  radius of solute    :     9.22
  radius of solvent   :     6.25
 
  =========================================
  |            Preoptimization            |
  =========================================
 
 -------------------------
 xTB Geometry Optimization
 -------------------------
 Geometry successfully optimized.
 Generating LMOs for solute
  Total Energy of solute:     -14.8868705 Eh
 
 -------------------------
 xTB Geometry Optimization
 -------------------------
 Geometry successfully optimized.
 Generating LMOs for solvent
  Total energy of solvent:     -5.0705444 Eh
 
  ________________________________________________________________________
 
  __________________     Solute Cluster Generation   _____________________
 
  ________________________________________________________________________
 
 
  =========================================
  |   quantum cluster growth: GROW        |
  =========================================
 
  Constraining solute during Growth 
 Solute:
       unit ellipsoid axis a,b,c     :   0.451   0.277   0.272
 Solvent:
       unit ellipsoid axis a,b,c     :   0.386   0.322   0.292
 
  solvent anisotropy            :     1.133
  solute anisotropy             :     1.240
  roff inner wall               :     0.970
  solute max dist               :    14.282
  solvent max dist              :     7.283
  inner unit axis               :     0.575     0.216     0.209
  inner ellipsoid/Bohr          :    15.166     5.698     5.501
  scaling factor outer ellipsoid:     1.000
  outer ellipsoid/Bohr          :    14.839     9.096     8.937
 
  Size  E /Eh       De/kcal   Detot/kcal  Density   Efix         R   av/act. Surface   Opt
    1   -19.988120  -19.27     -19.27       0.918     -5.161      0.0   0.0     977.3   normal
    2   -25.085357  -16.75     -36.02       0.937     -5.913      8.2   6.6    1173.1   normal
    3   -30.179464  -14.79     -50.80       0.948     -6.586      7.4   6.5    1372.3   normal
    4   -35.266433  -10.31     -61.11       0.966     -7.199      7.1   6.5    1555.9   normal
    5   -40.358163  -13.29     -74.40       1.012     -7.767      7.2   9.6    1685.3   normal
    6   -45.446028  -10.87     -85.27       1.025     -8.297      7.6   6.3    1861.2   normal
    7   -50.536469  -12.49     -97.76       1.049     -8.797      7.4   6.6    2009.5   normal
    8   -55.623426  -10.30    -108.06       1.047     -9.271      7.3   7.7    2207.2   normal
    9   -60.709949  -10.03    -118.08       1.051     -9.721      7.4   6.5    2390.7   normal
   10   -65.800138  -12.33    -130.41       1.062    -10.153      7.4   9.6    2555.6   normal
   11   -70.886029   -9.63    -140.04       1.070    -10.567      7.7   7.0    2725.3   normal
   12   -75.974868  -11.48    -151.52       1.081    -10.966      7.6   8.6    2883.9   normal
   13   -81.066697  -13.36    -164.88       1.097    -11.352      7.7   7.5    3027.2   normal
   14   -86.157815  -12.91    -177.79       1.097    -11.725      7.9  10.3    3211.3   normal
   15   -91.246144  -11.16    -188.95       1.103    -12.086      8.1  11.6    3374.8   normal
   16   -96.336946  -12.71    -201.66       1.112    -12.437      8.4   7.7    3530.0   normal
   17  -101.427580  -12.61    -214.27       1.118    -12.779      8.2   8.1    3691.6   normal
   18  -106.521055  -14.39    -228.65       1.134    -13.112      8.1   8.0    3817.9   normal
   19  -111.608134  -10.38    -239.03       1.137    -13.436      8.1   6.5    3985.4   normal
   20  -116.698204  -12.25    -251.28       1.145    -13.753      8.0   7.6    4133.1   normal
   21  -121.794655  -16.26    -267.54       1.166    -14.064      8.0   7.1    4233.6   normal
   22  -126.882443  -10.82    -278.36       1.173    -14.367      7.9   7.1    4379.7   normal
   23  -131.974894  -13.75    -292.11       1.178    -14.664      7.9   7.0    4531.9   normal
   24  -137.059625   -8.90    -301.01       1.177    -14.954      7.8  13.2    4705.7   normal
   25  -142.146795  -10.43    -311.44       1.171    -15.240      8.1  11.5    4902.6   normal
   26  -147.237846  -12.87    -324.31       1.178    -15.520      8.2  13.0    5046.1   normal
   27  -152.322047   -8.57    -332.88       1.179    -15.795      8.4   9.3    5214.7   normal
   28  -157.412488  -12.48    -345.36       1.192    -16.066      8.4  12.5    5324.7   normal
   29  -162.502016  -11.91    -357.28       1.198    -16.332      8.5  10.5    5468.5   normal
   30  -167.601445  -18.13    -375.40       1.196    -16.595      8.7   8.2    5646.0   normal
   31  -172.692195  -12.68    -388.08       1.195    -16.853      8.7  13.9    5819.8   normal
   32  -177.779230  -10.35    -398.43       1.195    -17.107      8.8  10.8    5989.4   normal
   33  -182.869852  -12.60    -411.03       1.201    -17.357      8.9  12.5    6123.9   normal
   34  -187.952886   -7.84    -418.87       1.200    -17.603      9.0  11.6    6301.2   normal
   35  -193.048967  -16.02    -434.89       1.203    -17.847      9.1  13.7    6449.1   normal
   36  -198.137887  -11.53    -446.42       1.209    -18.087      9.2  14.0    6588.7   normal
   37  -203.230076  -13.58    -460.00       1.214    -18.325      9.3   8.7    6726.8   normal
   38  -208.322563  -13.77    -473.77       1.216    -18.559      9.3  13.8    6881.5   normal
   39  -213.415865  -14.28    -488.05       1.220    -18.790      9.5  11.0    7026.3   normal
   40  -218.503466  -10.70    -498.76       1.221    -19.018      9.5  12.4    7184.8   normal
   41  -223.592482  -11.59    -510.35       1.221    -19.244      9.6  11.6    7346.6   normal
   42  -228.680784  -11.14    -521.49       1.226    -19.467      9.6  10.4    7482.4   normal
   43  -233.773237  -13.75    -535.24       1.229    -19.687      9.6  14.9    7627.3   normal
   44  -238.865570  -13.67    -548.91       1.230    -19.905      9.8  10.4    7784.2   normal
   45  -243.956806  -12.98    -561.89       1.232    -20.121      9.7   9.4    7939.5   normal
   46  -249.052990  -16.09    -577.98       1.233    -20.335      9.8   9.0    8095.9   normal
   47  -254.140490  -10.64    -588.62       1.234    -20.546      9.8  11.1    8249.8   normal
   48  -259.229185  -11.39    -600.01       1.235    -20.755      9.8  13.2    8409.6   normal
   49  -264.317830  -11.36    -611.37       1.239    -20.962      9.9  14.4    8544.6   normal
   50  -269.411538  -14.53    -625.91       1.245    -21.167     10.0  11.2    8666.8   normal
   51  -274.501146  -11.96    -637.87       1.247    -21.370      9.9  10.8    8815.8   normal
   52  -279.598596  -16.88    -654.75       1.248    -21.572      9.9  15.5    8970.5   normal
   53  -284.686475  -10.88    -665.63       1.250    -21.771     10.0  16.6    9115.7   normal
   54  -289.776399  -12.16    -677.79       1.252    -21.968     10.1  17.0    9263.4   normal
   55  -294.865966  -11.94    -689.73       1.254    -22.163     10.3  12.0    9412.1   normal
   56  -299.955825  -12.12    -701.85       1.259    -22.357     10.3  10.7    9535.4   normal
   57  -305.050539  -15.17    -717.01       1.257    -22.550     10.3  10.6    9710.4   normal
   58  -310.142023  -13.14    -730.15       1.257    -22.741     10.4  10.0    9872.2   normal
   59  -315.233069  -12.86    -743.02       1.259    -22.930     10.4  10.0   10010.6   normal
   60  -320.319461   -9.94    -752.96       1.259    -23.117     10.4  14.6   10175.6   normal
   61  -325.407537  -11.00    -763.97       1.261    -23.303     10.4  15.7   10315.0   normal
   62  -330.500948  -14.35    -778.31       1.268    -23.488     10.5  12.7   10416.1   normal
   63  -335.598434  -16.91    -795.22       1.272    -23.671     10.5  10.9   10549.5   normal
   64  -340.696299  -17.14    -812.36       1.273    -23.854     10.6  10.3   10693.0   normal
   65  -345.787864  -13.19    -825.55       1.272    -24.034     10.6  14.8   10858.9   normal
   66  -350.882752  -15.28    -840.83       1.273    -24.213     10.7  10.0   11009.1   normal
   67  -355.979272  -16.30    -857.13       1.273    -24.391     10.7  15.3   11173.6   normal
   68  -361.068826  -11.93    -869.06       1.273    -24.568     10.7  10.9   11329.0   normal
   69  -366.158663  -12.11    -881.17       1.274    -24.743     10.7  11.6   11475.4   normal
   70  -371.250575  -13.41    -894.57       1.276    -24.917     10.7  15.2   11618.6   normal
   71  -376.345388  -15.23    -909.80       1.279    -25.090     10.8  11.9   11752.9   normal
   72  -381.439862  -15.02    -924.82       1.282    -25.261     10.8  12.0   11884.9   normal
   73  -386.528979  -11.65    -936.47       1.281    -25.432     10.9  13.1   12046.2   normal
   74  -391.623255  -14.89    -951.36       1.286    -25.601     10.9  15.0   12159.8   normal
   75  -396.715343  -13.52    -964.88       1.288    -25.769     11.0  11.0   12290.7   normal
   76  -401.808967  -14.48    -979.37       1.294    -25.937     11.0  11.5   12392.4   normal
   77  -406.903883  -15.29    -994.66       1.297    -26.103     11.0  16.0   12523.9   normal
   78  -411.989583   -9.51   -1004.17       1.295    -26.267     11.0  17.6   12693.8   normal
   79  -417.092010  -20.01   -1024.18       1.294    -26.432     11.0  17.0   12859.9   normal
   80  -422.189278  -16.77   -1040.95       1.297    -26.595     11.1  17.9   12987.9   normal
   81  -427.280525  -12.99   -1053.94       1.299    -26.757     11.2  12.5   13125.8   normal
   82  -432.372053  -13.17   -1067.10       1.299    -26.918     11.2  11.4   13280.9   normal
   83  -437.464037  -13.45   -1080.56       1.303    -27.078     11.1  12.5   13389.0   normal
   84  -442.551056  -10.34   -1090.89       1.303    -27.237     11.2  14.9   13544.8   normal
   85  -447.646268  -15.48   -1106.37       1.304    -27.396     11.2  15.5   13689.2   normal
   86  -452.735935  -12.00   -1118.37       1.303    -27.553     11.3  17.7   13858.8   normal
   87  -457.828556  -13.85   -1132.23       1.304    -27.709     11.3  12.2   14000.4   normal
   88  -462.922486  -14.67   -1146.90       1.307    -27.865     11.3  15.6   14128.4   normal
   89  -468.011469  -11.57   -1158.47       1.306    -28.019     11.4  18.9   14292.9   normal
   90  -473.101063  -11.95   -1170.43       1.307    -28.173     11.4  14.6   14433.4   normal
   91  -478.188611  -10.67   -1181.10       1.306    -28.325     11.5  18.2   14595.8   normal
   92  -483.281576  -14.07   -1195.17       1.307    -28.478     11.5  11.3   14744.9   normal
   93  -488.372210  -12.61   -1207.77       1.308    -28.629     11.6  11.6   14884.1   normal
   94  -493.473403  -19.23   -1227.00       1.310    -28.780     11.6  14.2   15017.6   normal
   95  -498.564585  -12.95   -1239.95       1.310    -28.930     11.6  18.0   15176.2   normal
   96  -503.656174  -13.21   -1253.16       1.310    -29.079     11.7  18.1   15320.2   normal
   97  -508.750671  -15.03   -1268.19       1.311    -29.227     11.7  16.1   15462.6   normal
   98  -513.839419  -11.42   -1279.61       1.311    -29.374     11.8  19.2   15624.2   normal
   99  -518.940923  -19.43   -1299.04       1.315    -29.522     11.8  12.9   15730.8   normal
  100  -524.028884  -10.93   -1309.97       1.315    -29.667     11.8  19.8   15880.3   normal
  101  -529.117003  -11.03   -1321.00       1.315    -29.812     11.9  15.6   16038.4   normal
  102  -534.208061  -12.87   -1333.87       1.315    -29.957     12.0  17.7   16188.0   normal
  103  -539.297307  -11.74   -1345.61       1.315    -30.101     12.0  17.0   16336.6   normal
  104  -544.394744  -16.88   -1362.48       1.317    -30.244     12.1  13.0   16469.5   normal
  105  -549.491644  -16.54   -1379.02       1.319    -30.387     12.1  20.0   16602.5   normal
  106  -554.584454  -13.97   -1392.99       1.321    -30.529     12.2  16.1   16732.0   normal
  107  -559.682975  -17.56   -1410.55       1.324    -30.670     12.2  14.9   16842.7   normal
  108  -564.773244  -12.38   -1422.92       1.325    -30.811     12.2  19.2   16983.5   normal
  109  -569.865931  -13.89   -1436.82       1.326    -30.951     12.3  14.4   17117.8   normal
  110  -574.957198  -13.00   -1449.82       1.326    -31.090     12.3  21.3   17273.4   normal
  111  -580.043900  -10.14   -1459.96       1.324    -31.229     12.4  12.5   17449.0   normal
  112  -585.136117  -13.60   -1473.56       1.323    -31.367     12.4  13.2   17618.7   normal
  113  -590.242977  -22.79   -1496.35       1.325    -31.505     12.4  12.7   17745.0   normal
  114  -595.334697  -13.29   -1509.64       1.325    -31.642     12.4  12.6   17898.3   normal
  115  -600.421931  -10.47   -1520.11       1.325    -31.778     12.4  15.3   18046.2   normal
  116  -605.519789  -17.14   -1537.25       1.325    -31.914     12.5  17.6   18203.4   normal
  117  -610.610742  -12.81   -1550.06       1.326    -32.049     12.5  16.1   18343.1   normal
  118  -615.706685  -15.94   -1565.99       1.328    -32.184     12.5  14.6   18465.0   normal
  119  -620.802494  -15.85   -1581.85       1.330    -32.318     12.5  12.8   18591.5   normal
  120  -625.898252  -15.82   -1597.67       1.330    -32.451     12.5  15.4   18738.3   normal
  121  -630.994471  -16.11   -1613.78       1.329    -32.584     12.6  17.4   18903.4   normal
  122  -636.080828   -9.92   -1623.70       1.329    -32.716     12.6  20.5   19055.2   normal
  123  -641.182066  -19.26   -1642.96       1.334    -32.849     12.6  14.3   19141.6   normal
  124  -646.274761  -13.90   -1656.86       1.333    -32.980     12.7  13.9   19299.4   normal
  125  -651.361852  -10.38   -1667.25       1.333    -33.111     12.7  15.6   19452.0   normal
  126  -656.455226  -14.33   -1681.57       1.335    -33.241     12.7  15.9   19576.3   normal
  127  -661.547001  -13.32   -1694.89       1.334    -33.371     12.7  16.1   19738.1   normal
  128  -666.644158  -16.70   -1711.59       1.336    -33.500     12.7  20.7   19861.9   normal
  129  -671.737205  -14.12   -1725.71       1.338    -33.629     12.8  14.9   19977.0   normal
  130  -676.832155  -15.31   -1741.03       1.339    -33.757     12.8  13.4   20120.8   normal
  131  -681.919501  -10.54   -1751.57       1.340    -33.885     12.8  19.2   20255.6   normal
  132  -687.032870  -26.87   -1778.45       1.342    -34.013     12.8  13.6   20373.6   normal
  133  -692.121128  -11.12   -1789.56       1.341    -34.140     12.8  19.4   20540.3   normal
  134  -697.220191  -17.90   -1807.46       1.340    -34.267     12.9  18.1   20713.8   normal
  135  -702.307066  -10.25   -1817.70       1.340    -34.392     12.9  23.1   20859.1   normal
  136  -707.396192  -11.66   -1829.36       1.340    -34.517     13.0  16.5   21004.0   normal
  137  -712.486857  -12.63   -1841.99       1.341    -34.642     13.0  13.9   21147.2   normal
  138  -717.586304  -18.14   -1860.13       1.343    -34.767     13.1  14.9   21268.4   normal
  139  -722.679195  -14.02   -1874.15       1.344    -34.891     13.1  14.0   21397.4   normal
  140  -727.775554  -16.20   -1890.35       1.346    -35.015     13.1  16.5   21508.1   normal
  141  -732.872176  -16.36   -1906.71       1.345    -35.139     13.1  17.5   21679.8   normal
  142  -737.960774  -11.33   -1918.04       1.346    -35.261     13.1  20.9   21811.1   normal
  143  -743.052137  -13.06   -1931.10       1.346    -35.383     13.2  19.7   21959.3   normal
  144  -748.146188  -14.75   -1945.85       1.347    -35.505     13.3  16.5   22102.0   normal
  145  -753.241968  -15.84   -1961.69       1.348    -35.627     13.3  18.9   22235.5   normal
  146  -758.334570  -13.84   -1975.53       1.349    -35.748     13.3  16.6   22364.5   normal
  147  -763.431240  -16.39   -1991.93       1.349    -35.869     13.3  21.0   22510.0   normal
  148  -768.527188  -15.94   -2007.87       1.350    -35.990     13.4  13.2   22640.2   normal
  149  -773.617990  -12.71   -2020.58       1.351    -36.109     13.4  19.2   22780.8   normal
  150  -778.709165  -12.95   -2033.52       1.352    -36.229     13.4  15.2   22906.1   normal
  151  -783.804448  -15.52   -2049.05       1.353    -36.348     13.4  16.0   23039.8   normal
  152  -788.897013  -13.82   -2062.87       1.356    -36.467     13.4  22.3   23141.8   normal
  153  -793.985723  -11.40   -2074.27       1.357    -36.585     13.5  14.0   23268.2   normal
  154  -799.082463  -16.44   -2090.70       1.356    -36.703     13.5  21.9   23444.1   normal
  155  -804.171882  -11.84   -2102.55       1.357    -36.821     13.6  21.5   23565.6   normal
  156  -809.270828  -17.82   -2120.37       1.359    -36.938     13.6  15.9   23693.2   normal
  157  -814.365031  -14.85   -2135.22       1.358    -37.055     13.6  22.7   23855.6   normal
  158  -819.454818  -12.08   -2147.29       1.358    -37.171     13.7  13.8   24004.1   normal
  159  -824.548551  -14.55   -2161.84       1.356    -37.287     13.7  14.6   24176.3   normal
  160  -829.634658   -9.77   -2171.61       1.357    -37.403     13.7  16.2   24322.5   normal
  161  -834.725984  -13.04   -2184.65       1.357    -37.518     13.7  17.0   24467.7   normal
  162  -839.828712  -20.20   -2204.84       1.356    -37.634     13.8  15.1   24625.5   normal
  163  -844.922823  -14.79   -2219.63       1.359    -37.748     13.8  15.4   24728.2   normal
  164  -850.013962  -12.92   -2232.55       1.359    -37.863     13.8  18.4   24877.2   normal
  165  -855.110484  -16.30   -2248.86       1.359    -37.977     13.8  15.5   25027.0   normal
  166  -860.200675  -12.33   -2261.18       1.359    -38.090     13.8  24.5   25173.3   normal
  167  -865.289414  -11.42   -2272.60       1.360    -38.203     13.9  13.4   25304.1   normal
  168  -870.380388  -12.82   -2285.42       1.360    -38.316     13.9  16.9   25447.0   normal
  169  -875.471885  -13.15   -2298.57       1.362    -38.429     13.9  16.0   25568.7   normal
  170  -880.564091  -13.59   -2312.16       1.363    -38.541     13.9  15.8   25691.4   normal
  171  -885.654823  -12.67   -2324.83       1.363    -38.653     13.9  15.0   25841.8   normal
  172  -890.760930  -22.32   -2347.15       1.363    -38.765     13.9  14.2   25976.8   normal
  173  -895.860380  -18.14   -2365.28       1.365    -38.877     13.9  20.5   26089.9   normal
  174  -900.959894  -18.18   -2383.46       1.366    -38.988     13.9  14.5   26231.9   normal
  175  -906.053033  -14.18   -2397.64       1.366    -39.099     13.9  22.5   26364.3   normal
  176  -911.147792  -15.19   -2412.84       1.368    -39.210     14.0  20.4   26484.5   normal
  177  -916.237788  -12.21   -2425.04       1.367    -39.320     14.0  19.1   26643.9   normal
  178  -921.337512  -18.31   -2443.35       1.366    -39.430     14.0  20.8   26809.1   normal
  179  -926.434252  -16.44   -2459.79       1.368    -39.539     14.1  19.8   26933.3   normal
  180  -931.528054  -14.59   -2474.38       1.369    -39.648     14.1  19.3   27058.4   normal
  181  -936.615054  -10.33   -2484.71       1.368    -39.757     14.1  20.5   27209.6   normal
  182  -941.707460  -13.72   -2498.43       1.368    -39.866     14.2  22.6   27371.7   normal
  183  -946.804607  -16.69   -2515.12       1.370    -39.974     14.2  23.8   27470.2   normal
  184  -951.897591  -14.08   -2529.20       1.370    -40.082     14.3  19.6   27619.6   normal
  185  -956.990619  -14.11   -2543.31       1.371    -40.190     14.3  14.4   27755.6   normal
  186  -962.085953  -15.56   -2558.87       1.372    -40.297     14.3  22.4   27883.1   normal
  187  -967.180982  -15.36   -2574.23       1.373    -40.405     14.3  24.6   28003.2   normal
  188  -972.274929  -14.69   -2588.92       1.374    -40.511     14.4  21.8   28127.7   normal
  189  -977.368642  -14.54   -2603.46       1.375    -40.618     14.4  19.6   28255.0   normal
  190  -982.462995  -14.94   -2618.40       1.375    -40.724     14.5  19.1   28404.5   normal
  191  -987.556705  -14.54   -2632.93       1.375    -40.830     14.5  18.1   28547.3   normal
  192  -992.648191  -13.14   -2646.07       1.374    -40.936     14.5  20.9   28709.9   normal
  193  -997.742285  -14.78   -2660.85       1.375    -41.042     14.5  20.8   28840.0   normal
  194 -1002.837096  -15.23   -2676.08       1.376    -41.147     14.6  16.0   28962.1   normal
  195 -1007.927636  -12.55   -2688.63       1.376    -41.252     14.6  24.2   29110.4   normal
  196 -1013.025107  -16.90   -2705.52       1.377    -41.357     14.6  15.8   29243.5   normal
  197 -1018.125911  -18.99   -2724.51       1.380    -41.461     14.6  15.6   29315.5   normal
  198 -1023.221105  -15.47   -2739.98       1.380    -41.566     14.6  20.8   29467.9   normal
  199 -1028.316000  -15.28   -2755.26       1.382    -41.669     14.7  14.1   29575.7   normal
  200 -1033.418863  -20.28   -2775.54       1.384    -41.773     14.6  16.6   29673.2   normal
  201 -1038.511055  -13.58   -2789.12       1.384    -41.877     14.6  14.9   29815.5   normal
  202 -1043.601140  -12.26   -2801.39       1.384    -41.980     14.6  18.2   29959.4   normal
  203 -1048.693226  -13.52   -2814.90       1.385    -42.083     14.6  19.3   30100.0   normal
  204 -1053.783430  -12.34   -2827.24       1.384    -42.185     14.7  23.0   30251.0   normal
  205 -1058.886609  -20.48   -2847.72       1.385    -42.288     14.7  24.4   30388.4   normal
  206 -1063.980090  -14.39   -2862.11       1.386    -42.390     14.7  18.2   30516.4   normal
  207 -1069.075288  -15.47   -2877.58       1.387    -42.492     14.8  15.9   30633.7   normal
  208 -1074.170596  -15.54   -2893.12       1.387    -42.594     14.8  25.1   30784.2   normal
  209 -1079.259459  -11.49   -2904.62       1.386    -42.695     14.8  23.6   30937.1   normal
  210 -1084.351470  -13.47   -2918.09       1.387    -42.796     14.8  26.2   31059.9   normal
  211 -1089.446148  -15.14   -2933.23       1.389    -42.897     14.9  15.5   31175.2   normal
  212 -1094.535188  -11.61   -2944.84       1.389    -42.997     14.9  16.2   31310.6   normal
  213 -1099.645714  -25.09   -2969.93       1.391    -43.099     14.9  22.8   31410.0   normal
  214 -1104.745556  -18.38   -2988.31       1.391    -43.199     14.9  17.4   31558.0   normal
  215 -1109.842712  -16.70   -3005.01       1.392    -43.299     14.9  14.8   31687.2   normal
  216 -1114.932253  -11.92   -3016.93       1.393    -43.399     14.9  26.4   31803.7   normal
  217 -1120.029456  -16.73   -3033.66       1.393    -43.498     15.0  17.5   31958.4   normal
  218 -1125.125270  -15.86   -3049.51       1.393    -43.598     15.0  16.0   32094.5   normal
  219 -1130.222887  -16.99   -3066.50       1.393    -43.697     15.0  15.2   32228.5   normal
  220 -1135.319089  -16.10   -3082.60       1.395    -43.796     15.0  17.4   32338.5   normal
  221 -1140.409130  -12.23   -3094.84       1.395    -43.894     15.0  16.0   32486.8   normal
  222 -1145.504892  -15.82   -3110.66       1.396    -43.993     15.0  16.1   32608.9   normal
  223 -1150.599877  -15.34   -3126.00       1.396    -44.091     15.0  17.0   32737.7   normal
  224 -1155.691301  -13.10   -3139.10       1.395    -44.189     15.0  18.6   32912.9   normal
  225 -1160.787432  -16.06   -3155.16       1.397    -44.287     15.0  16.5   33019.0   normal
  226 -1165.894641  -23.01   -3178.16       1.396    -44.385     15.0  19.1   33186.7   normal
  227 -1170.988655  -14.73   -3192.89       1.396    -44.482     15.0  20.0   33316.4   normal
  228 -1176.085992  -16.81   -3209.70       1.397    -44.579     15.1  16.8   33448.0   normal
  229 -1181.179307  -14.29   -3223.99       1.398    -44.676     15.1  22.3   33569.6   normal
  230 -1186.277774  -17.52   -3241.51       1.398    -44.773     15.1  19.5   33705.7   normal
  231 -1191.374211  -16.25   -3257.76       1.400    -44.870     15.1  15.9   33812.2   normal
  232 -1196.464815  -12.59   -3270.35       1.400    -44.966     15.1  21.1   33954.3   normal
  233 -1201.561691  -16.52   -3286.87       1.399    -45.062     15.2  16.2   34115.8   normal
  234 -1206.659196  -16.92   -3303.79       1.400    -45.158     15.2  19.0   34248.2   normal
  235 -1211.752804  -14.47   -3318.26       1.400    -45.254     15.2  17.0   34376.0   normal
  236 -1216.851401  -17.60   -3335.87       1.400    -45.349     15.2  23.6   34520.9   normal
  237 -1221.938960  -10.68   -3346.54       1.401    -45.444     15.3  24.4   34646.6   normal
  238 -1227.031417  -13.75   -3360.29       1.403    -45.539     15.3  25.0   34752.8   normal
  239 -1232.121015  -11.96   -3372.25       1.402    -45.634     15.3  24.0   34914.2   normal
  240 -1237.222954  -19.70   -3391.95       1.404    -45.729     15.3  23.2   35000.6   normal
  241 -1242.311648  -11.39   -3403.34       1.404    -45.823     15.4  17.7   35146.7   normal
  242 -1247.405946  -14.91   -3418.24       1.405    -45.918     15.4  23.9   35262.0   normal
  243 -1252.503365  -16.86   -3435.11       1.407    -46.012     15.4  21.0   35357.8   normal
  244 -1257.620387  -29.17   -3464.27       1.407    -46.107     15.4  16.3   35499.2   normal
  245 -1262.715078  -15.15   -3479.43       1.408    -46.200     15.4  17.1   35629.7   normal
  246 -1267.805322  -12.36   -3491.79       1.408    -46.294     15.4  21.6   35764.7   normal
  247 -1272.896030  -12.65   -3504.44       1.409    -46.387     15.5  16.6   35894.7   normal
  248 -1277.994517  -17.53   -3521.97       1.412    -46.480     15.5  17.3   35947.0   normal
  249 -1283.092513  -17.23   -3539.20       1.414    -46.573     15.5  16.8   36042.5   normal
  250 -1288.188859  -16.19   -3555.39       1.414    -46.666     15.5  18.4   36191.9   normal
 
  Growth finished after 250 solvents added
  Results can be found in grow directory
  Energy list in file <qcg_energy.dat>
  Interaction energy in file <qcg_conv.dat>
  Growing process in <qcg_grow.xyz>
  Final geometry after grow in <cluster.coord> and <cluster.xyz>
  Potentials and geometry written in <cluster_cavity.coord> and <twopot_cavity.coord>
 
  =========================================
  |   quantum cluster growth: ENSEMBLE    |
  =========================================
 
   Method for ensemble search:--gff               
 Starting ensemble cluster generation by CREST routine
 
------------------------------------------------
Generating MTD length from a flexibility measure
------------------------------------------------
 System flexiblity is set to 1.0 for NCI mode
 flexibility measure :   1.000
 t(MTD) / ps set by command line  :    10.0
 t(MTD) / ps    :    10.0
 Σ(t(MTD)) / ps :   120.0 (12 MTDs)
 
-------------------------------------
Starting a trial MTD to test settings
-------------------------------------
 Estimated runtime for one MTD (10.0 ps) on a single thread: 1 h 38 min 0 sec
 Estimated runtime for a batch of 12 MTDs on 40 threads: 32 min 40 sec
 
 list of Vbias parameters applied:
$metadyn    0.00125   1.000
$metadyn    0.00083   1.000
$metadyn    0.00056   1.000
$metadyn    0.00125   0.667
$metadyn    0.00083   0.667
$metadyn    0.00056   0.667
$metadyn    0.00125   0.444
$metadyn    0.00083   0.444
$metadyn    0.00056   0.444
$metadyn    0.00125   0.296
$metadyn    0.00083   0.296
$metadyn    0.00056   0.296
 
*******************************************************************************************
**                        N E W    I T E R A T I O N    C Y C L E                        **
*******************************************************************************************
 
========================================
            MTD Iteration  1
========================================
 
     ========================================
     |         Meta-MD (MTD) Sampling       |
     ========================================
 
Starting Meta-MD   7 with the settings:
     MD time /ps        :    10.0
     dt /fs             :     1.5
     dumpstep(trj) /fs  :     200
     dumpstep(Vbias)/ps :     1.0
     Vbias factor k /Eh :  0.9525
     Vbias exp α /bohr⁻²:    0.44
Starting Meta-MD   1 with the settings:
     MD time /ps        :    10.0
     dt /fs             :     1.5
     dumpstep(trj) /fs  :     200
     dumpstep(Vbias)/ps :     1.0
     Vbias factor k /Eh :  0.9525
     Vbias exp α /bohr⁻²:    1.00
Starting Meta-MD   2 with the settings:
     MD time /ps        :    10.0
     dt /fs             :     1.5
     dumpstep(trj) /fs  :     200
     dumpstep(Vbias)/ps :     1.0
     Vbias factor k /Eh :  0.6350
     Vbias exp α /bohr⁻²:    1.00
Starting Meta-MD   5 with the settings:
     MD time /ps        :    10.0
     dt /fs             :     1.5
     dumpstep(trj) /fs  :     200
     dumpstep(Vbias)/ps :     1.0
     Vbias factor k /Eh :  0.6350
     Vbias exp α /bohr⁻²:    0.67
Starting Meta-MD   4 with the settings:
     MD time /ps        :    10.0
     dt /fs             :     1.5
     dumpstep(trj) /fs  :     200
     dumpstep(Vbias)/ps :     1.0
     Vbias factor k /Eh :  0.9525
     Vbias exp α /bohr⁻²:    0.67
Starting Meta-MD   8 with the settings:
     MD time /ps        :    10.0
     dt /fs             :     1.5
     dumpstep(trj) /fs  :     200
     dumpstep(Vbias)/ps :     1.0
     Vbias factor k /Eh :  0.6350
     Vbias exp α /bohr⁻²:    0.44
Starting Meta-MD   6 with the settings:
     MD time /ps        :    10.0
     dt /fs             :     1.5
     dumpstep(trj) /fs  :     200
     dumpstep(Vbias)/ps :     1.0
     Vbias factor k /Eh :  0.4233
     Vbias exp α /bohr⁻²:    0.67
Starting Meta-MD   3 with the settings:
     MD time /ps        :    10.0
     dt /fs             :     1.5
     dumpstep(trj) /fs  :     200
     dumpstep(Vbias)/ps :     1.0
     Vbias factor k /Eh :  0.4233
     Vbias exp α /bohr⁻²:    1.00
Starting Meta-MD   9 with the settings:
     MD time /ps        :    10.0
     dt /fs             :     1.5
     dumpstep(trj) /fs  :     200
     dumpstep(Vbias)/ps :     1.0
     Vbias factor k /Eh :  0.4233
     Vbias exp α /bohr⁻²:    0.44
Starting Meta-MD  10 with the settings:
     MD time /ps        :    10.0
     dt /fs             :     1.5
     dumpstep(trj) /fs  :     200
     dumpstep(Vbias)/ps :     1.0
     Vbias factor k /Eh :  0.9525
     Vbias exp α /bohr⁻²:    0.30
Starting Meta-MD  12 with the settings:
     MD time /ps        :    10.0
     dt /fs             :     1.5
     dumpstep(trj) /fs  :     200
     dumpstep(Vbias)/ps :     1.0
     Vbias factor k /Eh :  0.4233
     Vbias exp α /bohr⁻²:    0.30
Starting Meta-MD  11 with the settings:
     MD time /ps        :    10.0
     dt /fs             :     1.5
     dumpstep(trj) /fs  :     200
     dumpstep(Vbias)/ps :     1.0
     Vbias factor k /Eh :  0.6350
     Vbias exp α /bohr⁻²:    0.30
*Meta-MTD 6 finished*
*Meta-MTD 2 finished*
*Meta-MTD 8 finished*
*Meta-MTD 3 finished*
*Meta-MTD 7 finished*
*Meta-MTD 9 finished*
*Meta-MTD 10 finished*
*Meta-MTD 5 finished*
*Meta-MTD 1 finished*
*Meta-MTD 12 finished*
*Meta-MTD 11 finished*
*Meta-MTD 4 finished*
 
-----------------------
Multilevel Optimization
-----------------------
 
 -------------------------
 1. crude pre-optimization
 -------------------------
 Optimizing all 600 structures from file "crest_rotamers_0.xyz" ...
 1 2 3 4 5 6 7 8 9 10 11 12 13 14 15 16 17 18 19 20 21 22 23 24 25 26 27 28 29 30 31 32 33 34 35 36 37 38 39 40 41 42 43 44 45 46 47 48 49 50 51 52 53 54 55 56 57 58 59 60 61 62 63 64 65 66 67 68 69 70 71 72 73 74 75 76 77 78 79 80 81 82 83 84 85 86 87 88 89 90 91 92 93 94 95 96 97 98 99 100 101 102 103 104 105 106 107 108 109 110 111 112 113 114 115 116 117 118 119 120 121 122 123 124 125 126 127 128 129 130 131 132 133 134 135 136 137 138 139 140 141 142 143 144 145 146 147 148 149 150 151 152 153 154 155 156 157 158 159 160 161 162 163 164 165 166 167 168 169 170 171 172 173 174 175 176 177 178 179 180 181 182 183 184 185 186 187 188 189 190 191 192 193 194 195 196 197 198 199 200 201 202 203 204 205 206 207 208 209 210 211 212 213 214 215 216 217 218 219 220 221 222 223 224 225 226 227 228 229 230 231 232 233 234 235 236 237 238 239 240 241 242 243 244 245 246 247 248 249 250 251 252 253 254 255 256 257 258 259 260 261 262 263 264 265 266 267 268 269 270 271 272 273 274 275 276 277 278 279 280 281 282 283 284 285 286 287 288 289 290 291 292 293 294 295 296 297 298 299 300 301 302 303 304 305 306 307 308 309 310 311 312 313 314 315 316 317 318 319 320 321 322 323 324 325 326 327 328 329 330 331 332 333 334 335 336 337 338 339 340 341 342 343 344 345 346 347 348 349 350 351 352 353 354 355 356 357 358 359 360 361 362 363 364 365 366 367 368 369 370 371 372 373 374 375 376 377 378 379 380 381 382 383 384 385 386 387 388 389 390 391 392 393 394 395 396 397 398 399 400 401 402 403 404 405 406 407 408 409 410 411 412 413 414 415 416 417 418 419 420 421 422 423 424 425 426 427 428 429 430 431 432 433 434 435 436 437 438 439 440 441 442 443 444 445 446 447 448 449 450 451 452 453 454 455 456 457 458 459 460 461 462 463 464 465 466 467 468 469 470 471 472 473 474 475 476 477 478 479 480 481 482 483 484 485 486 487 488 489 490 491 492 493 494 495 496 497 498 499 500 501 502 503 504 505 506 507 508 509 510 511 512 513 514 515 516 517 518 519 520 521 522 523 524 525 526 527 528 529 530 531 532 533 534 535 536 537 538 539 540 541 542 543 544 545 546 547 548 549 550 551 552 553 554 555 556 557 558 559 560 561 562 563 564 565 566 567 568 569 570 571 572 573 574 575 576 577 578 579 580 581 582 583 584 585 586 587 588 589 590 591 592 593 594 595 596 597 598 599 600
 done.
 input  file name : crest_rotamers_1.xyz
 output file name : crest_rotamers_2.xyz
 reference state Etot :  -86.6031103300000     
 600 structures remain within     6.00 kcal/mol window
 
 
========================================
            MTD Iteration  2
========================================
 
     ========================================
     |         Meta-MD (MTD) Sampling       |
     ========================================
 
Starting Meta-MD  10 with the settings:
     MD time /ps        :    10.0
     dt /fs             :     1.5
     dumpstep(trj) /fs  :     200
     dumpstep(Vbias)/ps :     1.0
     Vbias factor k /Eh :  0.9525
     Vbias exp α /bohr⁻²:    0.30
Starting Meta-MD   1 with the settings:
     MD time /ps        :    10.0
     dt /fs             :     1.5
     dumpstep(trj) /fs  :     200
     dumpstep(Vbias)/ps :     1.0
     Vbias factor k /Eh :  0.9525
     Vbias exp α /bohr⁻²:    1.00
Starting Meta-MD   2 with the settings:
     MD time /ps        :    10.0
     dt /fs             :     1.5
     dumpstep(trj) /fs  :     200
     dumpstep(Vbias)/ps :     1.0
     Vbias factor k /Eh :  0.6350
     Vbias exp α /bohr⁻²:    1.00
Starting Meta-MD   3 with the settings:
     MD time /ps        :    10.0
     dt /fs             :     1.5
     dumpstep(trj) /fs  :     200
     dumpstep(Vbias)/ps :     1.0
     Vbias factor k /Eh :  0.4233
     Vbias exp α /bohr⁻²:    1.00
Starting Meta-MD   4 with the settings:
     MD time /ps        :    10.0
     dt /fs             :     1.5
     dumpstep(trj) /fs  :     200
     dumpstep(Vbias)/ps :     1.0
     Vbias factor k /Eh :  0.9525
     Vbias exp α /bohr⁻²:    0.67
Starting Meta-MD   5 with the settings:
     MD time /ps        :    10.0
     dt /fs             :     1.5
     dumpstep(trj) /fs  :     200
     dumpstep(Vbias)/ps :     1.0
     Vbias factor k /Eh :  0.6350
     Vbias exp α /bohr⁻²:    0.67
Starting Meta-MD   6 with the settings:
     MD time /ps        :    10.0
     dt /fs             :     1.5
     dumpstep(trj) /fs  :     200
     dumpstep(Vbias)/ps :     1.0
     Vbias factor k /Eh :  0.4233
     Vbias exp α /bohr⁻²:    0.67
Starting Meta-MD   7 with the settings:
     MD time /ps        :    10.0
     dt /fs             :     1.5
     dumpstep(trj) /fs  :     200
     dumpstep(Vbias)/ps :     1.0
     Vbias factor k /Eh :  0.9525
     Vbias exp α /bohr⁻²:    0.44
Starting Meta-MD   8 with the settings:
     MD time /ps        :    10.0
     dt /fs             :     1.5
     dumpstep(trj) /fs  :     200
     dumpstep(Vbias)/ps :     1.0
     Vbias factor k /Eh :  0.6350
     Vbias exp α /bohr⁻²:    0.44
Starting Meta-MD   9 with the settings:
     MD time /ps        :    10.0
     dt /fs             :     1.5
     dumpstep(trj) /fs  :     200
     dumpstep(Vbias)/ps :     1.0
     Vbias factor k /Eh :  0.4233
     Vbias exp α /bohr⁻²:    0.44
*Meta-MTD 6 finished*
*Meta-MTD 1 finished*
*Meta-MTD 2 finished*
*Meta-MTD 3 finished*
*Meta-MTD 8 finished*
*Meta-MTD 4 finished*
*Meta-MTD 5 finished*
*Meta-MTD 9 finished*
*Meta-MTD 7 finished*
*Meta-MTD 10 finished*
 
-----------------------
Multilevel Optimization
-----------------------
 
 -------------------------
 1. crude pre-optimization
 -------------------------
 Optimizing all 500 structures from file "crest_rotamers_0.xyz" ...
 1 2 3 4 5 6 7 8 9 10 11 12 13 14 15 16 17 18 19 20 21 22 23 24 25 26 27 28 29 30 31 32 33 34 35 36 37 38 39 40 41 42 43 44 45 46 47 48 49 50 51 52 53 54 55 56 57 58 59 60 61 62 63 64 65 66 67 68 69 70 71 72 73 74 75 76 77 78 79 80 81 82 83 84 85 86 87 88 89 90 91 92 93 94 95 96 97 98 99 100 101 102 103 104 105 106 107 108 109 110 111 112 113 114 115 116 117 118 119 120 121 122 123 124 125 126 127 128 129 130 131 132 133 134 135 136 137 138 139 140 141 142 143 144 145 146 147 148 149 150 151 152 153 154 155 156 157 158 159 160 161 162 163 164 165 166 167 168 169 170 171 172 173 174 175 176 177 178 179 180 181 182 183 184 185 186 187 188 189 190 191 192 193 194 195 196 197 198 199 200 201 202 203 204 205 206 207 208 209 210 211 212 213 214 215 216 217 218 219 220 221 222 223 224 225 226 227 228 229 230 231 232 233 234 235 236 237 238 239 240 241 242 243 244 245 246 247 248 249 250 251 252 253 254 255 256 257 258 259 260 261 262 263 264 265 266 267 268 269 270 271 272 273 274 275 276 277 278 279 280 281 282 283 284 285 286 287 288 289 290 291 292 293 294 295 296 297 298 299 300 301 302 303 304 305 306 307 308 309 310 311 312 313 314 315 316 317 318 319 320 321 322 323 324 325 326 327 328 329 330 331 332 333 334 335 336 337 338 339 340 341 342 343 344 345 346 347 348 349 350 351 352 353 354 355 356 357 358 359 360 361 362 363 364 365 366 367 368 369 370 371 372 373 374 375 376 377 378 379 380 381 382 383 384 385 386 387 388 389 390 391 392 393 394 395 396 397 398 399 400 401 402 403 404 405 406 407 408 409 410 411 412 413 414 415 416 417 418 419 420 421 422 423 424 425 426 427 428 429 430 431 432 433 434 435 436 437 438 439 440 441 442 443 444 445 446 447 448 449 450 451 452 453 454 455 456 457 458 459 460 461 462 463 464 465 466 467 468 469 470 471 472 473 474 475 476 477 478 479 480 481 482 483 484 485 486 487 488 489 490 491 492 493 494 495 496 497 498 499 500
 done.
 input  file name : crest_rotamers_1.xyz
 output file name : crest_rotamers_2.xyz
 reference state Etot :  -86.6260715800000     
 500 structures remain within     6.00 kcal/mol window
 
 ...............................................
 A new lower conformer was found!
 Improved by    0.02296 Eh or   14.40840kcal/mol
 ...............................................
 
========================================
            MTD Iteration  3
========================================
 
     ========================================
     |         Meta-MD (MTD) Sampling       |
     ========================================
 
Starting Meta-MD  10 with the settings:
     MD time /ps        :    10.0
     dt /fs             :     1.5
     dumpstep(trj) /fs  :     200
     dumpstep(Vbias)/ps :     1.0
     Vbias factor k /Eh :  0.9525
     Vbias exp α /bohr⁻²:    0.30
Starting Meta-MD   1 with the settings:
     MD time /ps        :    10.0
     dt /fs             :     1.5
     dumpstep(trj) /fs  :     200
     dumpstep(Vbias)/ps :     1.0
     Vbias factor k /Eh :  0.9525
     Vbias exp α /bohr⁻²:    1.00
Starting Meta-MD   2 with the settings:
     MD time /ps        :    10.0
     dt /fs             :     1.5
     dumpstep(trj) /fs  :     200
     dumpstep(Vbias)/ps :     1.0
     Vbias factor k /Eh :  0.6350
     Vbias exp α /bohr⁻²:    1.00
Starting Meta-MD   3 with the settings:
     MD time /ps        :    10.0
     dt /fs             :     1.5
     dumpstep(trj) /fs  :     200
     dumpstep(Vbias)/ps :     1.0
     Vbias factor k /Eh :  0.4233
     Vbias exp α /bohr⁻²:    1.00
Starting Meta-MD   4 with the settings:
     MD time /ps        :    10.0
     dt /fs             :     1.5
     dumpstep(trj) /fs  :     200
     dumpstep(Vbias)/ps :     1.0
     Vbias factor k /Eh :  0.9525
     Vbias exp α /bohr⁻²:    0.67
Starting Meta-MD   5 with the settings:
     MD time /ps        :    10.0
     dt /fs             :     1.5
     dumpstep(trj) /fs  :     200
     dumpstep(Vbias)/ps :     1.0
     Vbias factor k /Eh :  0.6350
     Vbias exp α /bohr⁻²:    0.67
Starting Meta-MD   6 with the settings:
     MD time /ps        :    10.0
     dt /fs             :     1.5
     dumpstep(trj) /fs  :     200
     dumpstep(Vbias)/ps :     1.0
     Vbias factor k /Eh :  0.4233
     Vbias exp α /bohr⁻²:    0.67
Starting Meta-MD   7 with the settings:
     MD time /ps        :    10.0
     dt /fs             :     1.5
     dumpstep(trj) /fs  :     200
     dumpstep(Vbias)/ps :     1.0
     Vbias factor k /Eh :  0.9525
     Vbias exp α /bohr⁻²:    0.44
Starting Meta-MD   8 with the settings:
     MD time /ps        :    10.0
     dt /fs             :     1.5
     dumpstep(trj) /fs  :     200
     dumpstep(Vbias)/ps :     1.0
     Vbias factor k /Eh :  0.6350
     Vbias exp α /bohr⁻²:    0.44
Starting Meta-MD   9 with the settings:
     MD time /ps        :    10.0
     dt /fs             :     1.5
     dumpstep(trj) /fs  :     200
     dumpstep(Vbias)/ps :     1.0
     Vbias factor k /Eh :  0.4233
     Vbias exp α /bohr⁻²:    0.44
*Meta-MTD 1 finished*
*Meta-MTD 10 finished*
*Meta-MTD 7 finished*
*Meta-MTD 9 finished*
*Meta-MTD 8 finished*
*Meta-MTD 3 finished*
*Meta-MTD 5 finished*
*Meta-MTD 2 finished*
*Meta-MTD 4 finished*
*Meta-MTD 6 finished*
 
-----------------------
Multilevel Optimization
-----------------------
 
 -------------------------
 1. crude pre-optimization
 -------------------------
 Optimizing all 500 structures from file "crest_rotamers_0.xyz" ...
 1 2 3 4 5 6 7 8 9 10 11 12 13 14 15 16 17 18 19 20 21 22 23 24 25 26 27 28 29 30 31 32 33 34 35 36 37 38 39 40 41 42 43 44 45 46 47 48 49 50 51 52 53 54 55 56 57 58 59 60 61 62 63 64 65 66 67 68 69 70 71 72 73 74 75 76 77 78 79 80 81 82 83 84 85 86 87 88 89 90 91 92 93 94 95 96 97 98 99 100 101 102 103 104 105 106 107 108 109 110 111 112 113 114 115 116 117 118 119 120 121 122 123 124 125 126 127 128 129 130 131 132 133 134 135 136 137 138 139 140 141 142 143 144 145 146 147 148 149 150 151 152 153 154 155 156 157 158 159 160 161 162 163 164 165 166 167 168 169 170 171 172 173 174 175 176 177 178 179 180 181 182 183 184 185 186 187 188 189 190 191 192 193 194 195 196 197 198 199 200 201 202 203 204 205 206 207 208 209 210 211 212 213 214 215 216 217 218 219 220 221 222 223 224 225 226 227 228 229 230 231 232 233 234 235 236 237 238 239 240 241 242 243 244 245 246 247 248 249 250 251 252 253 254 255 256 257 258 259 260 261 262 263 264 265 266 267 268 269 270 271 272 273 274 275 276 277 278 279 280 281 282 283 284 285 286 287 288 289 290 291 292 293 294 295 296 297 298 299 300 301 302 303 304 305 306 307 308 309 310 311 312 313 314 315 316 317 318 319 320 321 322 323 324 325 326 327 328 329 330 331 332 333 334 335 336 337 338 339 340 341 342 343 344 345 346 347 348 349 350 351 352 353 354 355 356 357 358 359 360 361 362 363 364 365 366 367 368 369 370 371 372 373 374 375 376 377 378 379 380 381 382 383 384 385 386 387 388 389 390 391 392 393 394 395 396 397 398 399 400 401 402 403 404 405 406 407 408 409 410 411 412 413 414 415 416 417 418 419 420 421 422 423 424 425 426 427 428 429 430 431 432 433 434 435 436 437 438 439 440 441 442 443 444 445 446 447 448 449 450 451 452 453 454 455 456 457 458 459 460 461 462 463 464 465 466 467 468 469 470 471 472 473 474 475 476 477 478 479 480 481 482 483 484 485 486 487 488 489 490 491 492 493 494 495 496 497 498 499 500
 done.
 input  file name : crest_rotamers_1.xyz
 output file name : crest_rotamers_2.xyz
 reference state Etot :  -86.6539546200000     
 500 structures remain within     6.00 kcal/mol window
 
 ...............................................
 A new lower conformer was found!
 Improved by    0.02788 Eh or   17.49687kcal/mol
 ...............................................
 
========================================
            MTD Iteration  4
========================================
 
     ========================================
     |         Meta-MD (MTD) Sampling       |
     ========================================
 
Starting Meta-MD  10 with the settings:
     MD time /ps        :    10.0
     dt /fs             :     1.5
     dumpstep(trj) /fs  :     200
     dumpstep(Vbias)/ps :     1.0
     Vbias factor k /Eh :  0.9525
     Vbias exp α /bohr⁻²:    0.30
Starting Meta-MD   1 with the settings:
     MD time /ps        :    10.0
     dt /fs             :     1.5
     dumpstep(trj) /fs  :     200
     dumpstep(Vbias)/ps :     1.0
     Vbias factor k /Eh :  0.9525
     Vbias exp α /bohr⁻²:    1.00
Starting Meta-MD   2 with the settings:
     MD time /ps        :    10.0
     dt /fs             :     1.5
     dumpstep(trj) /fs  :     200
     dumpstep(Vbias)/ps :     1.0
     Vbias factor k /Eh :  0.6350
     Vbias exp α /bohr⁻²:    1.00
Starting Meta-MD   3 with the settings:
     MD time /ps        :    10.0
     dt /fs             :     1.5
     dumpstep(trj) /fs  :     200
     dumpstep(Vbias)/ps :     1.0
     Vbias factor k /Eh :  0.4233
     Vbias exp α /bohr⁻²:    1.00
Starting Meta-MD   4 with the settings:
     MD time /ps        :    10.0
     dt /fs             :     1.5
     dumpstep(trj) /fs  :     200
     dumpstep(Vbias)/ps :     1.0
     Vbias factor k /Eh :  0.9525
     Vbias exp α /bohr⁻²:    0.67
Starting Meta-MD   5 with the settings:
     MD time /ps        :    10.0
     dt /fs             :     1.5
     dumpstep(trj) /fs  :     200
     dumpstep(Vbias)/ps :     1.0
     Vbias factor k /Eh :  0.6350
     Vbias exp α /bohr⁻²:    0.67
Starting Meta-MD   6 with the settings:
     MD time /ps        :    10.0
     dt /fs             :     1.5
     dumpstep(trj) /fs  :     200
     dumpstep(Vbias)/ps :     1.0
     Vbias factor k /Eh :  0.4233
     Vbias exp α /bohr⁻²:    0.67
Starting Meta-MD   7 with the settings:
     MD time /ps        :    10.0
     dt /fs             :     1.5
     dumpstep(trj) /fs  :     200
     dumpstep(Vbias)/ps :     1.0
     Vbias factor k /Eh :  0.9525
     Vbias exp α /bohr⁻²:    0.44
Starting Meta-MD   8 with the settings:
     MD time /ps        :    10.0
     dt /fs             :     1.5
     dumpstep(trj) /fs  :     200
     dumpstep(Vbias)/ps :     1.0
     Vbias factor k /Eh :  0.6350
     Vbias exp α /bohr⁻²:    0.44
Starting Meta-MD   9 with the settings:
     MD time /ps        :    10.0
     dt /fs             :     1.5
     dumpstep(trj) /fs  :     200
     dumpstep(Vbias)/ps :     1.0
     Vbias factor k /Eh :  0.4233
     Vbias exp α /bohr⁻²:    0.44
*Meta-MTD 5 finished*
*Meta-MTD 8 finished*
*Meta-MTD 10 finished*
*Meta-MTD 2 finished*
*Meta-MTD 9 finished*
*Meta-MTD 3 finished*
*Meta-MTD 1 finished*
*Meta-MTD 6 finished*
*Meta-MTD 4 finished*
*Meta-MTD 7 finished*
 
-----------------------
Multilevel Optimization
-----------------------
 
 -------------------------
 1. crude pre-optimization
 -------------------------
 Optimizing all 500 structures from file "crest_rotamers_0.xyz" ...
 1 2 3 4 5 6 7 8 9 10 11 12 13 14 15 16 17 18 19 20 21 22 23 24 25 26 27 28 29 30 31 32 33 34 35 36 37 38 39 40 41 42 43 44 45 46 47 48 49 50 51 52 53 54 55 56 57 58 59 60 61 62 63 64 65 66 67 68 69 70 71 72 73 74 75 76 77 78 79 80 81 82 83 84 85 86 87 88 89 90 91 92 93 94 95 96 97 98 99 100 101 102 103 104 105 106 107 108 109 110 111 112 113 114 115 116 117 118 119 120 121 122 123 124 125 126 127 128 129 130 131 132 133 134 135 136 137 138 139 140 141 142 143 144 145 146 147 148 149 150 151 152 153 154 155 156 157 158 159 160 161 162 163 164 165 166 167 168 169 170 171 172 173 174 175 176 177 178 179 180 181 182 183 184 185 186 187 188 189 190 191 192 193 194 195 196 197 198 199 200 201 202 203 204 205 206 207 208 209 210 211 212 213 214 215 216 217 218 219 220 221 222 223 224 225 226 227 228 229 230 231 232 233 234 235 236 237 238 239 240 241 242 243 244 245 246 247 248 249 250 251 252 253 254 255 256 257 258 259 260 261 262 263 264 265 266 267 268 269 270 271 272 273 274 275 276 277 278 279 280 281 282 283 284 285 286 287 288 289 290 291 292 293 294 295 296 297 298 299 300 301 302 303 304 305 306 307 308 309 310 311 312 313 314 315 316 317 318 319 320 321 322 323 324 325 326 327 328 329 330 331 332 333 334 335 336 337 338 339 340 341 342 343 344 345 346 347 348 349 350 351 352 353 354 355 356 357 358 359 360 361 362 363 364 365 366 367 368 369 370 371 372 373 374 375 376 377 378 379 380 381 382 383 384 385 386 387 388 389 390 391 392 393 394 395 396 397 398 399 400 401 402 403 404 405 406 407 408 409 410 411 412 413 414 415 416 417 418 419 420 421 422 423 424 425 426 427 428 429 430 431 432 433 434 435 436 437 438 439 440 441 442 443 444 445 446 447 448 449 450 451 452 453 454 455 456 457 458 459 460 461 462 463 464 465 466 467 468 469 470 471 472 473 474 475 476 477 478 479 480 481 482 483 484 485 486 487 488 489 490 491 492 493 494 495 496 497 498 499 500
 done.
 input  file name : crest_rotamers_1.xyz
 output file name : crest_rotamers_2.xyz
 reference state Etot :  -86.6474607000000     
 500 structures remain within     6.00 kcal/mol window
 
========================================
            MTD Iterations done         
========================================
 Collecting ensmbles.
 running RMSDs...
 done.
 E lowest :   -86.65395
 1 structures remain within     3.00 kcal/mol window
 
-----------------------------------------------
Additional regular MDs on lowest 1 conformer(s)
-----------------------------------------------
Starting MD   2 with the settings:
     MD time /ps        :     5.0
     MD Temperature /K  :   500.0
     dt /fs             :     1.5
     dumpstep(trj) /fs  :     200
Starting MD   1 with the settings:
     MD time /ps        :     5.0
     MD Temperature /K  :   400.0
     dt /fs             :     1.5
     dumpstep(trj) /fs  :     200
*MD 1 finished*
*MD 2 finished*
 Appending file crest_rotamers_1.xyz with new structures
 
 --------------------------------------------
 Ensemble optimization with normal thresholds
 --------------------------------------------
 Optimizing all 51 structures from file "crest_rotamers_1.xyz" ...
 1 2 3 4 5 6 7 8 9 10 11 12 13 14 15 16 17 18 19 20 21 22 23 24 25 26 27 28 29 30 31 32 33 34 35 36 37 38 39 40 41 42 43 44 45 46 47 48 49 50 51
 done.
 input  file name : crest_rotamers_2.xyz
 output file name : crest_rotamers_3.xyz
 reference state Etot :  -86.6571856700000     
 51 structures remain within     3.00 kcal/mol window
 
 ...............................................
 A new lower conformer was found!
 Improved by    0.00323 Eh or    2.02751kcal/mol
 ...............................................
 
*******************************************************************************************
**                        N E W    I T E R A T I O N    C Y C L E                        **
*******************************************************************************************
 
========================================
            MTD Iteration  1
========================================
 
     ========================================
     |         Meta-MD (MTD) Sampling       |
     ========================================
 
Starting Meta-MD   1 with the settings:
     MD time /ps        :    10.0
     dt /fs             :     1.5
     dumpstep(trj) /fs  :     200
     dumpstep(Vbias)/ps :     1.0
     Vbias factor k /Eh :  0.9525
     Vbias exp α /bohr⁻²:    1.00
Starting Meta-MD   2 with the settings:
     MD time /ps        :    10.0
     dt /fs             :     1.5
     dumpstep(trj) /fs  :     200
     dumpstep(Vbias)/ps :     1.0
     Vbias factor k /Eh :  0.6350
     Vbias exp α /bohr⁻²:    1.00
Starting Meta-MD  10 with the settings:
     MD time /ps        :    10.0
     dt /fs             :     1.5
     dumpstep(trj) /fs  :     200
     dumpstep(Vbias)/ps :     1.0
     Vbias factor k /Eh :  0.9525
     Vbias exp α /bohr⁻²:    0.30
Starting Meta-MD   3 with the settings:
     MD time /ps        :    10.0
     dt /fs             :     1.5
     dumpstep(trj) /fs  :     200
     dumpstep(Vbias)/ps :     1.0
     Vbias factor k /Eh :  0.4233
     Vbias exp α /bohr⁻²:    1.00
Starting Meta-MD   5 with the settings:
     MD time /ps        :    10.0
     dt /fs             :     1.5
     dumpstep(trj) /fs  :     200
     dumpstep(Vbias)/ps :     1.0
     Vbias factor k /Eh :  0.6350
     Vbias exp α /bohr⁻²:    0.67
Starting Meta-MD   6 with the settings:
     MD time /ps        :    10.0
     dt /fs             :     1.5
     dumpstep(trj) /fs  :     200
     dumpstep(Vbias)/ps :     1.0
     Vbias factor k /Eh :  0.4233
     Vbias exp α /bohr⁻²:    0.67
Starting Meta-MD   7 with the settings:
     MD time /ps        :    10.0
     dt /fs             :     1.5
     dumpstep(trj) /fs  :     200
     dumpstep(Vbias)/ps :     1.0
     Vbias factor k /Eh :  0.9525
     Vbias exp α /bohr⁻²:    0.44
Starting Meta-MD   8 with the settings:
     MD time /ps        :    10.0
     dt /fs             :     1.5
     dumpstep(trj) /fs  :     200
     dumpstep(Vbias)/ps :     1.0
     Vbias factor k /Eh :  0.6350
     Vbias exp α /bohr⁻²:    0.44
Starting Meta-MD   4 with the settings:
     MD time /ps        :    10.0
     dt /fs             :     1.5
     dumpstep(trj) /fs  :     200
     dumpstep(Vbias)/ps :     1.0
     Vbias factor k /Eh :  0.9525
     Vbias exp α /bohr⁻²:    0.67
Starting Meta-MD   9 with the settings:
     MD time /ps        :    10.0
     dt /fs             :     1.5
     dumpstep(trj) /fs  :     200
     dumpstep(Vbias)/ps :     1.0
     Vbias factor k /Eh :  0.4233
     Vbias exp α /bohr⁻²:    0.44
*Meta-MTD 10 finished*
*Meta-MTD 1 finished*
*Meta-MTD 3 finished*
*Meta-MTD 6 finished*
*Meta-MTD 2 finished*
*Meta-MTD 7 finished*
*Meta-MTD 9 finished*
*Meta-MTD 5 finished*
*Meta-MTD 8 finished*
*Meta-MTD 4 finished*
 
-----------------------
Multilevel Optimization
-----------------------
 
 -------------------------
 1. crude pre-optimization
 -------------------------
 Optimizing all 500 structures from file "crest_rotamers_0.xyz" ...
 1 2 3 4 5 6 7 8 9 10 11 12 13 14 15 16 17 18 19 20 21 22 23 24 25 26 27 28 29 30 31 32 33 34 35 36 37 38 39 40 41 42 43 44 45 46 47 48 49 50 51 52 53 54 55 56 57 58 59 60 61 62 63 64 65 66 67 68 69 70 71 72 73 74 75 76 77 78 79 80 81 82 83 84 85 86 87 88 89 90 91 92 93 94 95 96 97 98 99 100 101 102 103 104 105 106 107 108 109 110 111 112 113 114 115 116 117 118 119 120 121 122 123 124 125 126 127 128 129 130 131 132 133 134 135 136 137 138 139 140 141 142 143 144 145 146 147 148 149 150 151 152 153 154 155 156 157 158 159 160 161 162 163 164 165 166 167 168 169 170 171 172 173 174 175 176 177 178 179 180 181 182 183 184 185 186 187 188 189 190 191 192 193 194 195 196 197 198 199 200 201 202 203 204 205 206 207 208 209 210 211 212 213 214 215 216 217 218 219 220 221 222 223 224 225 226 227 228 229 230 231 232 233 234 235 236 237 238 239 240 241 242 243 244 245 246 247 248 249 250 251 252 253 254 255 256 257 258 259 260 261 262 263 264 265 266 267 268 269 270 271 272 273 274 275 276 277 278 279 280 281 282 283 284 285 286 287 288 289 290 291 292 293 294 295 296 297 298 299 300 301 302 303 304 305 306 307 308 309 310 311 312 313 314 315 316 317 318 319 320 321 322 323 324 325 326 327 328 329 330 331 332 333 334 335 336 337 338 339 340 341 342 343 344 345 346 347 348 349 350 351 352 353 354 355 356 357 358 359 360 361 362 363 364 365 366 367 368 369 370 371 372 373 374 375 376 377 378 379 380 381 382 383 384 385 386 387 388 389 390 391 392 393 394 395 396 397 398 399 400 401 402 403 404 405 406 407 408 409 410 411 412 413 414 415 416 417 418 419 420 421 422 423 424 425 426 427 428 429 430 431 432 433 434 435 436 437 438 439 440 441 442 443 444 445 446 447 448 449 450 451 452 453 454 455 456 457 458 459 460 461 462 463 464 465 466 467 468 469 470 471 472 473 474 475 476 477 478 479 480 481 482 483 484 485 486 487 488 489 490 491 492 493 494 495 496 497 498 499 500
 done.
 input  file name : crest_rotamers_1.xyz
 output file name : crest_rotamers_2.xyz
 reference state Etot :  -86.6441212800000     
 500 structures remain within     6.00 kcal/mol window
 
========================================
            MTD Iterations done         
========================================
 Collecting ensmbles.
 running RMSDs...
 done.
 E lowest :   -86.64412
 1 structures remain within     3.00 kcal/mol window
 
-----------------------------------------------
Additional regular MDs on lowest 1 conformer(s)
-----------------------------------------------
Starting MD   2 with the settings:
     MD time /ps        :     5.0
     MD Temperature /K  :   500.0
     dt /fs             :     1.5
     dumpstep(trj) /fs  :     200
Starting MD   1 with the settings:
     MD time /ps        :     5.0
     MD Temperature /K  :   400.0
     dt /fs             :     1.5
     dumpstep(trj) /fs  :     200
*MD 2 finished*
*MD 1 finished*
 Appending file crest_rotamers_1.xyz with new structures
 
 --------------------------------------------
 Ensemble optimization with normal thresholds
 --------------------------------------------
 Optimizing all 51 structures from file "crest_rotamers_1.xyz" ...
 1 2 3 4 5 6 7 8 9 10 11 12 13 14 15 16 17 18 19 20 21 22 23 24 25 26 27 28 29 30 31 32 33 34 35 36 37 38 39 40 41 42 43 44 45 46 47 48 49 50 51
 done.
 input  file name : crest_rotamers_2.xyz
 output file name : crest_rotamers_3.xyz
 reference state Etot :  -86.6617465800000     
 51 structures remain within     3.00 kcal/mol window
 
 ...............................................
 A new lower conformer was found!
 Improved by    0.00456 Eh or    2.86201kcal/mol
 ...............................................
 
*******************************************************************************************
**                        N E W    I T E R A T I O N    C Y C L E                        **
*******************************************************************************************
 
========================================
            MTD Iteration  1
========================================
 
     ========================================
     |         Meta-MD (MTD) Sampling       |
     ========================================
 
Starting Meta-MD  10 with the settings:
     MD time /ps        :    10.0
     dt /fs             :     1.5
     dumpstep(trj) /fs  :     200
     dumpstep(Vbias)/ps :     1.0
     Vbias factor k /Eh :  0.9525
     Vbias exp α /bohr⁻²:    0.30
Starting Meta-MD   1 with the settings:
     MD time /ps        :    10.0
     dt /fs             :     1.5
     dumpstep(trj) /fs  :     200
     dumpstep(Vbias)/ps :     1.0
     Vbias factor k /Eh :  0.9525
     Vbias exp α /bohr⁻²:    1.00
Starting Meta-MD   2 with the settings:
     MD time /ps        :    10.0
     dt /fs             :     1.5
     dumpstep(trj) /fs  :     200
     dumpstep(Vbias)/ps :     1.0
     Vbias factor k /Eh :  0.6350
     Vbias exp α /bohr⁻²:    1.00
Starting Meta-MD   3 with the settings:
     MD time /ps        :    10.0
     dt /fs             :     1.5
     dumpstep(trj) /fs  :     200
     dumpstep(Vbias)/ps :     1.0
     Vbias factor k /Eh :  0.4233
     Vbias exp α /bohr⁻²:    1.00
Starting Meta-MD   4 with the settings:
     MD time /ps        :    10.0
     dt /fs             :     1.5
     dumpstep(trj) /fs  :     200
     dumpstep(Vbias)/ps :     1.0
     Vbias factor k /Eh :  0.9525
     Vbias exp α /bohr⁻²:    0.67
Starting Meta-MD   5 with the settings:
     MD time /ps        :    10.0
     dt /fs             :     1.5
     dumpstep(trj) /fs  :     200
     dumpstep(Vbias)/ps :     1.0
     Vbias factor k /Eh :  0.6350
     Vbias exp α /bohr⁻²:    0.67
Starting Meta-MD   6 with the settings:
     MD time /ps        :    10.0
     dt /fs             :     1.5
     dumpstep(trj) /fs  :     200
     dumpstep(Vbias)/ps :     1.0
     Vbias factor k /Eh :  0.4233
     Vbias exp α /bohr⁻²:    0.67
Starting Meta-MD   7 with the settings:
     MD time /ps        :    10.0
     dt /fs             :     1.5
     dumpstep(trj) /fs  :     200
     dumpstep(Vbias)/ps :     1.0
     Vbias factor k /Eh :  0.9525
     Vbias exp α /bohr⁻²:    0.44
Starting Meta-MD   8 with the settings:
     MD time /ps        :    10.0
     dt /fs             :     1.5
     dumpstep(trj) /fs  :     200
     dumpstep(Vbias)/ps :     1.0
     Vbias factor k /Eh :  0.6350
     Vbias exp α /bohr⁻²:    0.44
Starting Meta-MD   9 with the settings:
     MD time /ps        :    10.0
     dt /fs             :     1.5
     dumpstep(trj) /fs  :     200
     dumpstep(Vbias)/ps :     1.0
     Vbias factor k /Eh :  0.4233
     Vbias exp α /bohr⁻²:    0.44
*Meta-MTD 4 finished*
*Meta-MTD 1 finished*
*Meta-MTD 9 finished*
*Meta-MTD 6 finished*
*Meta-MTD 2 finished*
*Meta-MTD 5 finished*
*Meta-MTD 3 finished*
*Meta-MTD 10 finished*
*Meta-MTD 8 finished*
*Meta-MTD 7 finished*
 
-----------------------
Multilevel Optimization
-----------------------
 
 -------------------------
 1. crude pre-optimization
 -------------------------
 Optimizing all 500 structures from file "crest_rotamers_0.xyz" ...
 1 2 3 4 5 6 7 8 9 10 11 12 13 14 15 16 17 18 19 20 21 22 23 24 25 26 27 28 29 30 31 32 33 34 35 36 37 38 39 40 41 42 43 44 45 46 47 48 49 50 51 52 53 54 55 56 57 58 59 60 61 62 63 64 65 66 67 68 69 70 71 72 73 74 75 76 77 78 79 80 81 82 83 84 85 86 87 88 89 90 91 92 93 94 95 96 97 98 99 100 101 102 103 104 105 106 107 108 109 110 111 112 113 114 115 116 117 118 119 120 121 122 123 124 125 126 127 128 129 130 131 132 133 134 135 136 137 138 139 140 141 142 143 144 145 146 147 148 149 150 151 152 153 154 155 156 157 158 159 160 161 162 163 164 165 166 167 168 169 170 171 172 173 174 175 176 177 178 179 180 181 182 183 184 185 186 187 188 189 190 191 192 193 194 195 196 197 198 199 200 201 202 203 204 205 206 207 208 209 210 211 212 213 214 215 216 217 218 219 220 221 222 223 224 225 226 227 228 229 230 231 232 233 234 235 236 237 238 239 240 241 242 243 244 245 246 247 248 249 250 251 252 253 254 255 256 257 258 259 260 261 262 263 264 265 266 267 268 269 270 271 272 273 274 275 276 277 278 279 280 281 282 283 284 285 286 287 288 289 290 291 292 293 294 295 296 297 298 299 300 301 302 303 304 305 306 307 308 309 310 311 312 313 314 315 316 317 318 319 320 321 322 323 324 325 326 327 328 329 330 331 332 333 334 335 336 337 338 339 340 341 342 343 344 345 346 347 348 349 350 351 352 353 354 355 356 357 358 359 360 361 362 363 364 365 366 367 368 369 370 371 372 373 374 375 376 377 378 379 380 381 382 383 384 385 386 387 388 389 390 391 392 393 394 395 396 397 398 399 400 401 402 403 404 405 406 407 408 409 410 411 412 413 414 415 416 417 418 419 420 421 422 423 424 425 426 427 428 429 430 431 432 433 434 435 436 437 438 439 440 441 442 443 444 445 446 447 448 449 450 451 452 453 454 455 456 457 458 459 460 461 462 463 464 465 466 467 468 469 470 471 472 473 474 475 476 477 478 479 480 481 482 483 484 485 486 487 488 489 490 491 492 493 494 495 496 497 498 499 500
 done.
 input  file name : crest_rotamers_1.xyz
 output file name : crest_rotamers_2.xyz
 reference state Etot :  -86.6470160500000     
 500 structures remain within     6.00 kcal/mol window
 
========================================
            MTD Iterations done         
========================================
 Collecting ensmbles.
 running RMSDs...
 done.
 E lowest :   -86.64702
 1 structures remain within     3.00 kcal/mol window
 
-----------------------------------------------
Additional regular MDs on lowest 1 conformer(s)
-----------------------------------------------
Starting MD   2 with the settings:
     MD time /ps        :     5.0
     MD Temperature /K  :   500.0
     dt /fs             :     1.5
     dumpstep(trj) /fs  :     200
Starting MD   1 with the settings:
     MD time /ps        :     5.0
     MD Temperature /K  :   400.0
     dt /fs             :     1.5
     dumpstep(trj) /fs  :     200
*MD 2 finished*
*MD 1 finished*
 Appending file crest_rotamers_1.xyz with new structures
 
 --------------------------------------------
 Ensemble optimization with normal thresholds
 --------------------------------------------
 Optimizing all 51 structures from file "crest_rotamers_1.xyz" ...
 1 2 3 4 5 6 7 8 9 10 11 12 13 14 15 16 17 18 19 20 21 22 23 24 25 26 27 28 29 30 31 32 33 34 35 36 37 38 39 40 41 42 43 44 45 46 47 48 49 50 51
 done.
 input  file name : crest_rotamers_2.xyz
 output file name : crest_rotamers_3.xyz
 reference state Etot :  -86.6502795300000     
 51 structures remain within     3.00 kcal/mol window
 
 
 
   ================================================
   |           Final Geometry Optimization        |
   ================================================
 --------------------------------------------
 Ensemble optimization with normal thresholds
 --------------------------------------------
 Optimizing all 51 structures from file "crest_rotamers_3.xyz" ...
 1 2 3 4 5 6 7 8 9 10 11 12 13 14 15 16 17 18 19 20 21 22 23 24 25 26 27 28 29 30 31 32 33 34 35 36 37 38 39 40 41 42 43 44 45 46 47 48 49 50 51
 done.
 input  file name : crest_rotamers_4.xyz
 output file name : crest_rotamers_5.xyz
 reference state Etot :  -86.6503248600000     
 51 structures remain within     3.00 kcal/mol window
 
  GFN2-xTB optimization
 --------------------------------------------
 Ensemble optimization with normal thresholds
 --------------------------------------------
 Optimizing all 51 structures from file "crest_rotamers_5.xyz" ...
 1 2 3 4 5 6 7 8 9 10 11 12 13 14 15 16 17 18 19 20 21 22 23 24 25 26 27 28 29 30 31 32 33 34 35 36 37 38 39 40 41 42 43 44 45 46 47 48 49 50 51
 done.
 
 -------------------------------------------
 Ensemble optimization with tight thresholds
 -------------------------------------------
 Optimizing all 51 structures from file "crest_rotamers_6.xyz" ...
 1 2 3 4 5 6 7 8 9 10 11 12 13 14 15 16 17 18 19 20 21 22 23 24 25 26 27 28 29 30 31 32 33 34 35 36 37 38 39 40 41 42 43 44 45 46 47 48 49 50 51
 done.
 
 
  Single point computation with GBSA model
  51 jobs to do.
 
  done.
 
  Cluster   E /Eh        Density  Efix       R   av/act. Surface   Opt
    1     -1288.500689   1.404    0.000    15.5  16.5     8575.0   tight
    2     -1288.500876   1.401    0.000    15.3  16.9     8827.6   tight
    3     -1288.500837   1.404    0.000    15.5  18.0     8713.7   tight
    4     -1288.525354   1.397    0.000    15.5  18.0     9008.6   tight
    5     -1288.495585   1.401    0.000    15.5  14.7     8789.8   tight
    6     -1288.519571   1.394    0.000    15.5  15.8     8938.6   tight
    7     -1288.498674   1.400    0.000    15.5  16.0     8779.6   tight
    8     -1288.467590   1.409    0.000    15.4  16.0     8355.5   tight
    9     -1288.490323   1.405    0.000    15.3  16.6     8557.7   tight
   10     -1288.495010   1.400    0.000    15.5  16.0     8792.3   tight
   11     -1288.495195   1.408    0.000    15.3  16.0     8323.2   tight
   12     -1288.521997   1.398    0.000    15.6  18.9     8986.1   tight
   13     -1288.541973   1.399    0.000    15.4  17.3     9050.4   tight
   14     -1288.514101   1.398    0.000    15.5  16.8     8803.9   tight
   15     -1288.492331   1.393    0.000    15.5  19.6     9109.0   tight
   16     -1288.498620   1.391    0.000    15.5  17.7     9076.5   tight
   17     -1288.482967   1.386    0.000    15.5  15.4     9268.7   tight
   18     -1288.514242   1.400    0.000    15.5  13.8     8719.0   tight
   19     -1288.494488   1.402    0.000    15.4  16.5     8749.6   tight
   20     -1288.526870   1.390    0.000    15.6  17.2     9088.7   tight
   21     -1288.469591   1.392    0.000    15.5  15.3     9042.3   tight
   22     -1288.475385   1.393    0.000    15.6  18.2     8986.4   tight
   23     -1288.501843   1.396    0.000    15.4  16.2     9011.1   tight
   24     -1288.480265   1.397    0.000    15.4  16.9     8730.6   tight
   25     -1288.507716   1.397    0.000    15.4  18.2     8996.5   tight
   26     -1288.500866   1.403    0.000    15.4  19.6     8551.9   tight
   27     -1288.530688   1.395    0.000    15.5  17.1     9294.9   tight
   28     -1288.483670   1.399    0.000    15.5  14.9     8843.8   tight
   29     -1288.523662   1.400    0.000    15.4  19.1     8838.3   tight
   30     -1288.516813   1.400    0.000    15.5  19.2     8678.9   tight
   31     -1288.459759   1.392    0.000    15.7  19.4     8828.9   tight
   32     -1288.515742   1.399    0.000    15.5  16.9     8802.5   tight
   33     -1288.479883   1.402    0.000    15.6  17.3     8518.0   tight
   34     -1288.487134   1.402    0.000    15.5  17.0     8804.2   tight
   35     -1288.504542   1.388    0.000    15.6  19.3     9157.6   tight
   36     -1288.509448   1.398    0.000    15.5  18.3     8948.7   tight
   37     -1288.473467   1.392    0.000    15.7  16.2     8994.4   tight
   38     -1288.468511   1.394    0.000    15.5  15.3     8973.2   tight
   39     -1288.477057   1.393    0.000    15.5  18.1     8989.1   tight
   40     -1288.474918   1.401    0.000    15.5  18.4     8753.8   tight
   41     -1288.509283   1.390    0.000    15.5  19.5     9261.9   tight
   42     -1288.500676   1.394    0.000    15.6  19.1     8836.8   tight
   43     -1288.517161   1.388    0.000    15.6  18.7     9357.5   tight
   44     -1288.500845   1.404    0.000    15.4  18.4     8599.9   tight
   45     -1288.506376   1.390    0.000    15.7  17.8     9110.5   tight
   46     -1288.503715   1.394    0.000    15.6  17.3     9149.7   tight
   47     -1288.502358   1.404    0.000    15.3  18.7     8519.7   tight
   48     -1288.476809   1.397    0.000    15.5  20.3     8741.9   tight
   49     -1288.468499   1.387    0.000    15.8  16.3     9082.1   tight
   50     -1288.476875   1.397    0.000    15.7  18.0     8789.2   tight
   51     -1288.485144   1.391    0.000    15.7  17.0     9164.1   tight
 
Taking  20 structures
 
  ------------------------------------------------------------------------
  ------------------------------------------------------------------------
  Boltz. averaged energy of final cluster:
       G /Eh     :-1288.54197267
       T*S /kcal :  -0.000
 
  Ensemble generation finished.
  Results can be found in ensemble directory
  Lowest energy conformer in file <crest_best.xyz>
  List of full ensemble in file <full_ensemble.xyz>
  List of used ensemble in file <final_ensemble.xyz>
  Thermodynamical data in file <thermo_data>
  Population of full ensemble in file <full_population.dat>
  Population in file <population.dat>
 
 
  ________________________________________________________________________
 
  _________________     Solvent Cluster Generation   _____________________
 
  ________________________________________________________________________
 
 Method for CFF: GFN2-xTB
 
  =========================================
  |   quantum cluster growth: CFF         |
  =========================================
 
  CUT-FREEZE-FILL Algorithm to generate reference solvent cluster
  now adding solvents to fill cluster...
  Size  Cluster   E /Eh        De/kcal   Detot/kcal  Opt
  ------------------------------------------------------------------------
 251       1  -1278.465940    -20.58      -20.58    tight
 251       2  -1278.449780    -20.62      -20.62    tight
 251       3  -1278.452245    -28.89      -28.89    tight
 251       4  -1278.444484    -17.14      -17.14    tight
 251       5  -1278.435896    -23.70      -23.70    tight
 251       6  -1278.436346    -21.08      -21.08    tight
 251       7  -1278.441594    -22.20      -22.20    tight
 251       8  -1278.435282    -18.74      -18.74    tight
 251       9  -1278.438455    -21.28      -21.28    tight
 251      10  -1278.440401    -26.52      -26.52    tight
 251      11  -1278.431342    -25.02      -25.02    tight
 251      12  -1278.431646    -19.08      -19.08    tight
 251      13  -1278.430974    -24.60      -24.60    tight
 251      14  -1278.432239    -23.33      -23.33    tight
 251      15  -1278.442237    -14.71      -14.71    tight
 251      16  -1278.429024    -23.92      -23.92    tight
 251      17  -1278.421290    -24.64      -24.64    tight
 251      18  -1278.441714    -17.04      -17.04    tight
 251      19  -1278.419288    -21.93      -21.93    tight
 251      20  -1278.412831    -22.38      -22.38    tight
  ------------------------------------------------------------------------
 252       1  -1283.568302    -19.97      -40.54    tight
 252       2  -1283.560577    -25.26      -45.88    tight
 252       3  -1283.560105    -23.42      -52.31    tight
 252       4  -1283.535807    -13.04      -30.18    tight
 252       5  -1283.540667    -21.48      -45.18    tight
 252       6  -1283.540087    -20.83      -41.91    tight
 252       7  -1283.542637    -19.14      -41.34    tight
 252       8  -1283.545525    -24.91      -43.65    tight
 252       9  -1283.542566    -21.06      -42.35    tight
 252      10  -1283.544096    -20.80      -47.32    tight
 252      11  -1283.543590    -26.17      -51.19    tight
 252      12  -1283.547230    -28.26      -47.34    tight
 252      13  -1283.545465    -27.58      -52.18    tight
 252      14  -1283.543143    -25.33      -48.65    tight
 252      15  -1283.539846    -16.98      -31.69    tight
 252      16  -1283.529157    -18.57      -42.49    tight
 252      17  -1283.535783    -27.58      -52.21    tight
 252      18  -1283.541108    -18.10      -35.15    tight
 252      19  -1283.535891    -28.90      -50.84    tight
 252      20  -1283.522949    -24.83      -47.22    tight
  ------------------------------------------------------------------------
 253       1  -1288.655375    -10.37      -50.91    tight
 253       2  -1288.651331    -12.68      -58.56    tight
 253       3  -1288.650553    -12.49      -64.80    tight
 253       4  -1288.625621    -12.09      -42.27    tight
 253       5  -1288.633806    -14.18      -59.36    tight
 253       6  -1288.641051    -19.09      -61.00    tight
 253       7  -1288.628195     -9.42      -50.76    tight
 253       8  -1288.634925    -11.83      -55.48    tight
 253       9  -1288.641977    -18.11      -60.46    tight
 253      10  -1288.644579    -18.79      -66.11    tight
 253      11  -1288.624405     -6.44      -57.64    tight
 253      12  -1288.635750    -11.28      -58.62    tight
 253      13  -1288.636631    -12.94      -65.12    tight
 253      14  -1288.635654    -13.78      -62.44    tight
 253      15  -1288.626066     -9.84      -41.53    tight
 253      16  -1288.612993     -8.34      -50.83    tight
 253      17  -1288.632197    -16.23      -68.45    tight
 253      18  -1288.634927    -14.60      -49.75    tight
 253      19  -1288.630756    -15.26      -66.10    tight
  adding solvent is repulsive for cluster: 20
  previous cluster taken...
  ------------------------------------------------------------------------
  volume filled
  Starting optimizations + SP  of structures
  20 jobs to do.
 
  done.
 
  Cluster   E /Eh        Density  Efix       R   av/act. Surface   Opt
    1     -1273.374877   1.396    0.000     3.5   2.1     8998.3   tight
    2     -1273.371621   1.387    0.000     3.0  24.4     9436.2   tight
    3     -1273.370091   1.384    0.000     2.8  19.6     9223.6   tight
    4     -1273.345229   1.385    0.000    12.4  16.1     9231.1   tight
    5     -1273.353554   1.392    0.000     2.8  25.8     8974.0   tight
    6     -1273.360854   1.392    0.000     3.3  25.4     9103.6   tight
    7     -1273.347995   1.393    0.000     3.1   3.8     8933.5   tight
    8     -1273.354668   1.382    0.000     3.3  24.4     9470.3   tight
    9     -1273.361644   1.394    0.000     3.1  20.7     8788.5   tight
   10     -1273.364207   1.392    0.000     3.2  17.6     8873.2   tight
   11     -1273.344275   1.398    0.000     2.7   3.9     8707.4   tight
   12     -1273.355479   1.392    0.000     2.9  19.0     8893.5   tight
   13     -1273.356395   1.391    0.000     2.8  27.3     9110.4   tight
   14     -1273.356384   1.383    0.000     2.8  25.3     9325.9   tight
   15     -1273.349458   1.389    0.000     2.6  26.7     9117.6   tight
   16     -1273.332998   1.383    0.000     2.6  25.2     9241.4   tight
   17     -1273.351962   1.383    0.000     2.8  22.7     9261.4   tight
   18     -1273.354668   1.387    0.000     4.1  25.9     9231.8   tight
   19     -1273.350607   1.402    0.000     2.7   5.4     8458.8   tight
   20     -1273.336267   1.389    0.000     2.5   2.6     9096.3   tight
 
  ------------------------------------------------------------------------
  ------------------------------------------------------------------------
  Boltz. averaged energy of final cluster:
       G /Eh     :-1273.37491265
       T*S /kcal :  -0.103
 
  Solvent cluster generation finished.
  Results can be found in solvent_cluster directory
  Structures in file <crest_ensemble.xyz>
  Energies in file <cluster_energy.dat>
  Population in file <population.dat>
 
  =========================================
  |   quantum cluster growth: ESOLV       |
  |                                       |
  |          -175.82 kcal/mol             |
  =========================================
 
  =========================================
  |          Frequency evaluation         |
  =========================================
 
   SOLUTE MOLECULE
  Starting reoptimizations + Frequency computation of ensemble
  1 jobs to do.
 
  done.
   SOLUTE CLUSTER
  Starting reoptimizations + Frequency computation of ensemble
  20 jobs to do.
 
  done.
   SOLVENT CLUSTER
  Starting reoptimizations + Frequency computation of ensemble
  20 jobs to do.
 
  done.
 
   Solute Gas properties
  #       H(T)       SVIB      SROT       STRA      G(T)
       [kcal/mol]    [      cal/mol/K        ]    [kcal/mol]
  --------------------------------------------------------
       71.00     11.05     24.33     38.28     49.04
 
   Solute cluster properties
  #       H(T)       SVIB      SROT       STRA      G(T)
       [kcal/mol]    [      cal/mol/K        ]    [kcal/mol]
  --------------------------------------------------------
  1     4253.21   2292.80     48.12     51.09   3540.03
  2     4251.05   2303.20     48.14     51.09   3534.77
  3     4250.59   2295.64     48.18     51.09   3536.55
  4     4250.77   2315.09     48.12     51.09   3530.95
  5     4251.77   2301.84     48.10     51.09   3535.90
  6     4253.82   2296.40     48.17     51.09   3539.56
  7     4251.06   2309.42     48.13     51.09   3532.93
  8     4251.20   2299.23     48.15     51.09   3536.09
  9     4251.45   2306.21     48.13     51.09   3534.27
  10     4251.81   2309.23     48.12     51.09   3533.74
  11     4250.56   2312.94     48.11     51.09   3531.39
  12     4251.02   2315.14     48.14     51.09   3531.17
  13     4251.84   2303.78     48.12     51.09   3535.39
  14     4251.24   2313.53     48.15     51.09   3531.87
  15     4251.63   2312.09     48.12     51.09   3532.71
  16     4251.26   2311.23     48.15     51.09   3532.58
  17     4250.13   2309.54     48.16     51.09   3531.95
  18     4252.24   2299.30     48.13     51.09   3537.12
  19     4250.81   2325.73     48.09     51.09   3527.83
  20     4251.32   2317.34     48.10     51.09   3530.83
 
   Solvent cluster properties
  #       H(T)       SVIB      SROT       STRA      G(T)
       [kcal/mol]    [      cal/mol/K        ]    [kcal/mol]
  --------------------------------------------------------
  1     4179.25   2249.59     48.09     51.04   3478.98
  2     4178.01   2275.90     48.08     51.04   3469.91
  3     4176.82   2270.82     48.14     51.04   3470.20
  4     4177.68   2266.33     48.08     51.04   3472.42
  5     4178.12   2265.68     48.07     51.04   3473.05
  6     4178.74   2282.71     48.14     51.04   3468.57
  7     4177.29   2272.31     48.09     51.04   3470.25
  8     4178.54   2261.03     48.07     51.04   3474.87
  9     4177.76   2275.73     48.09     51.04   3469.69
  10     4178.05   2267.62     48.08     51.04   3472.41
  11     4177.29   2262.70     48.06     51.04   3473.11
  12     4177.93   2262.84     48.08     51.04   3473.70
  13     4178.71   2259.05     48.06     51.04   3475.62
  14     4177.87   2280.25     48.10     51.04   3468.45
  15     4178.39   2279.27     48.10     51.04   3469.27
  16     4177.77   2281.16     48.11     51.04   3468.08
  17     4176.90   2266.00     48.10     51.04   3471.73
  18     4177.84   2275.03     48.07     51.04   3469.99
  19     4177.23   2270.81     48.04     51.04   3470.64
  20     4178.84   2288.52     48.03     51.04   3466.98
 
 
  ________________________________________________________________________
 
  _________________________     Evaluation    ____________________________
 
  ________________________________________________________________________
 
 
  -----------------------------------------------------
  Gsolv and Hsolv ref. state: [1 M gas/solution] 
  G_solv (incl.RRHO)      = -156.81 kcal/mol
  H_solv (incl.RRHO)      = -173.15 kcal/mol
  -----------------------------------------------------
 
  -----------------------------------------------------
  Gsolv and Hsolv ref. state: [1 M gas/solution] 
  G_solv (incl.RRHO)      = -158.71 kcal/mol
  H_solv (incl.RRHO)      = -175.04 kcal/mol
  -----------------------------------------------------
 
  -----------------------------------------------------
  Solvation free energies with scaled translational
  and rotational degrees of freedom: Gsolv (scaling)
          >>   -176.42 (0.05)    <<
          >>   -175.49 (0.10)    <<
          >>   -174.56 (0.15)    <<
          >>   -173.62 (0.20)    <<
          >>   -172.69 (0.25)    <<
          >>   -171.76 (0.30)    <<
          >>   -170.83 (0.35)    <<
          >>   -169.89 (0.40)    <<
          >>   -168.96 (0.45)    <<
          >>   -168.03 (0.50)    <<
          >>   -167.10 (0.55)    <<
          >>   -166.17 (0.60)    <<
          >>   -165.23 (0.65)    <<
          >>   -164.30 (0.70)    <<
          >>   -163.37 (0.75)    <<
          >>   -162.44 (0.80)    <<
          >>   -161.51 (0.85)    <<
          >>   -160.57 (0.90)    <<
          >>   -159.64 (0.95)    <<
          >>   -158.71 (1.00)    <<
  -----------------------------------------------------
 
  ==================================================
  |  Gsolv with SCALED RRHO contributions: 0.75    |
  |  [1 bar gas/ 1 M solution]                     |
  |                                                |
  |  G_solv (incl.RRHO)+dV(T)= -163.37 kcal/mol    |
  ==================================================
 
 
 -----------------
 Wall Time Summary
 -----------------
             test MD wall time :         0h : 1m :13s
                 MTD wall time :         1h :39m :56s
      multilevel OPT wall time :         1h :10m :11s
                  MD wall time :         0h :32m :46s
                Grow wall time :         7h : 4m :45s
     Solute-Ensemble wall time :        11h :15m :33s
                 CFF wall time :         1h :35m :54s
         Frequencies wall time :        28h :42m :58s
--------------------
Overall wall time  : 52h : 6m :59s
 
 CREST terminated normally.
