91
 energy: -144.262025799207 gnorm: 0.000299213114 xtb: 6.5.1 (579679a)
H            0.71345228930000        2.72862883570000       -2.98701973440000
C            0.65672155420000        3.01990881030000       -1.94015319560000
H            1.40846277760000        3.78474251490000       -1.76188823260000
H           -0.32330204710000        3.45328461160000       -1.74911880500000
C            0.90752181220000        1.80782921960000       -1.04608154380000
H            0.88236435330000        2.12844124040000       -0.00140060360000
C           -0.20660286350000        0.77120556940000       -1.24890087570000
H           -0.12072236700000        0.33389862570000       -2.24395902610000
H           -1.16664918400000        1.28887058670000       -1.17878484590000
C            2.28065759800000        1.21359085040000       -1.33395954570000
H            2.43508850790000        0.31740720920000       -0.74186130700000
H            3.06185223830000        1.92566389120000       -1.08046772810000
H            2.36994472650000        0.96404802380000       -2.38683868210000
N           -0.23727381580000       -0.32752787500000       -0.28601618200000
H            0.51528957900000       -0.98404640070000       -0.46944785070000
H           -0.12797889330000        0.03062691240000        0.65723047370000
O           -2.63589844040000        4.40195782660000        1.22515496550000
H           -3.27856348810000        5.10923081100000        1.27959152610000
H           -2.48247917880000        4.09044256060000        2.16450757740000
O           -3.53694304180000        0.76981917230000       -1.96643499910000
H           -3.20260350090000       -0.09368551980000       -1.57790024820000
H           -4.43990224420000        0.60140153400000       -2.23876462880000
O           -2.16675467580000       -3.86971163300000       -1.43826783370000
H           -2.49765482990000       -2.97335528440000       -1.22297886050000
H           -1.69981100770000       -4.15995511640000       -0.63589817480000
O           -1.30389332320000        1.17414548210000        2.37205802330000
H           -1.59755224910000        0.36103314380000        2.82244532250000
H           -1.94405505160000        1.32486069930000        1.64673720630000
O           -2.66748923790000       -1.33803362400000       -0.72740566180000
H           -1.73960360820000       -1.03299204390000       -0.51125994520000
H           -3.20152686970000       -1.24372671810000        0.09433210450000
O           -0.32674765240000       -3.22751134060000       -3.16169128870000
H           -1.07904100390000       -3.47194669990000       -2.54860230950000
H           -0.13946621840000       -4.00964134650000       -3.68122061500000
O            1.54895655270000       -2.60435609590000       -1.33477120990000
H            0.86423473940000       -2.73738773770000       -2.02111698080000
H            2.36494083790000       -2.31328463180000       -1.81539786140000
O            3.12375645530000       -2.77289304650000        0.90870526780000
H            2.47955631930000       -2.70231313610000        0.18494076500000
H            3.80614338370000       -2.11412543040000        0.67765771070000
O            3.78013477340000       -1.69051728250000       -2.39088022390000
H            3.44638670580000       -1.07903792870000       -3.07913943670000
H            4.13420478330000       -1.14616047740000       -1.67693137300000
O            2.63541893720000       -0.15814008880000       -4.32560277610000
H            2.99951345160000       -0.31823850720000       -5.19668613210000
H            1.68196880510000       -0.40324650690000       -4.39000844060000
O            0.38585479350000        4.76275461470000        3.74893449060000
H            0.29997862360000        5.00127469780000        2.79020642240000
H            0.67294188270000        5.55263747550000        4.20580808430000
O           -2.05552488440000        3.49137029590000        3.60921045820000
H           -1.22568550480000        3.94003040080000        3.84578806650000
H           -1.79787004840000        2.59330293630000        3.32080461840000
O           -3.24732082360000        1.79880537610000        0.58208558970000
H           -3.32809537120000        1.57999087890000       -0.36357608500000
H           -3.13105043360000        2.76122200510000        0.65240745740000
O            0.08395035530000       -0.87835579800000       -4.59752807740000
H           -0.65925939950000       -0.25678751930000       -4.51189349790000
H           -0.15723901750000       -1.67304772080000       -4.09619642730000
O            1.08280936160000        2.48460737560000        2.18866418600000
H            0.26826324510000        1.95812096440000        2.28466751340000
H            1.10160472010000        3.08445746540000        2.94385337680000
O            4.59419296900000       -0.58052371650000        0.24165995740000
H            5.51393027980000       -0.41530503060000        0.44860660220000
H            4.06806526720000       -0.02386304250000        0.86715703740000
O           -2.29247571360000       -1.08679704580000        3.49373343020000
H           -1.66929114100000       -1.83413857470000        3.27528535390000
H           -2.53595602970000       -1.19943673340000        4.41243892640000
O            0.06849076190000        4.98787645590000        1.12524459690000
H            0.51801620230000        4.14739991880000        0.96711576200000
H           -0.88043197540000        4.81629475510000        0.98878028410000
O           -0.76354274920000       -4.67089259380000        0.82743457560000
H           -1.11286490630000       -5.51620250730000        1.11193550150000
H            0.12808012520000       -4.85404877530000        0.43491566310000
O           -0.56607297930000       -2.96695241370000        2.98835482030000
H           -0.67472316970000       -3.49750699750000        2.17931631380000
H            0.27689035780000       -2.48526194160000        2.89883626490000
O            3.13879604830000        0.64725868230000        2.10359997490000
H            2.61206686830000       -0.09028417480000        2.45547213450000
H            2.51266981240000        1.38666437410000        2.01461808660000
O            1.86349675950000       -1.69120441470000        2.91621273880000
H            2.28834328840000       -1.97963594780000        3.72489084600000
H            2.33738586260000       -2.15534553060000        2.16977984280000
O            1.61479211220000       -5.07182267400000       -0.26008109270000
H            2.34455348860000       -4.95665377670000        0.35456135920000
H            1.60742510610000       -4.25047031480000       -0.80041428480000
O           -1.89395053660000        1.01823988540000       -4.16474209120000
H           -2.48000128110000        0.91073088070000       -3.39216755310000
H           -1.46512765300000        1.86876573700000       -4.05888551110000
O           -4.09067915560000       -0.72751420130000        1.44436712870000
H           -3.54224849850000       -0.92167908520000        2.22257707330000
H           -4.02786839470000        0.22769486810000        1.30399028100000
