 
       ==============================================
       |                                            |
       |                 C R E S T                  |
       |                                            |
       |  Conformer-Rotamer Ensemble Sampling Tool  |
       |          based on the GFN methods          |
       |             P.Pracht, S.Grimme             |
       |          Universitaet Bonn, MCTC           |
       ==============================================
       Version 2.12,   Thu 19. Mai 16:32:32 CEST 2022
  Using the xTB program. Compatible with xTB version 6.4.0
 
   Cite work conducted with this code as

   • P.Pracht, F.Bohle, S.Grimme, PCCP, 2020, 22, 7169-7192.
   • S.Grimme, JCTC, 2019, 15, 2847-2862.

   and for works involving QCG as

   • S.Spicher, C.Plett, P.Pracht, A.Hansen, S.Grimme,
     JCTC, 2022, 18 (5), 3174-3189.
 
   with help from:
   C.Bannwarth, F.Bohle, S.Ehlert, S.Grimme,
   C.Plett, P.Pracht, S.Spicher
 
   This program is distributed in the hope that it will be useful,
   but WITHOUT ANY WARRANTY; without even the implied warranty of
   MERCHANTABILITY or FITNESS FOR A PARTICULAR PURPOSE.

 Command line input:
 > crest input.xyz --qcg water.xyz --chrg 1 --uhf 0 --nsolv 80 --T 25 --gsolv --nclus 20 --gbsa water

 Solute-file: input.xyz
 Solvent-file: water.xyz
  --chrg 1
  --uhf 0
  --T 25 (CPUs/Threads selected)
  --gbsa water : implicit solvation
 
  ========================================
  |           ----------------           |
  |                 Q C G                |
  |           ----------------           |
  |        Quantum Cluster Growth        |
  |       University of Bonn, MCTC       |
  ========================================
   S. Grimme, S. Spicher, C. Plett.
 
   Cite work conducted with this code as

   S. Spicher, C. Plett, P. Pracht, A. Hansen, S. Grimme, JCTC, 2022, 18, 3174-3189.
 
 
  =========================================
  |   quantum cluster growth: INPUT       |
  =========================================
 
  QCG: Calculation of delta G_solv
  Ensemble generated via CREST
 
  input parameters     
  solute                 : input.xyz
  charge                 : 1
  uhf                    : 0
  solvent                : water.xyz
  # of solvents to add   : 80
  # of cluster generated : 20
  # of CPUs used         : 25
  Solvation model        : water               
  xtb opt level          : normal
  System temperature [K] : 298.1
  RRHO scaling factor    : 0.75
 
 Solute geometry
  molecular radius (Bohr**1):    5.72
  molecular area   (Bohr**2):  476.48
  molecular volume (Bohr**3):  783.39
 Solvent geometry
  molecular radius (Bohr**1):    3.88
  molecular area   (Bohr**2):  194.99
  molecular volume (Bohr**3):  244.40
 
  radius of solute    :     9.22
  radius of solvent   :     6.25
 
  =========================================
  |            Preoptimization            |
  =========================================
 
 -------------------------
 xTB Geometry Optimization
 -------------------------
 Geometry successfully optimized.
 Generating LMOs for solute
  Total Energy of solute:     -14.8868705 Eh
 
 -------------------------
 xTB Geometry Optimization
 -------------------------
 Geometry successfully optimized.
 Generating LMOs for solvent
  Total energy of solvent:     -5.0705444 Eh
 
  ________________________________________________________________________
 
  __________________     Solute Cluster Generation   _____________________
 
  ________________________________________________________________________
 
 
  =========================================
  |   quantum cluster growth: GROW        |
  =========================================
 
 
  Water as solvent recognized, adjusting scaling factor for outer wall pot to 0.70
 
  Constraining solute during Growth 
 Solute:
       unit ellipsoid axis a,b,c     :   0.451   0.277   0.272
 Solvent:
       unit ellipsoid axis a,b,c     :   0.386   0.322   0.292
 
  solvent anisotropy            :     1.133
  solute anisotropy             :     1.240
  roff inner wall               :     0.970
  solute max dist               :    14.282
  solvent max dist              :     7.283
  inner unit axis               :     0.575     0.216     0.209
  inner ellipsoid/Bohr          :    15.166     5.698     5.501
  scaling factor outer ellipsoid:     0.700
  outer ellipsoid/Bohr          :    10.387     6.367     6.256
 
  Size  E /Eh       De/kcal   Detot/kcal  Density   Efix         R   av/act. Surface   Opt
    1   -19.961023   -2.26      -2.26       0.931     -5.154      0.0   0.0     963.9   normal
    2   -25.053580  -13.81     -16.08       0.977     -5.905      7.8   5.6    1125.9   normal
    3   -30.143478  -12.14     -28.22       1.011     -6.578      6.8   5.3    1286.6   normal
    4   -35.232979  -11.90     -40.12       1.008     -7.192      6.4   8.0    1491.1   normal
    5   -40.321142  -11.06     -51.17       1.021     -7.760      6.8   5.6    1670.4   normal
    6   -45.407894  -10.17     -61.34       1.032     -8.290      6.6   5.5    1848.2   normal
   Wall Potential too small, increasing size by 5 %
   New scaling factor 0.73
    7   -50.504904  -16.61     -77.95       1.041     -8.792      6.6   5.8    2026.8   normal
   Wall Potential too small, increasing size by 5 %
   New scaling factor 0.77
    8   -55.601405  -16.29     -94.24       1.032     -9.267      6.7   7.4    2239.7   normal
    9   -60.693889  -13.77    -108.01       1.066     -9.719      6.9   6.6    2357.9   normal
   10   -65.781732  -10.85    -118.86       1.084    -10.150      6.9   6.4    2503.2   normal
   11   -70.867957   -9.84    -128.70       1.087    -10.564      6.9   8.9    2682.3   normal
   12   -75.953403   -9.35    -138.05       1.088    -10.963      7.2   6.1    2865.4   normal
   13   -81.048137  -15.18    -153.23       1.115    -11.349      7.1   6.7    2978.1   normal
   14   -86.137544  -11.84    -165.07       1.120    -11.722      7.0   8.6    3143.3   normal
   15   -91.225301  -10.80    -175.87       1.124    -12.083      7.2   7.0    3313.8   normal
   16   -96.318040  -13.93    -189.80       1.151    -12.435      7.1   7.1    3411.5   normal
   17  -101.408265  -12.35    -202.15       1.153    -12.776      7.1   8.2    3580.3   normal
   18  -106.500552  -13.64    -215.79       1.164    -13.109      7.2   6.8    3721.0   normal
   19  -111.591151  -12.58    -228.37       1.174    -13.434      7.2   7.3    3859.3   normal
   Wall Potential too small, increasing size by 5 %
   New scaling factor 0.81
   20  -116.686197  -15.37    -243.75       1.173    -13.752      7.3   8.5    4036.8   normal
   21  -121.774920  -11.41    -255.16       1.177    -14.061      7.4   7.1    4193.5   normal
   Wall Potential too small, increasing size by 5 %
   New scaling factor 0.85
   22  -126.869991  -15.39    -270.55       1.178    -14.365      7.5  11.2    4360.6   normal
   Wall Potential too small, increasing size by 5 %
   New scaling factor 0.89
   23  -131.957095  -10.39    -280.94       1.179    -14.662      7.7  12.4    4529.1   normal
   24  -137.047768  -12.63    -293.57       1.196    -14.953      7.8   7.3    4633.0   normal
   25  -142.136121  -11.17    -304.74       1.199    -15.239      7.8  13.0    4791.4   normal
   26  -147.229925  -14.60    -319.34       1.209    -15.519      8.0   9.1    4915.5   normal
   Wall Potential too small, increasing size by 5 %
   New scaling factor 0.94
   27  -152.325271  -15.56    -334.90       1.207    -15.795      8.1  13.5    5093.9   normal
   28  -157.411247   -9.68    -344.59       1.210    -16.066      8.3  13.3    5246.9   normal
   29  -162.503746  -13.78    -358.36       1.217    -16.332      8.4  11.0    5382.0   normal
   30  -167.599587  -15.87    -374.24       1.220    -16.595      8.5  11.2    5536.5   normal
   31  -172.688125  -11.29    -385.53       1.227    -16.853      8.6  10.1    5668.8   normal
   32  -177.779621  -13.15    -398.67       1.233    -17.107      8.6   8.0    5804.3   normal
   33  -182.868868  -11.74    -410.41       1.236    -17.357      8.6   9.2    5951.5   normal
   34  -187.950838   -7.17    -417.58       1.233    -17.603      8.6  13.7    6130.2   normal
   Wall Potential too small, increasing size by 5 %
   New scaling factor 0.98
   35  -193.042655  -13.35    -430.93       1.224    -17.847      8.9   9.2    6339.9   normal
   36  -198.130284  -10.72    -441.65       1.225    -18.087      8.9  12.1    6501.2   normal
   37  -203.225090  -15.22    -456.87       1.230    -18.324      9.0  12.9    6638.9   normal
   38  -208.317277  -13.58    -470.46       1.229    -18.558      9.1   9.0    6808.9   normal
   39  -213.407734  -12.50    -482.95       1.230    -18.790      9.1  12.1    6967.1   normal
   40  -218.499830  -13.52    -496.47       1.228    -19.018      9.2  12.8    7142.7   normal
   41  -223.588600  -11.44    -507.91       1.224    -19.243      9.3  14.2    7328.8   normal
   42  -228.677315  -11.40    -519.31       1.223    -19.466      9.4  12.5    7499.8   normal
   43  -233.772950  -15.74    -535.06       1.236    -19.687      9.4  10.6    7588.6   normal
   44  -238.860581  -10.72    -545.78       1.236    -19.905      9.4  11.6    7747.6   normal
   45  -243.950540  -12.18    -557.96       1.237    -20.121      9.5  15.2    7908.2   normal
   46  -249.054250  -20.81    -578.77       1.241    -20.335      9.6  13.3    8042.7   normal
   47  -254.141690  -10.60    -589.38       1.241    -20.546      9.7  14.4    8203.2   normal
   48  -259.232004  -12.41    -601.78       1.243    -20.755      9.8  16.1    8356.6   normal
   49  -264.323145  -12.92    -614.71       1.248    -20.962      9.9   9.5    8483.1   normal
   50  -269.412425  -11.76    -626.46       1.251    -21.167      9.9  11.5    8627.0   normal
   51  -274.507649  -15.49    -641.95       1.252    -21.370     10.0  12.7    8780.5   normal
   52  -279.598980  -13.04    -654.99       1.252    -21.572     10.1  11.7    8936.9   normal
   53  -284.700144  -19.21    -674.21       1.264    -21.772     10.1  13.6    9017.4   normal
   Wall Potential too small, increasing size by 5 %
   New scaling factor 1.00
   54  -289.791420  -13.01    -687.22       1.259    -21.969     10.2  18.0    9208.7   normal
   55  -294.880305  -11.51    -698.73       1.263    -22.165     10.3  11.1    9344.0   normal
   56  -299.968863  -11.30    -710.03       1.261    -22.358     10.4  11.9    9513.7   normal
   57  -305.067261  -17.48    -727.51       1.262    -22.551     10.4  10.5    9670.8   normal
   58  -310.158467  -12.97    -740.47       1.267    -22.742     10.4  13.8    9790.2   normal
   59  -315.249096  -12.60    -753.08       1.264    -22.931     10.4  13.4    9971.3   normal
   60  -320.339904  -12.72    -765.79       1.265    -23.119     10.5  10.6   10127.7   normal
   61  -325.433912  -14.72    -780.52       1.267    -23.305     10.5  12.3   10271.4   normal
   62  -330.524189  -12.38    -792.90       1.269    -23.489     10.5  11.9   10410.5   normal
   63  -335.612257  -11.00    -803.89       1.270    -23.672     10.5  11.8   10560.5   normal
   64  -340.700847  -11.32    -815.22       1.271    -23.854     10.5  10.7   10712.5   normal
   65  -345.794452  -14.47    -829.69       1.270    -24.034     10.6  10.9   10880.2   normal
   66  -350.884162  -12.03    -841.71       1.270    -24.213     10.5  15.9   11035.8   normal
   67  -355.978173  -14.73    -856.44       1.272    -24.391     10.7  10.3   11178.2   normal
   68  -361.065796  -10.72    -867.16       1.273    -24.567     10.6  11.8   11328.4   normal
   69  -366.159074  -14.27    -881.42       1.274    -24.743     10.7  11.1   11475.4   normal
   70  -371.245448   -9.93    -891.36       1.274    -24.916     10.7  10.7   11642.3   normal
   71  -376.338763  -14.29    -905.64       1.275    -25.089     10.7  11.6   11782.9   normal
   72  -381.435241  -16.27    -921.92       1.279    -25.261     10.7  11.5   11909.6   normal
   73  -386.536979  -19.57    -941.49       1.283    -25.432     10.7  15.4   12032.9   normal
   74  -391.629974  -14.09    -955.58       1.286    -25.602     10.7  11.9   12155.1   normal
   75  -396.717555  -10.69    -966.27       1.286    -25.770     10.8  16.0   12316.3   normal
   76  -401.812863  -15.54    -981.81       1.289    -25.937     10.8  15.9   12441.4   normal
   77  -406.906089  -14.23    -996.04       1.288    -26.103     10.9  16.6   12607.2   normal
   78  -411.999667  -14.45   -1010.50       1.292    -26.268     11.0  11.5   12728.2   normal
   79  -417.103517  -20.90   -1031.40       1.297    -26.433     10.9  15.5   12829.6   normal
   80  -422.195462  -13.43   -1044.83       1.295    -26.596     11.0  13.5   13009.8   normal
 
  Growth finished after 80 solvents added
  Results can be found in grow directory
  Energy list in file <qcg_energy.dat>
  Interaction energy in file <qcg_conv.dat>
  Growing process in <qcg_grow.xyz>
  Final geometry after grow in <cluster.coord> and <cluster.xyz>
  Potentials and geometry written in <cluster_cavity.coord> and <twopot_cavity.coord>
 
  =========================================
  |   quantum cluster growth: ENSEMBLE    |
  =========================================
 
   Method for ensemble search:--gff               
 Starting ensemble cluster generation by CREST routine
 
------------------------------------------------
Generating MTD length from a flexibility measure
------------------------------------------------
 System flexiblity is set to 1.0 for NCI mode
 flexibility measure :   1.000
 t(MTD) / ps set by command line  :    10.0
 t(MTD) / ps    :    10.0
 Σ(t(MTD)) / ps :   120.0 (12 MTDs)
 
-------------------------------------
Starting a trial MTD to test settings
-------------------------------------
 Estimated runtime for one MTD (10.0 ps) on a single thread: 9 min 16 sec
 Estimated runtime for a batch of 12 MTDs on 25 threads: 4 min 38 sec
 
 list of Vbias parameters applied:
$metadyn    0.00125   1.000
$metadyn    0.00083   1.000
$metadyn    0.00056   1.000
$metadyn    0.00125   0.667
$metadyn    0.00083   0.667
$metadyn    0.00056   0.667
$metadyn    0.00125   0.444
$metadyn    0.00083   0.444
$metadyn    0.00056   0.444
$metadyn    0.00125   0.296
$metadyn    0.00083   0.296
$metadyn    0.00056   0.296
 
*******************************************************************************************
**                        N E W    I T E R A T I O N    C Y C L E                        **
*******************************************************************************************
 
========================================
            MTD Iteration  1
========================================
 
     ========================================
     |         Meta-MD (MTD) Sampling       |
     ========================================
 
Starting Meta-MD   5 with the settings:
     MD time /ps        :    10.0
     dt /fs             :     1.5
     dumpstep(trj) /fs  :     200
     dumpstep(Vbias)/ps :     1.0
     Vbias factor k /Eh :  0.2100
     Vbias exp α /bohr⁻²:    0.67
Starting Meta-MD   4 with the settings:
     MD time /ps        :    10.0
     dt /fs             :     1.5
     dumpstep(trj) /fs  :     200
     dumpstep(Vbias)/ps :     1.0
     Vbias factor k /Eh :  0.3150
     Vbias exp α /bohr⁻²:    0.67
Starting Meta-MD   6 with the settings:
     MD time /ps        :    10.0
     dt /fs             :     1.5
     dumpstep(trj) /fs  :     200
     dumpstep(Vbias)/ps :     1.0
     Vbias factor k /Eh :  0.1400
     Vbias exp α /bohr⁻²:    0.67
Starting Meta-MD   1 with the settings:
     MD time /ps        :    10.0
     dt /fs             :     1.5
     dumpstep(trj) /fs  :     200
     dumpstep(Vbias)/ps :     1.0
     Vbias factor k /Eh :  0.3150
     Vbias exp α /bohr⁻²:    1.00
Starting Meta-MD   2 with the settings:
     MD time /ps        :    10.0
     dt /fs             :     1.5
     dumpstep(trj) /fs  :     200
     dumpstep(Vbias)/ps :     1.0
     Vbias factor k /Eh :  0.2100
     Vbias exp α /bohr⁻²:    1.00
Starting Meta-MD   7 with the settings:
     MD time /ps        :    10.0
     dt /fs             :     1.5
     dumpstep(trj) /fs  :     200
     dumpstep(Vbias)/ps :     1.0
     Vbias factor k /Eh :  0.3150
     Vbias exp α /bohr⁻²:    0.44
Starting Meta-MD   8 with the settings:
     MD time /ps        :    10.0
     dt /fs             :     1.5
     dumpstep(trj) /fs  :     200
     dumpstep(Vbias)/ps :     1.0
     Vbias factor k /Eh :  0.2100
     Vbias exp α /bohr⁻²:    0.44
Starting Meta-MD   9 with the settings:
     MD time /ps        :    10.0
     dt /fs             :     1.5
     dumpstep(trj) /fs  :     200
     dumpstep(Vbias)/ps :     1.0
     Vbias factor k /Eh :  0.1400
     Vbias exp α /bohr⁻²:    0.44
Starting Meta-MD  10 with the settings:
     MD time /ps        :    10.0
     dt /fs             :     1.5
     dumpstep(trj) /fs  :     200
     dumpstep(Vbias)/ps :     1.0
     Vbias factor k /Eh :  0.3150
     Vbias exp α /bohr⁻²:    0.30
Starting Meta-MD  11 with the settings:
     MD time /ps        :    10.0
     dt /fs             :     1.5
     dumpstep(trj) /fs  :     200
     dumpstep(Vbias)/ps :     1.0
     Vbias factor k /Eh :  0.2100
     Vbias exp α /bohr⁻²:    0.30
Starting Meta-MD  12 with the settings:
     MD time /ps        :    10.0
     dt /fs             :     1.5
     dumpstep(trj) /fs  :     200
     dumpstep(Vbias)/ps :     1.0
     Vbias factor k /Eh :  0.1400
     Vbias exp α /bohr⁻²:    0.30
Starting Meta-MD   3 with the settings:
     MD time /ps        :    10.0
     dt /fs             :     1.5
     dumpstep(trj) /fs  :     200
     dumpstep(Vbias)/ps :     1.0
     Vbias factor k /Eh :  0.1400
     Vbias exp α /bohr⁻²:    1.00
*Meta-MTD 1 finished*
*Meta-MTD 2 finished*
*Meta-MTD 12 finished*
*Meta-MTD 6 finished*
*Meta-MTD 9 finished*
*Meta-MTD 7 finished*
*Meta-MTD 5 finished*
*Meta-MTD 4 finished*
*Meta-MTD 11 finished*
*Meta-MTD 8 finished*
*Meta-MTD 3 finished*
*Meta-MTD 10 finished*
 
-----------------------
Multilevel Optimization
-----------------------
 
 -------------------------
 1. crude pre-optimization
 -------------------------
 Optimizing all 600 structures from file "crest_rotamers_0.xyz" ...
 1 2 3 4 5 6 7 8 9 10 11 12 13 14 15 16 17 18 19 20 21 22 23 24 25 26 27 28 29 30 31 32 33 34 35 36 37 38 39 40 41 42 43 44 45 46 47 48 49 50 51 52 53 54 55 56 57 58 59 60 61 62 63 64 65 66 67 68 69 70 71 72 73 74 75 76 77 78 79 80 81 82 83 84 85 86 87 88 89 90 91 92 93 94 95 96 97 98 99 100 101 102 103 104 105 106 107 108 109 110 111 112 113 114 115 116 117 118 119 120 121 122 123 124 125 126 127 128 129 130 131 132 133 134 135 136 137 138 139 140 141 142 143 144 145 146 147 148 149 150 151 152 153 154 155 156 157 158 159 160 161 162 163 164 165 166 167 168 169 170 171 172 173 174 175 176 177 178 179 180 181 182 183 184 185 186 187 188 189 190 191 192 193 194 195 196 197 198 199 200 201 202 203 204 205 206 207 208 209 210 211 212 213 214 215 216 217 218 219 220 221 222 223 224 225 226 227 228 229 230 231 232 233 234 235 236 237 238 239 240 241 242 243 244 245 246 247 248 249 250 251 252 253 254 255 256 257 258 259 260 261 262 263 264 265 266 267 268 269 270 271 272 273 274 275 276 277 278 279 280 281 282 283 284 285 286 287 288 289 290 291 292 293 294 295 296 297 298 299 300 301 302 303 304 305 306 307 308 309 310 311 312 313 314 315 316 317 318 319 320 321 322 323 324 325 326 327 328 329 330 331 332 333 334 335 336 337 338 339 340 341 342 343 344 345 346 347 348 349 350 351 352 353 354 355 356 357 358 359 360 361 362 363 364 365 366 367 368 369 370 371 372 373 374 375 376 377 378 379 380 381 382 383 384 385 386 387 388 389 390 391 392 393 394 395 396 397 398 399 400 401 402 403 404 405 406 407 408 409 410 411 412 413 414 415 416 417 418 419 420 421 422 423 424 425 426 427 428 429 430 431 432 433 434 435 436 437 438 439 440 441 442 443 444 445 446 447 448 449 450 451 452 453 454 455 456 457 458 459 460 461 462 463 464 465 466 467 468 469 470 471 472 473 474 475 476 477 478 479 480 481 482 483 484 485 486 487 488 489 490 491 492 493 494 495 496 497 498 499 500 501 502 503 504 505 506 507 508 509 510 511 512 513 514 515 516 517 518 519 520 521 522 523 524 525 526 527 528 529 530 531 532 533 534 535 536 537 538 539 540 541 542 543 544 545 546 547 548 549 550 551 552 553 554 555 556 557 558 559 560 561 562 563 564 565 566 567 568 569 570 571 572 573 574 575 576 577 578 579 580 581 582 583 584 585 586 587 588 589 590 591 592 593 594 595 596 597 598 599 600
 done.
 input  file name : crest_rotamers_1.xyz
 output file name : crest_rotamers_2.xyz
 reference state Etot :  -27.9334269100000     
 600 structures remain within     6.00 kcal/mol window
 
 
========================================
            MTD Iteration  2
========================================
 
     ========================================
     |         Meta-MD (MTD) Sampling       |
     ========================================
 
Starting Meta-MD   1 with the settings:
     MD time /ps        :    10.0
     dt /fs             :     1.5
     dumpstep(trj) /fs  :     200
     dumpstep(Vbias)/ps :     1.0
     Vbias factor k /Eh :  0.3150
     Vbias exp α /bohr⁻²:    1.00
Starting Meta-MD   2 with the settings:
     MD time /ps        :    10.0
     dt /fs             :     1.5
     dumpstep(trj) /fs  :     200
     dumpstep(Vbias)/ps :     1.0
     Vbias factor k /Eh :  0.2100
     Vbias exp α /bohr⁻²:    1.00
Starting Meta-MD   4 with the settings:
     MD time /ps        :    10.0
     dt /fs             :     1.5
     dumpstep(trj) /fs  :     200
     dumpstep(Vbias)/ps :     1.0
     Vbias factor k /Eh :  0.3150
     Vbias exp α /bohr⁻²:    0.67
Starting Meta-MD   3 with the settings:
     MD time /ps        :    10.0
     dt /fs             :     1.5
     dumpstep(trj) /fs  :     200
     dumpstep(Vbias)/ps :     1.0
     Vbias factor k /Eh :  0.1400
     Vbias exp α /bohr⁻²:    1.00
Starting Meta-MD   5 with the settings:
     MD time /ps        :    10.0
     dt /fs             :     1.5
     dumpstep(trj) /fs  :     200
     dumpstep(Vbias)/ps :     1.0
     Vbias factor k /Eh :  0.2100
     Vbias exp α /bohr⁻²:    0.67
Starting Meta-MD   6 with the settings:
     MD time /ps        :    10.0
     dt /fs             :     1.5
     dumpstep(trj) /fs  :     200
     dumpstep(Vbias)/ps :     1.0
     Vbias factor k /Eh :  0.1400
     Vbias exp α /bohr⁻²:    0.67
Starting Meta-MD   7 with the settings:
     MD time /ps        :    10.0
     dt /fs             :     1.5
     dumpstep(trj) /fs  :     200
     dumpstep(Vbias)/ps :     1.0
     Vbias factor k /Eh :  0.3150
     Vbias exp α /bohr⁻²:    0.44
Starting Meta-MD   8 with the settings:
     MD time /ps        :    10.0
     dt /fs             :     1.5
     dumpstep(trj) /fs  :     200
     dumpstep(Vbias)/ps :     1.0
     Vbias factor k /Eh :  0.2100
     Vbias exp α /bohr⁻²:    0.44
Starting Meta-MD  10 with the settings:
     MD time /ps        :    10.0
     dt /fs             :     1.5
     dumpstep(trj) /fs  :     200
     dumpstep(Vbias)/ps :     1.0
     Vbias factor k /Eh :  0.3150
     Vbias exp α /bohr⁻²:    0.30
Starting Meta-MD   9 with the settings:
     MD time /ps        :    10.0
     dt /fs             :     1.5
     dumpstep(trj) /fs  :     200
     dumpstep(Vbias)/ps :     1.0
     Vbias factor k /Eh :  0.1400
     Vbias exp α /bohr⁻²:    0.44
*Meta-MTD 3 finished*
*Meta-MTD 9 finished*
*Meta-MTD 10 finished*
*Meta-MTD 7 finished*
*Meta-MTD 2 finished*
*Meta-MTD 5 finished*
*Meta-MTD 4 finished*
*Meta-MTD 6 finished*
*Meta-MTD 1 finished*
*Meta-MTD 8 finished*
 
-----------------------
Multilevel Optimization
-----------------------
 
 -------------------------
 1. crude pre-optimization
 -------------------------
 Optimizing all 500 structures from file "crest_rotamers_0.xyz" ...
 1 2 3 4 5 6 7 8 9 10 11 12 13 14 15 16 17 18 19 20 21 22 23 24 25 26 27 28 29 30 31 32 33 34 35 36 37 38 39 40 41 42 43 44 45 46 47 48 49 50 51 52 53 54 55 56 57 58 59 60 61 62 63 64 65 66 67 68 69 70 71 72 73 74 75 76 77 78 79 80 81 82 83 84 85 86 87 88 89 90 91 92 93 94 95 96 97 98 99 100 101 102 103 104 105 106 107 108 109 110 111 112 113 114 115 116 117 118 119 120 121 122 123 124 125 126 127 128 129 130 131 132 133 134 135 136 137 138 139 140 141 142 143 144 145 146 147 148 149 150 151 152 153 154 155 156 157 158 159 160 161 162 163 164 165 166 167 168 169 170 171 172 173 174 175 176 177 178 179 180 181 182 183 184 185 186 187 188 189 190 191 192 193 194 195 196 197 198 199 200 201 202 203 204 205 206 207 208 209 210 211 212 213 214 215 216 217 218 219 220 221 222 223 224 225 226 227 228 229 230 231 232 233 234 235 236 237 238 239 240 241 242 243 244 245 246 247 248 249 250 251 252 253 254 255 256 257 258 259 260 261 262 263 264 265 266 267 268 269 270 271 272 273 274 275 276 277 278 279 280 281 282 283 284 285 286 287 288 289 290 291 292 293 294 295 296 297 298 299 300 301 302 303 304 305 306 307 308 309 310 311 312 313 314 315 316 317 318 319 320 321 322 323 324 325 326 327 328 329 330 331 332 333 334 335 336 337 338 339 340 341 342 343 344 345 346 347 348 349 350 351 352 353 354 355 356 357 358 359 360 361 362 363 364 365 366 367 368 369 370 371 372 373 374 375 376 377 378 379 380 381 382 383 384 385 386 387 388 389 390 391 392 393 394 395 396 397 398 399 400 401 402 403 404 405 406 407 408 409 410 411 412 413 414 415 416 417 418 419 420 421 422 423 424 425 426 427 428 429 430 431 432 433 434 435 436 437 438 439 440 441 442 443 444 445 446 447 448 449 450 451 452 453 454 455 456 457 458 459 460 461 462 463 464 465 466 467 468 469 470 471 472 473 474 475 476 477 478 479 480 481 482 483 484 485 486 487 488 489 490 491 492 493 494 495 496 497 498 499 500
 done.
 input  file name : crest_rotamers_1.xyz
 output file name : crest_rotamers_2.xyz
 reference state Etot :  -27.9405472200000     
 500 structures remain within     6.00 kcal/mol window
 
 ...............................................
 A new lower conformer was found!
 Improved by    0.00712 Eh or    4.46806kcal/mol
 ...............................................
 
========================================
            MTD Iteration  3
========================================
 
     ========================================
     |         Meta-MD (MTD) Sampling       |
     ========================================
 
Starting Meta-MD   1 with the settings:
     MD time /ps        :    10.0
     dt /fs             :     1.5
     dumpstep(trj) /fs  :     200
     dumpstep(Vbias)/ps :     1.0
     Vbias factor k /Eh :  0.3150
     Vbias exp α /bohr⁻²:    1.00
Starting Meta-MD   2 with the settings:
     MD time /ps        :    10.0
     dt /fs             :     1.5
     dumpstep(trj) /fs  :     200
     dumpstep(Vbias)/ps :     1.0
     Vbias factor k /Eh :  0.2100
     Vbias exp α /bohr⁻²:    1.00
Starting Meta-MD   3 with the settings:
     MD time /ps        :    10.0
     dt /fs             :     1.5
     dumpstep(trj) /fs  :     200
     dumpstep(Vbias)/ps :     1.0
     Vbias factor k /Eh :  0.1400
     Vbias exp α /bohr⁻²:    1.00
Starting Meta-MD   4 with the settings:
     MD time /ps        :    10.0
     dt /fs             :     1.5
     dumpstep(trj) /fs  :     200
     dumpstep(Vbias)/ps :     1.0
     Vbias factor k /Eh :  0.3150
     Vbias exp α /bohr⁻²:    0.67
Starting Meta-MD   5 with the settings:
     MD time /ps        :    10.0
     dt /fs             :     1.5
     dumpstep(trj) /fs  :     200
     dumpstep(Vbias)/ps :     1.0
     Vbias factor k /Eh :  0.2100
     Vbias exp α /bohr⁻²:    0.67
Starting Meta-MD   6 with the settings:
     MD time /ps        :    10.0
     dt /fs             :     1.5
     dumpstep(trj) /fs  :     200
     dumpstep(Vbias)/ps :     1.0
     Vbias factor k /Eh :  0.1400
     Vbias exp α /bohr⁻²:    0.67
Starting Meta-MD   7 with the settings:
     MD time /ps        :    10.0
     dt /fs             :     1.5
     dumpstep(trj) /fs  :     200
     dumpstep(Vbias)/ps :     1.0
     Vbias factor k /Eh :  0.3150
     Vbias exp α /bohr⁻²:    0.44
Starting Meta-MD   8 with the settings:
     MD time /ps        :    10.0
     dt /fs             :     1.5
     dumpstep(trj) /fs  :     200
     dumpstep(Vbias)/ps :     1.0
     Vbias factor k /Eh :  0.2100
     Vbias exp α /bohr⁻²:    0.44
Starting Meta-MD   9 with the settings:
     MD time /ps        :    10.0
     dt /fs             :     1.5
     dumpstep(trj) /fs  :     200
     dumpstep(Vbias)/ps :     1.0
     Vbias factor k /Eh :  0.1400
     Vbias exp α /bohr⁻²:    0.44
Starting Meta-MD  10 with the settings:
     MD time /ps        :    10.0
     dt /fs             :     1.5
     dumpstep(trj) /fs  :     200
     dumpstep(Vbias)/ps :     1.0
     Vbias factor k /Eh :  0.3150
     Vbias exp α /bohr⁻²:    0.30
*Meta-MTD 10 finished*
*Meta-MTD 3 finished*
*Meta-MTD 9 finished*
*Meta-MTD 4 finished*
*Meta-MTD 2 finished*
*Meta-MTD 7 finished*
*Meta-MTD 8 finished*
*Meta-MTD 6 finished*
*Meta-MTD 1 finished*
*Meta-MTD 5 finished*
 
-----------------------
Multilevel Optimization
-----------------------
 
 -------------------------
 1. crude pre-optimization
 -------------------------
 Optimizing all 500 structures from file "crest_rotamers_0.xyz" ...
 1 2 3 4 5 6 7 8 9 10 11 12 13 14 15 16 17 18 19 20 21 22 23 24 25 26 27 28 29 30 31 32 33 34 35 36 37 38 39 40 41 42 43 44 45 46 47 48 49 50 51 52 53 54 55 56 57 58 59 60 61 62 63 64 65 66 67 68 69 70 71 72 73 74 75 76 77 78 79 80 81 82 83 84 85 86 87 88 89 90 91 92 93 94 95 96 97 98 99 100 101 102 103 104 105 106 107 108 109 110 111 112 113 114 115 116 117 118 119 120 121 122 123 124 125 126 127 128 129 130 131 132 133 134 135 136 137 138 139 140 141 142 143 144 145 146 147 148 149 150 151 152 153 154 155 156 157 158 159 160 161 162 163 164 165 166 167 168 169 170 171 172 173 174 175 176 177 178 179 180 181 182 183 184 185 186 187 188 189 190 191 192 193 194 195 196 197 198 199 200 201 202 203 204 205 206 207 208 209 210 211 212 213 214 215 216 217 218 219 220 221 222 223 224 225 226 227 228 229 230 231 232 233 234 235 236 237 238 239 240 241 242 243 244 245 246 247 248 249 250 251 252 253 254 255 256 257 258 259 260 261 262 263 264 265 266 267 268 269 270 271 272 273 274 275 276 277 278 279 280 281 282 283 284 285 286 287 288 289 290 291 292 293 294 295 296 297 298 299 300 301 302 303 304 305 306 307 308 309 310 311 312 313 314 315 316 317 318 319 320 321 322 323 324 325 326 327 328 329 330 331 332 333 334 335 336 337 338 339 340 341 342 343 344 345 346 347 348 349 350 351 352 353 354 355 356 357 358 359 360 361 362 363 364 365 366 367 368 369 370 371 372 373 374 375 376 377 378 379 380 381 382 383 384 385 386 387 388 389 390 391 392 393 394 395 396 397 398 399 400 401 402 403 404 405 406 407 408 409 410 411 412 413 414 415 416 417 418 419 420 421 422 423 424 425 426 427 428 429 430 431 432 433 434 435 436 437 438 439 440 441 442 443 444 445 446 447 448 449 450 451 452 453 454 455 456 457 458 459 460 461 462 463 464 465 466 467 468 469 470 471 472 473 474 475 476 477 478 479 480 481 482 483 484 485 486 487 488 489 490 491 492 493 494 495 496 497 498 499 500
 done.
 input  file name : crest_rotamers_1.xyz
 output file name : crest_rotamers_2.xyz
 reference state Etot :  -27.9443712500000     
 500 structures remain within     6.00 kcal/mol window
 
 ...............................................
 A new lower conformer was found!
 Improved by    0.00382 Eh or    2.39962kcal/mol
 ...............................................
 
========================================
            MTD Iteration  4
========================================
 
     ========================================
     |         Meta-MD (MTD) Sampling       |
     ========================================
 
Starting Meta-MD   1 with the settings:
     MD time /ps        :    10.0
     dt /fs             :     1.5
     dumpstep(trj) /fs  :     200
     dumpstep(Vbias)/ps :     1.0
     Vbias factor k /Eh :  0.3150
     Vbias exp α /bohr⁻²:    1.00
Starting Meta-MD   2 with the settings:
     MD time /ps        :    10.0
     dt /fs             :     1.5
     dumpstep(trj) /fs  :     200
     dumpstep(Vbias)/ps :     1.0
     Vbias factor k /Eh :  0.2100
     Vbias exp α /bohr⁻²:    1.00
Starting Meta-MD   3 with the settings:
     MD time /ps        :    10.0
     dt /fs             :     1.5
     dumpstep(trj) /fs  :     200
     dumpstep(Vbias)/ps :     1.0
     Vbias factor k /Eh :  0.1400
     Vbias exp α /bohr⁻²:    1.00
Starting Meta-MD   4 with the settings:
     MD time /ps        :    10.0
     dt /fs             :     1.5
     dumpstep(trj) /fs  :     200
     dumpstep(Vbias)/ps :     1.0
     Vbias factor k /Eh :  0.3150
     Vbias exp α /bohr⁻²:    0.67
Starting Meta-MD   5 with the settings:
     MD time /ps        :    10.0
     dt /fs             :     1.5
     dumpstep(trj) /fs  :     200
     dumpstep(Vbias)/ps :     1.0
     Vbias factor k /Eh :  0.2100
     Vbias exp α /bohr⁻²:    0.67
Starting Meta-MD   6 with the settings:
     MD time /ps        :    10.0
     dt /fs             :     1.5
     dumpstep(trj) /fs  :     200
     dumpstep(Vbias)/ps :     1.0
     Vbias factor k /Eh :  0.1400
     Vbias exp α /bohr⁻²:    0.67
Starting Meta-MD   7 with the settings:
     MD time /ps        :    10.0
     dt /fs             :     1.5
     dumpstep(trj) /fs  :     200
     dumpstep(Vbias)/ps :     1.0
     Vbias factor k /Eh :  0.3150
     Vbias exp α /bohr⁻²:    0.44
Starting Meta-MD   8 with the settings:
     MD time /ps        :    10.0
     dt /fs             :     1.5
     dumpstep(trj) /fs  :     200
     dumpstep(Vbias)/ps :     1.0
     Vbias factor k /Eh :  0.2100
     Vbias exp α /bohr⁻²:    0.44
Starting Meta-MD   9 with the settings:
     MD time /ps        :    10.0
     dt /fs             :     1.5
     dumpstep(trj) /fs  :     200
     dumpstep(Vbias)/ps :     1.0
     Vbias factor k /Eh :  0.1400
     Vbias exp α /bohr⁻²:    0.44
Starting Meta-MD  10 with the settings:
     MD time /ps        :    10.0
     dt /fs             :     1.5
     dumpstep(trj) /fs  :     200
     dumpstep(Vbias)/ps :     1.0
     Vbias factor k /Eh :  0.3150
     Vbias exp α /bohr⁻²:    0.30
*Meta-MTD 8 finished*
*Meta-MTD 9 finished*
*Meta-MTD 2 finished*
*Meta-MTD 5 finished*
*Meta-MTD 1 finished*
*Meta-MTD 4 finished*
*Meta-MTD 7 finished*
*Meta-MTD 10 finished*
*Meta-MTD 3 finished*
*Meta-MTD 6 finished*
 
-----------------------
Multilevel Optimization
-----------------------
 
 -------------------------
 1. crude pre-optimization
 -------------------------
 Optimizing all 500 structures from file "crest_rotamers_0.xyz" ...
 1 2 3 4 5 6 7 8 9 10 11 12 13 14 15 16 17 18 19 20 21 22 23 24 25 26 27 28 29 30 31 32 33 34 35 36 37 38 39 40 41 42 43 44 45 46 47 48 49 50 51 52 53 54 55 56 57 58 59 60 61 62 63 64 65 66 67 68 69 70 71 72 73 74 75 76 77 78 79 80 81 82 83 84 85 86 87 88 89 90 91 92 93 94 95 96 97 98 99 100 101 102 103 104 105 106 107 108 109 110 111 112 113 114 115 116 117 118 119 120 121 122 123 124 125 126 127 128 129 130 131 132 133 134 135 136 137 138 139 140 141 142 143 144 145 146 147 148 149 150 151 152 153 154 155 156 157 158 159 160 161 162 163 164 165 166 167 168 169 170 171 172 173 174 175 176 177 178 179 180 181 182 183 184 185 186 187 188 189 190 191 192 193 194 195 196 197 198 199 200 201 202 203 204 205 206 207 208 209 210 211 212 213 214 215 216 217 218 219 220 221 222 223 224 225 226 227 228 229 230 231 232 233 234 235 236 237 238 239 240 241 242 243 244 245 246 247 248 249 250 251 252 253 254 255 256 257 258 259 260 261 262 263 264 265 266 267 268 269 270 271 272 273 274 275 276 277 278 279 280 281 282 283 284 285 286 287 288 289 290 291 292 293 294 295 296 297 298 299 300 301 302 303 304 305 306 307 308 309 310 311 312 313 314 315 316 317 318 319 320 321 322 323 324 325 326 327 328 329 330 331 332 333 334 335 336 337 338 339 340 341 342 343 344 345 346 347 348 349 350 351 352 353 354 355 356 357 358 359 360 361 362 363 364 365 366 367 368 369 370 371 372 373 374 375 376 377 378 379 380 381 382 383 384 385 386 387 388 389 390 391 392 393 394 395 396 397 398 399 400 401 402 403 404 405 406 407 408 409 410 411 412 413 414 415 416 417 418 419 420 421 422 423 424 425 426 427 428 429 430 431 432 433 434 435 436 437 438 439 440 441 442 443 444 445 446 447 448 449 450 451 452 453 454 455 456 457 458 459 460 461 462 463 464 465 466 467 468 469 470 471 472 473 474 475 476 477 478 479 480 481 482 483 484 485 486 487 488 489 490 491 492 493 494 495 496 497 498 499 500
 done.
 input  file name : crest_rotamers_1.xyz
 output file name : crest_rotamers_2.xyz
 reference state Etot :  -27.9543669300000     
 500 structures remain within     6.00 kcal/mol window
 
 ...............................................
 A new lower conformer was found!
 Improved by    0.01000 Eh or    6.27238kcal/mol
 ...............................................
 
========================================
            MTD Iteration  5
========================================
 
     ========================================
     |         Meta-MD (MTD) Sampling       |
     ========================================
 
Starting Meta-MD  10 with the settings:
     MD time /ps        :    10.0
     dt /fs             :     1.5
     dumpstep(trj) /fs  :     200
     dumpstep(Vbias)/ps :     1.0
     Vbias factor k /Eh :  0.3150
     Vbias exp α /bohr⁻²:    0.30
Starting Meta-MD   1 with the settings:
     MD time /ps        :    10.0
     dt /fs             :     1.5
     dumpstep(trj) /fs  :     200
     dumpstep(Vbias)/ps :     1.0
     Vbias factor k /Eh :  0.3150
     Vbias exp α /bohr⁻²:    1.00
Starting Meta-MD   4 with the settings:
     MD time /ps        :    10.0
     dt /fs             :     1.5
     dumpstep(trj) /fs  :     200
     dumpstep(Vbias)/ps :     1.0
     Vbias factor k /Eh :  0.3150
     Vbias exp α /bohr⁻²:    0.67
Starting Meta-MD   3 with the settings:
     MD time /ps        :    10.0
     dt /fs             :     1.5
     dumpstep(trj) /fs  :     200
     dumpstep(Vbias)/ps :     1.0
     Vbias factor k /Eh :  0.1400
     Vbias exp α /bohr⁻²:    1.00
Starting Meta-MD   5 with the settings:
     MD time /ps        :    10.0
     dt /fs             :     1.5
     dumpstep(trj) /fs  :     200
     dumpstep(Vbias)/ps :     1.0
     Vbias factor k /Eh :  0.2100
     Vbias exp α /bohr⁻²:    0.67
Starting Meta-MD   6 with the settings:
     MD time /ps        :    10.0
     dt /fs             :     1.5
     dumpstep(trj) /fs  :     200
     dumpstep(Vbias)/ps :     1.0
     Vbias factor k /Eh :  0.1400
     Vbias exp α /bohr⁻²:    0.67
Starting Meta-MD   7 with the settings:
     MD time /ps        :    10.0
     dt /fs             :     1.5
     dumpstep(trj) /fs  :     200
     dumpstep(Vbias)/ps :     1.0
     Vbias factor k /Eh :  0.3150
     Vbias exp α /bohr⁻²:    0.44
Starting Meta-MD   8 with the settings:
     MD time /ps        :    10.0
     dt /fs             :     1.5
     dumpstep(trj) /fs  :     200
     dumpstep(Vbias)/ps :     1.0
     Vbias factor k /Eh :  0.2100
     Vbias exp α /bohr⁻²:    0.44
Starting Meta-MD   2 with the settings:
     MD time /ps        :    10.0
     dt /fs             :     1.5
     dumpstep(trj) /fs  :     200
     dumpstep(Vbias)/ps :     1.0
     Vbias factor k /Eh :  0.2100
     Vbias exp α /bohr⁻²:    1.00
Starting Meta-MD   9 with the settings:
     MD time /ps        :    10.0
     dt /fs             :     1.5
     dumpstep(trj) /fs  :     200
     dumpstep(Vbias)/ps :     1.0
     Vbias factor k /Eh :  0.1400
     Vbias exp α /bohr⁻²:    0.44
*Meta-MTD 4 finished*
*Meta-MTD 8 finished*
*Meta-MTD 3 finished*
*Meta-MTD 7 finished*
*Meta-MTD 2 finished*
*Meta-MTD 9 finished*
*Meta-MTD 6 finished*
*Meta-MTD 5 finished*
*Meta-MTD 10 finished*
*Meta-MTD 1 finished*
 
-----------------------
Multilevel Optimization
-----------------------
 
 -------------------------
 1. crude pre-optimization
 -------------------------
 Optimizing all 500 structures from file "crest_rotamers_0.xyz" ...
 1 2 3 4 5 6 7 8 9 10 11 12 13 14 15 16 17 18 19 20 21 22 23 24 25 26 27 28 29 30 31 32 33 34 35 36 37 38 39 40 41 42 43 44 45 46 47 48 49 50 51 52 53 54 55 56 57 58 59 60 61 62 63 64 65 66 67 68 69 70 71 72 73 74 75 76 77 78 79 80 81 82 83 84 85 86 87 88 89 90 91 92 93 94 95 96 97 98 99 100 101 102 103 104 105 106 107 108 109 110 111 112 113 114 115 116 117 118 119 120 121 122 123 124 125 126 127 128 129 130 131 132 133 134 135 136 137 138 139 140 141 142 143 144 145 146 147 148 149 150 151 152 153 154 155 156 157 158 159 160 161 162 163 164 165 166 167 168 169 170 171 172 173 174 175 176 177 178 179 180 181 182 183 184 185 186 187 188 189 190 191 192 193 194 195 196 197 198 199 200 201 202 203 204 205 206 207 208 209 210 211 212 213 214 215 216 217 218 219 220 221 222 223 224 225 226 227 228 229 230 231 232 233 234 235 236 237 238 239 240 241 242 243 244 245 246 247 248 249 250 251 252 253 254 255 256 257 258 259 260 261 262 263 264 265 266 267 268 269 270 271 272 273 274 275 276 277 278 279 280 281 282 283 284 285 286 287 288 289 290 291 292 293 294 295 296 297 298 299 300 301 302 303 304 305 306 307 308 309 310 311 312 313 314 315 316 317 318 319 320 321 322 323 324 325 326 327 328 329 330 331 332 333 334 335 336 337 338 339 340 341 342 343 344 345 346 347 348 349 350 351 352 353 354 355 356 357 358 359 360 361 362 363 364 365 366 367 368 369 370 371 372 373 374 375 376 377 378 379 380 381 382 383 384 385 386 387 388 389 390 391 392 393 394 395 396 397 398 399 400 401 402 403 404 405 406 407 408 409 410 411 412 413 414 415 416 417 418 419 420 421 422 423 424 425 426 427 428 429 430 431 432 433 434 435 436 437 438 439 440 441 442 443 444 445 446 447 448 449 450 451 452 453 454 455 456 457 458 459 460 461 462 463 464 465 466 467 468 469 470 471 472 473 474 475 476 477 478 479 480 481 482 483 484 485 486 487 488 489 490 491 492 493 494 495 496 497 498 499 500
 done.
 input  file name : crest_rotamers_1.xyz
 output file name : crest_rotamers_2.xyz
 reference state Etot :  -27.9567696400000     
 500 structures remain within     6.00 kcal/mol window
 
 ...............................................
 A new lower conformer was found!
 Improved by    0.00240 Eh or    1.50772kcal/mol
 ...............................................
========================================
            MTD Iterations done         
========================================
 Collecting ensmbles.
 running RMSDs...
 done.
 E lowest :   -27.95677
 3 structures remain within     3.00 kcal/mol window
 
-----------------------------------------------
Additional regular MDs on lowest 3 conformer(s)
-----------------------------------------------
Starting MD   1 with the settings:
     MD time /ps        :     5.0
     MD Temperature /K  :   400.0
     dt /fs             :     1.5
     dumpstep(trj) /fs  :     200
Starting MD   6 with the settings:
     MD time /ps        :     5.0
     MD Temperature /K  :   500.0
     dt /fs             :     1.5
     dumpstep(trj) /fs  :     200
Starting MD   2 with the settings:
     MD time /ps        :     5.0
     MD Temperature /K  :   500.0
     dt /fs             :     1.5
     dumpstep(trj) /fs  :     200
Starting MD   3 with the settings:
     MD time /ps        :     5.0
     MD Temperature /K  :   400.0
     dt /fs             :     1.5
     dumpstep(trj) /fs  :     200
Starting MD   4 with the settings:
     MD time /ps        :     5.0
     MD Temperature /K  :   500.0
     dt /fs             :     1.5
     dumpstep(trj) /fs  :     200
Starting MD   5 with the settings:
     MD time /ps        :     5.0
     MD Temperature /K  :   400.0
     dt /fs             :     1.5
     dumpstep(trj) /fs  :     200
*MD 1 finished*
*MD 6 finished*
*MD 5 finished*
*MD 3 finished*
*MD 2 finished*
*MD 4 finished*
 Appending file crest_rotamers_1.xyz with new structures
 
 --------------------------------------------
 Ensemble optimization with normal thresholds
 --------------------------------------------
 Optimizing all 153 structures from file "crest_rotamers_1.xyz" ...
 1 2 3 4 5 6 7 8 9 10 11 12 13 14 15 16 17 18 19 20 21 22 23 24 25 26 27 28 29 30 31 32 33 34 35 36 37 38 39 40 41 42 43 44 45 46 47 48 49 50 51 52 53 54 55 56 57 58 59 60 61 62 63 64 65 66 67 68 69 70 71 72 73 74 75 76 77 78 79 80 81 82 83 84 85 86 87 88 89 90 91 92 93 94 95 96 97 98 99 100 101 102 103 104 105 106 107 108 109 110 111 112 113 114 115 116 117 118 119 120 121 122 123 124 125 126 127 128 129 130 131 132 133 134 135 136 137 138 139 140 141 142 143 144 145 146 147 148 149 150 151 152 153
 done.
 input  file name : crest_rotamers_2.xyz
 output file name : crest_rotamers_3.xyz
 reference state Etot :  -27.9584936500000     
 153 structures remain within     3.00 kcal/mol window
 
 ...............................................
 A new lower conformer was found!
 Improved by    0.00172 Eh or    1.08183kcal/mol
 ...............................................
 
*******************************************************************************************
**                        N E W    I T E R A T I O N    C Y C L E                        **
*******************************************************************************************
 
========================================
            MTD Iteration  1
========================================
 
     ========================================
     |         Meta-MD (MTD) Sampling       |
     ========================================
 
Starting Meta-MD   1 with the settings:
     MD time /ps        :    10.0
     dt /fs             :     1.5
     dumpstep(trj) /fs  :     200
     dumpstep(Vbias)/ps :     1.0
     Vbias factor k /Eh :  0.3150
     Vbias exp α /bohr⁻²:    1.00
Starting Meta-MD   2 with the settings:
     MD time /ps        :    10.0
     dt /fs             :     1.5
     dumpstep(trj) /fs  :     200
     dumpstep(Vbias)/ps :     1.0
     Vbias factor k /Eh :  0.2100
     Vbias exp α /bohr⁻²:    1.00
Starting Meta-MD   3 with the settings:
     MD time /ps        :    10.0
     dt /fs             :     1.5
     dumpstep(trj) /fs  :     200
     dumpstep(Vbias)/ps :     1.0
     Vbias factor k /Eh :  0.1400
     Vbias exp α /bohr⁻²:    1.00
Starting Meta-MD   5 with the settings:
     MD time /ps        :    10.0
     dt /fs             :     1.5
     dumpstep(trj) /fs  :     200
     dumpstep(Vbias)/ps :     1.0
     Vbias factor k /Eh :  0.2100
     Vbias exp α /bohr⁻²:    0.67
Starting Meta-MD   4 with the settings:
     MD time /ps        :    10.0
     dt /fs             :     1.5
     dumpstep(trj) /fs  :     200
     dumpstep(Vbias)/ps :     1.0
     Vbias factor k /Eh :  0.3150
     Vbias exp α /bohr⁻²:    0.67
Starting Meta-MD   6 with the settings:
     MD time /ps        :    10.0
     dt /fs             :     1.5
     dumpstep(trj) /fs  :     200
     dumpstep(Vbias)/ps :     1.0
     Vbias factor k /Eh :  0.1400
     Vbias exp α /bohr⁻²:    0.67
Starting Meta-MD  10 with the settings:
     MD time /ps        :    10.0
     dt /fs             :     1.5
     dumpstep(trj) /fs  :     200
     dumpstep(Vbias)/ps :     1.0
     Vbias factor k /Eh :  0.3150
     Vbias exp α /bohr⁻²:    0.30
Starting Meta-MD   7 with the settings:
     MD time /ps        :    10.0
     dt /fs             :     1.5
     dumpstep(trj) /fs  :     200
     dumpstep(Vbias)/ps :     1.0
     Vbias factor k /Eh :  0.3150
     Vbias exp α /bohr⁻²:    0.44
Starting Meta-MD   8 with the settings:
     MD time /ps        :    10.0
     dt /fs             :     1.5
     dumpstep(trj) /fs  :     200
     dumpstep(Vbias)/ps :     1.0
     Vbias factor k /Eh :  0.2100
     Vbias exp α /bohr⁻²:    0.44
Starting Meta-MD   9 with the settings:
     MD time /ps        :    10.0
     dt /fs             :     1.5
     dumpstep(trj) /fs  :     200
     dumpstep(Vbias)/ps :     1.0
     Vbias factor k /Eh :  0.1400
     Vbias exp α /bohr⁻²:    0.44
*Meta-MTD 1 finished*
*Meta-MTD 8 finished*
*Meta-MTD 4 finished*
*Meta-MTD 10 finished*
*Meta-MTD 3 finished*
*Meta-MTD 2 finished*
*Meta-MTD 5 finished*
*Meta-MTD 6 finished*
*Meta-MTD 9 finished*
*Meta-MTD 7 finished*
 
-----------------------
Multilevel Optimization
-----------------------
 
 -------------------------
 1. crude pre-optimization
 -------------------------
 Optimizing all 500 structures from file "crest_rotamers_0.xyz" ...
 1 2 3 4 5 6 7 8 9 10 11 12 13 14 15 16 17 18 19 20 21 22 23 24 25 26 27 28 29 30 31 32 33 34 35 36 37 38 39 40 41 42 43 44 45 46 47 48 49 50 51 52 53 54 55 56 57 58 59 60 61 62 63 64 65 66 67 68 69 70 71 72 73 74 75 76 77 78 79 80 81 82 83 84 85 86 87 88 89 90 91 92 93 94 95 96 97 98 99 100 101 102 103 104 105 106 107 108 109 110 111 112 113 114 115 116 117 118 119 120 121 122 123 124 125 126 127 128 129 130 131 132 133 134 135 136 137 138 139 140 141 142 143 144 145 146 147 148 149 150 151 152 153 154 155 156 157 158 159 160 161 162 163 164 165 166 167 168 169 170 171 172 173 174 175 176 177 178 179 180 181 182 183 184 185 186 187 188 189 190 191 192 193 194 195 196 197 198 199 200 201 202 203 204 205 206 207 208 209 210 211 212 213 214 215 216 217 218 219 220 221 222 223 224 225 226 227 228 229 230 231 232 233 234 235 236 237 238 239 240 241 242 243 244 245 246 247 248 249 250 251 252 253 254 255 256 257 258 259 260 261 262 263 264 265 266 267 268 269 270 271 272 273 274 275 276 277 278 279 280 281 282 283 284 285 286 287 288 289 290 291 292 293 294 295 296 297 298 299 300 301 302 303 304 305 306 307 308 309 310 311 312 313 314 315 316 317 318 319 320 321 322 323 324 325 326 327 328 329 330 331 332 333 334 335 336 337 338 339 340 341 342 343 344 345 346 347 348 349 350 351 352 353 354 355 356 357 358 359 360 361 362 363 364 365 366 367 368 369 370 371 372 373 374 375 376 377 378 379 380 381 382 383 384 385 386 387 388 389 390 391 392 393 394 395 396 397 398 399 400 401 402 403 404 405 406 407 408 409 410 411 412 413 414 415 416 417 418 419 420 421 422 423 424 425 426 427 428 429 430 431 432 433 434 435 436 437 438 439 440 441 442 443 444 445 446 447 448 449 450 451 452 453 454 455 456 457 458 459 460 461 462 463 464 465 466 467 468 469 470 471 472 473 474 475 476 477 478 479 480 481 482 483 484 485 486 487 488 489 490 491 492 493 494 495 496 497 498 499 500
 done.
 input  file name : crest_rotamers_1.xyz
 output file name : crest_rotamers_2.xyz
 reference state Etot :  -27.9446291900000     
 500 structures remain within     6.00 kcal/mol window
 
========================================
            MTD Iterations done         
========================================
 Collecting ensmbles.
 running RMSDs...
 done.
 E lowest :   -27.94463
 2 structures remain within     3.00 kcal/mol window
 
-----------------------------------------------
Additional regular MDs on lowest 2 conformer(s)
-----------------------------------------------
Starting MD   4 with the settings:
     MD time /ps        :     5.0
     MD Temperature /K  :   500.0
     dt /fs             :     1.5
     dumpstep(trj) /fs  :     200
Starting MD   1 with the settings:
     MD time /ps        :     5.0
     MD Temperature /K  :   400.0
     dt /fs             :     1.5
     dumpstep(trj) /fs  :     200
Starting MD   2 with the settings:
     MD time /ps        :     5.0
     MD Temperature /K  :   500.0
     dt /fs             :     1.5
     dumpstep(trj) /fs  :     200
Starting MD   3 with the settings:
     MD time /ps        :     5.0
     MD Temperature /K  :   400.0
     dt /fs             :     1.5
     dumpstep(trj) /fs  :     200
*MD 3 finished*
*MD 1 finished*
*MD 4 finished*
*MD 2 finished*
 Appending file crest_rotamers_1.xyz with new structures
 
 --------------------------------------------
 Ensemble optimization with normal thresholds
 --------------------------------------------
 Optimizing all 102 structures from file "crest_rotamers_1.xyz" ...
 1 2 3 4 5 6 7 8 9 10 11 12 13 14 15 16 17 18 19 20 21 22 23 24 25 26 27 28 29 30 31 32 33 34 35 36 37 38 39 40 41 42 43 44 45 46 47 48 49 50 51 52 53 54 55 56 57 58 59 60 61 62 63 64 65 66 67 68 69 70 71 72 73 74 75 76 77 78 79 80 81 82 83 84 85 86 87 88 89 90 91 92 93 94 95 96 97 98 99 100 101 102
 done.
 input  file name : crest_rotamers_2.xyz
 output file name : crest_rotamers_3.xyz
 reference state Etot :  -27.9494911000000     
 102 structures remain within     3.00 kcal/mol window
 
 
 
   ================================================
   |           Final Geometry Optimization        |
   ================================================
 --------------------------------------------
 Ensemble optimization with normal thresholds
 --------------------------------------------
 Optimizing all 102 structures from file "crest_rotamers_3.xyz" ...
 1 2 3 4 5 6 7 8 9 10 11 12 13 14 15 16 17 18 19 20 21 22 23 24 25 26 27 28 29 30 31 32 33 34 35 36 37 38 39 40 41 42 43 44 45 46 47 48 49 50 51 52 53 54 55 56 57 58 59 60 61 62 63 64 65 66 67 68 69 70 71 72 73 74 75 76 77 78 79 80 81 82 83 84 85 86 87 88 89 90 91 92 93 94 95 96 97 98 99 100 101 102
 done.
 input  file name : crest_rotamers_4.xyz
 output file name : crest_rotamers_5.xyz
 reference state Etot :  -27.9494622700000     
 102 structures remain within     3.00 kcal/mol window
 
  GFN2-xTB optimization
 --------------------------------------------
 Ensemble optimization with normal thresholds
 --------------------------------------------
 Optimizing all 102 structures from file "crest_rotamers_5.xyz" ...
 1 2 3 4 5 6 7 8 9 10 11 12 13 14 15 16 17 18 19 20 21 22 23 24 25 26 27 28 29 30 31 32 33 34 35 36 37 38 39 40 41 42 43 44 45 46 47 48 49 50 51 52 53 54 55 56 57 58 59 60 61 62 63 64 65 66 67 68 69 70 71 72 73 74 75 76 77 78 79 80 81 82 83 84 85 86 87 88 89 90 91 92 93 94 95 96 97 98 99 100 101 102
 done.
 
 -------------------------------------------
 Ensemble optimization with tight thresholds
 -------------------------------------------
 Optimizing all 102 structures from file "crest_rotamers_6.xyz" ...
 1 2 3 4 5 6 7 8 9 10 11 12 13 14 15 16 17 18 19 20 21 22 23 24 25 26 27 28 29 30 31 32 33 34 35 36 37 38 39 40 41 42 43 44 45 46 47 48 49 50 51 52 53 54 55 56 57 58 59 60 61 62 63 64 65 66 67 68 69 70 71 72 73 74 75 76 77 78 79 80 81 82 83 84 85 86 87 88 89 90 91 92 93 94 95 96 97 98 99 100 101 102
 done.
 
 
  Single point computation with GBSA model
  102 jobs to do.
 
  done.
 
  Cluster   E /Eh        Density  Efix       R   av/act. Surface   Opt
    1      -422.394163   1.299    0.000    11.1   7.7     4192.9   tight
    2      -422.385997   1.283    0.000    11.6   7.1     4565.2   tight
    3      -422.393960   1.291    0.000    11.2   8.4     4391.3   tight
    4      -422.382571   1.290    0.000    11.4   8.1     4373.3   tight
    5      -422.401751   1.293    0.000    11.2  10.9     4392.6   tight
    6      -422.370530   1.278    0.000    11.1   7.6     4487.2   tight
    7      -422.385899   1.279    0.000    11.1   8.6     4491.1   tight
    8      -422.403705   1.289    0.000    11.0   8.2     4452.1   tight
    9      -422.391149   1.295    0.000    11.0   8.0     4276.0   tight
   10      -422.391051   1.283    0.000    11.5   9.9     4519.0   tight
   11      -422.398257   1.287    0.000    11.2   8.6     4463.7   tight
   12      -422.402575   1.284    0.000    11.3   7.6     4534.3   tight
   13      -422.382404   1.285    0.000    11.2   8.0     4442.2   tight
   14      -422.385865   1.291    0.000    11.2   9.1     4370.0   tight
   15      -422.402486   1.293    0.000    11.3   7.6     4375.5   tight
   16      -422.387299   1.289    0.000    11.2  10.4     4409.5   tight
   17      -422.390492   1.298    0.000    11.1   7.7     4256.5   tight
   18      -422.392114   1.295    0.000    11.1   8.0     4300.2   tight
   19      -422.394257   1.289    0.000    11.4   6.5     4394.2   tight
   20      -422.401912   1.267    0.000    11.1   7.7     4861.0   tight
   21      -422.387653   1.296    0.000    11.1  10.6     4280.4   tight
   22      -422.391682   1.288    0.000    11.2   7.7     4380.8   tight
   23      -422.405561   1.289    0.000    11.3   8.4     4446.1   tight
   24      -422.393687   1.293    0.000    11.1   8.0     4353.7   tight
   25      -422.387091   1.290    0.000    11.1   7.9     4343.6   tight
   26      -422.387194   1.290    0.000    11.1   8.1     4331.3   tight
   27      -422.412694   1.290    0.000    10.9   7.8     4366.8   tight
   28      -422.402977   1.290    0.000    11.4   7.3     4442.3   tight
   29      -422.393050   1.298    0.000    11.1   7.4     4251.2   tight
   30      -422.392599   1.291    0.000    11.1   9.8     4407.0   tight
   31      -422.377610   1.290    0.000    11.2   7.8     4410.2   tight
   32      -422.382504   1.289    0.000    11.1   8.2     4305.8   tight
   33      -422.392553   1.288    0.000    11.3   9.8     4380.2   tight
   34      -422.376495   1.290    0.000    11.3   7.2     4368.3   tight
   35      -422.373688   1.290    0.000    11.2   7.3     4352.6   tight
   36      -422.390728   1.286    0.000    11.1   8.8     4484.1   tight
   37      -422.394812   1.293    0.000    11.2   6.3     4332.0   tight
   38      -422.391159   1.287    0.000    11.2   7.2     4388.0   tight
   39      -422.370932   1.274    0.000    11.5   9.4     4622.9   tight
   40      -422.391056   1.285    0.000    11.5   6.9     4533.8   tight
   41      -422.401321   1.281    0.000    11.4   6.0     4599.2   tight
   42      -422.395609   1.283    0.000    11.2   8.2     4494.2   tight
   43      -422.397923   1.294    0.000    11.6   7.2     4399.8   tight
   44      -422.386862   1.292    0.000    11.0   7.7     4302.7   tight
   45      -422.400408   1.287    0.000    11.1   6.9     4529.8   tight
   46      -422.404723   1.292    0.000    11.0   7.5     4323.0   tight
   47      -422.385920   1.278    0.000    11.1   9.0     4568.2   tight
   48      -422.379601   1.271    0.000    11.5   7.3     4686.2   tight
   49      -422.404500   1.285    0.000    11.2   7.4     4436.1   tight
   50      -422.390389   1.279    0.000    11.9  12.6     4650.8   tight
   51      -422.371053   1.291    0.000    11.1   7.5     4353.2   tight
   52      -422.378754   1.281    0.000    11.2  10.8     4542.6   tight
   53      -422.392385   1.293    0.000    11.2   7.7     4331.4   tight
   54      -422.386845   1.287    0.000    11.1   5.8     4509.4   tight
   55      -422.393000   1.285    0.000    11.2   7.3     4429.9   tight
   56      -422.409550   1.291    0.000    11.0   6.7     4381.4   tight
   57      -422.395724   1.292    0.000    11.8   6.9     4410.8   tight
   58      -422.395169   1.288    0.000    11.1   7.1     4431.0   tight
   59      -422.404482   1.290    0.000    11.5   7.5     4365.6   tight
   60      -422.388685   1.280    0.000    11.8  10.2     4535.1   tight
   61      -422.398290   1.291    0.000    11.5   8.0     4365.9   tight
   62      -422.402332   1.288    0.000    11.0   6.4     4418.5   tight
   63      -422.400574   1.285    0.000    11.2   7.9     4465.0   tight
   64      -422.370599   1.294    0.000    11.1   9.0     4270.6   tight
   65      -422.384038   1.297    0.000    11.1   7.9     4200.7   tight
   66      -422.397017   1.288    0.000    11.1   8.5     4426.6   tight
   67      -422.385394   1.289    0.000    11.6   8.8     4390.4   tight
   68      -422.392606   1.292    0.000    11.1   7.8     4461.8   tight
   69      -422.374037   1.286    0.000    11.4  11.4     4358.3   tight
   70      -422.393289   1.279    0.000    11.4  12.3     4620.6   tight
   71      -422.397021   1.287    0.000    11.2   7.7     4457.9   tight
   72      -422.406606   1.297    0.000    11.3   9.2     4309.9   tight
   73      -422.398392   1.288    0.000    11.1   7.7     4504.6   tight
   74      -422.400355   1.289    0.000    11.1   8.8     4430.1   tight
   75      -422.390648   1.292    0.000    11.8   8.3     4364.3   tight
   76      -422.399290   1.275    0.000    11.5   9.2     4672.7   tight
   77      -422.387367   1.291    0.000    11.7   6.7     4377.6   tight
   78      -422.397269   1.287    0.000    11.1   7.4     4445.6   tight
   79      -422.398889   1.291    0.000    11.6   7.0     4441.9   tight
   80      -422.394047   1.285    0.000    11.3   6.9     4526.4   tight
   81      -422.377964   1.277    0.000    11.5   7.7     4555.5   tight
   82      -422.382513   1.270    0.000    11.5   5.8     4665.9   tight
   83      -422.410278   1.279    0.000    11.8  10.5     4698.0   tight
   84      -422.398093   1.289    0.000    11.2   8.2     4365.9   tight
   85      -422.400090   1.273    0.000    11.5   7.8     4812.8   tight
   86      -422.387280   1.285    0.000    11.3   6.3     4467.9   tight
   87      -422.387447   1.283    0.000    11.6   8.5     4598.7   tight
   88      -422.380745   1.277    0.000    11.5   7.4     4679.1   tight
   89      -422.406988   1.284    0.000    11.3   7.4     4526.6   tight
   90      -422.407126   1.293    0.000    11.6   8.5     4411.1   tight
   91      -422.397703   1.277    0.000    11.7   8.6     4661.2   tight
   92      -422.391654   1.283    0.000    11.4   7.8     4582.0   tight
   93      -422.366030   1.278    0.000    11.4   7.5     4485.6   tight
   94      -422.391788   1.282    0.000    12.0  11.9     4538.1   tight
   95      -422.399758   1.290    0.000    11.2   7.6     4390.6   tight
   96      -422.396972   1.282    0.000    11.6  11.1     4572.4   tight
   97      -422.395932   1.301    0.000    11.0   8.7     4247.5   tight
   98      -422.400746   1.299    0.000    11.6   8.6     4307.8   tight
   99      -422.384202   1.288    0.000    11.7  10.5     4405.6   tight
  100      -422.411117   1.293    0.000    11.4   7.1     4400.3   tight
  101      -422.390218   1.290    0.000    11.3   6.0     4395.2   tight
  102      -422.398426   1.282    0.000    11.4   9.1     4524.7   tight
 
Taking  20 structures
 
  ------------------------------------------------------------------------
  ------------------------------------------------------------------------
  Boltz. averaged energy of final cluster:
       G /Eh     : -422.41294879
       T*S /kcal :  -0.469
 
  Ensemble generation finished.
  Results can be found in ensemble directory
  Lowest energy conformer in file <crest_best.xyz>
  List of full ensemble in file <full_ensemble.xyz>
  List of used ensemble in file <final_ensemble.xyz>
  Thermodynamical data in file <thermo_data>
  Population of full ensemble in file <full_population.dat>
  Population in file <population.dat>
 
 
  ________________________________________________________________________
 
  _________________     Solvent Cluster Generation   _____________________
 
  ________________________________________________________________________
 
 Method for CFF: GFN2-xTB
 
  =========================================
  |   quantum cluster growth: CFF         |
  =========================================
 
  CUT-FREEZE-FILL Algorithm to generate reference solvent cluster
  now adding solvents to fill cluster...
  Size  Cluster   E /Eh        De/kcal   Detot/kcal  Opt
  ------------------------------------------------------------------------
  81       1   -412.364059    -21.89      -21.89    tight
  81       2   -412.358501    -19.23      -19.23    tight
  81       3   -412.361916    -16.54      -16.54    tight
  81       4   -412.371384    -24.55      -24.55    tight
  81       5   -412.377755    -13.52      -13.52    tight
  81       6   -412.372354    -13.57      -13.57    tight
  81       7   -412.354527    -13.93      -13.93    tight
  81       8   -412.354164    -10.36      -10.36    tight
  81       9   -412.351054    -18.44      -18.44    tight
  81      10   -412.352558    -11.11      -11.11    tight
  81      11   -412.361051    -23.14      -23.14    tight
  81      12   -412.340482    -20.14      -20.14    tight
  81      13   -412.356342    -17.67      -17.67    tight
  81      14   -412.366883    -25.05      -25.05    tight
  81      15   -412.372044    -22.27      -22.27    tight
  81      16   -412.361419    -18.53      -18.53    tight
  81      17   -412.369198    -23.19      -23.19    tight
  81      18   -412.363784    -15.31      -15.31    tight
  81      19   -412.362289    -20.80      -20.80    tight
  81      20   -412.360016    -17.79      -17.79    tight
  ------------------------------------------------------------------------
  82       1   -417.463484    -18.12      -40.01    tight
  82       2   -417.464741    -22.40      -41.63    tight
  82       3   -417.462271    -18.71      -35.25    tight
  82       4   -417.474743    -20.59      -45.14    tight
  82       5   -417.474623    -16.52      -30.04    tight
  82       6   -417.475995    -20.77      -34.34    tight
  82       7   -417.449159    -15.12      -29.04    tight
  82       8   -417.461923    -23.35      -33.71    tight
  82       9   -417.455769    -21.44      -39.88    tight
  82      10   -417.454848    -19.92      -31.03    tight
  82      11   -417.457345    -16.16      -39.30    tight
  82      12   -417.444203    -20.82      -40.96    tight
  82      13   -417.454667    -17.43      -35.11    tight
  82      14   -417.462414    -15.68      -40.73    tight
  82      15   -417.477986    -22.21      -44.48    tight
  82      16   -417.460458    -17.88      -36.41    tight
  82      17   -417.471305    -19.81      -43.00    tight
  82      18   -417.459885    -16.04      -31.35    tight
  82      19   -417.466643    -21.22      -42.02    tight
  82      20   -417.456928    -16.55      -34.33    tight
  ------------------------------------------------------------------------
  83       1   -422.551435    -10.92      -50.93    tight
  83       2   -422.570532    -22.12      -63.75    tight
  83       3   -422.569137    -22.79      -58.04    tight
  83       4   -422.568191    -14.37      -59.51    tight
  83       5   -422.563049    -11.22      -41.26    tight
  83       6   -422.563775    -10.82      -45.16    tight
  83       7   -422.543351    -14.84      -43.88    tight
  83       8   -422.562742    -19.00      -52.71    tight
  83       9   -422.545455    -12.01      -51.89    tight
  83      10   -422.555511    -18.90      -49.93    tight
  83      11   -422.547626    -12.39      -51.68    tight
  83      12   -422.547876    -20.79      -61.75    tight
  83      13   -422.544300    -11.98      -47.08    tight
  83      14   -422.554882    -13.76      -54.48    tight
  83      15   -422.569061    -12.88      -57.36    tight
  83      16   -422.552243    -13.33      -49.73    tight
  83      17   -422.562860    -13.18      -56.18    tight
  83      18   -422.566325    -22.52      -53.87    tight
  83      19   -422.555666    -11.59      -53.62    tight
  83      20   -422.544529    -10.70      -45.03    tight
  ------------------------------------------------------------------------
  volume filled
  Starting optimizations + SP  of structures
  20 jobs to do.
 
  done.
 
  Cluster   E /Eh        Density  Efix       R   av/act. Surface   Opt
    1      -407.278491   1.270    0.000     3.0  18.9     4455.5   tight
    2      -407.296898   1.276    0.000     7.7   3.4     4440.1   tight
    3      -407.295554   1.264    0.000     4.9  16.3     4761.0   tight
    4      -407.294641   1.275    0.000     2.7  12.5     4413.6   tight
    5      -407.289686   1.277    0.000     4.8  11.8     4430.7   tight
    6      -407.290385   1.268    0.000     3.2  17.4     4610.8   tight
    7      -407.270700   1.281    0.000     4.1  16.4     4394.9   tight
    8      -407.289389   1.274    0.000    11.0   5.4     4571.3   tight
    9      -407.272728   1.277    0.000     3.1  12.4     4405.2   tight
   10      -407.282420   1.268    0.000    11.0   1.2     4468.5   tight
   11      -407.274820   1.272    0.000     5.0  14.6     4410.3   tight
   12      -407.275061   1.271    0.000     8.0   1.3     4507.7   tight
   13      -407.271615   1.274    0.000     3.9  16.8     4450.3   tight
   14      -407.281814   1.270    0.000     3.6  14.5     4599.7   tight
   15      -407.295480   1.286    0.000     2.8  11.3     4397.9   tight
   16      -407.279270   1.272    0.000     2.9  12.7     4474.8   tight
   17      -407.289504   1.250    0.000     2.6  14.9     4922.7   tight
   18      -407.292843   1.276    0.000     9.7   2.5     4492.1   tight
   19      -407.282569   1.266    0.000     3.1  15.5     4706.7   tight
   20      -407.271835   1.281    0.000     4.7  12.8     4329.7   tight
 
  ------------------------------------------------------------------------
  ------------------------------------------------------------------------
  Boltz. averaged energy of final cluster:
       G /Eh     : -407.29732475
       T*S /kcal :  -0.634
 
  Solvent cluster generation finished.
  Results can be found in solvent_cluster directory
  Structures in file <crest_ensemble.xyz>
  Energies in file <cluster_energy.dat>
  Population in file <population.dat>
 
  =========================================
  |   quantum cluster growth: ESOLV       |
  |                                       |
  |          -143.55 kcal/mol             |
  =========================================
 
  =========================================
  |          Frequency evaluation         |
  =========================================
 
   SOLUTE MOLECULE
  Starting reoptimizations + Frequency computation of ensemble
  1 jobs to do.
 
  done.
   SOLUTE CLUSTER
  Starting reoptimizations + Frequency computation of ensemble
  20 jobs to do.
 
  done.
   SOLVENT CLUSTER
  Starting reoptimizations + Frequency computation of ensemble
  20 jobs to do.
 
  done.
 
   Solute Gas properties
  #       H(T)       SVIB      SROT       STRA      G(T)
       [kcal/mol]    [      cal/mol/K        ]    [kcal/mol]
  --------------------------------------------------------
       71.00     11.05     24.33     38.28     49.04
 
   Solute cluster properties
  #       H(T)       SVIB      SROT       STRA      G(T)
       [kcal/mol]    [      cal/mol/K        ]    [kcal/mol]
  --------------------------------------------------------
  1     1405.65    787.24     42.61     47.77   1143.99
  2     1406.30    781.23     42.72     47.77   1146.40
  3     1406.05    771.10     42.80     47.77   1149.15
  4     1406.22    779.45     42.65     47.77   1146.87
  5     1406.08    772.80     42.69     47.77   1148.70
  6     1404.86    772.72     42.73     47.77   1147.49
  7     1405.92    779.64     42.71     47.77   1146.49
  8     1405.38    782.03     42.65     47.77   1145.26
  9     1405.12    783.35     42.65     47.77   1144.60
  10     1405.95    778.28     42.70     47.77   1146.92
  11     1405.68    788.27     42.67     47.77   1143.69
  12     1406.02    790.76     42.67     47.77   1143.29
  13     1405.83    782.65     42.69     47.77   1145.51
  14     1406.07    779.20     42.67     47.77   1146.79
  15     1406.07    781.62     42.68     47.77   1146.06
  16     1406.16    781.95     42.65     47.77   1146.06
  17     1405.41    778.48     42.74     47.77   1146.32
  18     1406.27    784.29     42.67     47.77   1145.46
  19     1405.63    781.89     42.74     47.77   1145.52
  20     1405.67    781.78     42.74     47.77   1145.59
 
   Solvent cluster properties
  #       H(T)       SVIB      SROT       STRA      G(T)
       [kcal/mol]    [      cal/mol/K        ]    [kcal/mol]
  --------------------------------------------------------
  1     1332.84    751.26     42.45     47.65   1082.00
  2     1333.41    751.16     42.51     47.65   1082.57
  3     1334.04    743.48     42.49     47.65   1085.49
  4     1332.18    744.39     42.51     47.65   1083.36
  5     1333.18    749.40     42.55     47.65   1082.85
  6     1332.64    737.05     42.58     47.65   1085.98
  7     1333.48    748.75     42.56     47.65   1083.35
  8     1333.31    754.48     42.40     47.65   1081.51
  9     1332.45    735.43     42.50     47.65   1086.31
  10     1333.34    748.51     42.52     47.65   1083.29
  11     1332.74    758.12     42.56     47.65   1079.81
  12     1333.50    749.84     42.46     47.65   1083.06
  13     1333.01    745.32     42.56     47.65   1083.90
  14     1333.73    752.18     42.48     47.65   1082.60
  15     1333.27    753.00     42.47     47.65   1081.90
  16     1333.07    750.74     42.55     47.65   1082.34
  17     1332.15    746.03     42.54     47.65   1082.83
  18     1333.28    752.62     42.57     47.65   1081.98
  19     1332.49    761.15     42.50     47.65   1078.68
  20     1333.29    748.04     42.46     47.65   1083.40
 
 
  ________________________________________________________________________
 
  _________________________     Evaluation    ____________________________
 
  ________________________________________________________________________
 
 
  -----------------------------------------------------
  Gsolv and Hsolv ref. state: [1 M gas/solution] 
  G_solv (incl.RRHO)      = -130.64 kcal/mol
  H_solv (incl.RRHO)      = -141.93 kcal/mol
  -----------------------------------------------------
 
  -----------------------------------------------------
  Gsolv and Hsolv ref. state: [1 M gas/solution] 
  G_solv (incl.RRHO)      = -132.54 kcal/mol
  H_solv (incl.RRHO)      = -143.82 kcal/mol
  -----------------------------------------------------
 
  -----------------------------------------------------
  Solvation free energies with scaled translational
  and rotational degrees of freedom: Gsolv (scaling)
          >>   -150.19 (0.05)    <<
          >>   -149.26 (0.10)    <<
          >>   -148.33 (0.15)    <<
          >>   -147.40 (0.20)    <<
          >>   -146.47 (0.25)    <<
          >>   -145.54 (0.30)    <<
          >>   -144.61 (0.35)    <<
          >>   -143.69 (0.40)    <<
          >>   -142.76 (0.45)    <<
          >>   -141.83 (0.50)    <<
          >>   -140.90 (0.55)    <<
          >>   -139.97 (0.60)    <<
          >>   -139.04 (0.65)    <<
          >>   -138.11 (0.70)    <<
          >>   -137.18 (0.75)    <<
          >>   -136.25 (0.80)    <<
          >>   -135.32 (0.85)    <<
          >>   -134.40 (0.90)    <<
          >>   -133.47 (0.95)    <<
          >>   -132.54 (1.00)    <<
  -----------------------------------------------------
 
  ==================================================
  |  Gsolv with SCALED RRHO contributions: 0.75    |
  |  [1 bar gas/ 1 M solution]                     |
  |                                                |
  |  G_solv (incl.RRHO)+dV(T)= -137.18 kcal/mol    |
  ==================================================
 
 
 -----------------
 Wall Time Summary
 -----------------
             test MD wall time :         0h : 0m : 7s
                 MTD wall time :         0h :12m :35s
      multilevel OPT wall time :         0h :12m :55s
                  MD wall time :         0h : 5m :52s
                Grow wall time :         0h :28m :34s
     Solute-Ensemble wall time :         1h :21m :30s
                 CFF wall time :         0h :10m : 8s
         Frequencies wall time :         1h :10m :53s
--------------------
Overall wall time  : 3h :44m :26s
 
 CREST terminated normally.
